
   Program  MARK  - Survival Rate Estimation with Capture-Recapture Data
   gfortran(dble/PIM2) Vers. 10.1 March 2023  27-Sep-2024 15:15:02    Page  001
    
 - - - - - - - - - - - - - - - - - - - - - - - - - - - - - - - - - - - - - -
 
   Welcome to MARK johnimperato on machine JOHNIMPERATD1A0 in subdirectory 
   "W:\Data and Code\Mossy-Pond\Mossy-Pond\RMark_models" running file "mark010.inp".
   This version was compiled by GCC version 12.2.0 using the options: 
     -cpp -iprefix c:\tdm-gcc-64\mingw64\bin\../lib/gcc/x86_64-w64-mingw32/12.2.0/
     -D_MT -D_REENTRANT -U_REENTRANT -D ieee -D dbleprecision -m64 -mtune=generic
     -march=x86-64 -mthreads -O3 -std=f2018 -fsignaling-nans
     -ffpe-summary=invalid,zero,overflow,underflow -funroll-loops -ffast-math
     -fall-intrinsics -fopenmp.

   This problem will use 3 of 4 possible threads.
   Static thread allocation is used.
   Schedule kind is omp_sched_dynamic with chunk size 1


  INPUT --- proc title ;

   For procedure title CPU Time was 0.001 seconds and System Time was 0.001 seconds.


  INPUT --- proc chmatrix occasions= 47 groups= 3 etype= Robust Nodes= 
  INPUT --- 101 ICMeans NoHist hist=  537 ;

  INPUT ---    time interval 0 0 1.1 0 0 1.8 0 0 9.03333333333333 0 0 
  INPUT ---    1.06666666666667 0 0 1.83333333333333  0 0 9.96666666666667 
  INPUT ---    0 0 0.833333333333333 0 0 0.866666666666667 0 0 
  INPUT ---    10.6666666666667 0 0  0.866666666666667 0 0 
  INPUT ---    0.866666666666667 0 0 9.26666666666667 0 0 
  INPUT ---    0.633333333333333 0 0  0.866666666666667 0 0 
  INPUT ---    0.866666666666667 0 ;

  INPUT ---    glabel(1)=sexF;

  INPUT ---    glabel(2)=sexM;

  INPUT ---    glabel(3)=sexU;

   * *  WARNING  * *   At least a pair of the encounter histories are duplicates. 

      Number of unique encounter histories read was 485.

      Number of individual covariates read was 0.
      Time interval lengths vary and/or not equal to 1.

      Data type number is 7
      Data type is Robust Design with Full Likelihhood p and c

   For procedure chmatrix CPU Time was 0.125 seconds and System Time was 0.125 seconds.

  Program  MARK  - Survival Rate Estimation with Capture-Recapture Data
   gfortran(dble/PIM2) Vers. 10.1 March 2023  27-Sep-2024 15:15:02    Page  002
 - - - - - - - - - - - - - - - - - - - - - - - - - - - - - - - - - - - - - -
 


  INPUT --- proc estimate link=Parm-Specific NOLOOP varest=2ndPart    ;


  INPUT --- model={ 
  INPUT --- S(~sex)Gamma''(~time)Gamma'(~time)p(~session)c(~session)f0(~
  INPUT --- session) };

  INPUT ---    group=1 S    rows=15 cols=15 Triang ;
  INPUT ---        1 1 1 1 1 1 1 1 1 1 1 1 1 1 1 ;
  INPUT ---        1 1 1 1 1 1 1 1 1 1 1 1 1 1 ;
  INPUT ---        1 1 1 1 1 1 1 1 1 1 1 1 1 ;
  INPUT ---        1 1 1 1 1 1 1 1 1 1 1 1 ;
  INPUT ---        1 1 1 1 1 1 1 1 1 1 1 ;
  INPUT ---        1 1 1 1 1 1 1 1 1 1 ;
  INPUT ---        1 1 1 1 1 1 1 1 1 ;
  INPUT ---        1 1 1 1 1 1 1 1 ;
  INPUT ---        1 1 1 1 1 1 1 ;
  INPUT ---        1 1 1 1 1 1 ;
  INPUT ---        1 1 1 1 1 ;
  INPUT ---        1 1 1 1 ;
  INPUT ---        1 1 1 ;
  INPUT ---        1 1 ;
  INPUT ---        1 ;

  INPUT ---    group=2 S    rows=15 cols=15 Triang ;
  INPUT ---        2 2 2 2 2 2 2 2 2 2 2 2 2 2 2 ;
  INPUT ---        2 2 2 2 2 2 2 2 2 2 2 2 2 2 ;
  INPUT ---        2 2 2 2 2 2 2 2 2 2 2 2 2 ;
  INPUT ---        2 2 2 2 2 2 2 2 2 2 2 2 ;
  INPUT ---        2 2 2 2 2 2 2 2 2 2 2 ;
  INPUT ---        2 2 2 2 2 2 2 2 2 2 ;
  INPUT ---        2 2 2 2 2 2 2 2 2 ;
  INPUT ---        2 2 2 2 2 2 2 2 ;
  INPUT ---        2 2 2 2 2 2 2 ;
  INPUT ---        2 2 2 2 2 2 ;
  INPUT ---        2 2 2 2 2 ;
  INPUT ---        2 2 2 2 ;
  INPUT ---        2 2 2 ;
  INPUT ---        2 2 ;
  INPUT ---        2 ;

  INPUT ---    group=3 S    rows=15 cols=15 Triang ;
  INPUT ---        3 3 3 3 3 3 3 3 3 3 3 3 3 3 3 ;
  INPUT ---        3 3 3 3 3 3 3 3 3 3 3 3 3 3 ;

  Program  MARK  - Survival Rate Estimation with Capture-Recapture Data
   gfortran(dble/PIM2) Vers. 10.1 March 2023  27-Sep-2024 15:15:02    Page  003
 - - - - - - - - - - - - - - - - - - - - - - - - - - - - - - - - - - - - - -
 
  INPUT ---        3 3 3 3 3 3 3 3 3 3 3 3 3 ;
  INPUT ---        3 3 3 3 3 3 3 3 3 3 3 3 ;
  INPUT ---        3 3 3 3 3 3 3 3 3 3 3 ;
  INPUT ---        3 3 3 3 3 3 3 3 3 3 ;
  INPUT ---        3 3 3 3 3 3 3 3 3 ;
  INPUT ---        3 3 3 3 3 3 3 3 ;
  INPUT ---        3 3 3 3 3 3 3 ;
  INPUT ---        3 3 3 3 3 3 ;
  INPUT ---        3 3 3 3 3 ;
  INPUT ---        3 3 3 3 ;
  INPUT ---        3 3 3 ;
  INPUT ---        3 3 ;
  INPUT ---        3 ;

  INPUT ---    group=1 Gamma''    rows=15 cols=15 Triang ;
  INPUT ---        4 5 6 7 8 9 10 11 12 13 14 15 16 17 18 ;
  INPUT ---        5 6 7 8 9 10 11 12 13 14 15 16 17 18 ;
  INPUT ---        6 7 8 9 10 11 12 13 14 15 16 17 18 ;
  INPUT ---        7 8 9 10 11 12 13 14 15 16 17 18 ;
  INPUT ---        8 9 10 11 12 13 14 15 16 17 18 ;
  INPUT ---        9 10 11 12 13 14 15 16 17 18 ;
  INPUT ---        10 11 12 13 14 15 16 17 18 ;
  INPUT ---        11 12 13 14 15 16 17 18 ;
  INPUT ---        12 13 14 15 16 17 18 ;
  INPUT ---        13 14 15 16 17 18 ;
  INPUT ---        14 15 16 17 18 ;
  INPUT ---        15 16 17 18 ;
  INPUT ---        16 17 18 ;
  INPUT ---        17 18 ;
  INPUT ---        18 ;

  INPUT ---    group=2 Gamma''    rows=15 cols=15 Triang ;
  INPUT ---        4 5 6 7 8 9 10 11 12 13 14 15 16 17 18 ;
  INPUT ---        5 6 7 8 9 10 11 12 13 14 15 16 17 18 ;
  INPUT ---        6 7 8 9 10 11 12 13 14 15 16 17 18 ;
  INPUT ---        7 8 9 10 11 12 13 14 15 16 17 18 ;
  INPUT ---        8 9 10 11 12 13 14 15 16 17 18 ;
  INPUT ---        9 10 11 12 13 14 15 16 17 18 ;
  INPUT ---        10 11 12 13 14 15 16 17 18 ;
  INPUT ---        11 12 13 14 15 16 17 18 ;
  INPUT ---        12 13 14 15 16 17 18 ;
  INPUT ---        13 14 15 16 17 18 ;
  INPUT ---        14 15 16 17 18 ;
  INPUT ---        15 16 17 18 ;
  INPUT ---        16 17 18 ;
  INPUT ---        17 18 ;

  Program  MARK  - Survival Rate Estimation with Capture-Recapture Data
   gfortran(dble/PIM2) Vers. 10.1 March 2023  27-Sep-2024 15:15:02    Page  004
 - - - - - - - - - - - - - - - - - - - - - - - - - - - - - - - - - - - - - -
 
  INPUT ---        18 ;

  INPUT ---    group=3 Gamma''    rows=15 cols=15 Triang ;
  INPUT ---        4 5 6 7 8 9 10 11 12 13 14 15 16 17 18 ;
  INPUT ---        5 6 7 8 9 10 11 12 13 14 15 16 17 18 ;
  INPUT ---        6 7 8 9 10 11 12 13 14 15 16 17 18 ;
  INPUT ---        7 8 9 10 11 12 13 14 15 16 17 18 ;
  INPUT ---        8 9 10 11 12 13 14 15 16 17 18 ;
  INPUT ---        9 10 11 12 13 14 15 16 17 18 ;
  INPUT ---        10 11 12 13 14 15 16 17 18 ;
  INPUT ---        11 12 13 14 15 16 17 18 ;
  INPUT ---        12 13 14 15 16 17 18 ;
  INPUT ---        13 14 15 16 17 18 ;
  INPUT ---        14 15 16 17 18 ;
  INPUT ---        15 16 17 18 ;
  INPUT ---        16 17 18 ;
  INPUT ---        17 18 ;
  INPUT ---        18 ;

  INPUT ---    group=1 Gamma'    rows=14 cols=14 Triang ;
  INPUT ---        19 20 21 22 23 24 25 26 27 28 29 30 31 32 ;
  INPUT ---        20 21 22 23 24 25 26 27 28 29 30 31 32 ;
  INPUT ---        21 22 23 24 25 26 27 28 29 30 31 32 ;
  INPUT ---        22 23 24 25 26 27 28 29 30 31 32 ;
  INPUT ---        23 24 25 26 27 28 29 30 31 32 ;
  INPUT ---        24 25 26 27 28 29 30 31 32 ;
  INPUT ---        25 26 27 28 29 30 31 32 ;
  INPUT ---        26 27 28 29 30 31 32 ;
  INPUT ---        27 28 29 30 31 32 ;
  INPUT ---        28 29 30 31 32 ;
  INPUT ---        29 30 31 32 ;
  INPUT ---        30 31 32 ;
  INPUT ---        31 32 ;
  INPUT ---        32 ;

  INPUT ---    group=2 Gamma'    rows=14 cols=14 Triang ;
  INPUT ---        19 20 21 22 23 24 25 26 27 28 29 30 31 32 ;
  INPUT ---        20 21 22 23 24 25 26 27 28 29 30 31 32 ;
  INPUT ---        21 22 23 24 25 26 27 28 29 30 31 32 ;
  INPUT ---        22 23 24 25 26 27 28 29 30 31 32 ;
  INPUT ---        23 24 25 26 27 28 29 30 31 32 ;
  INPUT ---        24 25 26 27 28 29 30 31 32 ;
  INPUT ---        25 26 27 28 29 30 31 32 ;
  INPUT ---        26 27 28 29 30 31 32 ;
  INPUT ---        27 28 29 30 31 32 ;
  INPUT ---        28 29 30 31 32 ;

  Program  MARK  - Survival Rate Estimation with Capture-Recapture Data
   gfortran(dble/PIM2) Vers. 10.1 March 2023  27-Sep-2024 15:15:02    Page  005
 - - - - - - - - - - - - - - - - - - - - - - - - - - - - - - - - - - - - - -
 
  INPUT ---        29 30 31 32 ;
  INPUT ---        30 31 32 ;
  INPUT ---        31 32 ;
  INPUT ---        32 ;

  INPUT ---    group=3 Gamma'    rows=14 cols=14 Triang ;
  INPUT ---        19 20 21 22 23 24 25 26 27 28 29 30 31 32 ;
  INPUT ---        20 21 22 23 24 25 26 27 28 29 30 31 32 ;
  INPUT ---        21 22 23 24 25 26 27 28 29 30 31 32 ;
  INPUT ---        22 23 24 25 26 27 28 29 30 31 32 ;
  INPUT ---        23 24 25 26 27 28 29 30 31 32 ;
  INPUT ---        24 25 26 27 28 29 30 31 32 ;
  INPUT ---        25 26 27 28 29 30 31 32 ;
  INPUT ---        26 27 28 29 30 31 32 ;
  INPUT ---        27 28 29 30 31 32 ;
  INPUT ---        28 29 30 31 32 ;
  INPUT ---        29 30 31 32 ;
  INPUT ---        30 31 32 ;
  INPUT ---        31 32 ;
  INPUT ---        32 ;

  INPUT ---    group=1 p  Session 1  rows=1 cols=3 Square ;
  INPUT ---        33 33 33 ;

  INPUT ---    group=1 p  Session 2  rows=1 cols=3 Square ;
  INPUT ---        34 34 34 ;

  INPUT ---    group=1 p  Session 3  rows=1 cols=3 Square ;
  INPUT ---        35 35 35 ;

  INPUT ---    group=1 p  Session 4  rows=1 cols=3 Square ;
  INPUT ---        36 36 36 ;

  INPUT ---    group=1 p  Session 5  rows=1 cols=3 Square ;
  INPUT ---        37 37 37 ;

  INPUT ---    group=1 p  Session 6  rows=1 cols=3 Square ;
  INPUT ---        38 38 38 ;

  INPUT ---    group=1 p  Session 7  rows=1 cols=3 Square ;
  INPUT ---        39 39 39 ;

  INPUT ---    group=1 p  Session 8  rows=1 cols=3 Square ;
  INPUT ---        40 40 40 ;

  INPUT ---    group=1 p  Session 9  rows=1 cols=3 Square ;

  Program  MARK  - Survival Rate Estimation with Capture-Recapture Data
   gfortran(dble/PIM2) Vers. 10.1 March 2023  27-Sep-2024 15:15:02    Page  006
 - - - - - - - - - - - - - - - - - - - - - - - - - - - - - - - - - - - - - -
 
  INPUT ---        41 41 41 ;

  INPUT ---    group=1 p  Session 10  rows=1 cols=3 Square ;
  INPUT ---        42 42 42 ;

  INPUT ---    group=1 p  Session 11  rows=1 cols=3 Square ;
  INPUT ---        43 43 43 ;

  INPUT ---    group=1 p  Session 12  rows=1 cols=3 Square ;
  INPUT ---        44 44 44 ;

  INPUT ---    group=1 p  Session 13  rows=1 cols=3 Square ;
  INPUT ---        45 45 45 ;

  INPUT ---    group=1 p  Session 14  rows=1 cols=3 Square ;
  INPUT ---        46 46 46 ;

  INPUT ---    group=1 p  Session 15  rows=1 cols=3 Square ;
  INPUT ---        47 47 47 ;

  INPUT ---    group=1 p  Session 16  rows=1 cols=2 Square ;
  INPUT ---        48 48 ;

  INPUT ---    group=2 p  Session 1  rows=1 cols=3 Square ;
  INPUT ---        33 33 33 ;

  INPUT ---    group=2 p  Session 2  rows=1 cols=3 Square ;
  INPUT ---        34 34 34 ;

  INPUT ---    group=2 p  Session 3  rows=1 cols=3 Square ;
  INPUT ---        35 35 35 ;

  INPUT ---    group=2 p  Session 4  rows=1 cols=3 Square ;
  INPUT ---        36 36 36 ;

  INPUT ---    group=2 p  Session 5  rows=1 cols=3 Square ;
  INPUT ---        37 37 37 ;

  INPUT ---    group=2 p  Session 6  rows=1 cols=3 Square ;
  INPUT ---        38 38 38 ;

  INPUT ---    group=2 p  Session 7  rows=1 cols=3 Square ;
  INPUT ---        39 39 39 ;

  INPUT ---    group=2 p  Session 8  rows=1 cols=3 Square ;
  INPUT ---        40 40 40 ;

  Program  MARK  - Survival Rate Estimation with Capture-Recapture Data
   gfortran(dble/PIM2) Vers. 10.1 March 2023  27-Sep-2024 15:15:02    Page  007
 - - - - - - - - - - - - - - - - - - - - - - - - - - - - - - - - - - - - - -
 

  INPUT ---    group=2 p  Session 9  rows=1 cols=3 Square ;
  INPUT ---        41 41 41 ;

  INPUT ---    group=2 p  Session 10  rows=1 cols=3 Square ;
  INPUT ---        42 42 42 ;

  INPUT ---    group=2 p  Session 11  rows=1 cols=3 Square ;
  INPUT ---        43 43 43 ;

  INPUT ---    group=2 p  Session 12  rows=1 cols=3 Square ;
  INPUT ---        44 44 44 ;

  INPUT ---    group=2 p  Session 13  rows=1 cols=3 Square ;
  INPUT ---        45 45 45 ;

  INPUT ---    group=2 p  Session 14  rows=1 cols=3 Square ;
  INPUT ---        46 46 46 ;

  INPUT ---    group=2 p  Session 15  rows=1 cols=3 Square ;
  INPUT ---        47 47 47 ;

  INPUT ---    group=2 p  Session 16  rows=1 cols=2 Square ;
  INPUT ---        48 48 ;

  INPUT ---    group=3 p  Session 1  rows=1 cols=3 Square ;
  INPUT ---        33 33 33 ;

  INPUT ---    group=3 p  Session 2  rows=1 cols=3 Square ;
  INPUT ---        34 34 34 ;

  INPUT ---    group=3 p  Session 3  rows=1 cols=3 Square ;
  INPUT ---        35 35 35 ;

  INPUT ---    group=3 p  Session 4  rows=1 cols=3 Square ;
  INPUT ---        36 36 36 ;

  INPUT ---    group=3 p  Session 5  rows=1 cols=3 Square ;
  INPUT ---        37 37 37 ;

  INPUT ---    group=3 p  Session 6  rows=1 cols=3 Square ;
  INPUT ---        38 38 38 ;

  INPUT ---    group=3 p  Session 7  rows=1 cols=3 Square ;
  INPUT ---        39 39 39 ;


  Program  MARK  - Survival Rate Estimation with Capture-Recapture Data
   gfortran(dble/PIM2) Vers. 10.1 March 2023  27-Sep-2024 15:15:02    Page  008
 - - - - - - - - - - - - - - - - - - - - - - - - - - - - - - - - - - - - - -
 
  INPUT ---    group=3 p  Session 8  rows=1 cols=3 Square ;
  INPUT ---        40 40 40 ;

  INPUT ---    group=3 p  Session 9  rows=1 cols=3 Square ;
  INPUT ---        41 41 41 ;

  INPUT ---    group=3 p  Session 10  rows=1 cols=3 Square ;
  INPUT ---        42 42 42 ;

  INPUT ---    group=3 p  Session 11  rows=1 cols=3 Square ;
  INPUT ---        43 43 43 ;

  INPUT ---    group=3 p  Session 12  rows=1 cols=3 Square ;
  INPUT ---        44 44 44 ;

  INPUT ---    group=3 p  Session 13  rows=1 cols=3 Square ;
  INPUT ---        45 45 45 ;

  INPUT ---    group=3 p  Session 14  rows=1 cols=3 Square ;
  INPUT ---        46 46 46 ;

  INPUT ---    group=3 p  Session 15  rows=1 cols=3 Square ;
  INPUT ---        47 47 47 ;

  INPUT ---    group=3 p  Session 16  rows=1 cols=2 Square ;
  INPUT ---        48 48 ;

  INPUT ---    group=1 c  Session 1  rows=1 cols=2 Square ;
  INPUT ---        49 49 ;

  INPUT ---    group=1 c  Session 2  rows=1 cols=2 Square ;
  INPUT ---        50 50 ;

  INPUT ---    group=1 c  Session 3  rows=1 cols=2 Square ;
  INPUT ---        51 51 ;

  INPUT ---    group=1 c  Session 4  rows=1 cols=2 Square ;
  INPUT ---        52 52 ;

  INPUT ---    group=1 c  Session 5  rows=1 cols=2 Square ;
  INPUT ---        53 53 ;

  INPUT ---    group=1 c  Session 6  rows=1 cols=2 Square ;
  INPUT ---        54 54 ;

  INPUT ---    group=1 c  Session 7  rows=1 cols=2 Square ;

  Program  MARK  - Survival Rate Estimation with Capture-Recapture Data
   gfortran(dble/PIM2) Vers. 10.1 March 2023  27-Sep-2024 15:15:02    Page  009
 - - - - - - - - - - - - - - - - - - - - - - - - - - - - - - - - - - - - - -
 
  INPUT ---        55 55 ;

  INPUT ---    group=1 c  Session 8  rows=1 cols=2 Square ;
  INPUT ---        56 56 ;

  INPUT ---    group=1 c  Session 9  rows=1 cols=2 Square ;
  INPUT ---        57 57 ;

  INPUT ---    group=1 c  Session 10  rows=1 cols=2 Square ;
  INPUT ---        58 58 ;

  INPUT ---    group=1 c  Session 11  rows=1 cols=2 Square ;
  INPUT ---        59 59 ;

  INPUT ---    group=1 c  Session 12  rows=1 cols=2 Square ;
  INPUT ---        60 60 ;

  INPUT ---    group=1 c  Session 13  rows=1 cols=2 Square ;
  INPUT ---        61 61 ;

  INPUT ---    group=1 c  Session 14  rows=1 cols=2 Square ;
  INPUT ---        62 62 ;

  INPUT ---    group=1 c  Session 15  rows=1 cols=2 Square ;
  INPUT ---        63 63 ;

  INPUT ---    group=1 c  Session 16  rows=1 cols=1 Square ;
  INPUT ---        64 ;

  INPUT ---    group=2 c  Session 1  rows=1 cols=2 Square ;
  INPUT ---        49 49 ;

  INPUT ---    group=2 c  Session 2  rows=1 cols=2 Square ;
  INPUT ---        50 50 ;

  INPUT ---    group=2 c  Session 3  rows=1 cols=2 Square ;
  INPUT ---        51 51 ;

  INPUT ---    group=2 c  Session 4  rows=1 cols=2 Square ;
  INPUT ---        52 52 ;

  INPUT ---    group=2 c  Session 5  rows=1 cols=2 Square ;
  INPUT ---        53 53 ;

  INPUT ---    group=2 c  Session 6  rows=1 cols=2 Square ;
  INPUT ---        54 54 ;

  Program  MARK  - Survival Rate Estimation with Capture-Recapture Data
   gfortran(dble/PIM2) Vers. 10.1 March 2023  27-Sep-2024 15:15:03    Page  010
 - - - - - - - - - - - - - - - - - - - - - - - - - - - - - - - - - - - - - -
 

  INPUT ---    group=2 c  Session 7  rows=1 cols=2 Square ;
  INPUT ---        55 55 ;

  INPUT ---    group=2 c  Session 8  rows=1 cols=2 Square ;
  INPUT ---        56 56 ;

  INPUT ---    group=2 c  Session 9  rows=1 cols=2 Square ;
  INPUT ---        57 57 ;

  INPUT ---    group=2 c  Session 10  rows=1 cols=2 Square ;
  INPUT ---        58 58 ;

  INPUT ---    group=2 c  Session 11  rows=1 cols=2 Square ;
  INPUT ---        59 59 ;

  INPUT ---    group=2 c  Session 12  rows=1 cols=2 Square ;
  INPUT ---        60 60 ;

  INPUT ---    group=2 c  Session 13  rows=1 cols=2 Square ;
  INPUT ---        61 61 ;

  INPUT ---    group=2 c  Session 14  rows=1 cols=2 Square ;
  INPUT ---        62 62 ;

  INPUT ---    group=2 c  Session 15  rows=1 cols=2 Square ;
  INPUT ---        63 63 ;

  INPUT ---    group=2 c  Session 16  rows=1 cols=1 Square ;
  INPUT ---        64 ;

  INPUT ---    group=3 c  Session 1  rows=1 cols=2 Square ;
  INPUT ---        49 49 ;

  INPUT ---    group=3 c  Session 2  rows=1 cols=2 Square ;
  INPUT ---        50 50 ;

  INPUT ---    group=3 c  Session 3  rows=1 cols=2 Square ;
  INPUT ---        51 51 ;

  INPUT ---    group=3 c  Session 4  rows=1 cols=2 Square ;
  INPUT ---        52 52 ;

  INPUT ---    group=3 c  Session 5  rows=1 cols=2 Square ;
  INPUT ---        53 53 ;


  Program  MARK  - Survival Rate Estimation with Capture-Recapture Data
   gfortran(dble/PIM2) Vers. 10.1 March 2023  27-Sep-2024 15:15:03    Page  011
 - - - - - - - - - - - - - - - - - - - - - - - - - - - - - - - - - - - - - -
 
  INPUT ---    group=3 c  Session 6  rows=1 cols=2 Square ;
  INPUT ---        54 54 ;

  INPUT ---    group=3 c  Session 7  rows=1 cols=2 Square ;
  INPUT ---        55 55 ;

  INPUT ---    group=3 c  Session 8  rows=1 cols=2 Square ;
  INPUT ---        56 56 ;

  INPUT ---    group=3 c  Session 9  rows=1 cols=2 Square ;
  INPUT ---        57 57 ;

  INPUT ---    group=3 c  Session 10  rows=1 cols=2 Square ;
  INPUT ---        58 58 ;

  INPUT ---    group=3 c  Session 11  rows=1 cols=2 Square ;
  INPUT ---        59 59 ;

  INPUT ---    group=3 c  Session 12  rows=1 cols=2 Square ;
  INPUT ---        60 60 ;

  INPUT ---    group=3 c  Session 13  rows=1 cols=2 Square ;
  INPUT ---        61 61 ;

  INPUT ---    group=3 c  Session 14  rows=1 cols=2 Square ;
  INPUT ---        62 62 ;

  INPUT ---    group=3 c  Session 15  rows=1 cols=2 Square ;
  INPUT ---        63 63 ;

  INPUT ---    group=3 c  Session 16  rows=1 cols=1 Square ;
  INPUT ---        64 ;

  INPUT ---    group=1 f0  Session 1  rows=1 cols=1 Square ;
  INPUT ---        65 ;

  INPUT ---    group=1 f0  Session 2  rows=1 cols=1 Square ;
  INPUT ---        66 ;

  INPUT ---    group=1 f0  Session 3  rows=1 cols=1 Square ;
  INPUT ---        67 ;

  INPUT ---    group=1 f0  Session 4  rows=1 cols=1 Square ;
  INPUT ---        68 ;

  INPUT ---    group=1 f0  Session 5  rows=1 cols=1 Square ;

  Program  MARK  - Survival Rate Estimation with Capture-Recapture Data
   gfortran(dble/PIM2) Vers. 10.1 March 2023  27-Sep-2024 15:15:03    Page  012
 - - - - - - - - - - - - - - - - - - - - - - - - - - - - - - - - - - - - - -
 
  INPUT ---        69 ;

  INPUT ---    group=1 f0  Session 6  rows=1 cols=1 Square ;
  INPUT ---        70 ;

  INPUT ---    group=1 f0  Session 7  rows=1 cols=1 Square ;
  INPUT ---        71 ;

  INPUT ---    group=1 f0  Session 8  rows=1 cols=1 Square ;
  INPUT ---        72 ;

  INPUT ---    group=1 f0  Session 9  rows=1 cols=1 Square ;
  INPUT ---        73 ;

  INPUT ---    group=1 f0  Session 10  rows=1 cols=1 Square ;
  INPUT ---        74 ;

  INPUT ---    group=1 f0  Session 11  rows=1 cols=1 Square ;
  INPUT ---        75 ;

  INPUT ---    group=1 f0  Session 12  rows=1 cols=1 Square ;
  INPUT ---        76 ;

  INPUT ---    group=1 f0  Session 13  rows=1 cols=1 Square ;
  INPUT ---        77 ;

  INPUT ---    group=1 f0  Session 14  rows=1 cols=1 Square ;
  INPUT ---        78 ;

  INPUT ---    group=1 f0  Session 15  rows=1 cols=1 Square ;
  INPUT ---        79 ;

  INPUT ---    group=1 f0  Session 16  rows=1 cols=1 Square ;
  INPUT ---        80 ;

  INPUT ---    group=2 f0  Session 1  rows=1 cols=1 Square ;
  INPUT ---        65 ;

  INPUT ---    group=2 f0  Session 2  rows=1 cols=1 Square ;
  INPUT ---        66 ;

  INPUT ---    group=2 f0  Session 3  rows=1 cols=1 Square ;
  INPUT ---        67 ;

  INPUT ---    group=2 f0  Session 4  rows=1 cols=1 Square ;
  INPUT ---        68 ;

  Program  MARK  - Survival Rate Estimation with Capture-Recapture Data
   gfortran(dble/PIM2) Vers. 10.1 March 2023  27-Sep-2024 15:15:03    Page  013
 - - - - - - - - - - - - - - - - - - - - - - - - - - - - - - - - - - - - - -
 

  INPUT ---    group=2 f0  Session 5  rows=1 cols=1 Square ;
  INPUT ---        69 ;

  INPUT ---    group=2 f0  Session 6  rows=1 cols=1 Square ;
  INPUT ---        70 ;

  INPUT ---    group=2 f0  Session 7  rows=1 cols=1 Square ;
  INPUT ---        71 ;

  INPUT ---    group=2 f0  Session 8  rows=1 cols=1 Square ;
  INPUT ---        72 ;

  INPUT ---    group=2 f0  Session 9  rows=1 cols=1 Square ;
  INPUT ---        73 ;

  INPUT ---    group=2 f0  Session 10  rows=1 cols=1 Square ;
  INPUT ---        74 ;

  INPUT ---    group=2 f0  Session 11  rows=1 cols=1 Square ;
  INPUT ---        75 ;

  INPUT ---    group=2 f0  Session 12  rows=1 cols=1 Square ;
  INPUT ---        76 ;

  INPUT ---    group=2 f0  Session 13  rows=1 cols=1 Square ;
  INPUT ---        77 ;

  INPUT ---    group=2 f0  Session 14  rows=1 cols=1 Square ;
  INPUT ---        78 ;

  INPUT ---    group=2 f0  Session 15  rows=1 cols=1 Square ;
  INPUT ---        79 ;

  INPUT ---    group=2 f0  Session 16  rows=1 cols=1 Square ;
  INPUT ---        80 ;

  INPUT ---    group=3 f0  Session 1  rows=1 cols=1 Square ;
  INPUT ---        65 ;

  INPUT ---    group=3 f0  Session 2  rows=1 cols=1 Square ;
  INPUT ---        66 ;

  INPUT ---    group=3 f0  Session 3  rows=1 cols=1 Square ;
  INPUT ---        67 ;


  Program  MARK  - Survival Rate Estimation with Capture-Recapture Data
   gfortran(dble/PIM2) Vers. 10.1 March 2023  27-Sep-2024 15:15:03    Page  014
 - - - - - - - - - - - - - - - - - - - - - - - - - - - - - - - - - - - - - -
 
  INPUT ---    group=3 f0  Session 4  rows=1 cols=1 Square ;
  INPUT ---        68 ;

  INPUT ---    group=3 f0  Session 5  rows=1 cols=1 Square ;
  INPUT ---        69 ;

  INPUT ---    group=3 f0  Session 6  rows=1 cols=1 Square ;
  INPUT ---        70 ;

  INPUT ---    group=3 f0  Session 7  rows=1 cols=1 Square ;
  INPUT ---        71 ;

  INPUT ---    group=3 f0  Session 8  rows=1 cols=1 Square ;
  INPUT ---        72 ;

  INPUT ---    group=3 f0  Session 9  rows=1 cols=1 Square ;
  INPUT ---        73 ;

  INPUT ---    group=3 f0  Session 10  rows=1 cols=1 Square ;
  INPUT ---        74 ;

  INPUT ---    group=3 f0  Session 11  rows=1 cols=1 Square ;
  INPUT ---        75 ;

  INPUT ---    group=3 f0  Session 12  rows=1 cols=1 Square ;
  INPUT ---        76 ;

  INPUT ---    group=3 f0  Session 13  rows=1 cols=1 Square ;
  INPUT ---        77 ;

  INPUT ---    group=3 f0  Session 14  rows=1 cols=1 Square ;
  INPUT ---        78 ;

  INPUT ---    group=3 f0  Session 15  rows=1 cols=1 Square ;
  INPUT ---        79 ;

  INPUT ---    group=3 f0  Session 16  rows=1 cols=1 Square ;
  INPUT ---        80 ;

  INPUT ---    design matrix constraints=80 covariates=80;
  INPUT ---        1 0 0 0 0 0 0 0 0 0 0 0 0 0 0 0 0 0 0 0 0 0 0 0 0 0 0 0 0 
  INPUT ---       0 0 0 0 0 0 0 0 0 0 0 0 0 0 0 0 0 0 0 0 0 0 0 0 0 0 0 0 0 0 
  INPUT ---       0 0 0 0 0 0 0 0 0 0 0 0 0 0 0 0 0 0 0 0 0;
  INPUT ---        1 1 0 0 0 0 0 0 0 0 0 0 0 0 0 0 0 0 0 0 0 0 0 0 0 0 0 0 0 
  INPUT ---       0 0 0 0 0 0 0 0 0 0 0 0 0 0 0 0 0 0 0 0 0 0 0 0 0 0 0 0 0 0 
  INPUT ---       0 0 0 0 0 0 0 0 0 0 0 0 0 0 0 0 0 0 0 0 0;

  Program  MARK  - Survival Rate Estimation with Capture-Recapture Data
   gfortran(dble/PIM2) Vers. 10.1 March 2023  27-Sep-2024 15:15:03    Page  015
 - - - - - - - - - - - - - - - - - - - - - - - - - - - - - - - - - - - - - -
 
  INPUT ---        1 0 1 0 0 0 0 0 0 0 0 0 0 0 0 0 0 0 0 0 0 0 0 0 0 0 0 0 0 
  INPUT ---       0 0 0 0 0 0 0 0 0 0 0 0 0 0 0 0 0 0 0 0 0 0 0 0 0 0 0 0 0 0 
  INPUT ---       0 0 0 0 0 0 0 0 0 0 0 0 0 0 0 0 0 0 0 0 0;
  INPUT ---        0 0 0 1 0 0 0 0 0 0 0 0 0 0 0 0 0 0 0 0 0 0 0 0 0 0 0 0 0 
  INPUT ---       0 0 0 0 0 0 0 0 0 0 0 0 0 0 0 0 0 0 0 0 0 0 0 0 0 0 0 0 0 0 
  INPUT ---       0 0 0 0 0 0 0 0 0 0 0 0 0 0 0 0 0 0 0 0 0;
  INPUT ---        0 0 0 1 1 0 0 0 0 0 0 0 0 0 0 0 0 0 0 0 0 0 0 0 0 0 0 0 0 
  INPUT ---       0 0 0 0 0 0 0 0 0 0 0 0 0 0 0 0 0 0 0 0 0 0 0 0 0 0 0 0 0 0 
  INPUT ---       0 0 0 0 0 0 0 0 0 0 0 0 0 0 0 0 0 0 0 0 0;
  INPUT ---        0 0 0 1 0 1 0 0 0 0 0 0 0 0 0 0 0 0 0 0 0 0 0 0 0 0 0 0 0 
  INPUT ---       0 0 0 0 0 0 0 0 0 0 0 0 0 0 0 0 0 0 0 0 0 0 0 0 0 0 0 0 0 0 
  INPUT ---       0 0 0 0 0 0 0 0 0 0 0 0 0 0 0 0 0 0 0 0 0;
  INPUT ---        0 0 0 1 0 0 1 0 0 0 0 0 0 0 0 0 0 0 0 0 0 0 0 0 0 0 0 0 0 
  INPUT ---       0 0 0 0 0 0 0 0 0 0 0 0 0 0 0 0 0 0 0 0 0 0 0 0 0 0 0 0 0 0 
  INPUT ---       0 0 0 0 0 0 0 0 0 0 0 0 0 0 0 0 0 0 0 0 0;
  INPUT ---        0 0 0 1 0 0 0 1 0 0 0 0 0 0 0 0 0 0 0 0 0 0 0 0 0 0 0 0 0 
  INPUT ---       0 0 0 0 0 0 0 0 0 0 0 0 0 0 0 0 0 0 0 0 0 0 0 0 0 0 0 0 0 0 
  INPUT ---       0 0 0 0 0 0 0 0 0 0 0 0 0 0 0 0 0 0 0 0 0;
  INPUT ---        0 0 0 1 0 0 0 0 1 0 0 0 0 0 0 0 0 0 0 0 0 0 0 0 0 0 0 0 0 
  INPUT ---       0 0 0 0 0 0 0 0 0 0 0 0 0 0 0 0 0 0 0 0 0 0 0 0 0 0 0 0 0 0 
  INPUT ---       0 0 0 0 0 0 0 0 0 0 0 0 0 0 0 0 0 0 0 0 0;
  INPUT ---        0 0 0 1 0 0 0 0 0 1 0 0 0 0 0 0 0 0 0 0 0 0 0 0 0 0 0 0 0 
  INPUT ---       0 0 0 0 0 0 0 0 0 0 0 0 0 0 0 0 0 0 0 0 0 0 0 0 0 0 0 0 0 0 
  INPUT ---       0 0 0 0 0 0 0 0 0 0 0 0 0 0 0 0 0 0 0 0 0;
  INPUT ---        0 0 0 1 0 0 0 0 0 0 1 0 0 0 0 0 0 0 0 0 0 0 0 0 0 0 0 0 0 
  INPUT ---       0 0 0 0 0 0 0 0 0 0 0 0 0 0 0 0 0 0 0 0 0 0 0 0 0 0 0 0 0 0 
  INPUT ---       0 0 0 0 0 0 0 0 0 0 0 0 0 0 0 0 0 0 0 0 0;
  INPUT ---        0 0 0 1 0 0 0 0 0 0 0 1 0 0 0 0 0 0 0 0 0 0 0 0 0 0 0 0 0 
  INPUT ---       0 0 0 0 0 0 0 0 0 0 0 0 0 0 0 0 0 0 0 0 0 0 0 0 0 0 0 0 0 0 
  INPUT ---       0 0 0 0 0 0 0 0 0 0 0 0 0 0 0 0 0 0 0 0 0;
  INPUT ---        0 0 0 1 0 0 0 0 0 0 0 0 1 0 0 0 0 0 0 0 0 0 0 0 0 0 0 0 0 
  INPUT ---       0 0 0 0 0 0 0 0 0 0 0 0 0 0 0 0 0 0 0 0 0 0 0 0 0 0 0 0 0 0 
  INPUT ---       0 0 0 0 0 0 0 0 0 0 0 0 0 0 0 0 0 0 0 0 0;
  INPUT ---        0 0 0 1 0 0 0 0 0 0 0 0 0 1 0 0 0 0 0 0 0 0 0 0 0 0 0 0 0 
  INPUT ---       0 0 0 0 0 0 0 0 0 0 0 0 0 0 0 0 0 0 0 0 0 0 0 0 0 0 0 0 0 0 
  INPUT ---       0 0 0 0 0 0 0 0 0 0 0 0 0 0 0 0 0 0 0 0 0;
  INPUT ---        0 0 0 1 0 0 0 0 0 0 0 0 0 0 1 0 0 0 0 0 0 0 0 0 0 0 0 0 0 
  INPUT ---       0 0 0 0 0 0 0 0 0 0 0 0 0 0 0 0 0 0 0 0 0 0 0 0 0 0 0 0 0 0 
  INPUT ---       0 0 0 0 0 0 0 0 0 0 0 0 0 0 0 0 0 0 0 0 0;
  INPUT ---        0 0 0 1 0 0 0 0 0 0 0 0 0 0 0 1 0 0 0 0 0 0 0 0 0 0 0 0 0 
  INPUT ---       0 0 0 0 0 0 0 0 0 0 0 0 0 0 0 0 0 0 0 0 0 0 0 0 0 0 0 0 0 0 
  INPUT ---       0 0 0 0 0 0 0 0 0 0 0 0 0 0 0 0 0 0 0 0 0;
  INPUT ---        0 0 0 1 0 0 0 0 0 0 0 0 0 0 0 0 1 0 0 0 0 0 0 0 0 0 0 0 0 
  INPUT ---       0 0 0 0 0 0 0 0 0 0 0 0 0 0 0 0 0 0 0 0 0 0 0 0 0 0 0 0 0 0 
  INPUT ---       0 0 0 0 0 0 0 0 0 0 0 0 0 0 0 0 0 0 0 0 0;
  INPUT ---        0 0 0 1 0 0 0 0 0 0 0 0 0 0 0 0 0 1 0 0 0 0 0 0 0 0 0 0 0 

  Program  MARK  - Survival Rate Estimation with Capture-Recapture Data
   gfortran(dble/PIM2) Vers. 10.1 March 2023  27-Sep-2024 15:15:03    Page  016
 - - - - - - - - - - - - - - - - - - - - - - - - - - - - - - - - - - - - - -
 
  INPUT ---       0 0 0 0 0 0 0 0 0 0 0 0 0 0 0 0 0 0 0 0 0 0 0 0 0 0 0 0 0 0 
  INPUT ---       0 0 0 0 0 0 0 0 0 0 0 0 0 0 0 0 0 0 0 0 0;
  INPUT ---        0 0 0 0 0 0 0 0 0 0 0 0 0 0 0 0 0 0 1 0 0 0 0 0 0 0 0 0 0 
  INPUT ---       0 0 0 0 0 0 0 0 0 0 0 0 0 0 0 0 0 0 0 0 0 0 0 0 0 0 0 0 0 0 
  INPUT ---       0 0 0 0 0 0 0 0 0 0 0 0 0 0 0 0 0 0 0 0 0;
  INPUT ---        0 0 0 0 0 0 0 0 0 0 0 0 0 0 0 0 0 0 1 1 0 0 0 0 0 0 0 0 0 
  INPUT ---       0 0 0 0 0 0 0 0 0 0 0 0 0 0 0 0 0 0 0 0 0 0 0 0 0 0 0 0 0 0 
  INPUT ---       0 0 0 0 0 0 0 0 0 0 0 0 0 0 0 0 0 0 0 0 0;
  INPUT ---        0 0 0 0 0 0 0 0 0 0 0 0 0 0 0 0 0 0 1 0 1 0 0 0 0 0 0 0 0 
  INPUT ---       0 0 0 0 0 0 0 0 0 0 0 0 0 0 0 0 0 0 0 0 0 0 0 0 0 0 0 0 0 0 
  INPUT ---       0 0 0 0 0 0 0 0 0 0 0 0 0 0 0 0 0 0 0 0 0;
  INPUT ---        0 0 0 0 0 0 0 0 0 0 0 0 0 0 0 0 0 0 1 0 0 1 0 0 0 0 0 0 0 
  INPUT ---       0 0 0 0 0 0 0 0 0 0 0 0 0 0 0 0 0 0 0 0 0 0 0 0 0 0 0 0 0 0 
  INPUT ---       0 0 0 0 0 0 0 0 0 0 0 0 0 0 0 0 0 0 0 0 0;
  INPUT ---        0 0 0 0 0 0 0 0 0 0 0 0 0 0 0 0 0 0 1 0 0 0 1 0 0 0 0 0 0 
  INPUT ---       0 0 0 0 0 0 0 0 0 0 0 0 0 0 0 0 0 0 0 0 0 0 0 0 0 0 0 0 0 0 
  INPUT ---       0 0 0 0 0 0 0 0 0 0 0 0 0 0 0 0 0 0 0 0 0;
  INPUT ---        0 0 0 0 0 0 0 0 0 0 0 0 0 0 0 0 0 0 1 0 0 0 0 1 0 0 0 0 0 
  INPUT ---       0 0 0 0 0 0 0 0 0 0 0 0 0 0 0 0 0 0 0 0 0 0 0 0 0 0 0 0 0 0 
  INPUT ---       0 0 0 0 0 0 0 0 0 0 0 0 0 0 0 0 0 0 0 0 0;
  INPUT ---        0 0 0 0 0 0 0 0 0 0 0 0 0 0 0 0 0 0 1 0 0 0 0 0 1 0 0 0 0 
  INPUT ---       0 0 0 0 0 0 0 0 0 0 0 0 0 0 0 0 0 0 0 0 0 0 0 0 0 0 0 0 0 0 
  INPUT ---       0 0 0 0 0 0 0 0 0 0 0 0 0 0 0 0 0 0 0 0 0;
  INPUT ---        0 0 0 0 0 0 0 0 0 0 0 0 0 0 0 0 0 0 1 0 0 0 0 0 0 1 0 0 0 
  INPUT ---       0 0 0 0 0 0 0 0 0 0 0 0 0 0 0 0 0 0 0 0 0 0 0 0 0 0 0 0 0 0 
  INPUT ---       0 0 0 0 0 0 0 0 0 0 0 0 0 0 0 0 0 0 0 0 0;
  INPUT ---        0 0 0 0 0 0 0 0 0 0 0 0 0 0 0 0 0 0 1 0 0 0 0 0 0 0 1 0 0 
  INPUT ---       0 0 0 0 0 0 0 0 0 0 0 0 0 0 0 0 0 0 0 0 0 0 0 0 0 0 0 0 0 0 
  INPUT ---       0 0 0 0 0 0 0 0 0 0 0 0 0 0 0 0 0 0 0 0 0;
  INPUT ---        0 0 0 0 0 0 0 0 0 0 0 0 0 0 0 0 0 0 1 0 0 0 0 0 0 0 0 1 0 
  INPUT ---       0 0 0 0 0 0 0 0 0 0 0 0 0 0 0 0 0 0 0 0 0 0 0 0 0 0 0 0 0 0 
  INPUT ---       0 0 0 0 0 0 0 0 0 0 0 0 0 0 0 0 0 0 0 0 0;
  INPUT ---        0 0 0 0 0 0 0 0 0 0 0 0 0 0 0 0 0 0 1 0 0 0 0 0 0 0 0 0 1 
  INPUT ---       0 0 0 0 0 0 0 0 0 0 0 0 0 0 0 0 0 0 0 0 0 0 0 0 0 0 0 0 0 0 
  INPUT ---       0 0 0 0 0 0 0 0 0 0 0 0 0 0 0 0 0 0 0 0 0;
  INPUT ---        0 0 0 0 0 0 0 0 0 0 0 0 0 0 0 0 0 0 1 0 0 0 0 0 0 0 0 0 0 
  INPUT ---       1 0 0 0 0 0 0 0 0 0 0 0 0 0 0 0 0 0 0 0 0 0 0 0 0 0 0 0 0 0 
  INPUT ---       0 0 0 0 0 0 0 0 0 0 0 0 0 0 0 0 0 0 0 0 0;
  INPUT ---        0 0 0 0 0 0 0 0 0 0 0 0 0 0 0 0 0 0 1 0 0 0 0 0 0 0 0 0 0 
  INPUT ---       0 1 0 0 0 0 0 0 0 0 0 0 0 0 0 0 0 0 0 0 0 0 0 0 0 0 0 0 0 0 
  INPUT ---       0 0 0 0 0 0 0 0 0 0 0 0 0 0 0 0 0 0 0 0 0;
  INPUT ---        0 0 0 0 0 0 0 0 0 0 0 0 0 0 0 0 0 0 1 0 0 0 0 0 0 0 0 0 0 
  INPUT ---       0 0 1 0 0 0 0 0 0 0 0 0 0 0 0 0 0 0 0 0 0 0 0 0 0 0 0 0 0 0 
  INPUT ---       0 0 0 0 0 0 0 0 0 0 0 0 0 0 0 0 0 0 0 0 0;
  INPUT ---        0 0 0 0 0 0 0 0 0 0 0 0 0 0 0 0 0 0 0 0 0 0 0 0 0 0 0 0 0 
  INPUT ---       0 0 0 1 0 0 0 0 0 0 0 0 0 0 0 0 0 0 0 0 0 0 0 0 0 0 0 0 0 0 

  Program  MARK  - Survival Rate Estimation with Capture-Recapture Data
   gfortran(dble/PIM2) Vers. 10.1 March 2023  27-Sep-2024 15:15:03    Page  017
 - - - - - - - - - - - - - - - - - - - - - - - - - - - - - - - - - - - - - -
 
  INPUT ---       0 0 0 0 0 0 0 0 0 0 0 0 0 0 0 0 0 0 0 0 0;
  INPUT ---        0 0 0 0 0 0 0 0 0 0 0 0 0 0 0 0 0 0 0 0 0 0 0 0 0 0 0 0 0 
  INPUT ---       0 0 0 1 1 0 0 0 0 0 0 0 0 0 0 0 0 0 0 0 0 0 0 0 0 0 0 0 0 0 
  INPUT ---       0 0 0 0 0 0 0 0 0 0 0 0 0 0 0 0 0 0 0 0 0;
  INPUT ---        0 0 0 0 0 0 0 0 0 0 0 0 0 0 0 0 0 0 0 0 0 0 0 0 0 0 0 0 0 
  INPUT ---       0 0 0 1 0 1 0 0 0 0 0 0 0 0 0 0 0 0 0 0 0 0 0 0 0 0 0 0 0 0 
  INPUT ---       0 0 0 0 0 0 0 0 0 0 0 0 0 0 0 0 0 0 0 0 0;
  INPUT ---        0 0 0 0 0 0 0 0 0 0 0 0 0 0 0 0 0 0 0 0 0 0 0 0 0 0 0 0 0 
  INPUT ---       0 0 0 1 0 0 1 0 0 0 0 0 0 0 0 0 0 0 0 0 0 0 0 0 0 0 0 0 0 0 
  INPUT ---       0 0 0 0 0 0 0 0 0 0 0 0 0 0 0 0 0 0 0 0 0;
  INPUT ---        0 0 0 0 0 0 0 0 0 0 0 0 0 0 0 0 0 0 0 0 0 0 0 0 0 0 0 0 0 
  INPUT ---       0 0 0 1 0 0 0 1 0 0 0 0 0 0 0 0 0 0 0 0 0 0 0 0 0 0 0 0 0 0 
  INPUT ---       0 0 0 0 0 0 0 0 0 0 0 0 0 0 0 0 0 0 0 0 0;
  INPUT ---        0 0 0 0 0 0 0 0 0 0 0 0 0 0 0 0 0 0 0 0 0 0 0 0 0 0 0 0 0 
  INPUT ---       0 0 0 1 0 0 0 0 1 0 0 0 0 0 0 0 0 0 0 0 0 0 0 0 0 0 0 0 0 0 
  INPUT ---       0 0 0 0 0 0 0 0 0 0 0 0 0 0 0 0 0 0 0 0 0;
  INPUT ---        0 0 0 0 0 0 0 0 0 0 0 0 0 0 0 0 0 0 0 0 0 0 0 0 0 0 0 0 0 
  INPUT ---       0 0 0 1 0 0 0 0 0 1 0 0 0 0 0 0 0 0 0 0 0 0 0 0 0 0 0 0 0 0 
  INPUT ---       0 0 0 0 0 0 0 0 0 0 0 0 0 0 0 0 0 0 0 0 0;
  INPUT ---        0 0 0 0 0 0 0 0 0 0 0 0 0 0 0 0 0 0 0 0 0 0 0 0 0 0 0 0 0 
  INPUT ---       0 0 0 1 0 0 0 0 0 0 1 0 0 0 0 0 0 0 0 0 0 0 0 0 0 0 0 0 0 0 
  INPUT ---       0 0 0 0 0 0 0 0 0 0 0 0 0 0 0 0 0 0 0 0 0;
  INPUT ---        0 0 0 0 0 0 0 0 0 0 0 0 0 0 0 0 0 0 0 0 0 0 0 0 0 0 0 0 0 
  INPUT ---       0 0 0 1 0 0 0 0 0 0 0 1 0 0 0 0 0 0 0 0 0 0 0 0 0 0 0 0 0 0 
  INPUT ---       0 0 0 0 0 0 0 0 0 0 0 0 0 0 0 0 0 0 0 0 0;
  INPUT ---        0 0 0 0 0 0 0 0 0 0 0 0 0 0 0 0 0 0 0 0 0 0 0 0 0 0 0 0 0 
  INPUT ---       0 0 0 1 0 0 0 0 0 0 0 0 1 0 0 0 0 0 0 0 0 0 0 0 0 0 0 0 0 0 
  INPUT ---       0 0 0 0 0 0 0 0 0 0 0 0 0 0 0 0 0 0 0 0 0;
  INPUT ---        0 0 0 0 0 0 0 0 0 0 0 0 0 0 0 0 0 0 0 0 0 0 0 0 0 0 0 0 0 
  INPUT ---       0 0 0 1 0 0 0 0 0 0 0 0 0 1 0 0 0 0 0 0 0 0 0 0 0 0 0 0 0 0 
  INPUT ---       0 0 0 0 0 0 0 0 0 0 0 0 0 0 0 0 0 0 0 0 0;
  INPUT ---        0 0 0 0 0 0 0 0 0 0 0 0 0 0 0 0 0 0 0 0 0 0 0 0 0 0 0 0 0 
  INPUT ---       0 0 0 1 0 0 0 0 0 0 0 0 0 0 1 0 0 0 0 0 0 0 0 0 0 0 0 0 0 0 
  INPUT ---       0 0 0 0 0 0 0 0 0 0 0 0 0 0 0 0 0 0 0 0 0;
  INPUT ---        0 0 0 0 0 0 0 0 0 0 0 0 0 0 0 0 0 0 0 0 0 0 0 0 0 0 0 0 0 
  INPUT ---       0 0 0 1 0 0 0 0 0 0 0 0 0 0 0 1 0 0 0 0 0 0 0 0 0 0 0 0 0 0 
  INPUT ---       0 0 0 0 0 0 0 0 0 0 0 0 0 0 0 0 0 0 0 0 0;
  INPUT ---        0 0 0 0 0 0 0 0 0 0 0 0 0 0 0 0 0 0 0 0 0 0 0 0 0 0 0 0 0 
  INPUT ---       0 0 0 1 0 0 0 0 0 0 0 0 0 0 0 0 1 0 0 0 0 0 0 0 0 0 0 0 0 0 
  INPUT ---       0 0 0 0 0 0 0 0 0 0 0 0 0 0 0 0 0 0 0 0 0;
  INPUT ---        0 0 0 0 0 0 0 0 0 0 0 0 0 0 0 0 0 0 0 0 0 0 0 0 0 0 0 0 0 
  INPUT ---       0 0 0 1 0 0 0 0 0 0 0 0 0 0 0 0 0 1 0 0 0 0 0 0 0 0 0 0 0 0 
  INPUT ---       0 0 0 0 0 0 0 0 0 0 0 0 0 0 0 0 0 0 0 0 0;
  INPUT ---        0 0 0 0 0 0 0 0 0 0 0 0 0 0 0 0 0 0 0 0 0 0 0 0 0 0 0 0 0 
  INPUT ---       0 0 0 1 0 0 0 0 0 0 0 0 0 0 0 0 0 0 1 0 0 0 0 0 0 0 0 0 0 0 
  INPUT ---       0 0 0 0 0 0 0 0 0 0 0 0 0 0 0 0 0 0 0 0 0;

  Program  MARK  - Survival Rate Estimation with Capture-Recapture Data
   gfortran(dble/PIM2) Vers. 10.1 March 2023  27-Sep-2024 15:15:03    Page  018
 - - - - - - - - - - - - - - - - - - - - - - - - - - - - - - - - - - - - - -
 
  INPUT ---        0 0 0 0 0 0 0 0 0 0 0 0 0 0 0 0 0 0 0 0 0 0 0 0 0 0 0 0 0 
  INPUT ---       0 0 0 0 0 0 0 0 0 0 0 0 0 0 0 0 0 0 0 1 0 0 0 0 0 0 0 0 0 0 
  INPUT ---       0 0 0 0 0 0 0 0 0 0 0 0 0 0 0 0 0 0 0 0 0;
  INPUT ---        0 0 0 0 0 0 0 0 0 0 0 0 0 0 0 0 0 0 0 0 0 0 0 0 0 0 0 0 0 
  INPUT ---       0 0 0 0 0 0 0 0 0 0 0 0 0 0 0 0 0 0 0 1 1 0 0 0 0 0 0 0 0 0 
  INPUT ---       0 0 0 0 0 0 0 0 0 0 0 0 0 0 0 0 0 0 0 0 0;
  INPUT ---        0 0 0 0 0 0 0 0 0 0 0 0 0 0 0 0 0 0 0 0 0 0 0 0 0 0 0 0 0 
  INPUT ---       0 0 0 0 0 0 0 0 0 0 0 0 0 0 0 0 0 0 0 1 0 1 0 0 0 0 0 0 0 0 
  INPUT ---       0 0 0 0 0 0 0 0 0 0 0 0 0 0 0 0 0 0 0 0 0;
  INPUT ---        0 0 0 0 0 0 0 0 0 0 0 0 0 0 0 0 0 0 0 0 0 0 0 0 0 0 0 0 0 
  INPUT ---       0 0 0 0 0 0 0 0 0 0 0 0 0 0 0 0 0 0 0 1 0 0 1 0 0 0 0 0 0 0 
  INPUT ---       0 0 0 0 0 0 0 0 0 0 0 0 0 0 0 0 0 0 0 0 0;
  INPUT ---        0 0 0 0 0 0 0 0 0 0 0 0 0 0 0 0 0 0 0 0 0 0 0 0 0 0 0 0 0 
  INPUT ---       0 0 0 0 0 0 0 0 0 0 0 0 0 0 0 0 0 0 0 1 0 0 0 1 0 0 0 0 0 0 
  INPUT ---       0 0 0 0 0 0 0 0 0 0 0 0 0 0 0 0 0 0 0 0 0;
  INPUT ---        0 0 0 0 0 0 0 0 0 0 0 0 0 0 0 0 0 0 0 0 0 0 0 0 0 0 0 0 0 
  INPUT ---       0 0 0 0 0 0 0 0 0 0 0 0 0 0 0 0 0 0 0 1 0 0 0 0 1 0 0 0 0 0 
  INPUT ---       0 0 0 0 0 0 0 0 0 0 0 0 0 0 0 0 0 0 0 0 0;
  INPUT ---        0 0 0 0 0 0 0 0 0 0 0 0 0 0 0 0 0 0 0 0 0 0 0 0 0 0 0 0 0 
  INPUT ---       0 0 0 0 0 0 0 0 0 0 0 0 0 0 0 0 0 0 0 1 0 0 0 0 0 1 0 0 0 0 
  INPUT ---       0 0 0 0 0 0 0 0 0 0 0 0 0 0 0 0 0 0 0 0 0;
  INPUT ---        0 0 0 0 0 0 0 0 0 0 0 0 0 0 0 0 0 0 0 0 0 0 0 0 0 0 0 0 0 
  INPUT ---       0 0 0 0 0 0 0 0 0 0 0 0 0 0 0 0 0 0 0 1 0 0 0 0 0 0 1 0 0 0 
  INPUT ---       0 0 0 0 0 0 0 0 0 0 0 0 0 0 0 0 0 0 0 0 0;
  INPUT ---        0 0 0 0 0 0 0 0 0 0 0 0 0 0 0 0 0 0 0 0 0 0 0 0 0 0 0 0 0 
  INPUT ---       0 0 0 0 0 0 0 0 0 0 0 0 0 0 0 0 0 0 0 1 0 0 0 0 0 0 0 1 0 0 
  INPUT ---       0 0 0 0 0 0 0 0 0 0 0 0 0 0 0 0 0 0 0 0 0;
  INPUT ---        0 0 0 0 0 0 0 0 0 0 0 0 0 0 0 0 0 0 0 0 0 0 0 0 0 0 0 0 0 
  INPUT ---       0 0 0 0 0 0 0 0 0 0 0 0 0 0 0 0 0 0 0 1 0 0 0 0 0 0 0 0 1 0 
  INPUT ---       0 0 0 0 0 0 0 0 0 0 0 0 0 0 0 0 0 0 0 0 0;
  INPUT ---        0 0 0 0 0 0 0 0 0 0 0 0 0 0 0 0 0 0 0 0 0 0 0 0 0 0 0 0 0 
  INPUT ---       0 0 0 0 0 0 0 0 0 0 0 0 0 0 0 0 0 0 0 1 0 0 0 0 0 0 0 0 0 1 
  INPUT ---       0 0 0 0 0 0 0 0 0 0 0 0 0 0 0 0 0 0 0 0 0;
  INPUT ---        0 0 0 0 0 0 0 0 0 0 0 0 0 0 0 0 0 0 0 0 0 0 0 0 0 0 0 0 0 
  INPUT ---       0 0 0 0 0 0 0 0 0 0 0 0 0 0 0 0 0 0 0 1 0 0 0 0 0 0 0 0 0 0 
  INPUT ---       1 0 0 0 0 0 0 0 0 0 0 0 0 0 0 0 0 0 0 0 0;
  INPUT ---        0 0 0 0 0 0 0 0 0 0 0 0 0 0 0 0 0 0 0 0 0 0 0 0 0 0 0 0 0 
  INPUT ---       0 0 0 0 0 0 0 0 0 0 0 0 0 0 0 0 0 0 0 1 0 0 0 0 0 0 0 0 0 0 
  INPUT ---       0 1 0 0 0 0 0 0 0 0 0 0 0 0 0 0 0 0 0 0 0;
  INPUT ---        0 0 0 0 0 0 0 0 0 0 0 0 0 0 0 0 0 0 0 0 0 0 0 0 0 0 0 0 0 
  INPUT ---       0 0 0 0 0 0 0 0 0 0 0 0 0 0 0 0 0 0 0 1 0 0 0 0 0 0 0 0 0 0 
  INPUT ---       0 0 1 0 0 0 0 0 0 0 0 0 0 0 0 0 0 0 0 0 0;
  INPUT ---        0 0 0 0 0 0 0 0 0 0 0 0 0 0 0 0 0 0 0 0 0 0 0 0 0 0 0 0 0 
  INPUT ---       0 0 0 0 0 0 0 0 0 0 0 0 0 0 0 0 0 0 0 1 0 0 0 0 0 0 0 0 0 0 
  INPUT ---       0 0 0 1 0 0 0 0 0 0 0 0 0 0 0 0 0 0 0 0 0;
  INPUT ---        0 0 0 0 0 0 0 0 0 0 0 0 0 0 0 0 0 0 0 0 0 0 0 0 0 0 0 0 0 

  Program  MARK  - Survival Rate Estimation with Capture-Recapture Data
   gfortran(dble/PIM2) Vers. 10.1 March 2023  27-Sep-2024 15:15:03    Page  019
 - - - - - - - - - - - - - - - - - - - - - - - - - - - - - - - - - - - - - -
 
  INPUT ---       0 0 0 0 0 0 0 0 0 0 0 0 0 0 0 0 0 0 0 1 0 0 0 0 0 0 0 0 0 0 
  INPUT ---       0 0 0 0 1 0 0 0 0 0 0 0 0 0 0 0 0 0 0 0 0;
  INPUT ---        0 0 0 0 0 0 0 0 0 0 0 0 0 0 0 0 0 0 0 0 0 0 0 0 0 0 0 0 0 
  INPUT ---       0 0 0 0 0 0 0 0 0 0 0 0 0 0 0 0 0 0 0 0 0 0 0 0 0 0 0 0 0 0 
  INPUT ---       0 0 0 0 0 1 0 0 0 0 0 0 0 0 0 0 0 0 0 0 0;
  INPUT ---        0 0 0 0 0 0 0 0 0 0 0 0 0 0 0 0 0 0 0 0 0 0 0 0 0 0 0 0 0 
  INPUT ---       0 0 0 0 0 0 0 0 0 0 0 0 0 0 0 0 0 0 0 0 0 0 0 0 0 0 0 0 0 0 
  INPUT ---       0 0 0 0 0 1 1 0 0 0 0 0 0 0 0 0 0 0 0 0 0;
  INPUT ---        0 0 0 0 0 0 0 0 0 0 0 0 0 0 0 0 0 0 0 0 0 0 0 0 0 0 0 0 0 
  INPUT ---       0 0 0 0 0 0 0 0 0 0 0 0 0 0 0 0 0 0 0 0 0 0 0 0 0 0 0 0 0 0 
  INPUT ---       0 0 0 0 0 1 0 1 0 0 0 0 0 0 0 0 0 0 0 0 0;
  INPUT ---        0 0 0 0 0 0 0 0 0 0 0 0 0 0 0 0 0 0 0 0 0 0 0 0 0 0 0 0 0 
  INPUT ---       0 0 0 0 0 0 0 0 0 0 0 0 0 0 0 0 0 0 0 0 0 0 0 0 0 0 0 0 0 0 
  INPUT ---       0 0 0 0 0 1 0 0 1 0 0 0 0 0 0 0 0 0 0 0 0;
  INPUT ---        0 0 0 0 0 0 0 0 0 0 0 0 0 0 0 0 0 0 0 0 0 0 0 0 0 0 0 0 0 
  INPUT ---       0 0 0 0 0 0 0 0 0 0 0 0 0 0 0 0 0 0 0 0 0 0 0 0 0 0 0 0 0 0 
  INPUT ---       0 0 0 0 0 1 0 0 0 1 0 0 0 0 0 0 0 0 0 0 0;
  INPUT ---        0 0 0 0 0 0 0 0 0 0 0 0 0 0 0 0 0 0 0 0 0 0 0 0 0 0 0 0 0 
  INPUT ---       0 0 0 0 0 0 0 0 0 0 0 0 0 0 0 0 0 0 0 0 0 0 0 0 0 0 0 0 0 0 
  INPUT ---       0 0 0 0 0 1 0 0 0 0 1 0 0 0 0 0 0 0 0 0 0;
  INPUT ---        0 0 0 0 0 0 0 0 0 0 0 0 0 0 0 0 0 0 0 0 0 0 0 0 0 0 0 0 0 
  INPUT ---       0 0 0 0 0 0 0 0 0 0 0 0 0 0 0 0 0 0 0 0 0 0 0 0 0 0 0 0 0 0 
  INPUT ---       0 0 0 0 0 1 0 0 0 0 0 1 0 0 0 0 0 0 0 0 0;
  INPUT ---        0 0 0 0 0 0 0 0 0 0 0 0 0 0 0 0 0 0 0 0 0 0 0 0 0 0 0 0 0 
  INPUT ---       0 0 0 0 0 0 0 0 0 0 0 0 0 0 0 0 0 0 0 0 0 0 0 0 0 0 0 0 0 0 
  INPUT ---       0 0 0 0 0 1 0 0 0 0 0 0 1 0 0 0 0 0 0 0 0;
  INPUT ---        0 0 0 0 0 0 0 0 0 0 0 0 0 0 0 0 0 0 0 0 0 0 0 0 0 0 0 0 0 
  INPUT ---       0 0 0 0 0 0 0 0 0 0 0 0 0 0 0 0 0 0 0 0 0 0 0 0 0 0 0 0 0 0 
  INPUT ---       0 0 0 0 0 1 0 0 0 0 0 0 0 1 0 0 0 0 0 0 0;
  INPUT ---        0 0 0 0 0 0 0 0 0 0 0 0 0 0 0 0 0 0 0 0 0 0 0 0 0 0 0 0 0 
  INPUT ---       0 0 0 0 0 0 0 0 0 0 0 0 0 0 0 0 0 0 0 0 0 0 0 0 0 0 0 0 0 0 
  INPUT ---       0 0 0 0 0 1 0 0 0 0 0 0 0 0 1 0 0 0 0 0 0;
  INPUT ---        0 0 0 0 0 0 0 0 0 0 0 0 0 0 0 0 0 0 0 0 0 0 0 0 0 0 0 0 0 
  INPUT ---       0 0 0 0 0 0 0 0 0 0 0 0 0 0 0 0 0 0 0 0 0 0 0 0 0 0 0 0 0 0 
  INPUT ---       0 0 0 0 0 1 0 0 0 0 0 0 0 0 0 1 0 0 0 0 0;
  INPUT ---        0 0 0 0 0 0 0 0 0 0 0 0 0 0 0 0 0 0 0 0 0 0 0 0 0 0 0 0 0 
  INPUT ---       0 0 0 0 0 0 0 0 0 0 0 0 0 0 0 0 0 0 0 0 0 0 0 0 0 0 0 0 0 0 
  INPUT ---       0 0 0 0 0 1 0 0 0 0 0 0 0 0 0 0 1 0 0 0 0;
  INPUT ---        0 0 0 0 0 0 0 0 0 0 0 0 0 0 0 0 0 0 0 0 0 0 0 0 0 0 0 0 0 
  INPUT ---       0 0 0 0 0 0 0 0 0 0 0 0 0 0 0 0 0 0 0 0 0 0 0 0 0 0 0 0 0 0 
  INPUT ---       0 0 0 0 0 1 0 0 0 0 0 0 0 0 0 0 0 1 0 0 0;
  INPUT ---        0 0 0 0 0 0 0 0 0 0 0 0 0 0 0 0 0 0 0 0 0 0 0 0 0 0 0 0 0 
  INPUT ---       0 0 0 0 0 0 0 0 0 0 0 0 0 0 0 0 0 0 0 0 0 0 0 0 0 0 0 0 0 0 
  INPUT ---       0 0 0 0 0 1 0 0 0 0 0 0 0 0 0 0 0 0 1 0 0;
  INPUT ---        0 0 0 0 0 0 0 0 0 0 0 0 0 0 0 0 0 0 0 0 0 0 0 0 0 0 0 0 0 
  INPUT ---       0 0 0 0 0 0 0 0 0 0 0 0 0 0 0 0 0 0 0 0 0 0 0 0 0 0 0 0 0 0 

  Program  MARK  - Survival Rate Estimation with Capture-Recapture Data
   gfortran(dble/PIM2) Vers. 10.1 March 2023  27-Sep-2024 15:15:03    Page  020
 - - - - - - - - - - - - - - - - - - - - - - - - - - - - - - - - - - - - - -
 
  INPUT ---       0 0 0 0 0 1 0 0 0 0 0 0 0 0 0 0 0 0 0 1 0;
  INPUT ---        0 0 0 0 0 0 0 0 0 0 0 0 0 0 0 0 0 0 0 0 0 0 0 0 0 0 0 0 0 
  INPUT ---       0 0 0 0 0 0 0 0 0 0 0 0 0 0 0 0 0 0 0 0 0 0 0 0 0 0 0 0 0 0 
  INPUT ---       0 0 0 0 0 1 0 0 0 0 0 0 0 0 0 0 0 0 0 0 1;

  INPUT ---    links=80;

  INPUT ---    Logit;

  INPUT ---    Logit;

  INPUT ---    Logit;

  INPUT ---    Logit;

  INPUT ---    Logit;

  INPUT ---    Logit;

  INPUT ---    Logit;

  INPUT ---    Logit;

  INPUT ---    Logit;

  INPUT ---    Logit;

  INPUT ---    Logit;

  INPUT ---    Logit;

  INPUT ---    Logit;

  INPUT ---    Logit;

  INPUT ---    Logit;

  INPUT ---    Logit;

  INPUT ---    Logit;

  INPUT ---    Logit;

  INPUT ---    Logit;

  INPUT ---    Logit;

  Program  MARK  - Survival Rate Estimation with Capture-Recapture Data
   gfortran(dble/PIM2) Vers. 10.1 March 2023  27-Sep-2024 15:15:03    Page  021
 - - - - - - - - - - - - - - - - - - - - - - - - - - - - - - - - - - - - - -
 

  INPUT ---    Logit;

  INPUT ---    Logit;

  INPUT ---    Logit;

  INPUT ---    Logit;

  INPUT ---    Logit;

  INPUT ---    Logit;

  INPUT ---    Logit;

  INPUT ---    Logit;

  INPUT ---    Logit;

  INPUT ---    Logit;

  INPUT ---    Logit;

  INPUT ---    Logit;

  INPUT ---    Logit;

  INPUT ---    Logit;

  INPUT ---    Logit;

  INPUT ---    Logit;

  INPUT ---    Logit;

  INPUT ---    Logit;

  INPUT ---    Logit;

  INPUT ---    Logit;

  INPUT ---    Logit;

  INPUT ---    Logit;

  INPUT ---    Logit;

  Program  MARK  - Survival Rate Estimation with Capture-Recapture Data
   gfortran(dble/PIM2) Vers. 10.1 March 2023  27-Sep-2024 15:15:03    Page  022
 - - - - - - - - - - - - - - - - - - - - - - - - - - - - - - - - - - - - - -
 

  INPUT ---    Logit;

  INPUT ---    Logit;

  INPUT ---    Logit;

  INPUT ---    Logit;

  INPUT ---    Logit;

  INPUT ---    Logit;

  INPUT ---    Logit;

  INPUT ---    Logit;

  INPUT ---    Logit;

  INPUT ---    Logit;

  INPUT ---    Logit;

  INPUT ---    Logit;

  INPUT ---    Logit;

  INPUT ---    Logit;

  INPUT ---    Logit;

  INPUT ---    Logit;

  INPUT ---    Logit;

  INPUT ---    Logit;

  INPUT ---    Logit;

  INPUT ---    Logit;

  INPUT ---    Logit;

  INPUT ---    Log;

  INPUT ---    Log;

  Program  MARK  - Survival Rate Estimation with Capture-Recapture Data
   gfortran(dble/PIM2) Vers. 10.1 March 2023  27-Sep-2024 15:15:03    Page  023
 - - - - - - - - - - - - - - - - - - - - - - - - - - - - - - - - - - - - - -
 

  INPUT ---    Log;

  INPUT ---    Log;

  INPUT ---    Log;

  INPUT ---    Log;

  INPUT ---    Log;

  INPUT ---    Log;

  INPUT ---    Log;

  INPUT ---    Log;

  INPUT ---    Log;

  INPUT ---    Log;

  INPUT ---    Log;

  INPUT ---    Log;

  INPUT ---    Log;

  INPUT ---    Log;
  INPUT ---       blabel(1)=S:(Intercept);
  INPUT ---       blabel(2)=S:sexM;
  INPUT ---       blabel(3)=S:sexU;
  INPUT ---       blabel(4)=GammaDoublePrime:(Intercept);
  INPUT ---       blabel(5)=GammaDoublePrime:time2.1;
  INPUT ---       blabel(6)=GammaDoublePrime:time3.9;
  INPUT ---       blabel(7)=GammaDoublePrime:time12.9333333333333;
  INPUT ---       blabel(8)=GammaDoublePrime:time14;
  INPUT ---       blabel(9)=GammaDoublePrime:time15.8333333333333;
  INPUT ---       blabel(10)=GammaDoublePrime:time25.8;
  INPUT ---       blabel(11)=GammaDoublePrime:time26.6333333333333;
  INPUT ---       blabel(12)=GammaDoublePrime:time27.5;
  INPUT ---       blabel(13)=GammaDoublePrime:time38.1666666666667;
  INPUT ---       blabel(14)=GammaDoublePrime:time39.0333333333333;
  INPUT ---       blabel(15)=GammaDoublePrime:time39.9;
  INPUT ---       blabel(16)=GammaDoublePrime:time49.1666666666667;
  INPUT ---       blabel(17)=GammaDoublePrime:time49.8;
  INPUT ---       blabel(18)=GammaDoublePrime:time50.6666666666667;

  Program  MARK  - Survival Rate Estimation with Capture-Recapture Data
   gfortran(dble/PIM2) Vers. 10.1 March 2023  27-Sep-2024 15:15:03    Page  024
 - - - - - - - - - - - - - - - - - - - - - - - - - - - - - - - - - - - - - -
 
  INPUT ---       blabel(19)=GammaPrime:(Intercept);
  INPUT ---       blabel(20)=GammaPrime:time3.9;
  INPUT ---       blabel(21)=GammaPrime:time12.9333333333333;
  INPUT ---       blabel(22)=GammaPrime:time14;
  INPUT ---       blabel(23)=GammaPrime:time15.8333333333333;
  INPUT ---       blabel(24)=GammaPrime:time25.8;
  INPUT ---       blabel(25)=GammaPrime:time26.6333333333333;
  INPUT ---       blabel(26)=GammaPrime:time27.5;
  INPUT ---       blabel(27)=GammaPrime:time38.1666666666667;
  INPUT ---       blabel(28)=GammaPrime:time39.0333333333333;
  INPUT ---       blabel(29)=GammaPrime:time39.9;
  INPUT ---       blabel(30)=GammaPrime:time49.1666666666667;
  INPUT ---       blabel(31)=GammaPrime:time49.8;
  INPUT ---       blabel(32)=GammaPrime:time50.6666666666667;
  INPUT ---       blabel(33)=p:(Intercept);
  INPUT ---       blabel(34)=p:session2.1;
  INPUT ---       blabel(35)=p:session3.9;
  INPUT ---       blabel(36)=p:session12.9333333333333;
  INPUT ---       blabel(37)=p:session14;
  INPUT ---       blabel(38)=p:session15.8333333333333;
  INPUT ---       blabel(39)=p:session25.8;
  INPUT ---       blabel(40)=p:session26.6333333333333;
  INPUT ---       blabel(41)=p:session27.5;
  INPUT ---       blabel(42)=p:session38.1666666666667;
  INPUT ---       blabel(43)=p:session39.0333333333333;
  INPUT ---       blabel(44)=p:session39.9;
  INPUT ---       blabel(45)=p:session49.1666666666667;
  INPUT ---       blabel(46)=p:session49.8;
  INPUT ---       blabel(47)=p:session50.6666666666667;
  INPUT ---       blabel(48)=p:session51.5333333333333;
  INPUT ---       blabel(49)=c:(Intercept);
  INPUT ---       blabel(50)=c:session2.1;
  INPUT ---       blabel(51)=c:session3.9;
  INPUT ---       blabel(52)=c:session12.9333333333333;
  INPUT ---       blabel(53)=c:session14;
  INPUT ---       blabel(54)=c:session15.8333333333333;
  INPUT ---       blabel(55)=c:session25.8;
  INPUT ---       blabel(56)=c:session26.6333333333333;
  INPUT ---       blabel(57)=c:session27.5;
  INPUT ---       blabel(58)=c:session38.1666666666667;
  INPUT ---       blabel(59)=c:session39.0333333333333;
  INPUT ---       blabel(60)=c:session39.9;
  INPUT ---       blabel(61)=c:session49.1666666666667;
  INPUT ---       blabel(62)=c:session49.8;
  INPUT ---       blabel(63)=c:session50.6666666666667;
  INPUT ---       blabel(64)=c:session51.5333333333333;

  Program  MARK  - Survival Rate Estimation with Capture-Recapture Data
   gfortran(dble/PIM2) Vers. 10.1 March 2023  27-Sep-2024 15:15:03    Page  025
 - - - - - - - - - - - - - - - - - - - - - - - - - - - - - - - - - - - - - -
 
  INPUT ---       blabel(65)=f0:(Intercept);
  INPUT ---       blabel(66)=f0:session2.1;
  INPUT ---       blabel(67)=f0:session3.9;
  INPUT ---       blabel(68)=f0:session12.9333333333333;
  INPUT ---       blabel(69)=f0:session14;
  INPUT ---       blabel(70)=f0:session15.8333333333333;
  INPUT ---       blabel(71)=f0:session25.8;
  INPUT ---       blabel(72)=f0:session26.6333333333333;
  INPUT ---       blabel(73)=f0:session27.5;
  INPUT ---       blabel(74)=f0:session38.1666666666667;
  INPUT ---       blabel(75)=f0:session39.0333333333333;
  INPUT ---       blabel(76)=f0:session39.9;
  INPUT ---       blabel(77)=f0:session49.1666666666667;
  INPUT ---       blabel(78)=f0:session49.8;
  INPUT ---       blabel(79)=f0:session50.6666666666667;
  INPUT ---       blabel(80)=f0:session51.5333333333333;
  INPUT ---       rlabel(1)=S gF c1 a0 t1;
  INPUT ---       rlabel(2)=S gM c1 a0 t1;
  INPUT ---       rlabel(3)=S gU c1 a0 t1;
  INPUT ---       rlabel(4)=Gamma'' gF c1 a0 t1;
  INPUT ---       rlabel(5)=Gamma'' gF c1 a1.1 t2.1;
  INPUT ---       rlabel(6)=Gamma'' gF c1 a2.9 t3.9;
  INPUT ---       rlabel(7)=Gamma'' gF c1 a11.9333333333333 t12.9333333333333;
  INPUT ---       rlabel(8)=Gamma'' gF c1 a13 t14;
  INPUT ---       rlabel(9)=Gamma'' gF c1 a14.8333333333333 t15.8333333333333;
  INPUT ---       rlabel(10)=Gamma'' gF c1 a24.8 t25.8;
  INPUT ---       rlabel(11)=Gamma'' gF c1 a25.6333333333333 
  INPUT ---       t26.6333333333333;
  INPUT ---       rlabel(12)=Gamma'' gF c1 a26.5 t27.5;
  INPUT ---       rlabel(13)=Gamma'' gF c1 a37.1666666666667 
  INPUT ---       t38.1666666666667;
  INPUT ---       rlabel(14)=Gamma'' gF c1 a38.0333333333333 
  INPUT ---       t39.0333333333333;
  INPUT ---       rlabel(15)=Gamma'' gF c1 a38.9 t39.9;
  INPUT ---       rlabel(16)=Gamma'' gF c1 a48.1666666666667 
  INPUT ---       t49.1666666666667;
  INPUT ---       rlabel(17)=Gamma'' gF c1 a48.8 t49.8;
  INPUT ---       rlabel(18)=Gamma'' gF c1 a49.6666666666667 
  INPUT ---       t50.6666666666667;
  INPUT ---       rlabel(19)=Gamma' gF c1 a1.1 t2.1;
  INPUT ---       rlabel(20)=Gamma' gF c1 a2.9 t3.9;
  INPUT ---       rlabel(21)=Gamma' gF c1 a11.9333333333333 t12.9333333333333;
  INPUT ---       rlabel(22)=Gamma' gF c1 a13 t14;
  INPUT ---       rlabel(23)=Gamma' gF c1 a14.8333333333333 t15.8333333333333;
  INPUT ---       rlabel(24)=Gamma' gF c1 a24.8 t25.8;
  INPUT ---       rlabel(25)=Gamma' gF c1 a25.6333333333333 t26.6333333333333;

  Program  MARK  - Survival Rate Estimation with Capture-Recapture Data
   gfortran(dble/PIM2) Vers. 10.1 March 2023  27-Sep-2024 15:15:03    Page  026
 - - - - - - - - - - - - - - - - - - - - - - - - - - - - - - - - - - - - - -
 
  INPUT ---       rlabel(26)=Gamma' gF c1 a26.5 t27.5;
  INPUT ---       rlabel(27)=Gamma' gF c1 a37.1666666666667 t38.1666666666667;
  INPUT ---       rlabel(28)=Gamma' gF c1 a38.0333333333333 t39.0333333333333;
  INPUT ---       rlabel(29)=Gamma' gF c1 a38.9 t39.9;
  INPUT ---       rlabel(30)=Gamma' gF c1 a48.1666666666667 t49.1666666666667;
  INPUT ---       rlabel(31)=Gamma' gF c1 a48.8 t49.8;
  INPUT ---       rlabel(32)=Gamma' gF c1 a49.6666666666667 t50.6666666666667;
  INPUT ---       rlabel(33)=p gF s1 t1;
  INPUT ---       rlabel(34)=p gF s2.1 t1;
  INPUT ---       rlabel(35)=p gF s3.9 t1;
  INPUT ---       rlabel(36)=p gF s12.9333333333333 t1;
  INPUT ---       rlabel(37)=p gF s14 t1;
  INPUT ---       rlabel(38)=p gF s15.8333333333333 t1;
  INPUT ---       rlabel(39)=p gF s25.8 t1;
  INPUT ---       rlabel(40)=p gF s26.6333333333333 t1;
  INPUT ---       rlabel(41)=p gF s27.5 t1;
  INPUT ---       rlabel(42)=p gF s38.1666666666667 t1;
  INPUT ---       rlabel(43)=p gF s39.0333333333333 t1;
  INPUT ---       rlabel(44)=p gF s39.9 t1;
  INPUT ---       rlabel(45)=p gF s49.1666666666667 t1;
  INPUT ---       rlabel(46)=p gF s49.8 t1;
  INPUT ---       rlabel(47)=p gF s50.6666666666667 t1;
  INPUT ---       rlabel(48)=p gF s51.5333333333333 t1;
  INPUT ---       rlabel(49)=c gF s1 t2;
  INPUT ---       rlabel(50)=c gF s2.1 t2;
  INPUT ---       rlabel(51)=c gF s3.9 t2;
  INPUT ---       rlabel(52)=c gF s12.9333333333333 t2;
  INPUT ---       rlabel(53)=c gF s14 t2;
  INPUT ---       rlabel(54)=c gF s15.8333333333333 t2;
  INPUT ---       rlabel(55)=c gF s25.8 t2;
  INPUT ---       rlabel(56)=c gF s26.6333333333333 t2;
  INPUT ---       rlabel(57)=c gF s27.5 t2;
  INPUT ---       rlabel(58)=c gF s38.1666666666667 t2;
  INPUT ---       rlabel(59)=c gF s39.0333333333333 t2;
  INPUT ---       rlabel(60)=c gF s39.9 t2;
  INPUT ---       rlabel(61)=c gF s49.1666666666667 t2;
  INPUT ---       rlabel(62)=c gF s49.8 t2;
  INPUT ---       rlabel(63)=c gF s50.6666666666667 t2;
  INPUT ---       rlabel(64)=c gF s51.5333333333333 t2;
  INPUT ---       rlabel(65)=f0 gF a0 s1 t0;
  INPUT ---       rlabel(66)=f0 gF a0 s2.1 t0;
  INPUT ---       rlabel(67)=f0 gF a0 s3.9 t0;
  INPUT ---       rlabel(68)=f0 gF a0 s12.9333333333333 t0;
  INPUT ---       rlabel(69)=f0 gF a0 s14 t0;
  INPUT ---       rlabel(70)=f0 gF a0 s15.8333333333333 t0;
  INPUT ---       rlabel(71)=f0 gF a0 s25.8 t0;

  Program  MARK  - Survival Rate Estimation with Capture-Recapture Data
   gfortran(dble/PIM2) Vers. 10.1 March 2023  27-Sep-2024 15:15:03    Page  027
 - - - - - - - - - - - - - - - - - - - - - - - - - - - - - - - - - - - - - -
 
  INPUT ---       rlabel(72)=f0 gF a0 s26.6333333333333 t0;
  INPUT ---       rlabel(73)=f0 gF a0 s27.5 t0;
  INPUT ---       rlabel(74)=f0 gF a0 s38.1666666666667 t0;
  INPUT ---       rlabel(75)=f0 gF a0 s39.0333333333333 t0;
  INPUT ---       rlabel(76)=f0 gF a0 s39.9 t0;
  INPUT ---       rlabel(77)=f0 gF a0 s49.1666666666667 t0;
  INPUT ---       rlabel(78)=f0 gF a0 s49.8 t0;
  INPUT ---       rlabel(79)=f0 gF a0 s50.6666666666667 t0;
  INPUT ---       rlabel(80)=f0 gF a0 s51.5333333333333 t0;
   Model is { S(~sex)Gamma''(~time)Gamma'(~time)p(~session)c(~session)f0(~session) }

 Link Function Used is PARM-SPECIFIC

 Variance Estimation Procedure Used is 2ndPart 

 M(t+1):
 Group 1 = sexF
      59     78     67     89    100     34     86     56     58     65     72
      40     49     52     61     47
 Group 2 = sexM
      43     64     37     83     95     36     94     70     40     65     75
      49     65     61     70     37
 Group 3 = sexU
       1      2      0      0      1      0      4      1      0      1      2
       0      0      2      0      0


 -2logL(saturated) = -5797.8204    
 Effective Sample Size = 3620

 Number of function evaluations was 195 for 80 parameters.
 For numerical optimization, CPU Time was 61.531 seconds and System Time was 28.719 seconds.
 -2logL { S(~sex)Gamma''(~time)Gamma'(~time)p(~session)c(~session)f0(~session) } = -990.11235    
 Penalty { S(~sex)Gamma''(~time)Gamma'(~time)p(~session)c(~session)f0(~session) } = 0.0000000     

   * *  WARNING  * *   Divide by zero occurred during optimization of this model. 
     IEEE flag status at end of optimization:
     overflow       F
     divide by zero T
     invalid        F
     underflow      F
     inexact        T


  Program  MARK  - Survival Rate Estimation with Capture-Recapture Data
   gfortran(dble/PIM2) Vers. 10.1 March 2023  27-Sep-2024 15:15:32    Page  028
 - - - - - - - - - - - - - - - - - - - - - - - - - - - - - - - - - - - - - -
 
 Gradient { S(~sex)Gamma''(~time)Gamma'(~time)p(~session)c(~session)f0(~session) }:
 -0.66756441E-04   0.0000000       0.0000000       0.0000000       0.0000000    
   0.0000000       0.0000000       0.0000000       0.0000000       0.0000000    
  0.11889145E-03   0.0000000       0.0000000       0.0000000       0.0000000    
   0.0000000       0.0000000       0.0000000      0.91938860E-04   0.0000000    
   0.0000000       0.0000000       0.0000000       0.0000000      0.11965896E-03
   0.0000000       0.0000000       0.0000000       0.0000000       0.0000000    
   0.0000000       0.0000000     -0.84905373E-04 -0.91149557E-04   0.0000000    
  0.81301574E-04 -0.97062432E-05 -0.10589214E-03  0.61688309E-04  0.16318373E-03
  0.13370682E-04 -0.26505880E-04  0.13554297E-03   0.0000000       0.0000000    
  0.84027382E-04   0.0000000     -0.12744503E-04   0.0000000       0.0000000    
   0.0000000       0.0000000       0.0000000       0.0000000       0.0000000    
   0.0000000       0.0000000      0.18585868E-03   0.0000000      0.21705551E-03
   0.0000000       0.0000000       0.0000000       0.0000000     -0.20631519E-03
 -0.51588541E-04  0.16605292E-04 -0.45112021E-04 -0.39657002E-05 -0.12462999E-03
  0.48259547E-04  0.30480984E-04  0.59150636E-05  0.11618373E-04  0.80041593E-04
   0.0000000       0.0000000       0.0000000       0.0000000     -0.19077727E-04
 Maximum ABS(G) { S(~sex)Gamma''(~time)Gamma'(~time)p(~session)c(~session)f0(~session) } = 0.2170555E-03 
 To compute VC matrix, CPU Time was 38.828 seconds and System Time was 18.469 seconds.
 S Vector { S(~sex)Gamma''(~time)Gamma'(~time)p(~session)c(~session)f0(~session) }:
   898.5662      709.2799      516.9043      262.0689      94.08668    
   81.10856      79.67077      71.30139      67.29489      63.06832    
   59.40704      58.83759      56.88252      55.22347      54.13957    
   51.38262      50.65007      48.98210      47.88141      46.84886    
   45.53357      43.97333      41.73864      41.72854      40.90157    
   39.50095      37.96048      36.86652      36.13385      35.73358    
   33.49551      31.43127      30.11136      25.80610      24.17254    
   21.90350      21.47829      18.51646      16.75547      15.60629    
   14.67726      14.16652      12.44671      11.98805      10.14612    
   7.314955      6.412361      5.928976      5.480956      5.234651    
   4.745706      4.078965      3.892385      3.618150      3.546267    
   3.267564      2.873097      2.450863      2.325149      1.754808    
   1.627467      1.369742      1.224979      1.090934     0.8948127    
  0.7880549     0.7303104     0.6955596     0.6663573     0.6193970    
  0.5660614     0.5280470     0.3588877     0.1665704     0.1118520    
  0.9969696E-01 0.8917083E-06 0.1756661E-07 0.7756382E-21  0.000000    
 To invert VC matrix, CPU Time was 0.016 seconds and System Time was 0.016 seconds.
 Ratio Threshold = 50.000000       Max Gap (79/80) = Infinity        Next Max Gap (78/79) = 0.2264795E+14 
 Gap Method for Num. of Estimated Parameters { S(~sex)Gamma''(~time)Gamma'(~time)p(~session)c(~session)f0(~session) } = 78          
 Threshold { S(~sex)Gamma''(~time)Gamma'(~time)p(~session)c(~session)f0(~session) } = 0.4341110E-03           
 Numerical Threshold Method for Num. of Estimated Parameters { S(~sex)Gamma''(~time)Gamma'(~time)p(~session)c(~session)f0(~session) } = 76          
 Number of Estimated Parameters { S(~sex)Gamma''(~time)Gamma'(~time)p(~session)c(~session)f0(~session) } = 78          

   * *  WARNING  * *   Number of parameters estimated from gap method (=78) and threshold method (=76) differ.  Inspect full output. 

  Program  MARK  - Survival Rate Estimation with Capture-Recapture Data
   gfortran(dble/PIM2) Vers. 10.1 March 2023  27-Sep-2024 15:15:50    Page  029
 - - - - - - - - - - - - - - - - - - - - - - - - - - - - - - - - - - - - - -
 
 Ratios of S Vector { S(~sex)Gamma''(~time)Gamma'(~time)p(~session)c(~session)f0(~session) }:
   1/2    1.266871       2/3    1.372169       3/4    1.972398       4/5    2.785399       5/6    1.160009    
   6/7    1.018047       7/8    1.117380       8/9    1.059536       9/10    1.067016       10/11    1.061631    
   11/12    1.009678       12/13    1.034370       13/14    1.030043       14/15    1.020021       15/16    1.053655    
   16/17    1.014463       17/18    1.034053       18/19    1.022988       19/20    1.022040       20/21    1.028886    
   21/22    1.035481       22/23    1.053540       23/24    1.000242       24/25    1.020219       25/26    1.035458    
   26/27    1.040581       27/28    1.029674       28/29    1.020276       29/30    1.011202       30/31    1.066817    
   31/32    1.065675       32/33    1.043834       33/34    1.166831       34/35    1.067579       35/36    1.103593    
   36/37    1.019797       37/38    1.159957       38/39    1.105099       39/40    1.073636       40/41    1.063297    
   41/42    1.036053       42/43    1.138174       43/44    1.038260       44/45    1.181540       45/46    1.387038    
   46/47    1.140758       47/48    1.081529       48/49    1.081741       49/50    1.047053       50/51    1.103029    
   51/52    1.163459       52/53    1.047935       53/54    1.075794       54/55    1.020270       55/56    1.085294    
   56/57    1.137297       57/58    1.172280       58/59    1.054067       59/60    1.325016       60/61    1.078245    
   61/62    1.188156       62/63    1.118176       63/64    1.122872       64/65    1.219175       65/66    1.135470    
   66/67    1.079068       67/68    1.049961       68/69    1.043824       69/70    1.075816       70/71    1.094222    
   71/72    1.071991       72/73    1.471343       73/74    2.154570       74/75    1.489204       75/76    1.121920    
   76/77    111804.5       77/78    50.76153       78/79   0.2264795E+14   79/80        Infinity
 DEVIANCE { S(~sex)Gamma''(~time)Gamma'(~time)p(~session)c(~session)f0(~session) } = 4807.7081               
 DEVIANCE Degrees of Freedom { S(~sex)Gamma''(~time)Gamma'(~time)p(~session)c(~session)f0(~session) } = 460          
 c-hat { S(~sex)Gamma''(~time)Gamma'(~time)p(~session)c(~session)f0(~session) } = 10.451539               
 AIC { S(~sex)Gamma''(~time)Gamma'(~time)p(~session)c(~session)f0(~session) } = -838.11235              
 AICc { S(~sex)Gamma''(~time)Gamma'(~time)p(~session)c(~session)f0(~session) } = -834.80894              
 BIC { S(~sex)Gamma''(~time)Gamma'(~time)p(~session)c(~session)f0(~session) } = -367.35093              
 Pearson Chisquare { S(~sex)Gamma''(~time)Gamma'(~time)p(~session)c(~session)f0(~session) } = 0.1718277E+16           

   * *  WARNING  * *   Divide by zero occurred during variance-covariance calculation of this model. 
     IEEE flag status at end of variance-covariance calculation:
     overflow       F
     divide by zero T
     invalid        T
     underflow      F
     inexact        T



 PARM-SPECIFIC Link Function Parameters of { S(~sex)Gamma''(~time)Gamma'(~time)p(~session)c(~session)f0(~session) }
                                                              95% Confidence Interval
    Parameter                  Beta         Standard Error     Lower           Upper
 -------------------------  --------------  --------------  --------------  --------------
    1:S:(Intercept)          2.6571846       0.0000000       2.6571846       2.6571846    
    2:S:sexM                 0.2866172       0.0000000       0.2866172       0.2866172    
    3:S:sexU                -4.8513554       0.0000000      -4.8513554      -4.8513554    
    4:GammaDoublePrime:(In  -1.0686302       0.0000000      -1.0686302      -1.0686302    
    5:GammaDoublePrime:tim   0.3418206       0.0000000       0.3418206       0.3418206    
    6:GammaDoublePrime:tim  -1.1209132       0.0000000      -1.1209132      -1.1209132    
    7:GammaDoublePrime:tim  -0.0484738       0.0000000      -0.0484738      -0.0484738    
    8:GammaDoublePrime:tim   1.8485311       0.0000000       1.8485311       1.8485311    
    9:GammaDoublePrime:tim  -1.0789044       0.0000000      -1.0789044      -1.0789044    
   10:GammaDoublePrime:tim   1.0266515       0.0000000       1.0266515       1.0266515    
   11:GammaDoublePrime:tim   1.0534750       0.0000000       1.0534750       1.0534750    
   12:GammaDoublePrime:tim  -0.8691180       0.0000000      -0.8691180      -0.8691180    
   13:GammaDoublePrime:tim  -0.4239631       0.0000000      -0.4239631      -0.4239631    
   14:GammaDoublePrime:tim   1.1315642       0.0000000       1.1315642       1.1315642    

  Program  MARK  - Survival Rate Estimation with Capture-Recapture Data
   gfortran(dble/PIM2) Vers. 10.1 March 2023  27-Sep-2024 15:15:50    Page  030
 - - - - - - - - - - - - - - - - - - - - - - - - - - - - - - - - - - - - - -
 
   15:GammaDoublePrime:tim  -0.7446832       0.0000000      -0.7446832      -0.7446832    
   16:GammaDoublePrime:tim  -0.0419964       0.0000000      -0.0419964      -0.0419964    
   17:GammaDoublePrime:tim  -0.6282893       0.0000000      -0.6282893      -0.6282893    
   18:GammaDoublePrime:tim   0.5411853       0.0000000       0.5411853       0.5411853    
   19:GammaPrime:(Intercep   1.6554672       0.0000000       1.6554672       1.6554672    
   20:GammaPrime:time3.9    -3.2237234       0.0000000      -3.2237234      -3.2237234    
   21:GammaPrime:time12.93  -1.4219527       0.0000000      -1.4219527      -1.4219527    
   22:GammaPrime:time14     -0.6284939       0.0000000      -0.6284939      -0.6284939    
   23:GammaPrime:time15.83  -2.1390272       0.0000000      -2.1390272      -2.1390272    
   24:GammaPrime:time25.8    0.0234559       0.0000000       0.0234559       0.0234559    
   25:GammaPrime:time26.63  -1.0403037       0.0000000      -1.0403037      -1.0403037    
   26:GammaPrime:time27.5   -2.9406195       0.0000000      -2.9406195      -2.9406195    
   27:GammaPrime:time38.16  -2.6699395       0.0000000      -2.6699395      -2.6699395    
   28:GammaPrime:time39.03  -1.1954227       0.0000000      -1.1954227      -1.1954227    
   29:GammaPrime:time39.9   -2.9184469       0.0000000      -2.9184469      -2.9184469    
   30:GammaPrime:time49.16  -2.0216780       0.0000000      -2.0216780      -2.0216780    
   31:GammaPrime:time49.8   -2.1129759       0.0000000      -2.1129759      -2.1129759    
   32:GammaPrime:time50.66  -1.1400159       0.0000000      -1.1400159      -1.1400159    
   33:p:(Intercept)         -0.0782914       0.0000000      -0.0782914      -0.0782914    
   34:p:session2.1           0.6740388       0.0000000       0.6740388       0.6740388    
   35:p:session3.9           0.3190024       0.0000000       0.3190024       0.3190024    
   36:p:session12.93333333   0.5014508       0.0000000       0.5014508       0.5014508    
   37:p:session14            0.5720592       0.0000000       0.5720592       0.5720592    
   38:p:session15.83333333   0.2248284       0.0000000       0.2248284       0.2248284    
   39:p:session25.8          0.2367651       0.0000000       0.2367651       0.2367651    
   40:p:session26.63333333   0.7298759       0.0000000       0.7298759       0.7298759    
   41:p:session27.5          0.7118187       0.0000000       0.7118187       0.7118187    
   42:p:session38.16666666   0.4391891       0.0000000       0.4391891       0.4391891    
   43:p:session39.03333333   0.6323417       0.0000000       0.6323417       0.6323417    
   44:p:session39.9          0.7383668       0.0000000       0.7383668       0.7383668    
   45:p:session49.16666666   0.7041497       0.0000000       0.7041497       0.7041497    
   46:p:session49.8          0.5435410       0.0000000       0.5435410       0.5435410    
   47:p:session50.66666666   1.0623612       0.0000000       1.0623612       1.0623612    
   48:p:session51.53333333   0.7959259       0.0000000       0.7959259       0.7959259    
   49:c:(Intercept)          0.1854094       0.0000000       0.1854094       0.1854094    
   50:c:session2.1           0.4937511       0.0000000       0.4937511       0.4937511    
   51:c:session3.9           0.5190368       0.0000000       0.5190368       0.5190368    
   52:c:session12.93333333   0.2549023       0.0000000       0.2549023       0.2549023    
   53:c:session14            0.0569035       0.0000000       0.0569035       0.0569035    
   54:c:session15.83333333  -0.3504890       0.0000000      -0.3504890      -0.3504890    
   55:c:session25.8          0.1189593       0.0000000       0.1189593       0.1189593    
   56:c:session26.63333333  -0.5038638       0.0000000      -0.5038638      -0.5038638    
   57:c:session27.5          0.2374466       0.0000000       0.2374466       0.2374466    
   58:c:session38.16666666   0.3135820       0.0000000       0.3135820       0.3135820    
   59:c:session39.03333333   0.2890477       0.0000000       0.2890477       0.2890477    
   60:c:session39.9         -0.1247843       0.0000000      -0.1247843      -0.1247843    

  Program  MARK  - Survival Rate Estimation with Capture-Recapture Data
   gfortran(dble/PIM2) Vers. 10.1 March 2023  27-Sep-2024 15:15:50    Page  031
 - - - - - - - - - - - - - - - - - - - - - - - - - - - - - - - - - - - - - -
 
   61:c:session49.16666666   0.1162578       0.0000000       0.1162578       0.1162578    
   62:c:session49.8         -0.1854104       0.0000000      -0.1854104      -0.1854104    
   63:c:session50.66666666   0.4657735       0.0000000       0.4657735       0.4657735    
   64:c:session51.53333333   0.1861525       0.0000000       0.1861525       0.1861525    
   65:f0:(Intercept)         0.9968830       0.0000000       0.9968830       0.9968830    
   66:f0:session2.1         -1.5141185       0.0000000      -1.5141185      -1.5141185    
   67:f0:session3.9         -1.2972780       0.0000000      -1.2972780      -1.2972780    
   68:f0:session12.9333333  -1.1985743       0.0000000      -1.1985743      -1.1985743    
   69:f0:session14          -0.9238455       0.0000000      -0.9238455      -0.9238455    
   70:f0:session15.8333333  -1.5098707       0.0000000      -1.5098707      -1.5098707    
   71:f0:session25.8         0.2647271       0.0000000       0.2647271       0.2647271    
   72:f0:session26.6333333  -2.5042019       0.0000000      -2.5042019      -2.5042019    
   73:f0:session27.5        -14.477895       0.0000000      -14.477895      -14.477895    
   74:f0:session38.1666666  -0.9699990       0.0000000      -0.9699990      -0.9699990    
   75:f0:session39.0333333  -1.2876290       0.0000000      -1.2876290      -1.2876290    
   76:f0:session39.9        -77.737238       0.0000000      -77.737238      -77.737238    
   77:f0:session49.1666666  -23.064203       0.0000000      -23.064203      -23.064203    
   78:f0:session49.8        -1.3030578       0.0000000      -1.3030578      -1.3030578    
   79:f0:session50.6666666  -45.692197       0.0000000      -45.692197      -45.692197    
   80:f0:session51.5333333  -0.9995554       0.0000000      -0.9995554      -0.9995554    


 Real Function Parameters of { S(~sex)Gamma''(~time)Gamma'(~time)p(~session)c(~session)f0(~session) }
                                                               95% Confidence Interval
     Parameter                Estimate       Standard Error     Lower           Upper
 --------------------------  --------------  --------------  --------------  --------------
     1:S gF c1 a0 t1          0.9344524       0.0000000       1.0000000      0.3172087E-306   
     2:S gM c1 a0 t1          0.9499697       0.0000000       1.0000000      0.4224947E-306   
     3:S gU c1 a0 t1          0.1002752       0.0000000       1.0000000      0.2479866E-308   
     4:Gamma'' gF c1 a0 t1    0.2556637       0.0000000       1.0000000      0.7642655E-308   
     5:Gamma'' gF c1 a1.1 t   0.3258952       0.0000000       1.0000000      0.1075710E-307   
     6:Gamma'' gF c1 a2.9 t   0.1006934       0.0000000       1.0000000      0.2491368E-308   
     7:Gamma'' gF c1 a11.93   0.2465489       0.0000000       1.0000000      0.7281022E-308   
     8:Gamma'' gF c1 a13 t1   0.6856588       0.0000000       1.0000000      0.4853456E-307   
     9:Gamma'' gF c1 a14.83   0.1045618       0.0000000       1.0000000      0.2598256E-308   
    10:Gamma'' gF c1 a24.8    0.4895069       0.0000000       1.0000000      0.2133602E-307   
    11:Gamma'' gF c1 a25.63   0.4962113       0.0000000       1.0000000      0.2191607E-307   
    12:Gamma'' gF c1 a26.5    0.1258955       0.0000000       1.0000000      0.3204727E-308   
    13:Gamma'' gF c1 a37.16   0.1835328       0.0000000       1.0000000      0.5001720E-308   
    14:Gamma'' gF c1 a38.03   0.5157283       0.0000000       1.0000000      0.2369607E-307   
    15:Gamma'' gF c1 a38.9    0.1402382       0.0000000       1.0000000      0.3629380E-308   
    16:Gamma'' gF c1 a48.16   0.2477541       0.0000000       1.0000000      0.7328337E-308   
    17:Gamma'' gF c1 a48.8    0.1548680       0.0000000       1.0000000      0.4077384E-308   
    18:Gamma'' gF c1 a49.66   0.3711130       0.0000000       1.0000000      0.1313040E-307   
    19:Gamma' gF c1 a1.1 t2   0.8396286       0.0000000       1.0000000      0.1164943E-306   
    20:Gamma' gF c1 a2.9 t3   0.1724651       0.0000000       1.0000000      0.4637238E-308   

  Program  MARK  - Survival Rate Estimation with Capture-Recapture Data
   gfortran(dble/PIM2) Vers. 10.1 March 2023  27-Sep-2024 15:15:50    Page  032
 - - - - - - - - - - - - - - - - - - - - - - - - - - - - - - - - - - - - - -
 
    21:Gamma' gF c1 a11.933   0.5581148       0.0000000       1.0000000      0.2810337E-307   
    22:Gamma' gF c1 a13 t14   0.7363287       0.0000000       1.0000000      0.6213742E-307   
    23:Gamma' gF c1 a14.833   0.3814118       0.0000000       1.0000000      0.1371946E-307   
    24:Gamma' gF c1 a24.8 t   0.8427619       0.0000000       1.0000000      0.1192591E-306   
    25:Gamma' gF c1 a25.633   0.6491178       0.0000000       1.0000000      0.4116295E-307   
    26:Gamma' gF c1 a26.5 t   0.2166745       0.0000000       1.0000000      0.6154742E-308   
    27:Gamma' gF c1 a37.166   0.2661055       0.0000000       1.0000000      0.8067978E-308   
    28:Gamma' gF c1 a38.033   0.6130247       0.0000000       1.0000000      0.3524838E-307   
    29:Gamma' gF c1 a38.9 t   0.2204614       0.0000000       1.0000000      0.6292733E-308   
    30:Gamma' gF c1 a48.166   0.4094569       0.0000000       1.0000000      0.1542770E-307   
    31:Gamma' gF c1 a48.8 t   0.3875770       0.0000000       1.0000000      0.1408156E-307   
    32:Gamma' gF c1 a49.666   0.6260835       0.0000000       1.0000000      0.3725650E-307   
    33:p gF s1 t1             0.4804371       0.0000000       1.0000000      0.2057514E-307   
    34:p gF s2.1 t1           0.6446828       0.0000000       1.0000000      0.4037144E-307   
    35:p gF s3.9 t1           0.5598889       0.0000000       1.0000000      0.2830635E-307   
    36:p gF s12.93333333333   0.6042390       0.0000000       1.0000000      0.3397193E-307   
    37:p gF s14 t1            0.6209936       0.0000000       1.0000000      0.3645735E-307   
    38:p gF s15.83333333333   0.5365688       0.0000000       1.0000000      0.2576230E-307   
    39:p gF s25.8 t1          0.5395357       0.0000000       1.0000000      0.2607166E-307   
    40:p gF s26.63333333333   0.6573674       0.0000000       1.0000000      0.4268979E-307   
    41:p gF s27.5 t1          0.6532888       0.0000000       1.0000000      0.4192585E-307   
    42:p gF s38.16666666666   0.5892577       0.0000000       1.0000000      0.3192128E-307   
    43:p gF s39.03333333333   0.6350748       0.0000000       1.0000000      0.3872268E-307   
    44:p gF s39.9 t1          0.6592773       0.0000000       1.0000000      0.4305381E-307   
    45:p gF s49.16666666666   0.6515497       0.0000000       1.0000000      0.4160555E-307   
    46:p gF s49.8 t1          0.6142588       0.0000000       1.0000000      0.3543233E-307   
    47:p gF s50.66666666666   0.7279150       0.0000000       1.0000000      0.5952789E-307   
    48:p gF s51.53333333333   0.6720859       0.0000000       1.0000000      0.4560465E-307   
    49:c gF s1 t2             0.5462200       0.0000000       1.0000000      0.2678346E-307   
    50:c gF s2.1 t2           0.6635513       0.0000000       1.0000000      0.4388338E-307   
    51:c gF s3.9 t2           0.6691728       0.0000000       1.0000000      0.4500715E-307   
    52:c gF s12.93333333333   0.6083333       0.0000000       1.0000000      0.3455965E-307   
    53:c gF s14 t2            0.5602835       0.0000000       1.0000000      0.2835173E-307   
    54:c gF s15.83333333333   0.4588236       0.0000000       1.0000000      0.1886476E-307   
    55:c gF s25.8 t2          0.5755101       0.0000000       1.0000000      0.3016686E-307   
    56:c gF s26.63333333333   0.4210525       0.0000000       1.0000000      0.1618234E-307   
    57:c gF s27.5 t2          0.6041665       0.0000000       1.0000000      0.3396163E-307   
    58:c gF s38.16666666666   0.6222223       0.0000000       1.0000000      0.3664829E-307   
    59:c gF s39.03333333333   0.6164382       0.0000000       1.0000000      0.3576009E-307   
    60:c gF s39.9 t2          0.5151516       0.0000000       1.0000000      0.2364142E-307   
    61:c gF s49.16666666666   0.5748500       0.0000000       1.0000000      0.3008547E-307   
    62:c gF s49.8 t2          0.4999998       0.0000000       1.0000000      0.2225072E-307   
    63:c gF s50.66666666666   0.6572770       0.0000000       1.0000000      0.4267265E-307   
    64:c gF s51.53333333333   0.5918363       0.0000000       1.0000000      0.3226352E-307   
    65:f0 gF a0 s1 t0         2.7098222       0.0000000       2.7098222       2.7098222       
    66:f0 gF a0 s2.1 t0       0.5961664       0.0000000       0.5961664       0.5961664       

  Program  MARK  - Survival Rate Estimation with Capture-Recapture Data
   gfortran(dble/PIM2) Vers. 10.1 March 2023  27-Sep-2024 15:15:50    Page  033
 - - - - - - - - - - - - - - - - - - - - - - - - - - - - - - - - - - - - - -
 
    67:f0 gF a0 s3.9 t0       0.7405256       0.0000000       0.7405256       0.7405256       
    68:f0 gF a0 s12.9333333   0.8173473       0.0000000       0.8173473       0.8173473       
    69:f0 gF a0 s14 t0        1.0757709       0.0000000       1.0757709       1.0757709       
    70:f0 gF a0 s15.8333333   0.5987042       0.0000000       0.5987042       0.5987042       
    71:f0 gF a0 s25.8 t0      3.5311024       0.0000000       3.5311024       3.5311024       
    72:f0 gF a0 s26.6333333   0.2215031       0.0000000       0.2215031       0.2215031       
    73:f0 gF a0 s27.5 t0      0.1397239E-05   0.0000000       0.1397239E-05   0.1397239E-05   
    74:f0 gF a0 s38.1666666   1.0272486       0.0000000       1.0272486       1.0272486       
    75:f0 gF a0 s39.0333333   0.7477056       0.0000000       0.7477056       0.7477056       
    76:f0 gF a0 s39.9 t0      0.4699885E-33   0.0000000       0.4699885E-33   0.4699885E-33   
    77:f0 gF a0 s49.1666666   0.2607864E-09   0.0000000       0.2607864E-09   0.2607864E-09   
    78:f0 gF a0 s49.8 t0      0.7362579       0.0000000       0.7362579       0.7362579       
    79:f0 gF a0 s50.6666666   0.3882146E-19   0.0000000       0.3882146E-19   0.3882146E-19   
    80:f0 gF a0 s51.5333333   0.9973312       0.0000000       0.9973312       0.9973312       


                     Estimates of Derived Parameters

 Population Estimates of { S(~sex)Gamma''(~time)Gamma'(~time)p(~session)c(~session)f0(~session) }
                                                95% Confidence Interval
 Grp. Sess.     N-hat        Standard Error      Lower           Upper
 ---- -----  --------------  --------------  --------------  --------------
   1     1    61.709822       0.0000000       61.709822       61.709822    
   1     2    78.596166       0.0000000       78.596166       78.596166    
   1     3    67.740526       0.0000000       67.740526       67.740526    
   1     4    89.817347       0.0000000       89.817347       89.817347    
   1     5    101.07577       0.0000000       101.07577       101.07577    
   1     6    34.598704       0.0000000       34.598704       34.598704    
   1     7    89.531102       0.0000000       89.531102       89.531102    
   1     8    56.221503       0.0000000       56.221503       56.221503    
   1     9    58.000001       0.0000000       58.000001       58.000001    
   1    10    66.027249       0.0000000       66.027249       66.027249    
   1    11    72.747706       0.0000000       72.747706       72.747706    
   1    12    40.000000       0.0000000       40.000000       40.000000    
   1    13    49.000000       0.0000000       49.000000       49.000000    
   1    14    52.736258       0.0000000       52.736258       52.736258    
   1    15    61.000000       0.0000000       61.000000       61.000000    
   1    16    47.997331       0.0000000       47.997331       47.997331    
   2     1    45.709822       0.0000000       45.709822       45.709822    
   2     2    64.596166       0.0000000       64.596166       64.596166    
   2     3    37.740526       0.0000000       37.740526       37.740526    
   2     4    83.817347       0.0000000       83.817347       83.817347    
   2     5    96.075771       0.0000000       96.075771       96.075771    
   2     6    36.598704       0.0000000       36.598704       36.598704    
   2     7    97.531102       0.0000000       97.531102       97.531102    
   2     8    70.221503       0.0000000       70.221503       70.221503    
   2     9    40.000001       0.0000000       40.000001       40.000001    
   2    10    66.027249       0.0000000       66.027249       66.027249    
   2    11    75.747706       0.0000000       75.747706       75.747706    
   2    12    49.000000       0.0000000       49.000000       49.000000    
   2    13    65.000000       0.0000000       65.000000       65.000000    
   2    14    61.736258       0.0000000       61.736258       61.736258    
   2    15    70.000000       0.0000000       70.000000       70.000000    
   2    16    37.997331       0.0000000       37.997331       37.997331    
   3     1    3.7098222       0.0000000       3.7098222       3.7098222    
   3     2    2.5961664       0.0000000       2.5961664       2.5961664    
   3     3    0.7405256       0.0000000       0.7405256       0.7405256    
   3     4    0.8173473       0.0000000       0.8173473       0.8173473    
   3     5    2.0757709       0.0000000       2.0757709       2.0757709    
   3     6    0.5987042       0.0000000       0.5987042       0.5987042    
   3     7    7.5311024       0.0000000       7.5311024       7.5311024    
   3     8    1.2215031       0.0000000       1.2215031       1.2215031    
   3     9    0.1397239E-05   0.0000000       0.1397239E-05   0.1397239E-05
   3    10    2.0272486       0.0000000       2.0272486       2.0272486    
   3    11    2.7477056       0.0000000       2.7477056       2.7477056    
   3    12    0.4699885E-33   0.0000000       0.4699885E-33   0.4699885E-33
   3    13    0.2607864E-09   0.0000000       0.2607864E-09   0.2607864E-09
   3    14    2.7362579       0.0000000       2.7362579       2.7362579    
   3    15    0.3882146E-19   0.0000000       0.3882146E-19   0.3882146E-19
   3    16    0.9973312       0.0000000       0.9973312       0.9973312    

 To compute parameter estimates, CPU Time was 0.016 seconds and System Time was 0.015 seconds.

 Attempted ordering of parameters by estimatibility:
  33 49  1  4  2 39 37 36 53 42 19 55 43 52 34 59 35 46 63 50 56 40 45 58 62
  61 47 10 38 41 57 14 60  8 44 11 51  7 18 25  5 65 54 16 48 13 23 17 64 29
  22 31 26 15 32 28 12 71 20  6 30 24  9 69 21 74  3 75 78 80 68 66 67 27 70
  72 73 77 79 76
 Beta number 76 is a singular value.

   For procedure estimate CPU Time was 100.484 seconds and System Time was 47.969 seconds.

  Program  MARK  - Survival Rate Estimation with Capture-Recapture Data
   gfortran(dble/PIM2) Vers. 10.1 March 2023  27-Sep-2024 15:15:50    Page  034
 - - - - - - - - - - - - - - - - - - - - - - - - - - - - - - - - - - - - - -
 


  INPUT --- proc stop;

     For this job, CPU Time in minutes was 1.677 and System Time in minutes was 0.802.

     Time Start = 15:15:02.582   Time End = 15:15:50.710

     Wall Clock Time in minutes for this job was 0.802.

     Maximum of 80 words used of 4096 words allocated.


          E X E C U T I O N   S U C C E S S F U L 
