
   Program  MARK  - Survival Rate Estimation with Capture-Recapture Data
   gfortran(dble/PIM2) Vers. 10.1 March 2023  20-Sep-2024 10:17:44    Page  001
    
 - - - - - - - - - - - - - - - - - - - - - - - - - - - - - - - - - - - - - -
 
   Welcome to MARK johnimperato on machine JOHNIMPERATD1A0 in subdirectory 
   "V:\Data and Code\Mossy-Pond\Mossy-Pond\RMark_models" running file "mark001.inp".
   This version was compiled by GCC version 12.2.0 using the options: 
     -cpp -iprefix c:\tdm-gcc-64\mingw64\bin\../lib/gcc/x86_64-w64-mingw32/12.2.0/
     -D_MT -D_REENTRANT -U_REENTRANT -D ieee -D dbleprecision -m64 -mtune=generic
     -march=x86-64 -mthreads -O3 -std=f2018 -fsignaling-nans
     -ffpe-summary=invalid,zero,overflow,underflow -funroll-loops -ffast-math
     -fall-intrinsics -fopenmp.

   This problem will use 3 of 4 possible threads.
   Static thread allocation is used.
   Schedule kind is omp_sched_dynamic with chunk size 1


  INPUT --- proc title ;

   For procedure title CPU Time was 0.001 seconds and System Time was 0.001 seconds.


  INPUT --- proc chmatrix occasions= 47 groups= 1 etype= Robust Nodes= 
  INPUT --- 101 icovar = 1 ICMeans  NoHist hist= 622 ;

  INPUT ---    time interval 0 0 33 0 0 54 0 0 271 0 0 32 0 0 55 0 0 299 0 
  INPUT ---    0 25 0 0 26 0 0 320  0 0 26 0 0 26 0 0 278 0 0 19 0 0 26 0 
  INPUT ---    0 26 0 ;

  INPUT ---     icovariates frog_sex ;

  INPUT ---    glabel(1)=Group 1;

      Number of unique encounter histories read was 622.

      Number of individual covariates read was 1.
      Time interval lengths vary and/or not equal to 1.

      Data type number is 7
      Data type is Robust Design with Full Likelihhood p and c

   For procedure chmatrix CPU Time was 0.001 seconds and System Time was 0.001 seconds.

  Program  MARK  - Survival Rate Estimation with Capture-Recapture Data
   gfortran(dble/PIM2) Vers. 10.1 March 2023  20-Sep-2024 10:17:44    Page  002
 - - - - - - - - - - - - - - - - - - - - - - - - - - - - - - - - - - - - - -
 


  INPUT --- proc estimate link=Parm-Specific NOLOOP varest=2ndPart    ;


  INPUT --- model={ S(~time + 
  INPUT --- frog_sex)Gamma''(~time)Gamma'(~time)p(~session)c(~session)f0
  INPUT --- (~session) };

  INPUT ---    group=1 S    rows=15 cols=15 Triang ;
  INPUT ---        1 2 3 4 5 6 7 8 9 10 11 12 13 14 15 ;
  INPUT ---        2 3 4 5 6 7 8 9 10 11 12 13 14 15 ;
  INPUT ---        3 4 5 6 7 8 9 10 11 12 13 14 15 ;
  INPUT ---        4 5 6 7 8 9 10 11 12 13 14 15 ;
  INPUT ---        5 6 7 8 9 10 11 12 13 14 15 ;
  INPUT ---        6 7 8 9 10 11 12 13 14 15 ;
  INPUT ---        7 8 9 10 11 12 13 14 15 ;
  INPUT ---        8 9 10 11 12 13 14 15 ;
  INPUT ---        9 10 11 12 13 14 15 ;
  INPUT ---        10 11 12 13 14 15 ;
  INPUT ---        11 12 13 14 15 ;
  INPUT ---        12 13 14 15 ;
  INPUT ---        13 14 15 ;
  INPUT ---        14 15 ;
  INPUT ---        15 ;

  INPUT ---    group=1 Gamma''    rows=15 cols=15 Triang ;
  INPUT ---        16 17 18 19 20 21 22 23 24 25 26 27 28 29 30 ;
  INPUT ---        17 18 19 20 21 22 23 24 25 26 27 28 29 30 ;
  INPUT ---        18 19 20 21 22 23 24 25 26 27 28 29 30 ;
  INPUT ---        19 20 21 22 23 24 25 26 27 28 29 30 ;
  INPUT ---        20 21 22 23 24 25 26 27 28 29 30 ;
  INPUT ---        21 22 23 24 25 26 27 28 29 30 ;
  INPUT ---        22 23 24 25 26 27 28 29 30 ;
  INPUT ---        23 24 25 26 27 28 29 30 ;
  INPUT ---        24 25 26 27 28 29 30 ;
  INPUT ---        25 26 27 28 29 30 ;
  INPUT ---        26 27 28 29 30 ;
  INPUT ---        27 28 29 30 ;
  INPUT ---        28 29 30 ;
  INPUT ---        29 30 ;
  INPUT ---        30 ;

  INPUT ---    group=1 Gamma'    rows=14 cols=14 Triang ;
  INPUT ---        31 32 33 34 35 36 37 38 39 40 41 42 43 44 ;
  INPUT ---        32 33 34 35 36 37 38 39 40 41 42 43 44 ;

  Program  MARK  - Survival Rate Estimation with Capture-Recapture Data
   gfortran(dble/PIM2) Vers. 10.1 March 2023  20-Sep-2024 10:17:44    Page  003
 - - - - - - - - - - - - - - - - - - - - - - - - - - - - - - - - - - - - - -
 
  INPUT ---        33 34 35 36 37 38 39 40 41 42 43 44 ;
  INPUT ---        34 35 36 37 38 39 40 41 42 43 44 ;
  INPUT ---        35 36 37 38 39 40 41 42 43 44 ;
  INPUT ---        36 37 38 39 40 41 42 43 44 ;
  INPUT ---        37 38 39 40 41 42 43 44 ;
  INPUT ---        38 39 40 41 42 43 44 ;
  INPUT ---        39 40 41 42 43 44 ;
  INPUT ---        40 41 42 43 44 ;
  INPUT ---        41 42 43 44 ;
  INPUT ---        42 43 44 ;
  INPUT ---        43 44 ;
  INPUT ---        44 ;

  INPUT ---    group=1 p  Session 1  rows=1 cols=3 Square ;
  INPUT ---        45 45 45 ;

  INPUT ---    group=1 p  Session 2  rows=1 cols=3 Square ;
  INPUT ---        46 46 46 ;

  INPUT ---    group=1 p  Session 3  rows=1 cols=3 Square ;
  INPUT ---        47 47 47 ;

  INPUT ---    group=1 p  Session 4  rows=1 cols=3 Square ;
  INPUT ---        48 48 48 ;

  INPUT ---    group=1 p  Session 5  rows=1 cols=3 Square ;
  INPUT ---        49 49 49 ;

  INPUT ---    group=1 p  Session 6  rows=1 cols=3 Square ;
  INPUT ---        50 50 50 ;

  INPUT ---    group=1 p  Session 7  rows=1 cols=3 Square ;
  INPUT ---        51 51 51 ;

  INPUT ---    group=1 p  Session 8  rows=1 cols=3 Square ;
  INPUT ---        52 52 52 ;

  INPUT ---    group=1 p  Session 9  rows=1 cols=3 Square ;
  INPUT ---        53 53 53 ;

  INPUT ---    group=1 p  Session 10  rows=1 cols=3 Square ;
  INPUT ---        54 54 54 ;

  INPUT ---    group=1 p  Session 11  rows=1 cols=3 Square ;
  INPUT ---        55 55 55 ;


  Program  MARK  - Survival Rate Estimation with Capture-Recapture Data
   gfortran(dble/PIM2) Vers. 10.1 March 2023  20-Sep-2024 10:17:45    Page  004
 - - - - - - - - - - - - - - - - - - - - - - - - - - - - - - - - - - - - - -
 
  INPUT ---    group=1 p  Session 12  rows=1 cols=3 Square ;
  INPUT ---        56 56 56 ;

  INPUT ---    group=1 p  Session 13  rows=1 cols=3 Square ;
  INPUT ---        57 57 57 ;

  INPUT ---    group=1 p  Session 14  rows=1 cols=3 Square ;
  INPUT ---        58 58 58 ;

  INPUT ---    group=1 p  Session 15  rows=1 cols=3 Square ;
  INPUT ---        59 59 59 ;

  INPUT ---    group=1 p  Session 16  rows=1 cols=2 Square ;
  INPUT ---        60 60 ;

  INPUT ---    group=1 c  Session 1  rows=1 cols=2 Square ;
  INPUT ---        61 61 ;

  INPUT ---    group=1 c  Session 2  rows=1 cols=2 Square ;
  INPUT ---        62 62 ;

  INPUT ---    group=1 c  Session 3  rows=1 cols=2 Square ;
  INPUT ---        63 63 ;

  INPUT ---    group=1 c  Session 4  rows=1 cols=2 Square ;
  INPUT ---        64 64 ;

  INPUT ---    group=1 c  Session 5  rows=1 cols=2 Square ;
  INPUT ---        65 65 ;

  INPUT ---    group=1 c  Session 6  rows=1 cols=2 Square ;
  INPUT ---        66 66 ;

  INPUT ---    group=1 c  Session 7  rows=1 cols=2 Square ;
  INPUT ---        67 67 ;

  INPUT ---    group=1 c  Session 8  rows=1 cols=2 Square ;
  INPUT ---        68 68 ;

  INPUT ---    group=1 c  Session 9  rows=1 cols=2 Square ;
  INPUT ---        69 69 ;

  INPUT ---    group=1 c  Session 10  rows=1 cols=2 Square ;
  INPUT ---        70 70 ;

  INPUT ---    group=1 c  Session 11  rows=1 cols=2 Square ;

  Program  MARK  - Survival Rate Estimation with Capture-Recapture Data
   gfortran(dble/PIM2) Vers. 10.1 March 2023  20-Sep-2024 10:17:45    Page  005
 - - - - - - - - - - - - - - - - - - - - - - - - - - - - - - - - - - - - - -
 
  INPUT ---        71 71 ;

  INPUT ---    group=1 c  Session 12  rows=1 cols=2 Square ;
  INPUT ---        72 72 ;

  INPUT ---    group=1 c  Session 13  rows=1 cols=2 Square ;
  INPUT ---        73 73 ;

  INPUT ---    group=1 c  Session 14  rows=1 cols=2 Square ;
  INPUT ---        74 74 ;

  INPUT ---    group=1 c  Session 15  rows=1 cols=2 Square ;
  INPUT ---        75 75 ;

  INPUT ---    group=1 c  Session 16  rows=1 cols=1 Square ;
  INPUT ---        76 ;

  INPUT ---    group=1 f0  Session 1  rows=1 cols=1 Square ;
  INPUT ---        77 ;

  INPUT ---    group=1 f0  Session 2  rows=1 cols=1 Square ;
  INPUT ---        78 ;

  INPUT ---    group=1 f0  Session 3  rows=1 cols=1 Square ;
  INPUT ---        79 ;

  INPUT ---    group=1 f0  Session 4  rows=1 cols=1 Square ;
  INPUT ---        80 ;

  INPUT ---    group=1 f0  Session 5  rows=1 cols=1 Square ;
  INPUT ---        81 ;

  INPUT ---    group=1 f0  Session 6  rows=1 cols=1 Square ;
  INPUT ---        82 ;

  INPUT ---    group=1 f0  Session 7  rows=1 cols=1 Square ;
  INPUT ---        83 ;

  INPUT ---    group=1 f0  Session 8  rows=1 cols=1 Square ;
  INPUT ---        84 ;

  INPUT ---    group=1 f0  Session 9  rows=1 cols=1 Square ;
  INPUT ---        85 ;

  INPUT ---    group=1 f0  Session 10  rows=1 cols=1 Square ;
  INPUT ---        86 ;

  Program  MARK  - Survival Rate Estimation with Capture-Recapture Data
   gfortran(dble/PIM2) Vers. 10.1 March 2023  20-Sep-2024 10:17:45    Page  006
 - - - - - - - - - - - - - - - - - - - - - - - - - - - - - - - - - - - - - -
 

  INPUT ---    group=1 f0  Session 11  rows=1 cols=1 Square ;
  INPUT ---        87 ;

  INPUT ---    group=1 f0  Session 12  rows=1 cols=1 Square ;
  INPUT ---        88 ;

  INPUT ---    group=1 f0  Session 13  rows=1 cols=1 Square ;
  INPUT ---        89 ;

  INPUT ---    group=1 f0  Session 14  rows=1 cols=1 Square ;
  INPUT ---        90 ;

  INPUT ---    group=1 f0  Session 15  rows=1 cols=1 Square ;
  INPUT ---        91 ;

  INPUT ---    group=1 f0  Session 16  rows=1 cols=1 Square ;
  INPUT ---        92 ;

  INPUT ---    design matrix constraints=92 covariates=93;
  INPUT ---        1 0 0 0 0 0 0 0 0 0 0 0 0 0 0 frog_sex 0 0 0 0 0 0 0 0 0 0 
  INPUT ---       0 0 0 0 0 0 0 0 0 0 0 0 0 0 0 0 0 0 0 0 0 0 0 0 0 0 0 0 0 0 
  INPUT ---       0 0 0 0 0 0 0 0 0 0 0 0 0 0 0 0 0 0 0 0 0 0 0 0 0 0 0 0 0 0 
  INPUT ---       0 0 0 0 0 0 0;
  INPUT ---        1 1 0 0 0 0 0 0 0 0 0 0 0 0 0 frog_sex 0 0 0 0 0 0 0 0 0 0 
  INPUT ---       0 0 0 0 0 0 0 0 0 0 0 0 0 0 0 0 0 0 0 0 0 0 0 0 0 0 0 0 0 0 
  INPUT ---       0 0 0 0 0 0 0 0 0 0 0 0 0 0 0 0 0 0 0 0 0 0 0 0 0 0 0 0 0 0 
  INPUT ---       0 0 0 0 0 0 0;
  INPUT ---        1 0 1 0 0 0 0 0 0 0 0 0 0 0 0 frog_sex 0 0 0 0 0 0 0 0 0 0 
  INPUT ---       0 0 0 0 0 0 0 0 0 0 0 0 0 0 0 0 0 0 0 0 0 0 0 0 0 0 0 0 0 0 
  INPUT ---       0 0 0 0 0 0 0 0 0 0 0 0 0 0 0 0 0 0 0 0 0 0 0 0 0 0 0 0 0 0 
  INPUT ---       0 0 0 0 0 0 0;
  INPUT ---        1 0 0 1 0 0 0 0 0 0 0 0 0 0 0 frog_sex 0 0 0 0 0 0 0 0 0 0 
  INPUT ---       0 0 0 0 0 0 0 0 0 0 0 0 0 0 0 0 0 0 0 0 0 0 0 0 0 0 0 0 0 0 
  INPUT ---       0 0 0 0 0 0 0 0 0 0 0 0 0 0 0 0 0 0 0 0 0 0 0 0 0 0 0 0 0 0 
  INPUT ---       0 0 0 0 0 0 0;
  INPUT ---        1 0 0 0 1 0 0 0 0 0 0 0 0 0 0 frog_sex 0 0 0 0 0 0 0 0 0 0 
  INPUT ---       0 0 0 0 0 0 0 0 0 0 0 0 0 0 0 0 0 0 0 0 0 0 0 0 0 0 0 0 0 0 
  INPUT ---       0 0 0 0 0 0 0 0 0 0 0 0 0 0 0 0 0 0 0 0 0 0 0 0 0 0 0 0 0 0 
  INPUT ---       0 0 0 0 0 0 0;
  INPUT ---        1 0 0 0 0 1 0 0 0 0 0 0 0 0 0 frog_sex 0 0 0 0 0 0 0 0 0 0 
  INPUT ---       0 0 0 0 0 0 0 0 0 0 0 0 0 0 0 0 0 0 0 0 0 0 0 0 0 0 0 0 0 0 
  INPUT ---       0 0 0 0 0 0 0 0 0 0 0 0 0 0 0 0 0 0 0 0 0 0 0 0 0 0 0 0 0 0 
  INPUT ---       0 0 0 0 0 0 0;
  INPUT ---        1 0 0 0 0 0 1 0 0 0 0 0 0 0 0 frog_sex 0 0 0 0 0 0 0 0 0 0 
  INPUT ---       0 0 0 0 0 0 0 0 0 0 0 0 0 0 0 0 0 0 0 0 0 0 0 0 0 0 0 0 0 0 

  Program  MARK  - Survival Rate Estimation with Capture-Recapture Data
   gfortran(dble/PIM2) Vers. 10.1 March 2023  20-Sep-2024 10:17:45    Page  007
 - - - - - - - - - - - - - - - - - - - - - - - - - - - - - - - - - - - - - -
 
  INPUT ---       0 0 0 0 0 0 0 0 0 0 0 0 0 0 0 0 0 0 0 0 0 0 0 0 0 0 0 0 0 0 
  INPUT ---       0 0 0 0 0 0 0;
  INPUT ---        1 0 0 0 0 0 0 1 0 0 0 0 0 0 0 frog_sex 0 0 0 0 0 0 0 0 0 0 
  INPUT ---       0 0 0 0 0 0 0 0 0 0 0 0 0 0 0 0 0 0 0 0 0 0 0 0 0 0 0 0 0 0 
  INPUT ---       0 0 0 0 0 0 0 0 0 0 0 0 0 0 0 0 0 0 0 0 0 0 0 0 0 0 0 0 0 0 
  INPUT ---       0 0 0 0 0 0 0;
  INPUT ---        1 0 0 0 0 0 0 0 1 0 0 0 0 0 0 frog_sex 0 0 0 0 0 0 0 0 0 0 
  INPUT ---       0 0 0 0 0 0 0 0 0 0 0 0 0 0 0 0 0 0 0 0 0 0 0 0 0 0 0 0 0 0 
  INPUT ---       0 0 0 0 0 0 0 0 0 0 0 0 0 0 0 0 0 0 0 0 0 0 0 0 0 0 0 0 0 0 
  INPUT ---       0 0 0 0 0 0 0;
  INPUT ---        1 0 0 0 0 0 0 0 0 1 0 0 0 0 0 frog_sex 0 0 0 0 0 0 0 0 0 0 
  INPUT ---       0 0 0 0 0 0 0 0 0 0 0 0 0 0 0 0 0 0 0 0 0 0 0 0 0 0 0 0 0 0 
  INPUT ---       0 0 0 0 0 0 0 0 0 0 0 0 0 0 0 0 0 0 0 0 0 0 0 0 0 0 0 0 0 0 
  INPUT ---       0 0 0 0 0 0 0;
  INPUT ---        1 0 0 0 0 0 0 0 0 0 1 0 0 0 0 frog_sex 0 0 0 0 0 0 0 0 0 0 
  INPUT ---       0 0 0 0 0 0 0 0 0 0 0 0 0 0 0 0 0 0 0 0 0 0 0 0 0 0 0 0 0 0 
  INPUT ---       0 0 0 0 0 0 0 0 0 0 0 0 0 0 0 0 0 0 0 0 0 0 0 0 0 0 0 0 0 0 
  INPUT ---       0 0 0 0 0 0 0;
  INPUT ---        1 0 0 0 0 0 0 0 0 0 0 1 0 0 0 frog_sex 0 0 0 0 0 0 0 0 0 0 
  INPUT ---       0 0 0 0 0 0 0 0 0 0 0 0 0 0 0 0 0 0 0 0 0 0 0 0 0 0 0 0 0 0 
  INPUT ---       0 0 0 0 0 0 0 0 0 0 0 0 0 0 0 0 0 0 0 0 0 0 0 0 0 0 0 0 0 0 
  INPUT ---       0 0 0 0 0 0 0;
  INPUT ---        1 0 0 0 0 0 0 0 0 0 0 0 1 0 0 frog_sex 0 0 0 0 0 0 0 0 0 0 
  INPUT ---       0 0 0 0 0 0 0 0 0 0 0 0 0 0 0 0 0 0 0 0 0 0 0 0 0 0 0 0 0 0 
  INPUT ---       0 0 0 0 0 0 0 0 0 0 0 0 0 0 0 0 0 0 0 0 0 0 0 0 0 0 0 0 0 0 
  INPUT ---       0 0 0 0 0 0 0;
  INPUT ---        1 0 0 0 0 0 0 0 0 0 0 0 0 1 0 frog_sex 0 0 0 0 0 0 0 0 0 0 
  INPUT ---       0 0 0 0 0 0 0 0 0 0 0 0 0 0 0 0 0 0 0 0 0 0 0 0 0 0 0 0 0 0 
  INPUT ---       0 0 0 0 0 0 0 0 0 0 0 0 0 0 0 0 0 0 0 0 0 0 0 0 0 0 0 0 0 0 
  INPUT ---       0 0 0 0 0 0 0;
  INPUT ---        1 0 0 0 0 0 0 0 0 0 0 0 0 0 1 frog_sex 0 0 0 0 0 0 0 0 0 0 
  INPUT ---       0 0 0 0 0 0 0 0 0 0 0 0 0 0 0 0 0 0 0 0 0 0 0 0 0 0 0 0 0 0 
  INPUT ---       0 0 0 0 0 0 0 0 0 0 0 0 0 0 0 0 0 0 0 0 0 0 0 0 0 0 0 0 0 0 
  INPUT ---       0 0 0 0 0 0 0;
  INPUT ---        0 0 0 0 0 0 0 0 0 0 0 0 0 0 0 0 1 0 0 0 0 0 0 0 0 0 0 0 0 
  INPUT ---       0 0 0 0 0 0 0 0 0 0 0 0 0 0 0 0 0 0 0 0 0 0 0 0 0 0 0 0 0 0 
  INPUT ---       0 0 0 0 0 0 0 0 0 0 0 0 0 0 0 0 0 0 0 0 0 0 0 0 0 0 0 0 0 0 
  INPUT ---       0 0 0 0;
  INPUT ---        0 0 0 0 0 0 0 0 0 0 0 0 0 0 0 0 1 1 0 0 0 0 0 0 0 0 0 0 0 
  INPUT ---       0 0 0 0 0 0 0 0 0 0 0 0 0 0 0 0 0 0 0 0 0 0 0 0 0 0 0 0 0 0 
  INPUT ---       0 0 0 0 0 0 0 0 0 0 0 0 0 0 0 0 0 0 0 0 0 0 0 0 0 0 0 0 0 0 
  INPUT ---       0 0 0 0;
  INPUT ---        0 0 0 0 0 0 0 0 0 0 0 0 0 0 0 0 1 0 1 0 0 0 0 0 0 0 0 0 0 
  INPUT ---       0 0 0 0 0 0 0 0 0 0 0 0 0 0 0 0 0 0 0 0 0 0 0 0 0 0 0 0 0 0 
  INPUT ---       0 0 0 0 0 0 0 0 0 0 0 0 0 0 0 0 0 0 0 0 0 0 0 0 0 0 0 0 0 0 
  INPUT ---       0 0 0 0;

  Program  MARK  - Survival Rate Estimation with Capture-Recapture Data
   gfortran(dble/PIM2) Vers. 10.1 March 2023  20-Sep-2024 10:17:45    Page  008
 - - - - - - - - - - - - - - - - - - - - - - - - - - - - - - - - - - - - - -
 
  INPUT ---        0 0 0 0 0 0 0 0 0 0 0 0 0 0 0 0 1 0 0 1 0 0 0 0 0 0 0 0 0 
  INPUT ---       0 0 0 0 0 0 0 0 0 0 0 0 0 0 0 0 0 0 0 0 0 0 0 0 0 0 0 0 0 0 
  INPUT ---       0 0 0 0 0 0 0 0 0 0 0 0 0 0 0 0 0 0 0 0 0 0 0 0 0 0 0 0 0 0 
  INPUT ---       0 0 0 0;
  INPUT ---        0 0 0 0 0 0 0 0 0 0 0 0 0 0 0 0 1 0 0 0 1 0 0 0 0 0 0 0 0 
  INPUT ---       0 0 0 0 0 0 0 0 0 0 0 0 0 0 0 0 0 0 0 0 0 0 0 0 0 0 0 0 0 0 
  INPUT ---       0 0 0 0 0 0 0 0 0 0 0 0 0 0 0 0 0 0 0 0 0 0 0 0 0 0 0 0 0 0 
  INPUT ---       0 0 0 0;
  INPUT ---        0 0 0 0 0 0 0 0 0 0 0 0 0 0 0 0 1 0 0 0 0 1 0 0 0 0 0 0 0 
  INPUT ---       0 0 0 0 0 0 0 0 0 0 0 0 0 0 0 0 0 0 0 0 0 0 0 0 0 0 0 0 0 0 
  INPUT ---       0 0 0 0 0 0 0 0 0 0 0 0 0 0 0 0 0 0 0 0 0 0 0 0 0 0 0 0 0 0 
  INPUT ---       0 0 0 0;
  INPUT ---        0 0 0 0 0 0 0 0 0 0 0 0 0 0 0 0 1 0 0 0 0 0 1 0 0 0 0 0 0 
  INPUT ---       0 0 0 0 0 0 0 0 0 0 0 0 0 0 0 0 0 0 0 0 0 0 0 0 0 0 0 0 0 0 
  INPUT ---       0 0 0 0 0 0 0 0 0 0 0 0 0 0 0 0 0 0 0 0 0 0 0 0 0 0 0 0 0 0 
  INPUT ---       0 0 0 0;
  INPUT ---        0 0 0 0 0 0 0 0 0 0 0 0 0 0 0 0 1 0 0 0 0 0 0 1 0 0 0 0 0 
  INPUT ---       0 0 0 0 0 0 0 0 0 0 0 0 0 0 0 0 0 0 0 0 0 0 0 0 0 0 0 0 0 0 
  INPUT ---       0 0 0 0 0 0 0 0 0 0 0 0 0 0 0 0 0 0 0 0 0 0 0 0 0 0 0 0 0 0 
  INPUT ---       0 0 0 0;
  INPUT ---        0 0 0 0 0 0 0 0 0 0 0 0 0 0 0 0 1 0 0 0 0 0 0 0 1 0 0 0 0 
  INPUT ---       0 0 0 0 0 0 0 0 0 0 0 0 0 0 0 0 0 0 0 0 0 0 0 0 0 0 0 0 0 0 
  INPUT ---       0 0 0 0 0 0 0 0 0 0 0 0 0 0 0 0 0 0 0 0 0 0 0 0 0 0 0 0 0 0 
  INPUT ---       0 0 0 0;
  INPUT ---        0 0 0 0 0 0 0 0 0 0 0 0 0 0 0 0 1 0 0 0 0 0 0 0 0 1 0 0 0 
  INPUT ---       0 0 0 0 0 0 0 0 0 0 0 0 0 0 0 0 0 0 0 0 0 0 0 0 0 0 0 0 0 0 
  INPUT ---       0 0 0 0 0 0 0 0 0 0 0 0 0 0 0 0 0 0 0 0 0 0 0 0 0 0 0 0 0 0 
  INPUT ---       0 0 0 0;
  INPUT ---        0 0 0 0 0 0 0 0 0 0 0 0 0 0 0 0 1 0 0 0 0 0 0 0 0 0 1 0 0 
  INPUT ---       0 0 0 0 0 0 0 0 0 0 0 0 0 0 0 0 0 0 0 0 0 0 0 0 0 0 0 0 0 0 
  INPUT ---       0 0 0 0 0 0 0 0 0 0 0 0 0 0 0 0 0 0 0 0 0 0 0 0 0 0 0 0 0 0 
  INPUT ---       0 0 0 0;
  INPUT ---        0 0 0 0 0 0 0 0 0 0 0 0 0 0 0 0 1 0 0 0 0 0 0 0 0 0 0 1 0 
  INPUT ---       0 0 0 0 0 0 0 0 0 0 0 0 0 0 0 0 0 0 0 0 0 0 0 0 0 0 0 0 0 0 
  INPUT ---       0 0 0 0 0 0 0 0 0 0 0 0 0 0 0 0 0 0 0 0 0 0 0 0 0 0 0 0 0 0 
  INPUT ---       0 0 0 0;
  INPUT ---        0 0 0 0 0 0 0 0 0 0 0 0 0 0 0 0 1 0 0 0 0 0 0 0 0 0 0 0 1 
  INPUT ---       0 0 0 0 0 0 0 0 0 0 0 0 0 0 0 0 0 0 0 0 0 0 0 0 0 0 0 0 0 0 
  INPUT ---       0 0 0 0 0 0 0 0 0 0 0 0 0 0 0 0 0 0 0 0 0 0 0 0 0 0 0 0 0 0 
  INPUT ---       0 0 0 0;
  INPUT ---        0 0 0 0 0 0 0 0 0 0 0 0 0 0 0 0 1 0 0 0 0 0 0 0 0 0 0 0 0 
  INPUT ---       1 0 0 0 0 0 0 0 0 0 0 0 0 0 0 0 0 0 0 0 0 0 0 0 0 0 0 0 0 0 
  INPUT ---       0 0 0 0 0 0 0 0 0 0 0 0 0 0 0 0 0 0 0 0 0 0 0 0 0 0 0 0 0 0 
  INPUT ---       0 0 0 0;
  INPUT ---        0 0 0 0 0 0 0 0 0 0 0 0 0 0 0 0 1 0 0 0 0 0 0 0 0 0 0 0 0 
  INPUT ---       0 1 0 0 0 0 0 0 0 0 0 0 0 0 0 0 0 0 0 0 0 0 0 0 0 0 0 0 0 0 

  Program  MARK  - Survival Rate Estimation with Capture-Recapture Data
   gfortran(dble/PIM2) Vers. 10.1 March 2023  20-Sep-2024 10:17:45    Page  009
 - - - - - - - - - - - - - - - - - - - - - - - - - - - - - - - - - - - - - -
 
  INPUT ---       0 0 0 0 0 0 0 0 0 0 0 0 0 0 0 0 0 0 0 0 0 0 0 0 0 0 0 0 0 0 
  INPUT ---       0 0 0 0;
  INPUT ---        0 0 0 0 0 0 0 0 0 0 0 0 0 0 0 0 0 0 0 0 0 0 0 0 0 0 0 0 0 
  INPUT ---       0 0 1 0 0 0 0 0 0 0 0 0 0 0 0 0 0 0 0 0 0 0 0 0 0 0 0 0 0 0 
  INPUT ---       0 0 0 0 0 0 0 0 0 0 0 0 0 0 0 0 0 0 0 0 0 0 0 0 0 0 0 0 0 0 
  INPUT ---       0 0 0 0;
  INPUT ---        0 0 0 0 0 0 0 0 0 0 0 0 0 0 0 0 0 0 0 0 0 0 0 0 0 0 0 0 0 
  INPUT ---       0 0 1 1 0 0 0 0 0 0 0 0 0 0 0 0 0 0 0 0 0 0 0 0 0 0 0 0 0 0 
  INPUT ---       0 0 0 0 0 0 0 0 0 0 0 0 0 0 0 0 0 0 0 0 0 0 0 0 0 0 0 0 0 0 
  INPUT ---       0 0 0 0;
  INPUT ---        0 0 0 0 0 0 0 0 0 0 0 0 0 0 0 0 0 0 0 0 0 0 0 0 0 0 0 0 0 
  INPUT ---       0 0 1 0 1 0 0 0 0 0 0 0 0 0 0 0 0 0 0 0 0 0 0 0 0 0 0 0 0 0 
  INPUT ---       0 0 0 0 0 0 0 0 0 0 0 0 0 0 0 0 0 0 0 0 0 0 0 0 0 0 0 0 0 0 
  INPUT ---       0 0 0 0;
  INPUT ---        0 0 0 0 0 0 0 0 0 0 0 0 0 0 0 0 0 0 0 0 0 0 0 0 0 0 0 0 0 
  INPUT ---       0 0 1 0 0 1 0 0 0 0 0 0 0 0 0 0 0 0 0 0 0 0 0 0 0 0 0 0 0 0 
  INPUT ---       0 0 0 0 0 0 0 0 0 0 0 0 0 0 0 0 0 0 0 0 0 0 0 0 0 0 0 0 0 0 
  INPUT ---       0 0 0 0;
  INPUT ---        0 0 0 0 0 0 0 0 0 0 0 0 0 0 0 0 0 0 0 0 0 0 0 0 0 0 0 0 0 
  INPUT ---       0 0 1 0 0 0 1 0 0 0 0 0 0 0 0 0 0 0 0 0 0 0 0 0 0 0 0 0 0 0 
  INPUT ---       0 0 0 0 0 0 0 0 0 0 0 0 0 0 0 0 0 0 0 0 0 0 0 0 0 0 0 0 0 0 
  INPUT ---       0 0 0 0;
  INPUT ---        0 0 0 0 0 0 0 0 0 0 0 0 0 0 0 0 0 0 0 0 0 0 0 0 0 0 0 0 0 
  INPUT ---       0 0 1 0 0 0 0 1 0 0 0 0 0 0 0 0 0 0 0 0 0 0 0 0 0 0 0 0 0 0 
  INPUT ---       0 0 0 0 0 0 0 0 0 0 0 0 0 0 0 0 0 0 0 0 0 0 0 0 0 0 0 0 0 0 
  INPUT ---       0 0 0 0;
  INPUT ---        0 0 0 0 0 0 0 0 0 0 0 0 0 0 0 0 0 0 0 0 0 0 0 0 0 0 0 0 0 
  INPUT ---       0 0 1 0 0 0 0 0 1 0 0 0 0 0 0 0 0 0 0 0 0 0 0 0 0 0 0 0 0 0 
  INPUT ---       0 0 0 0 0 0 0 0 0 0 0 0 0 0 0 0 0 0 0 0 0 0 0 0 0 0 0 0 0 0 
  INPUT ---       0 0 0 0;
  INPUT ---        0 0 0 0 0 0 0 0 0 0 0 0 0 0 0 0 0 0 0 0 0 0 0 0 0 0 0 0 0 
  INPUT ---       0 0 1 0 0 0 0 0 0 1 0 0 0 0 0 0 0 0 0 0 0 0 0 0 0 0 0 0 0 0 
  INPUT ---       0 0 0 0 0 0 0 0 0 0 0 0 0 0 0 0 0 0 0 0 0 0 0 0 0 0 0 0 0 0 
  INPUT ---       0 0 0 0;
  INPUT ---        0 0 0 0 0 0 0 0 0 0 0 0 0 0 0 0 0 0 0 0 0 0 0 0 0 0 0 0 0 
  INPUT ---       0 0 1 0 0 0 0 0 0 0 1 0 0 0 0 0 0 0 0 0 0 0 0 0 0 0 0 0 0 0 
  INPUT ---       0 0 0 0 0 0 0 0 0 0 0 0 0 0 0 0 0 0 0 0 0 0 0 0 0 0 0 0 0 0 
  INPUT ---       0 0 0 0;
  INPUT ---        0 0 0 0 0 0 0 0 0 0 0 0 0 0 0 0 0 0 0 0 0 0 0 0 0 0 0 0 0 
  INPUT ---       0 0 1 0 0 0 0 0 0 0 0 1 0 0 0 0 0 0 0 0 0 0 0 0 0 0 0 0 0 0 
  INPUT ---       0 0 0 0 0 0 0 0 0 0 0 0 0 0 0 0 0 0 0 0 0 0 0 0 0 0 0 0 0 0 
  INPUT ---       0 0 0 0;
  INPUT ---        0 0 0 0 0 0 0 0 0 0 0 0 0 0 0 0 0 0 0 0 0 0 0 0 0 0 0 0 0 
  INPUT ---       0 0 1 0 0 0 0 0 0 0 0 0 1 0 0 0 0 0 0 0 0 0 0 0 0 0 0 0 0 0 
  INPUT ---       0 0 0 0 0 0 0 0 0 0 0 0 0 0 0 0 0 0 0 0 0 0 0 0 0 0 0 0 0 0 
  INPUT ---       0 0 0 0;

  Program  MARK  - Survival Rate Estimation with Capture-Recapture Data
   gfortran(dble/PIM2) Vers. 10.1 March 2023  20-Sep-2024 10:17:45    Page  010
 - - - - - - - - - - - - - - - - - - - - - - - - - - - - - - - - - - - - - -
 
  INPUT ---        0 0 0 0 0 0 0 0 0 0 0 0 0 0 0 0 0 0 0 0 0 0 0 0 0 0 0 0 0 
  INPUT ---       0 0 1 0 0 0 0 0 0 0 0 0 0 1 0 0 0 0 0 0 0 0 0 0 0 0 0 0 0 0 
  INPUT ---       0 0 0 0 0 0 0 0 0 0 0 0 0 0 0 0 0 0 0 0 0 0 0 0 0 0 0 0 0 0 
  INPUT ---       0 0 0 0;
  INPUT ---        0 0 0 0 0 0 0 0 0 0 0 0 0 0 0 0 0 0 0 0 0 0 0 0 0 0 0 0 0 
  INPUT ---       0 0 1 0 0 0 0 0 0 0 0 0 0 0 1 0 0 0 0 0 0 0 0 0 0 0 0 0 0 0 
  INPUT ---       0 0 0 0 0 0 0 0 0 0 0 0 0 0 0 0 0 0 0 0 0 0 0 0 0 0 0 0 0 0 
  INPUT ---       0 0 0 0;
  INPUT ---        0 0 0 0 0 0 0 0 0 0 0 0 0 0 0 0 0 0 0 0 0 0 0 0 0 0 0 0 0 
  INPUT ---       0 0 1 0 0 0 0 0 0 0 0 0 0 0 0 1 0 0 0 0 0 0 0 0 0 0 0 0 0 0 
  INPUT ---       0 0 0 0 0 0 0 0 0 0 0 0 0 0 0 0 0 0 0 0 0 0 0 0 0 0 0 0 0 0 
  INPUT ---       0 0 0 0;
  INPUT ---        0 0 0 0 0 0 0 0 0 0 0 0 0 0 0 0 0 0 0 0 0 0 0 0 0 0 0 0 0 
  INPUT ---       0 0 0 0 0 0 0 0 0 0 0 0 0 0 0 0 1 0 0 0 0 0 0 0 0 0 0 0 0 0 
  INPUT ---       0 0 0 0 0 0 0 0 0 0 0 0 0 0 0 0 0 0 0 0 0 0 0 0 0 0 0 0 0 0 
  INPUT ---       0 0 0 0;
  INPUT ---        0 0 0 0 0 0 0 0 0 0 0 0 0 0 0 0 0 0 0 0 0 0 0 0 0 0 0 0 0 
  INPUT ---       0 0 0 0 0 0 0 0 0 0 0 0 0 0 0 0 1 1 0 0 0 0 0 0 0 0 0 0 0 0 
  INPUT ---       0 0 0 0 0 0 0 0 0 0 0 0 0 0 0 0 0 0 0 0 0 0 0 0 0 0 0 0 0 0 
  INPUT ---       0 0 0 0;
  INPUT ---        0 0 0 0 0 0 0 0 0 0 0 0 0 0 0 0 0 0 0 0 0 0 0 0 0 0 0 0 0 
  INPUT ---       0 0 0 0 0 0 0 0 0 0 0 0 0 0 0 0 1 0 1 0 0 0 0 0 0 0 0 0 0 0 
  INPUT ---       0 0 0 0 0 0 0 0 0 0 0 0 0 0 0 0 0 0 0 0 0 0 0 0 0 0 0 0 0 0 
  INPUT ---       0 0 0 0;
  INPUT ---        0 0 0 0 0 0 0 0 0 0 0 0 0 0 0 0 0 0 0 0 0 0 0 0 0 0 0 0 0 
  INPUT ---       0 0 0 0 0 0 0 0 0 0 0 0 0 0 0 0 1 0 0 1 0 0 0 0 0 0 0 0 0 0 
  INPUT ---       0 0 0 0 0 0 0 0 0 0 0 0 0 0 0 0 0 0 0 0 0 0 0 0 0 0 0 0 0 0 
  INPUT ---       0 0 0 0;
  INPUT ---        0 0 0 0 0 0 0 0 0 0 0 0 0 0 0 0 0 0 0 0 0 0 0 0 0 0 0 0 0 
  INPUT ---       0 0 0 0 0 0 0 0 0 0 0 0 0 0 0 0 1 0 0 0 1 0 0 0 0 0 0 0 0 0 
  INPUT ---       0 0 0 0 0 0 0 0 0 0 0 0 0 0 0 0 0 0 0 0 0 0 0 0 0 0 0 0 0 0 
  INPUT ---       0 0 0 0;
  INPUT ---        0 0 0 0 0 0 0 0 0 0 0 0 0 0 0 0 0 0 0 0 0 0 0 0 0 0 0 0 0 
  INPUT ---       0 0 0 0 0 0 0 0 0 0 0 0 0 0 0 0 1 0 0 0 0 1 0 0 0 0 0 0 0 0 
  INPUT ---       0 0 0 0 0 0 0 0 0 0 0 0 0 0 0 0 0 0 0 0 0 0 0 0 0 0 0 0 0 0 
  INPUT ---       0 0 0 0;
  INPUT ---        0 0 0 0 0 0 0 0 0 0 0 0 0 0 0 0 0 0 0 0 0 0 0 0 0 0 0 0 0 
  INPUT ---       0 0 0 0 0 0 0 0 0 0 0 0 0 0 0 0 1 0 0 0 0 0 1 0 0 0 0 0 0 0 
  INPUT ---       0 0 0 0 0 0 0 0 0 0 0 0 0 0 0 0 0 0 0 0 0 0 0 0 0 0 0 0 0 0 
  INPUT ---       0 0 0 0;
  INPUT ---        0 0 0 0 0 0 0 0 0 0 0 0 0 0 0 0 0 0 0 0 0 0 0 0 0 0 0 0 0 
  INPUT ---       0 0 0 0 0 0 0 0 0 0 0 0 0 0 0 0 1 0 0 0 0 0 0 1 0 0 0 0 0 0 
  INPUT ---       0 0 0 0 0 0 0 0 0 0 0 0 0 0 0 0 0 0 0 0 0 0 0 0 0 0 0 0 0 0 
  INPUT ---       0 0 0 0;
  INPUT ---        0 0 0 0 0 0 0 0 0 0 0 0 0 0 0 0 0 0 0 0 0 0 0 0 0 0 0 0 0 
  INPUT ---       0 0 0 0 0 0 0 0 0 0 0 0 0 0 0 0 1 0 0 0 0 0 0 0 1 0 0 0 0 0 

  Program  MARK  - Survival Rate Estimation with Capture-Recapture Data
   gfortran(dble/PIM2) Vers. 10.1 March 2023  20-Sep-2024 10:17:45    Page  011
 - - - - - - - - - - - - - - - - - - - - - - - - - - - - - - - - - - - - - -
 
  INPUT ---       0 0 0 0 0 0 0 0 0 0 0 0 0 0 0 0 0 0 0 0 0 0 0 0 0 0 0 0 0 0 
  INPUT ---       0 0 0 0;
  INPUT ---        0 0 0 0 0 0 0 0 0 0 0 0 0 0 0 0 0 0 0 0 0 0 0 0 0 0 0 0 0 
  INPUT ---       0 0 0 0 0 0 0 0 0 0 0 0 0 0 0 0 1 0 0 0 0 0 0 0 0 1 0 0 0 0 
  INPUT ---       0 0 0 0 0 0 0 0 0 0 0 0 0 0 0 0 0 0 0 0 0 0 0 0 0 0 0 0 0 0 
  INPUT ---       0 0 0 0;
  INPUT ---        0 0 0 0 0 0 0 0 0 0 0 0 0 0 0 0 0 0 0 0 0 0 0 0 0 0 0 0 0 
  INPUT ---       0 0 0 0 0 0 0 0 0 0 0 0 0 0 0 0 1 0 0 0 0 0 0 0 0 0 1 0 0 0 
  INPUT ---       0 0 0 0 0 0 0 0 0 0 0 0 0 0 0 0 0 0 0 0 0 0 0 0 0 0 0 0 0 0 
  INPUT ---       0 0 0 0;
  INPUT ---        0 0 0 0 0 0 0 0 0 0 0 0 0 0 0 0 0 0 0 0 0 0 0 0 0 0 0 0 0 
  INPUT ---       0 0 0 0 0 0 0 0 0 0 0 0 0 0 0 0 1 0 0 0 0 0 0 0 0 0 0 1 0 0 
  INPUT ---       0 0 0 0 0 0 0 0 0 0 0 0 0 0 0 0 0 0 0 0 0 0 0 0 0 0 0 0 0 0 
  INPUT ---       0 0 0 0;
  INPUT ---        0 0 0 0 0 0 0 0 0 0 0 0 0 0 0 0 0 0 0 0 0 0 0 0 0 0 0 0 0 
  INPUT ---       0 0 0 0 0 0 0 0 0 0 0 0 0 0 0 0 1 0 0 0 0 0 0 0 0 0 0 0 1 0 
  INPUT ---       0 0 0 0 0 0 0 0 0 0 0 0 0 0 0 0 0 0 0 0 0 0 0 0 0 0 0 0 0 0 
  INPUT ---       0 0 0 0;
  INPUT ---        0 0 0 0 0 0 0 0 0 0 0 0 0 0 0 0 0 0 0 0 0 0 0 0 0 0 0 0 0 
  INPUT ---       0 0 0 0 0 0 0 0 0 0 0 0 0 0 0 0 1 0 0 0 0 0 0 0 0 0 0 0 0 1 
  INPUT ---       0 0 0 0 0 0 0 0 0 0 0 0 0 0 0 0 0 0 0 0 0 0 0 0 0 0 0 0 0 0 
  INPUT ---       0 0 0 0;
  INPUT ---        0 0 0 0 0 0 0 0 0 0 0 0 0 0 0 0 0 0 0 0 0 0 0 0 0 0 0 0 0 
  INPUT ---       0 0 0 0 0 0 0 0 0 0 0 0 0 0 0 0 1 0 0 0 0 0 0 0 0 0 0 0 0 0 
  INPUT ---       1 0 0 0 0 0 0 0 0 0 0 0 0 0 0 0 0 0 0 0 0 0 0 0 0 0 0 0 0 0 
  INPUT ---       0 0 0 0;
  INPUT ---        0 0 0 0 0 0 0 0 0 0 0 0 0 0 0 0 0 0 0 0 0 0 0 0 0 0 0 0 0 
  INPUT ---       0 0 0 0 0 0 0 0 0 0 0 0 0 0 0 0 1 0 0 0 0 0 0 0 0 0 0 0 0 0 
  INPUT ---       0 1 0 0 0 0 0 0 0 0 0 0 0 0 0 0 0 0 0 0 0 0 0 0 0 0 0 0 0 0 
  INPUT ---       0 0 0 0;
  INPUT ---        0 0 0 0 0 0 0 0 0 0 0 0 0 0 0 0 0 0 0 0 0 0 0 0 0 0 0 0 0 
  INPUT ---       0 0 0 0 0 0 0 0 0 0 0 0 0 0 0 0 0 0 0 0 0 0 0 0 0 0 0 0 0 0 
  INPUT ---       0 0 1 0 0 0 0 0 0 0 0 0 0 0 0 0 0 0 0 0 0 0 0 0 0 0 0 0 0 0 
  INPUT ---       0 0 0 0;
  INPUT ---        0 0 0 0 0 0 0 0 0 0 0 0 0 0 0 0 0 0 0 0 0 0 0 0 0 0 0 0 0 
  INPUT ---       0 0 0 0 0 0 0 0 0 0 0 0 0 0 0 0 0 0 0 0 0 0 0 0 0 0 0 0 0 0 
  INPUT ---       0 0 1 1 0 0 0 0 0 0 0 0 0 0 0 0 0 0 0 0 0 0 0 0 0 0 0 0 0 0 
  INPUT ---       0 0 0 0;
  INPUT ---        0 0 0 0 0 0 0 0 0 0 0 0 0 0 0 0 0 0 0 0 0 0 0 0 0 0 0 0 0 
  INPUT ---       0 0 0 0 0 0 0 0 0 0 0 0 0 0 0 0 0 0 0 0 0 0 0 0 0 0 0 0 0 0 
  INPUT ---       0 0 1 0 1 0 0 0 0 0 0 0 0 0 0 0 0 0 0 0 0 0 0 0 0 0 0 0 0 0 
  INPUT ---       0 0 0 0;
  INPUT ---        0 0 0 0 0 0 0 0 0 0 0 0 0 0 0 0 0 0 0 0 0 0 0 0 0 0 0 0 0 
  INPUT ---       0 0 0 0 0 0 0 0 0 0 0 0 0 0 0 0 0 0 0 0 0 0 0 0 0 0 0 0 0 0 
  INPUT ---       0 0 1 0 0 1 0 0 0 0 0 0 0 0 0 0 0 0 0 0 0 0 0 0 0 0 0 0 0 0 
  INPUT ---       0 0 0 0;

  Program  MARK  - Survival Rate Estimation with Capture-Recapture Data
   gfortran(dble/PIM2) Vers. 10.1 March 2023  20-Sep-2024 10:17:45    Page  012
 - - - - - - - - - - - - - - - - - - - - - - - - - - - - - - - - - - - - - -
 
  INPUT ---        0 0 0 0 0 0 0 0 0 0 0 0 0 0 0 0 0 0 0 0 0 0 0 0 0 0 0 0 0 
  INPUT ---       0 0 0 0 0 0 0 0 0 0 0 0 0 0 0 0 0 0 0 0 0 0 0 0 0 0 0 0 0 0 
  INPUT ---       0 0 1 0 0 0 1 0 0 0 0 0 0 0 0 0 0 0 0 0 0 0 0 0 0 0 0 0 0 0 
  INPUT ---       0 0 0 0;
  INPUT ---        0 0 0 0 0 0 0 0 0 0 0 0 0 0 0 0 0 0 0 0 0 0 0 0 0 0 0 0 0 
  INPUT ---       0 0 0 0 0 0 0 0 0 0 0 0 0 0 0 0 0 0 0 0 0 0 0 0 0 0 0 0 0 0 
  INPUT ---       0 0 1 0 0 0 0 1 0 0 0 0 0 0 0 0 0 0 0 0 0 0 0 0 0 0 0 0 0 0 
  INPUT ---       0 0 0 0;
  INPUT ---        0 0 0 0 0 0 0 0 0 0 0 0 0 0 0 0 0 0 0 0 0 0 0 0 0 0 0 0 0 
  INPUT ---       0 0 0 0 0 0 0 0 0 0 0 0 0 0 0 0 0 0 0 0 0 0 0 0 0 0 0 0 0 0 
  INPUT ---       0 0 1 0 0 0 0 0 1 0 0 0 0 0 0 0 0 0 0 0 0 0 0 0 0 0 0 0 0 0 
  INPUT ---       0 0 0 0;
  INPUT ---        0 0 0 0 0 0 0 0 0 0 0 0 0 0 0 0 0 0 0 0 0 0 0 0 0 0 0 0 0 
  INPUT ---       0 0 0 0 0 0 0 0 0 0 0 0 0 0 0 0 0 0 0 0 0 0 0 0 0 0 0 0 0 0 
  INPUT ---       0 0 1 0 0 0 0 0 0 1 0 0 0 0 0 0 0 0 0 0 0 0 0 0 0 0 0 0 0 0 
  INPUT ---       0 0 0 0;
  INPUT ---        0 0 0 0 0 0 0 0 0 0 0 0 0 0 0 0 0 0 0 0 0 0 0 0 0 0 0 0 0 
  INPUT ---       0 0 0 0 0 0 0 0 0 0 0 0 0 0 0 0 0 0 0 0 0 0 0 0 0 0 0 0 0 0 
  INPUT ---       0 0 1 0 0 0 0 0 0 0 1 0 0 0 0 0 0 0 0 0 0 0 0 0 0 0 0 0 0 0 
  INPUT ---       0 0 0 0;
  INPUT ---        0 0 0 0 0 0 0 0 0 0 0 0 0 0 0 0 0 0 0 0 0 0 0 0 0 0 0 0 0 
  INPUT ---       0 0 0 0 0 0 0 0 0 0 0 0 0 0 0 0 0 0 0 0 0 0 0 0 0 0 0 0 0 0 
  INPUT ---       0 0 1 0 0 0 0 0 0 0 0 1 0 0 0 0 0 0 0 0 0 0 0 0 0 0 0 0 0 0 
  INPUT ---       0 0 0 0;
  INPUT ---        0 0 0 0 0 0 0 0 0 0 0 0 0 0 0 0 0 0 0 0 0 0 0 0 0 0 0 0 0 
  INPUT ---       0 0 0 0 0 0 0 0 0 0 0 0 0 0 0 0 0 0 0 0 0 0 0 0 0 0 0 0 0 0 
  INPUT ---       0 0 1 0 0 0 0 0 0 0 0 0 1 0 0 0 0 0 0 0 0 0 0 0 0 0 0 0 0 0 
  INPUT ---       0 0 0 0;
  INPUT ---        0 0 0 0 0 0 0 0 0 0 0 0 0 0 0 0 0 0 0 0 0 0 0 0 0 0 0 0 0 
  INPUT ---       0 0 0 0 0 0 0 0 0 0 0 0 0 0 0 0 0 0 0 0 0 0 0 0 0 0 0 0 0 0 
  INPUT ---       0 0 1 0 0 0 0 0 0 0 0 0 0 1 0 0 0 0 0 0 0 0 0 0 0 0 0 0 0 0 
  INPUT ---       0 0 0 0;
  INPUT ---        0 0 0 0 0 0 0 0 0 0 0 0 0 0 0 0 0 0 0 0 0 0 0 0 0 0 0 0 0 
  INPUT ---       0 0 0 0 0 0 0 0 0 0 0 0 0 0 0 0 0 0 0 0 0 0 0 0 0 0 0 0 0 0 
  INPUT ---       0 0 1 0 0 0 0 0 0 0 0 0 0 0 1 0 0 0 0 0 0 0 0 0 0 0 0 0 0 0 
  INPUT ---       0 0 0 0;
  INPUT ---        0 0 0 0 0 0 0 0 0 0 0 0 0 0 0 0 0 0 0 0 0 0 0 0 0 0 0 0 0 
  INPUT ---       0 0 0 0 0 0 0 0 0 0 0 0 0 0 0 0 0 0 0 0 0 0 0 0 0 0 0 0 0 0 
  INPUT ---       0 0 1 0 0 0 0 0 0 0 0 0 0 0 0 1 0 0 0 0 0 0 0 0 0 0 0 0 0 0 
  INPUT ---       0 0 0 0;
  INPUT ---        0 0 0 0 0 0 0 0 0 0 0 0 0 0 0 0 0 0 0 0 0 0 0 0 0 0 0 0 0 
  INPUT ---       0 0 0 0 0 0 0 0 0 0 0 0 0 0 0 0 0 0 0 0 0 0 0 0 0 0 0 0 0 0 
  INPUT ---       0 0 1 0 0 0 0 0 0 0 0 0 0 0 0 0 1 0 0 0 0 0 0 0 0 0 0 0 0 0 
  INPUT ---       0 0 0 0;
  INPUT ---        0 0 0 0 0 0 0 0 0 0 0 0 0 0 0 0 0 0 0 0 0 0 0 0 0 0 0 0 0 
  INPUT ---       0 0 0 0 0 0 0 0 0 0 0 0 0 0 0 0 0 0 0 0 0 0 0 0 0 0 0 0 0 0 

  Program  MARK  - Survival Rate Estimation with Capture-Recapture Data
   gfortran(dble/PIM2) Vers. 10.1 March 2023  20-Sep-2024 10:17:45    Page  013
 - - - - - - - - - - - - - - - - - - - - - - - - - - - - - - - - - - - - - -
 
  INPUT ---       0 0 1 0 0 0 0 0 0 0 0 0 0 0 0 0 0 1 0 0 0 0 0 0 0 0 0 0 0 0 
  INPUT ---       0 0 0 0;
  INPUT ---        0 0 0 0 0 0 0 0 0 0 0 0 0 0 0 0 0 0 0 0 0 0 0 0 0 0 0 0 0 
  INPUT ---       0 0 0 0 0 0 0 0 0 0 0 0 0 0 0 0 0 0 0 0 0 0 0 0 0 0 0 0 0 0 
  INPUT ---       0 0 0 0 0 0 0 0 0 0 0 0 0 0 0 0 0 0 1 0 0 0 0 0 0 0 0 0 0 0 
  INPUT ---       0 0 0 0;
  INPUT ---        0 0 0 0 0 0 0 0 0 0 0 0 0 0 0 0 0 0 0 0 0 0 0 0 0 0 0 0 0 
  INPUT ---       0 0 0 0 0 0 0 0 0 0 0 0 0 0 0 0 0 0 0 0 0 0 0 0 0 0 0 0 0 0 
  INPUT ---       0 0 0 0 0 0 0 0 0 0 0 0 0 0 0 0 0 0 1 1 0 0 0 0 0 0 0 0 0 0 
  INPUT ---       0 0 0 0;
  INPUT ---        0 0 0 0 0 0 0 0 0 0 0 0 0 0 0 0 0 0 0 0 0 0 0 0 0 0 0 0 0 
  INPUT ---       0 0 0 0 0 0 0 0 0 0 0 0 0 0 0 0 0 0 0 0 0 0 0 0 0 0 0 0 0 0 
  INPUT ---       0 0 0 0 0 0 0 0 0 0 0 0 0 0 0 0 0 0 1 0 1 0 0 0 0 0 0 0 0 0 
  INPUT ---       0 0 0 0;
  INPUT ---        0 0 0 0 0 0 0 0 0 0 0 0 0 0 0 0 0 0 0 0 0 0 0 0 0 0 0 0 0 
  INPUT ---       0 0 0 0 0 0 0 0 0 0 0 0 0 0 0 0 0 0 0 0 0 0 0 0 0 0 0 0 0 0 
  INPUT ---       0 0 0 0 0 0 0 0 0 0 0 0 0 0 0 0 0 0 1 0 0 1 0 0 0 0 0 0 0 0 
  INPUT ---       0 0 0 0;
  INPUT ---        0 0 0 0 0 0 0 0 0 0 0 0 0 0 0 0 0 0 0 0 0 0 0 0 0 0 0 0 0 
  INPUT ---       0 0 0 0 0 0 0 0 0 0 0 0 0 0 0 0 0 0 0 0 0 0 0 0 0 0 0 0 0 0 
  INPUT ---       0 0 0 0 0 0 0 0 0 0 0 0 0 0 0 0 0 0 1 0 0 0 1 0 0 0 0 0 0 0 
  INPUT ---       0 0 0 0;
  INPUT ---        0 0 0 0 0 0 0 0 0 0 0 0 0 0 0 0 0 0 0 0 0 0 0 0 0 0 0 0 0 
  INPUT ---       0 0 0 0 0 0 0 0 0 0 0 0 0 0 0 0 0 0 0 0 0 0 0 0 0 0 0 0 0 0 
  INPUT ---       0 0 0 0 0 0 0 0 0 0 0 0 0 0 0 0 0 0 1 0 0 0 0 1 0 0 0 0 0 0 
  INPUT ---       0 0 0 0;
  INPUT ---        0 0 0 0 0 0 0 0 0 0 0 0 0 0 0 0 0 0 0 0 0 0 0 0 0 0 0 0 0 
  INPUT ---       0 0 0 0 0 0 0 0 0 0 0 0 0 0 0 0 0 0 0 0 0 0 0 0 0 0 0 0 0 0 
  INPUT ---       0 0 0 0 0 0 0 0 0 0 0 0 0 0 0 0 0 0 1 0 0 0 0 0 1 0 0 0 0 0 
  INPUT ---       0 0 0 0;
  INPUT ---        0 0 0 0 0 0 0 0 0 0 0 0 0 0 0 0 0 0 0 0 0 0 0 0 0 0 0 0 0 
  INPUT ---       0 0 0 0 0 0 0 0 0 0 0 0 0 0 0 0 0 0 0 0 0 0 0 0 0 0 0 0 0 0 
  INPUT ---       0 0 0 0 0 0 0 0 0 0 0 0 0 0 0 0 0 0 1 0 0 0 0 0 0 1 0 0 0 0 
  INPUT ---       0 0 0 0;
  INPUT ---        0 0 0 0 0 0 0 0 0 0 0 0 0 0 0 0 0 0 0 0 0 0 0 0 0 0 0 0 0 
  INPUT ---       0 0 0 0 0 0 0 0 0 0 0 0 0 0 0 0 0 0 0 0 0 0 0 0 0 0 0 0 0 0 
  INPUT ---       0 0 0 0 0 0 0 0 0 0 0 0 0 0 0 0 0 0 1 0 0 0 0 0 0 0 1 0 0 0 
  INPUT ---       0 0 0 0;
  INPUT ---        0 0 0 0 0 0 0 0 0 0 0 0 0 0 0 0 0 0 0 0 0 0 0 0 0 0 0 0 0 
  INPUT ---       0 0 0 0 0 0 0 0 0 0 0 0 0 0 0 0 0 0 0 0 0 0 0 0 0 0 0 0 0 0 
  INPUT ---       0 0 0 0 0 0 0 0 0 0 0 0 0 0 0 0 0 0 1 0 0 0 0 0 0 0 0 1 0 0 
  INPUT ---       0 0 0 0;
  INPUT ---        0 0 0 0 0 0 0 0 0 0 0 0 0 0 0 0 0 0 0 0 0 0 0 0 0 0 0 0 0 
  INPUT ---       0 0 0 0 0 0 0 0 0 0 0 0 0 0 0 0 0 0 0 0 0 0 0 0 0 0 0 0 0 0 
  INPUT ---       0 0 0 0 0 0 0 0 0 0 0 0 0 0 0 0 0 0 1 0 0 0 0 0 0 0 0 0 1 0 
  INPUT ---       0 0 0 0;

  Program  MARK  - Survival Rate Estimation with Capture-Recapture Data
   gfortran(dble/PIM2) Vers. 10.1 March 2023  20-Sep-2024 10:17:45    Page  014
 - - - - - - - - - - - - - - - - - - - - - - - - - - - - - - - - - - - - - -
 
  INPUT ---        0 0 0 0 0 0 0 0 0 0 0 0 0 0 0 0 0 0 0 0 0 0 0 0 0 0 0 0 0 
  INPUT ---       0 0 0 0 0 0 0 0 0 0 0 0 0 0 0 0 0 0 0 0 0 0 0 0 0 0 0 0 0 0 
  INPUT ---       0 0 0 0 0 0 0 0 0 0 0 0 0 0 0 0 0 0 1 0 0 0 0 0 0 0 0 0 0 1 
  INPUT ---       0 0 0 0;
  INPUT ---        0 0 0 0 0 0 0 0 0 0 0 0 0 0 0 0 0 0 0 0 0 0 0 0 0 0 0 0 0 
  INPUT ---       0 0 0 0 0 0 0 0 0 0 0 0 0 0 0 0 0 0 0 0 0 0 0 0 0 0 0 0 0 0 
  INPUT ---       0 0 0 0 0 0 0 0 0 0 0 0 0 0 0 0 0 0 1 0 0 0 0 0 0 0 0 0 0 0 
  INPUT ---       1 0 0 0;
  INPUT ---        0 0 0 0 0 0 0 0 0 0 0 0 0 0 0 0 0 0 0 0 0 0 0 0 0 0 0 0 0 
  INPUT ---       0 0 0 0 0 0 0 0 0 0 0 0 0 0 0 0 0 0 0 0 0 0 0 0 0 0 0 0 0 0 
  INPUT ---       0 0 0 0 0 0 0 0 0 0 0 0 0 0 0 0 0 0 1 0 0 0 0 0 0 0 0 0 0 0 
  INPUT ---       0 1 0 0;
  INPUT ---        0 0 0 0 0 0 0 0 0 0 0 0 0 0 0 0 0 0 0 0 0 0 0 0 0 0 0 0 0 
  INPUT ---       0 0 0 0 0 0 0 0 0 0 0 0 0 0 0 0 0 0 0 0 0 0 0 0 0 0 0 0 0 0 
  INPUT ---       0 0 0 0 0 0 0 0 0 0 0 0 0 0 0 0 0 0 1 0 0 0 0 0 0 0 0 0 0 0 
  INPUT ---       0 0 1 0;
  INPUT ---        0 0 0 0 0 0 0 0 0 0 0 0 0 0 0 0 0 0 0 0 0 0 0 0 0 0 0 0 0 
  INPUT ---       0 0 0 0 0 0 0 0 0 0 0 0 0 0 0 0 0 0 0 0 0 0 0 0 0 0 0 0 0 0 
  INPUT ---       0 0 0 0 0 0 0 0 0 0 0 0 0 0 0 0 0 0 1 0 0 0 0 0 0 0 0 0 0 0 
  INPUT ---       0 0 0 1;

  INPUT ---    links=92;

  INPUT ---    Logit;

  INPUT ---    Logit;

  INPUT ---    Logit;

  INPUT ---    Logit;

  INPUT ---    Logit;

  INPUT ---    Logit;

  INPUT ---    Logit;

  INPUT ---    Logit;

  INPUT ---    Logit;

  INPUT ---    Logit;

  INPUT ---    Logit;

  INPUT ---    Logit;

  Program  MARK  - Survival Rate Estimation with Capture-Recapture Data
   gfortran(dble/PIM2) Vers. 10.1 March 2023  20-Sep-2024 10:17:45    Page  015
 - - - - - - - - - - - - - - - - - - - - - - - - - - - - - - - - - - - - - -
 

  INPUT ---    Logit;

  INPUT ---    Logit;

  INPUT ---    Logit;

  INPUT ---    Logit;

  INPUT ---    Logit;

  INPUT ---    Logit;

  INPUT ---    Logit;

  INPUT ---    Logit;

  INPUT ---    Logit;

  INPUT ---    Logit;

  INPUT ---    Logit;

  INPUT ---    Logit;

  INPUT ---    Logit;

  INPUT ---    Logit;

  INPUT ---    Logit;

  INPUT ---    Logit;

  INPUT ---    Logit;

  INPUT ---    Logit;

  INPUT ---    Logit;

  INPUT ---    Logit;

  INPUT ---    Logit;

  INPUT ---    Logit;

  INPUT ---    Logit;

  Program  MARK  - Survival Rate Estimation with Capture-Recapture Data
   gfortran(dble/PIM2) Vers. 10.1 March 2023  20-Sep-2024 10:17:45    Page  016
 - - - - - - - - - - - - - - - - - - - - - - - - - - - - - - - - - - - - - -
 

  INPUT ---    Logit;

  INPUT ---    Logit;

  INPUT ---    Logit;

  INPUT ---    Logit;

  INPUT ---    Logit;

  INPUT ---    Logit;

  INPUT ---    Logit;

  INPUT ---    Logit;

  INPUT ---    Logit;

  INPUT ---    Logit;

  INPUT ---    Logit;

  INPUT ---    Logit;

  INPUT ---    Logit;

  INPUT ---    Logit;

  INPUT ---    Logit;

  INPUT ---    Logit;

  INPUT ---    Logit;

  INPUT ---    Logit;

  INPUT ---    Logit;

  INPUT ---    Logit;

  INPUT ---    Logit;

  INPUT ---    Logit;

  INPUT ---    Logit;

  Program  MARK  - Survival Rate Estimation with Capture-Recapture Data
   gfortran(dble/PIM2) Vers. 10.1 March 2023  20-Sep-2024 10:17:45    Page  017
 - - - - - - - - - - - - - - - - - - - - - - - - - - - - - - - - - - - - - -
 

  INPUT ---    Logit;

  INPUT ---    Logit;

  INPUT ---    Logit;

  INPUT ---    Logit;

  INPUT ---    Logit;

  INPUT ---    Logit;

  INPUT ---    Logit;

  INPUT ---    Logit;

  INPUT ---    Logit;

  INPUT ---    Logit;

  INPUT ---    Logit;

  INPUT ---    Logit;

  INPUT ---    Logit;

  INPUT ---    Logit;

  INPUT ---    Logit;

  INPUT ---    Logit;

  INPUT ---    Logit;

  INPUT ---    Logit;

  INPUT ---    Log;

  INPUT ---    Log;

  INPUT ---    Log;

  INPUT ---    Log;

  INPUT ---    Log;

  Program  MARK  - Survival Rate Estimation with Capture-Recapture Data
   gfortran(dble/PIM2) Vers. 10.1 March 2023  20-Sep-2024 10:17:45    Page  018
 - - - - - - - - - - - - - - - - - - - - - - - - - - - - - - - - - - - - - -
 

  INPUT ---    Log;

  INPUT ---    Log;

  INPUT ---    Log;

  INPUT ---    Log;

  INPUT ---    Log;

  INPUT ---    Log;

  INPUT ---    Log;

  INPUT ---    Log;

  INPUT ---    Log;

  INPUT ---    Log;

  INPUT ---    Log;
  INPUT ---       blabel(1)=S:(Intercept);
  INPUT ---       blabel(2)=S:time34;
  INPUT ---       blabel(3)=S:time88;
  INPUT ---       blabel(4)=S:time359;
  INPUT ---       blabel(5)=S:time391;
  INPUT ---       blabel(6)=S:time446;
  INPUT ---       blabel(7)=S:time745;
  INPUT ---       blabel(8)=S:time770;
  INPUT ---       blabel(9)=S:time796;
  INPUT ---       blabel(10)=S:time1116;
  INPUT ---       blabel(11)=S:time1142;
  INPUT ---       blabel(12)=S:time1168;
  INPUT ---       blabel(13)=S:time1446;
  INPUT ---       blabel(14)=S:time1465;
  INPUT ---       blabel(15)=S:time1491;
  INPUT ---       blabel(16)=S:frog_sex;
  INPUT ---       blabel(17)=GammaDoublePrime:(Intercept);
  INPUT ---       blabel(18)=GammaDoublePrime:time34;
  INPUT ---       blabel(19)=GammaDoublePrime:time88;
  INPUT ---       blabel(20)=GammaDoublePrime:time359;
  INPUT ---       blabel(21)=GammaDoublePrime:time391;
  INPUT ---       blabel(22)=GammaDoublePrime:time446;
  INPUT ---       blabel(23)=GammaDoublePrime:time745;
  INPUT ---       blabel(24)=GammaDoublePrime:time770;

  Program  MARK  - Survival Rate Estimation with Capture-Recapture Data
   gfortran(dble/PIM2) Vers. 10.1 March 2023  20-Sep-2024 10:17:45    Page  019
 - - - - - - - - - - - - - - - - - - - - - - - - - - - - - - - - - - - - - -
 
  INPUT ---       blabel(25)=GammaDoublePrime:time796;
  INPUT ---       blabel(26)=GammaDoublePrime:time1116;
  INPUT ---       blabel(27)=GammaDoublePrime:time1142;
  INPUT ---       blabel(28)=GammaDoublePrime:time1168;
  INPUT ---       blabel(29)=GammaDoublePrime:time1446;
  INPUT ---       blabel(30)=GammaDoublePrime:time1465;
  INPUT ---       blabel(31)=GammaDoublePrime:time1491;
  INPUT ---       blabel(32)=GammaPrime:(Intercept);
  INPUT ---       blabel(33)=GammaPrime:time88;
  INPUT ---       blabel(34)=GammaPrime:time359;
  INPUT ---       blabel(35)=GammaPrime:time391;
  INPUT ---       blabel(36)=GammaPrime:time446;
  INPUT ---       blabel(37)=GammaPrime:time745;
  INPUT ---       blabel(38)=GammaPrime:time770;
  INPUT ---       blabel(39)=GammaPrime:time796;
  INPUT ---       blabel(40)=GammaPrime:time1116;
  INPUT ---       blabel(41)=GammaPrime:time1142;
  INPUT ---       blabel(42)=GammaPrime:time1168;
  INPUT ---       blabel(43)=GammaPrime:time1446;
  INPUT ---       blabel(44)=GammaPrime:time1465;
  INPUT ---       blabel(45)=GammaPrime:time1491;
  INPUT ---       blabel(46)=p:(Intercept);
  INPUT ---       blabel(47)=p:session34;
  INPUT ---       blabel(48)=p:session88;
  INPUT ---       blabel(49)=p:session359;
  INPUT ---       blabel(50)=p:session391;
  INPUT ---       blabel(51)=p:session446;
  INPUT ---       blabel(52)=p:session745;
  INPUT ---       blabel(53)=p:session770;
  INPUT ---       blabel(54)=p:session796;
  INPUT ---       blabel(55)=p:session1116;
  INPUT ---       blabel(56)=p:session1142;
  INPUT ---       blabel(57)=p:session1168;
  INPUT ---       blabel(58)=p:session1446;
  INPUT ---       blabel(59)=p:session1465;
  INPUT ---       blabel(60)=p:session1491;
  INPUT ---       blabel(61)=p:session1517;
  INPUT ---       blabel(62)=c:(Intercept);
  INPUT ---       blabel(63)=c:session34;
  INPUT ---       blabel(64)=c:session88;
  INPUT ---       blabel(65)=c:session359;
  INPUT ---       blabel(66)=c:session391;
  INPUT ---       blabel(67)=c:session446;
  INPUT ---       blabel(68)=c:session745;
  INPUT ---       blabel(69)=c:session770;
  INPUT ---       blabel(70)=c:session796;

  Program  MARK  - Survival Rate Estimation with Capture-Recapture Data
   gfortran(dble/PIM2) Vers. 10.1 March 2023  20-Sep-2024 10:17:45    Page  020
 - - - - - - - - - - - - - - - - - - - - - - - - - - - - - - - - - - - - - -
 
  INPUT ---       blabel(71)=c:session1116;
  INPUT ---       blabel(72)=c:session1142;
  INPUT ---       blabel(73)=c:session1168;
  INPUT ---       blabel(74)=c:session1446;
  INPUT ---       blabel(75)=c:session1465;
  INPUT ---       blabel(76)=c:session1491;
  INPUT ---       blabel(77)=c:session1517;
  INPUT ---       blabel(78)=f0:(Intercept);
  INPUT ---       blabel(79)=f0:session34;
  INPUT ---       blabel(80)=f0:session88;
  INPUT ---       blabel(81)=f0:session359;
  INPUT ---       blabel(82)=f0:session391;
  INPUT ---       blabel(83)=f0:session446;
  INPUT ---       blabel(84)=f0:session745;
  INPUT ---       blabel(85)=f0:session770;
  INPUT ---       blabel(86)=f0:session796;
  INPUT ---       blabel(87)=f0:session1116;
  INPUT ---       blabel(88)=f0:session1142;
  INPUT ---       blabel(89)=f0:session1168;
  INPUT ---       blabel(90)=f0:session1446;
  INPUT ---       blabel(91)=f0:session1465;
  INPUT ---       blabel(92)=f0:session1491;
  INPUT ---       blabel(93)=f0:session1517;
  INPUT ---       rlabel(1)=S g1 c1 a0 t1;
  INPUT ---       rlabel(2)=S g1 c1 a33 t34;
  INPUT ---       rlabel(3)=S g1 c1 a87 t88;
  INPUT ---       rlabel(4)=S g1 c1 a358 t359;
  INPUT ---       rlabel(5)=S g1 c1 a390 t391;
  INPUT ---       rlabel(6)=S g1 c1 a445 t446;
  INPUT ---       rlabel(7)=S g1 c1 a744 t745;
  INPUT ---       rlabel(8)=S g1 c1 a769 t770;
  INPUT ---       rlabel(9)=S g1 c1 a795 t796;
  INPUT ---       rlabel(10)=S g1 c1 a1115 t1116;
  INPUT ---       rlabel(11)=S g1 c1 a1141 t1142;
  INPUT ---       rlabel(12)=S g1 c1 a1167 t1168;
  INPUT ---       rlabel(13)=S g1 c1 a1445 t1446;
  INPUT ---       rlabel(14)=S g1 c1 a1464 t1465;
  INPUT ---       rlabel(15)=S g1 c1 a1490 t1491;
  INPUT ---       rlabel(16)=Gamma'' g1 c1 a0 t1;
  INPUT ---       rlabel(17)=Gamma'' g1 c1 a33 t34;
  INPUT ---       rlabel(18)=Gamma'' g1 c1 a87 t88;
  INPUT ---       rlabel(19)=Gamma'' g1 c1 a358 t359;
  INPUT ---       rlabel(20)=Gamma'' g1 c1 a390 t391;
  INPUT ---       rlabel(21)=Gamma'' g1 c1 a445 t446;
  INPUT ---       rlabel(22)=Gamma'' g1 c1 a744 t745;
  INPUT ---       rlabel(23)=Gamma'' g1 c1 a769 t770;

  Program  MARK  - Survival Rate Estimation with Capture-Recapture Data
   gfortran(dble/PIM2) Vers. 10.1 March 2023  20-Sep-2024 10:17:45    Page  021
 - - - - - - - - - - - - - - - - - - - - - - - - - - - - - - - - - - - - - -
 
  INPUT ---       rlabel(24)=Gamma'' g1 c1 a795 t796;
  INPUT ---       rlabel(25)=Gamma'' g1 c1 a1115 t1116;
  INPUT ---       rlabel(26)=Gamma'' g1 c1 a1141 t1142;
  INPUT ---       rlabel(27)=Gamma'' g1 c1 a1167 t1168;
  INPUT ---       rlabel(28)=Gamma'' g1 c1 a1445 t1446;
  INPUT ---       rlabel(29)=Gamma'' g1 c1 a1464 t1465;
  INPUT ---       rlabel(30)=Gamma'' g1 c1 a1490 t1491;
  INPUT ---       rlabel(31)=Gamma' g1 c1 a33 t34;
  INPUT ---       rlabel(32)=Gamma' g1 c1 a87 t88;
  INPUT ---       rlabel(33)=Gamma' g1 c1 a358 t359;
  INPUT ---       rlabel(34)=Gamma' g1 c1 a390 t391;
  INPUT ---       rlabel(35)=Gamma' g1 c1 a445 t446;
  INPUT ---       rlabel(36)=Gamma' g1 c1 a744 t745;
  INPUT ---       rlabel(37)=Gamma' g1 c1 a769 t770;
  INPUT ---       rlabel(38)=Gamma' g1 c1 a795 t796;
  INPUT ---       rlabel(39)=Gamma' g1 c1 a1115 t1116;
  INPUT ---       rlabel(40)=Gamma' g1 c1 a1141 t1142;
  INPUT ---       rlabel(41)=Gamma' g1 c1 a1167 t1168;
  INPUT ---       rlabel(42)=Gamma' g1 c1 a1445 t1446;
  INPUT ---       rlabel(43)=Gamma' g1 c1 a1464 t1465;
  INPUT ---       rlabel(44)=Gamma' g1 c1 a1490 t1491;
  INPUT ---       rlabel(45)=p g1 s1 t1;
  INPUT ---       rlabel(46)=p g1 s34 t1;
  INPUT ---       rlabel(47)=p g1 s88 t1;
  INPUT ---       rlabel(48)=p g1 s359 t1;
  INPUT ---       rlabel(49)=p g1 s391 t1;
  INPUT ---       rlabel(50)=p g1 s446 t1;
  INPUT ---       rlabel(51)=p g1 s745 t1;
  INPUT ---       rlabel(52)=p g1 s770 t1;
  INPUT ---       rlabel(53)=p g1 s796 t1;
  INPUT ---       rlabel(54)=p g1 s1116 t1;
  INPUT ---       rlabel(55)=p g1 s1142 t1;
  INPUT ---       rlabel(56)=p g1 s1168 t1;
  INPUT ---       rlabel(57)=p g1 s1446 t1;
  INPUT ---       rlabel(58)=p g1 s1465 t1;
  INPUT ---       rlabel(59)=p g1 s1491 t1;
  INPUT ---       rlabel(60)=p g1 s1517 t1;
  INPUT ---       rlabel(61)=c g1 s1 t2;
  INPUT ---       rlabel(62)=c g1 s34 t2;
  INPUT ---       rlabel(63)=c g1 s88 t2;
  INPUT ---       rlabel(64)=c g1 s359 t2;
  INPUT ---       rlabel(65)=c g1 s391 t2;
  INPUT ---       rlabel(66)=c g1 s446 t2;
  INPUT ---       rlabel(67)=c g1 s745 t2;
  INPUT ---       rlabel(68)=c g1 s770 t2;
  INPUT ---       rlabel(69)=c g1 s796 t2;

  Program  MARK  - Survival Rate Estimation with Capture-Recapture Data
   gfortran(dble/PIM2) Vers. 10.1 March 2023  20-Sep-2024 10:17:45    Page  022
 - - - - - - - - - - - - - - - - - - - - - - - - - - - - - - - - - - - - - -
 
  INPUT ---       rlabel(70)=c g1 s1116 t2;
  INPUT ---       rlabel(71)=c g1 s1142 t2;
  INPUT ---       rlabel(72)=c g1 s1168 t2;
  INPUT ---       rlabel(73)=c g1 s1446 t2;
  INPUT ---       rlabel(74)=c g1 s1465 t2;
  INPUT ---       rlabel(75)=c g1 s1491 t2;
  INPUT ---       rlabel(76)=c g1 s1517 t2;
  INPUT ---       rlabel(77)=f0 g1 a0 s1 t0;
  INPUT ---       rlabel(78)=f0 g1 a0 s34 t0;
  INPUT ---       rlabel(79)=f0 g1 a0 s88 t0;
  INPUT ---       rlabel(80)=f0 g1 a0 s359 t0;
  INPUT ---       rlabel(81)=f0 g1 a0 s391 t0;
  INPUT ---       rlabel(82)=f0 g1 a0 s446 t0;
  INPUT ---       rlabel(83)=f0 g1 a0 s745 t0;
  INPUT ---       rlabel(84)=f0 g1 a0 s770 t0;
  INPUT ---       rlabel(85)=f0 g1 a0 s796 t0;
  INPUT ---       rlabel(86)=f0 g1 a0 s1116 t0;
  INPUT ---       rlabel(87)=f0 g1 a0 s1142 t0;
  INPUT ---       rlabel(88)=f0 g1 a0 s1168 t0;
  INPUT ---       rlabel(89)=f0 g1 a0 s1446 t0;
  INPUT ---       rlabel(90)=f0 g1 a0 s1465 t0;
  INPUT ---       rlabel(91)=f0 g1 a0 s1491 t0;
  INPUT ---       rlabel(92)=f0 g1 a0 s1517 t0;
   Model is { S(~time + frog_sex)Gamma''(~time)Gamma'(~time)p(~session)c(~session)f0(~session) }

 Link Function Used is PARM-SPECIFIC

 Variance Estimation Procedure Used is 2ndPart 

 M(t+1):
 Group 1 = Group 1
     773   1165    950   1402   1474    717   1579   1128   1070   1443   1552
     997   1305   1246   1330    914


 -2logL(saturated) = 0.0000000     
 Effective Sample Size = 36556

 Number of function evaluations was 269 for 93 parameters.
 For numerical optimization, CPU Time was 7.278 minutes and System Time was 154.328 seconds.
 -2logL { S(~time + frog_sex)Gamma''(~time)Gamma'(~time)p(~session)c(~session)f0(~session) } = -130034.38    
 Penalty { S(~time + frog_sex)Gamma''(~time)Gamma'(~time)p(~session)c(~session)f0(~session) } = 0.0000000     

  Program  MARK  - Survival Rate Estimation with Capture-Recapture Data
   gfortran(dble/PIM2) Vers. 10.1 March 2023  20-Sep-2024 10:20:20    Page  023
 - - - - - - - - - - - - - - - - - - - - - - - - - - - - - - - - - - - - - -
 
 Gradient { S(~time + frog_sex)Gamma''(~time)Gamma'(~time)p(~session)c(~session)f0(~session) }:
  0.90826187E-03   0.0000000      0.18873304E-02   0.0000000      0.57790513E-03
  0.11253200E-02  0.78855056E-03  0.99953260E-03  0.10688178E-02  0.81352081E-03
   0.0000000       0.0000000      0.77728109E-03  0.13080567E-02   0.0000000    
   0.0000000     -0.66014096E-03  0.15233845E-02  0.82090382E-03   0.0000000    
   0.0000000       0.0000000       0.0000000      0.82627019E-03   0.0000000    
  0.17299034E-02  0.85785612E-03  0.12450852E-02   0.0000000       0.0000000    
  0.15064652E-03  0.22637159E-03   0.0000000       0.0000000      0.14558612E-03
  0.81405751E-04   0.0000000     -0.74418470E-04  0.70312388E-04   0.0000000    
  0.75377356E-04  0.14101674E-03  0.68425747E-04  0.74145867E-04   0.0000000    
  0.12866326E-02   0.0000000      0.92564713E-03   0.0000000       0.0000000    
  0.17584956E-02  0.84139742E-03  0.15020502E-02   0.0000000      0.79164195E-03
  0.13860109E-02  0.75265912E-03  0.14940234E-02  0.80574051E-03   0.0000000    
   0.0000000      0.17748991E-02  0.10819375E-02   0.0000000       0.0000000    
   0.0000000       0.0000000      0.13018057E-02  0.18734655E-02  0.11237604E-02
   0.0000000      0.12497254E-02  0.16402475E-02   0.0000000      0.17654350E-02
  0.10586875E-02  0.15366828E-02 -0.25828372E-03 -0.68015048E-03  0.82251610E-03
   0.0000000       0.0000000      0.18387339E-02  0.87896882E-03   0.0000000    
  0.64041455E-03   0.0000000      0.61618025E-03   0.0000000       0.0000000    
  0.73949771E-03   0.0000000      0.85275565E-03
 Maximum ABS(G) { S(~time + frog_sex)Gamma''(~time)Gamma'(~time)p(~session)c(~session)f0(~session) } = 0.0018873     
 To compute VC matrix, CPU Time was 269.172 seconds and System Time was 94.625 seconds.
 S Vector { S(~time + frog_sex)Gamma''(~time)Gamma'(~time)p(~session)c(~session)f0(~session) }:
   13740.59      6708.329      2604.388      1694.049      1297.505    
   1252.441      1108.061      1015.553      926.9578      873.0119    
   814.6932      765.6222      727.2310      697.9496      688.9141    
   602.1645      588.1674      546.5311      542.3945      533.7418    
   509.3439      475.8064      469.0279      459.0242      448.9349    
   441.3416      430.6058      408.3007      384.9197      365.4300    
   344.9058      344.7745      302.6204      297.1544      237.2867    
   220.5555      215.3175      199.8498      159.9718      144.1865    
   141.6056      128.1688      103.9383      101.0296      96.47552    
   91.52497      78.44333      77.58582      74.93401      74.30995    
   70.90425      67.17859      59.95426      51.81669      44.92922    
   42.50661      38.90426      33.78838      33.11990      31.36862    
   29.86466      28.53124      26.65778      25.51333      24.27214    
   23.02458      22.22844      20.69318      19.31222      18.65119    
   17.80532      16.82395      14.80541      14.47943      13.47119    
   11.58964      10.53007      8.419755      3.787303      3.268254    
   2.016132     0.7746562     0.5821753     0.5567780     0.1965575    
  0.1470664     0.6881681E-04 0.2580258E-04 0.2235264E-04 0.7375374E-05
  0.3812698E-05 0.1490920E-13 0.1001783E-14
 To invert VC matrix, CPU Time was 0.016 seconds and System Time was 0.016 seconds.
 Ratio Threshold = 50.000000       Max Gap (91/92) = 0.2557278E+09   Next Max Gap (86/87) = 2137.0712     
 Gap Method for Num. of Estimated Parameters { S(~time + frog_sex)Gamma''(~time)Gamma'(~time)p(~session)c(~session)f0(~session) } = 86          
 Threshold { S(~time + frog_sex)Gamma''(~time)Gamma'(~time)p(~session)c(~session)f0(~session) } = 0.0037747               
 Numerical Threshold Method for Num. of Estimated Parameters { S(~time + frog_sex)Gamma''(~time)Gamma'(~time)p(~session)c(~session)f0(~session) } = 86          
 Number of Estimated Parameters { S(~time + frog_sex)Gamma''(~time)Gamma'(~time)p(~session)c(~session)f0(~session) } = 86          
 DEVIANCE { S(~time + frog_sex)Gamma''(~time)Gamma'(~time)p(~session)c(~session)f0(~session) } = -130034.38              
 DEVIANCE Degrees of Freedom { S(~time + frog_sex)Gamma''(~time)Gamma'(~time)p(~session)c(~session)f0(~session) } = 3545          
 c-hat { S(~time + frog_sex)Gamma''(~time)Gamma'(~time)p(~session)c(~session)f0(~session) } = -36.681066              
 AIC { S(~time + frog_sex)Gamma''(~time)Gamma'(~time)p(~session)c(~session)f0(~session) } = -129862.38              
 AICc { S(~time + frog_sex)Gamma''(~time)Gamma'(~time)p(~session)c(~session)f0(~session) } = -129861.97              
 BIC { S(~time + frog_sex)Gamma''(~time)Gamma'(~time)p(~session)c(~session)f0(~session) } = -129130.81              
 Pearson Chisquare { S(~time + frog_sex)Gamma''(~time)Gamma'(~time)p(~session)c(~session)f0(~session) } = 0.2635485E+18           

  Program  MARK  - Survival Rate Estimation with Capture-Recapture Data
   gfortran(dble/PIM2) Vers. 10.1 March 2023  20-Sep-2024 10:21:54    Page  024
 - - - - - - - - - - - - - - - - - - - - - - - - - - - - - - - - - - - - - -
 


 PARM-SPECIFIC Link Function Parameters of { S(~time + frog_sex)Gamma''(~time)Gamma'(~time)p(~session)c(~session)f0(~session) }
                                                              95% Confidence Interval
    Parameter                  Beta         Standard Error     Lower           Upper
 -------------------------  --------------  --------------  --------------  --------------
    1:S:(Intercept)          7.6015942       0.6896692       6.2498425       8.9533458    
    2:S:time34              -0.8620380       0.7467837      -2.3257341       0.6016581    
    3:S:time88               0.0348612       0.7154001      -1.3673230       1.4370454    
    4:S:time359             -1.3930931       0.7265089      -2.8170505       0.0308644    
    5:S:time391             -2.3796637       0.6976742      -3.7471053      -1.0122222    
    6:S:time446             -0.7356173       0.6955178      -2.0988322       0.6275975    
    7:S:time745             -1.4768545       0.7294955      -2.9066656      -0.0470434    
    8:S:time770             -0.9540383       0.8833554      -2.6854149       0.7773383    
    9:S:time796             -0.8273695       0.6926964      -2.1850545       0.5303156    
   10:S:time1116            -1.4008298       0.7153355      -2.8028874       0.0012278    
   11:S:time1142            -2.6818079       0.6953632      -4.0447198      -1.3188960    
   12:S:time1168            -0.0662919       0.6975575      -1.4335045       1.3009208    
   13:S:time1446            -1.5127654       0.7493730      -2.9815364      -0.0439944    
   14:S:time1465            -1.9863003       0.7081910      -3.3743547      -0.5982458    
   15:S:time1491             11.519667       200.71296      -381.87774       404.91707    
   16:S:frog_sex             0.6946489       0.0468483       0.6028262       0.7864715    
   17:GammaDoublePrime:(In  -1.9586484       0.1380106      -2.2291491      -1.6881477    
   18:GammaDoublePrime:tim   0.2820959       0.2462675      -0.2005884       0.7647802    
   19:GammaDoublePrime:tim  -1.3792373       0.3290194      -2.0241154      -0.7343592    
   20:GammaDoublePrime:tim   0.2030464       0.1868898      -0.1632576       0.5693504    
   21:GammaDoublePrime:tim  -1.7824814       0.6687399      -3.0932117      -0.4717511    
   22:GammaDoublePrime:tim  -1.7656351       0.6186410      -2.9781715      -0.5530988    
   23:GammaDoublePrime:tim   1.3395032       0.1548929       1.0359130       1.6430934    
   24:GammaDoublePrime:tim   1.3637849       0.1622825       1.0457112       1.6818587    
   25:GammaDoublePrime:tim  -17.471379       512.12105      -1021.2287       986.28591    
   26:GammaDoublePrime:tim  -0.1290370       0.1858191      -0.4932424       0.2351684    
   27:GammaDoublePrime:tim   1.2767513       0.1572545       0.9685325       1.5849700    
   28:GammaDoublePrime:tim  -0.5686677       0.2691639      -1.0962289      -0.0411065    
   29:GammaDoublePrime:tim   0.1827107       0.2035625      -0.2162718       0.5816932    
   30:GammaDoublePrime:tim  -0.6807079       0.2366403      -1.1445229      -0.2168929    
   31:GammaDoublePrime:tim  -11.964953       207.85956      -419.36971       395.43980    
   32:GammaPrime:(Intercep   24.883880       36.369488      -46.400319       96.168078    
   33:GammaPrime:time88     -26.249800       36.370261      -97.535513       45.035912    
   34:GammaPrime:time359    -12.283871       368.21502      -733.98533       709.41759    
   35:GammaPrime:time391    -25.831199       36.371695      -97.119722       45.457325    
   36:GammaPrime:time446    -22.992470       36.439647      -94.414179       48.429240    
   37:GammaPrime:time745    -22.090589       36.395166      -93.425116       49.243937    
   38:GammaPrime:time770    -25.245165       36.369511      -96.529408       46.039079    
   39:GammaPrime:time796    -26.777822       36.370146      -98.063309       44.507665    
   40:GammaPrime:time1116   -82.683942       0.0000000      -82.683942      -82.683942    

  Program  MARK  - Survival Rate Estimation with Capture-Recapture Data
   gfortran(dble/PIM2) Vers. 10.1 March 2023  20-Sep-2024 10:21:54    Page  025
 - - - - - - - - - - - - - - - - - - - - - - - - - - - - - - - - - - - - - -
 
   41:GammaPrime:time1142   -24.911296       36.370019      -96.196536       46.373943    
   42:GammaPrime:time1168   -26.700611       36.370083      -97.985975       44.584753    
   43:GammaPrime:time1446   -27.543715       36.390334      -98.868770       43.781340    
   44:GammaPrime:time1465   -25.341657       36.370137      -96.627127       45.943813    
   45:GammaPrime:time1491   -87.740907       24050712.      -47139485.       47139309.    
   46:p:(Intercept)         -1.2770195       0.2050075      -1.6788343      -0.8752047    
   47:p:session34            1.5136324       0.2131065       1.0959436       1.9313211    
   48:p:session88            1.1100103       0.2234700       0.6720091       1.5480115    
   49:p:session359           1.3764138       0.2102307       0.9643617       1.7884660    
   50:p:session391           1.7461777       0.2156638       1.3234767       2.1688787    
   51:p:session446          -0.1106795       0.2133231      -0.5287928       0.3074338    
   52:p:session745           1.3212871       0.2122567       0.9052639       1.7373103    
   53:p:session770           1.6006121       0.2183746       1.1725978       2.0286264    
   54:p:session796           1.5635610       0.2191412       1.1340442       1.9930778    
   55:p:session1116          1.4671823       0.2106343       1.0543391       1.8800255    
   56:p:session1142          1.8183401       0.2140702       1.3987624       2.2379178    
   57:p:session1168          1.5949662       0.2198692       1.1640226       2.0259099    
   58:p:session1446          1.6145842       0.2165599       1.1901269       2.0390416    
   59:p:session1465          1.4240124       0.2208180       0.9912092       1.8568156    
   60:p:session1491          2.1631962       0.2152966       1.7412149       2.5851775    
   61:p:session1517          0.7300060       0.2098403       0.3187190       1.1412929    
   62:c:(Intercept)          0.1004146       0.0668600      -0.0306309       0.2314601    
   63:c:session34            0.8052105       0.0850245       0.6385626       0.9718584    
   64:c:session88            0.6053545       0.0889940       0.4309262       0.7797829    
   65:c:session359           0.6018963       0.0811691       0.4428048       0.7609879    
   66:c:session391           0.3882491       0.0794485       0.2325301       0.5439681    
   67:c:session446          -0.0522135       0.0963961      -0.2411499       0.1367229    
   68:c:session745           0.5003199       0.0798865       0.3437424       0.6568975    
   69:c:session770           0.0425198       0.0825914      -0.1193594       0.2043991    
   70:c:session796           0.7380261       0.0861251       0.5692209       0.9068314    
   71:c:session1116          0.6191044       0.0810040       0.4603366       0.7778722    
   72:c:session1142          0.5628434       0.0793181       0.4073799       0.7183068    
   73:c:session1168          0.1907502       0.0847312       0.0246771       0.3568233    
   74:c:session1446          0.3988623       0.0813370       0.2394417       0.5582828    
   75:c:session1465          0.1063138       0.0816910      -0.0538006       0.2664282    
   76:c:session1491          0.8448550       0.0819359       0.6842606       1.0054493    
   77:c:session1517          0.2710008       0.1088528       0.0576493       0.4843522    
   78:f0:(Intercept)         6.5619361       0.2623631       6.0477044       7.0761678    
   79:f0:session34          -1.8716072       0.3007033      -2.4609857      -1.2822287    
   80:f0:session88          -1.3745736       0.3110572      -1.9842457      -0.7649015    
   81:f0:session359         -1.4379997       0.2868949      -2.0003137      -0.8756857    
   82:f0:session391         -2.0781369       0.3134310      -2.6924617      -1.4638121    
   83:f0:session446          0.0622119       0.2771685      -0.4810385       0.6054622    
   84:f0:session745         -1.2220640       0.2888591      -1.7882278      -0.6559002    
   85:f0:session770         -2.0663706       0.3180739      -2.6897954      -1.4429458    
   86:f0:session796         -2.0497824       0.3190399      -2.6751006      -1.4244642    

  Program  MARK  - Survival Rate Estimation with Capture-Recapture Data
   gfortran(dble/PIM2) Vers. 10.1 March 2023  20-Sep-2024 10:21:54    Page  026
 - - - - - - - - - - - - - - - - - - - - - - - - - - - - - - - - - - - - - -
 
   87:f0:session1116        -1.5717833       0.2899550      -2.1400952      -1.0034715    
   88:f0:session1142        -2.1697300       0.3118518      -2.7809595      -1.5585004    
   89:f0:session1168        -2.1798851       0.3239545      -2.8148359      -1.5449344    
   90:f0:session1446        -1.9462970       0.3115568      -2.5569482      -1.3356457    
   91:f0:session1465        -1.6411508       0.3140714      -2.2567308      -1.0255708    
   92:f0:session1491        -3.0527438       0.3480304      -3.7348833      -2.3706043    
   93:f0:session1517        -0.1451844       0.2730843      -0.6804297       0.3900609    


 Real Function Parameters of { S(~time + frog_sex)Gamma''(~time)Gamma'(~time)p(~session)c(~session)f0(~session) }

      Following estimates based on unstandardized individual covariate values:
          Variable                 Value        
          ----------------------  ------------- 
          FROG_SEX                 0.4403746    
                                                               95% Confidence Interval
     Parameter                Estimate       Standard Error     Lower           Upper
 --------------------------  --------------  --------------  --------------  --------------
     1:S g1 c1 a0 t1          0.9996322       0.2536320E-03   0.9985798       0.9999048       
     2:S g1 c1 a33 t34        0.9991294       0.1847946E-03   0.9986803       0.9994257       
     3:S g1 c1 a87 t88        0.9996448       0.4433732E-04   0.9995463       0.9997219       
     4:S g1 c1 a358 t359      0.9985203       0.3307189E-03   0.9977072       0.9990453       
     5:S g1 c1 a390 t391      0.9960412       0.3592877E-03   0.9952707       0.9966865       
     6:S g1 c1 a445 t446      0.9992327       0.6625107E-04   0.9990912       0.9993522       
     7:S g1 c1 a744 t745      0.9983912       0.3810923E-03   0.9974411       0.9989889       
     8:S g1 c1 a769 t770      0.9990456       0.5251284E-03   0.9971963       0.9996755       
     9:S g1 c1 a795 t796      0.9991590       0.5387928E-04   0.9990465       0.9992583       
    10:S g1 c1 a1115 t1116    0.9985088       0.2826118E-03   0.9978382       0.9989716       
    11:S g1 c1 a1141 t1142    0.9946521       0.4713971E-03   0.9936441       0.9955010       
    12:S g1 c1 a1167 t1168    0.9996070       0.4100697E-04   0.9995178       0.9996797       
    13:S g1 c1 a1445 t1446    0.9983325       0.4884513E-03   0.9970402       0.9990611       
    14:S g1 c1 a1464 t1465    0.9973252       0.4324281E-03   0.9963285       0.9980518       
    15:S g1 c1 a1490 t1491    1.0000000       0.7336128E-06   0.9999986       1.0000014       
    16:Gamma'' g1 c1 a0 t1    0.1236134       0.0149511       0.0971633       0.1560196       
    17:Gamma'' g1 c1 a33 t3   0.1575525       0.0256174       0.1135642       0.2144573       
    18:Gamma'' g1 c1 a87 t8   0.0342941       0.0097854       0.0195122       0.0595937       
    19:Gamma'' g1 c1 a358 t   0.1473420       0.0157975       0.1189867       0.1810658       
    20:Gamma'' g1 c1 a390 t   0.0231773       0.0148226       0.0065329       0.0788618       
    21:Gamma'' g1 c1 a445 t   0.0235618       0.0138733       0.0073463       0.0729403       
    22:Gamma'' g1 c1 a744 t   0.3499759       0.0159961       0.3193062       0.3819385       
    23:Gamma'' g1 c1 a769 t   0.3555197       0.0195472       0.3181959       0.3946872       
    24:Gamma'' g1 c1 a795 t   0.3644571E-08   0.1866462E-05  -0.3654621E-05   0.3661910E-05   
    25:Gamma'' g1 c1 a1115    0.1102995       0.0122108       0.0885419       0.1366023       
    26:Gamma'' g1 c1 a1141    0.3358380       0.0168132       0.3037214       0.3695482       
    27:Gamma'' g1 c1 a1167    0.0739653       0.0158285       0.0483259       0.1116124       
    28:Gamma'' g1 c1 a1445    0.1448055       0.0185313       0.1121229       0.1850293       

  Program  MARK  - Survival Rate Estimation with Capture-Recapture Data
   gfortran(dble/PIM2) Vers. 10.1 March 2023  20-Sep-2024 10:21:54    Page  027
 - - - - - - - - - - - - - - - - - - - - - - - - - - - - - - - - - - - - - -
 
    29:Gamma'' g1 c1 a1464    0.0666481       0.0119611       0.0466980       0.0942782       
    30:Gamma'' g1 c1 a1490    0.8975452E-06   0.1865634E-03  0.1045141E-182   1.0000000       
    31:Gamma' g1 c1 a33 t34   1.0000000       0.5672901E-09   1.0000000       1.0000000       
    32:Gamma' g1 c1 a87 t88   0.2032798       0.0382214       0.1384201       0.2883592       
    33:Gamma' g1 c1 a358 t3   0.9999966       0.0012457       0.0000000       1.0000000       
    34:Gamma' g1 c1 a390 t3   0.2794243       0.0861120       0.1436163       0.4727609       
    35:Gamma' g1 c1 a445 t4   0.8689162       0.2551333       0.0759345       0.9981333       
    36:Gamma' g1 c1 a744 t7   0.9423122       0.0739362       0.5318194       0.9957608       
    37:Gamma' g1 c1 a769 t7   0.4106485       0.0257329       0.3613093       0.4618532       
    38:Gamma' g1 c1 a795 t7   0.1307956       0.0221478       0.0931494       0.1806261       
    39:Gamma' g1 c1 a1115 t   0.7902272E-25   0.0000000       0.7902272E-25   0.7902272E-25   
    40:Gamma' g1 c1 a1141 t   0.4931463       0.0566744       0.3841839       0.6027637       
    41:Gamma' g1 c1 a1167 t   0.1398265       0.0226638       0.1010092       0.1904018       
    42:Gamma' g1 c1 a1445 t   0.0653854       0.0732358       0.0066350       0.4228887       
    43:Gamma' g1 c1 a1464 t   0.3875132       0.0629044       0.2734398       0.5154163       
    44:Gamma' g1 c1 a1490 t   0.5029676E-27   0.1209673E-19  -0.2370959E-19   0.2370959E-19   
    45:p g1 s1 t1             0.2180580       0.0349556       0.1572499       0.2941725       
    46:p g1 s34 t1            0.5588788       0.0143465       0.5306004       0.5867802       
    47:p g1 s88 t1            0.4583445       0.0220816       0.4154842       0.5018302       
    48:p g1 s359 t1           0.5248281       0.0116138       0.5020293       0.5475240       
    49:p g1 s391 t1           0.6151845       0.0158501       0.5836873       0.6457450       
    50:p g1 s446 t1           0.1997753       0.0094308       0.1819302       0.2189025       
    51:p g1 s745 t1           0.5110651       0.0137429       0.4841229       0.5379431       
    52:p g1 s770 t1           0.5801995       0.0183244       0.5439204       0.6156322       
    53:p g1 s796 t1           0.5711492       0.0189656       0.5336436       0.6078550       
    54:p g1 s1116 t1          0.5473979       0.0119821       0.5238247       0.5707604       
    55:p g1 s1142 t1          0.6321196       0.0143314       0.6036096       0.6597349       
    56:p g1 s1168 t1          0.5788238       0.0193725       0.5404602       0.6162587       
    57:p g1 s1446 t1          0.5835988       0.0169591       0.5500273       0.6164124       
    58:p g1 s1465 t1          0.5366822       0.0204036       0.4965408       0.5763538       
    59:p g1 s1491 t1          0.7081005       0.0135926       0.6807637       0.7340111       
    60:p g1 s1517 t1          0.3665576       0.0103980       0.3464261       0.3871659       
    61:c g1 s1 t2             0.5250826       0.0166729       0.4923429       0.5576081       
    62:c g1 s34 t2            0.7121041       0.0107683       0.6905465       0.7327412       
    63:c g1 s88 t2            0.6694656       0.0129968       0.6435143       0.6944249       
    64:c g1 s359 t2           0.6686999       0.0101961       0.6484207       0.6883716       
    65:c g1 s391 t2           0.6197916       0.0101133       0.5997797       0.6394044       
    66:c g1 s446 t2           0.5120480       0.0173501       0.4780384       0.5459463       
    67:c g1 s745 t2           0.6458243       0.0100008       0.6259871       0.6651722       
    68:c g1 s770 t2           0.5356729       0.0120604       0.5119719       0.5592138       
    69:c g1 s796 t2           0.6981367       0.0114410       0.6752516       0.7200777       
    70:c g1 s1116 t2          0.6725011       0.0100721       0.6524633       0.6919291       
    71:c g1 s1142 t2          0.6599919       0.0095763       0.6409790       0.6785029       
    72:c g1 s1168 t2          0.5722813       0.0127404       0.5471465       0.5970484       
    73:c g1 s1446 t2          0.6222894       0.0108871       0.6007260       0.6433796       
    74:c g1 s1465 t2          0.5514988       0.0116101       0.5286509       0.5741314       

  Program  MARK  - Survival Rate Estimation with Capture-Recapture Data
   gfortran(dble/PIM2) Vers. 10.1 March 2023  20-Sep-2024 10:21:54    Page  028
 - - - - - - - - - - - - - - - - - - - - - - - - - - - - - - - - - - - - - -
 
    75:c g1 s1491 t2          0.7201629       0.0095450       0.7010784       0.7384834       
    76:c g1 s1517 t2          0.5918009       0.0207510       0.5505892       0.6317610       
    77:f0 g1 a0 s1 t0         707.64041       185.65873       426.76700       1173.3685       
    78:f0 g1 a0 s34 t0        108.88899       15.999075       81.767690       145.00607       
    79:f0 g1 a0 s88 t0        178.99583       29.910416       129.29499       247.80161       
    80:f0 g1 a0 s359 t0       167.99536       19.500754       133.91191       210.75379       
    81:f0 g1 a0 s391 t0       88.570529       15.187954       63.442448       123.65126       
    82:f0 g1 a0 s446 t0       753.06230       67.316525       632.25406       896.95403       
    83:f0 g1 a0 s745 t0       208.48603       25.196048       164.65615       263.98301       
    84:f0 g1 a0 s770 t0       89.618828       16.116169       63.174393       127.13275       
    85:f0 g1 a0 s796 t0       91.117847       16.540847       64.022217       129.68095       
    86:f0 g1 a0 s1116 t0      146.95887       18.142475       115.48028       187.01816       
    87:f0 g1 a0 s1142 t0      80.818517       13.624063       58.213021       112.20226       
    88:f0 g1 a0 s1168 t0      80.001945       15.203108       55.306053       115.72533       
    89:f0 g1 a0 s1446 t0      101.05239       16.979755       72.863769       140.14627       
    90:f0 g1 a0 s1465 t0      137.11024       23.672142       97.990662       191.84702       
    91:f0 g1 a0 s1491 t0      33.421262       7.6425255       21.470780       52.023298       
    92:f0 g1 a0 s1517 t0      612.01185       46.377780       527.65198       709.85899       


                     Estimates of Derived Parameters

 Population Estimates of { S(~time + frog_sex)Gamma''(~time)Gamma'(~time)p(~session)c(~session)f0(~session) }
                                                95% Confidence Interval
 Grp. Sess.     N-hat        Standard Error      Lower           Upper
 ---- -----  --------------  --------------  --------------  --------------
   1     1    1480.6404       185.65873       1199.7670       1946.3685    
   1     2    1273.8890       15.999075       1246.7677       1310.0061    
   1     3    1128.9958       29.910416       1079.2950       1197.8016    
   1     4    1569.9954       19.500754       1535.9119       1612.7538    
   1     5    1562.5705       15.187954       1537.4424       1597.6513    
   1     6    1470.0623       67.316525       1349.2541       1613.9540    
   1     7    1787.4860       25.196048       1743.6562       1842.9830    
   1     8    1217.6188       16.116169       1191.1744       1255.1328    
   1     9    1161.1178       16.540847       1134.0222       1199.6810    
   1    10    1589.9589       18.142475       1558.4803       1630.0182    
   1    11    1632.8185       13.624063       1610.2130       1664.2023    
   1    12    1077.0019       15.203108       1052.3061       1112.7253    
   1    13    1406.0524       16.979755       1377.8638       1445.1463    
   1    14    1383.1102       23.672142       1343.9907       1437.8470    
   1    15    1363.4213       7.6425255       1351.4708       1382.0233    
   1    16    1526.0118       46.377780       1441.6520       1623.8590    

 To compute parameter estimates, CPU Time was 0.016 seconds and System Time was 0.016 seconds.

 Attempted ordering of parameters by estimatibility:
  46 62  1 17 78 61 51 52 49 55 59 48 58 56 47 50 72 66 68 53 71 16 65 74 54
  75 76 69 57 73 63  9 32 70 23 64 27 60  6 93 24 83 67 11  5 20 12 84 29 38
  81 26 87 80  3 77 79 90 91 14 88 82 42 85 10 30 39 86  2 18 35  4 41 89 28
  33 13 19 21  7 92 22 44  8 43 37 36 15 31 34 25 45 40
 Beta number 40 is a singular value.

   For procedure estimate CPU Time was 11.766 minutes and System Time was 250.063 seconds.

  Program  MARK  - Survival Rate Estimation with Capture-Recapture Data
   gfortran(dble/PIM2) Vers. 10.1 March 2023  20-Sep-2024 10:21:54    Page  029
 - - - - - - - - - - - - - - - - - - - - - - - - - - - - - - - - - - - - - -
 


  INPUT --- proc stop;

     For this job, CPU Time in minutes was 11.767 and System Time in minutes was 4.169.

     Time Start = 10:17:44.890   Time End = 10:21:54.996

     Wall Clock Time in minutes for this job was 4.168.

     Maximum of 93 words used of 4096 words allocated.


          E X E C U T I O N   S U C C E S S F U L 
