
   Program  MARK  - Survival Rate Estimation with Capture-Recapture Data
   gfortran(dble/PIM2) Vers. 10.1 March 2023  27-Sep-2024 15:43:23    Page  001
    
 - - - - - - - - - - - - - - - - - - - - - - - - - - - - - - - - - - - - - -
 
   Welcome to MARK johnimperato on machine JOHNIMPERATD1A0 in subdirectory 
   "W:\Data and Code\Mossy-Pond\Mossy-Pond\RMark_models" running file "mark014.inp".
   This version was compiled by GCC version 12.2.0 using the options: 
     -cpp -iprefix c:\tdm-gcc-64\mingw64\bin\../lib/gcc/x86_64-w64-mingw32/12.2.0/
     -D_MT -D_REENTRANT -U_REENTRANT -D ieee -D dbleprecision -m64 -mtune=generic
     -march=x86-64 -mthreads -O3 -std=f2018 -fsignaling-nans
     -ffpe-summary=invalid,zero,overflow,underflow -funroll-loops -ffast-math
     -fall-intrinsics -fopenmp.

   This problem will use 3 of 4 possible threads.
   Static thread allocation is used.
   Schedule kind is omp_sched_dynamic with chunk size 1


  INPUT --- proc title ;

   For procedure title CPU Time was 0.001 seconds and System Time was 0.001 seconds.


  INPUT --- proc chmatrix occasions= 47 groups= 2 etype= Robust Nodes= 
  INPUT --- 101 ICMeans NoHist hist=  523 ;

  INPUT ---    time interval 0 0 1.1 0 0 1.8 0 0 9.03333333333333 0 0 
  INPUT ---    1.06666666666667 0 0 1.83333333333333  0 0 9.96666666666667 
  INPUT ---    0 0 0.833333333333333 0 0 0.866666666666667 0 0 
  INPUT ---    10.6666666666667 0 0  0.866666666666667 0 0 
  INPUT ---    0.866666666666667 0 0 9.26666666666667 0 0 
  INPUT ---    0.633333333333333 0 0  0.866666666666667 0 0 
  INPUT ---    0.866666666666667 0 ;

  INPUT ---    glabel(1)=sexF;

  INPUT ---    glabel(2)=sexM;

   * *  WARNING  * *   At least a pair of the encounter histories are duplicates. 

      Number of unique encounter histories read was 480.

      Number of individual covariates read was 0.
      Time interval lengths vary and/or not equal to 1.

      Data type number is 7
      Data type is Robust Design with Full Likelihhood p and c

   For procedure chmatrix CPU Time was 0.109 seconds and System Time was 0.109 seconds.

  Program  MARK  - Survival Rate Estimation with Capture-Recapture Data
   gfortran(dble/PIM2) Vers. 10.1 March 2023  27-Sep-2024 15:43:23    Page  002
 - - - - - - - - - - - - - - - - - - - - - - - - - - - - - - - - - - - - - -
 


  INPUT --- proc estimate link=Parm-Specific NOLOOP varest=2ndPart    ;


  INPUT --- model={ S(~time + 
  INPUT --- sex)Gamma''(~time)Gamma'(~time)p(~session)c(~session)f0(~ses
  INPUT --- sion) };

  INPUT ---    group=1 S    rows=15 cols=15 Triang ;
  INPUT ---        1 2 3 4 5 6 7 8 9 10 11 12 13 14 15 ;
  INPUT ---        2 3 4 5 6 7 8 9 10 11 12 13 14 15 ;
  INPUT ---        3 4 5 6 7 8 9 10 11 12 13 14 15 ;
  INPUT ---        4 5 6 7 8 9 10 11 12 13 14 15 ;
  INPUT ---        5 6 7 8 9 10 11 12 13 14 15 ;
  INPUT ---        6 7 8 9 10 11 12 13 14 15 ;
  INPUT ---        7 8 9 10 11 12 13 14 15 ;
  INPUT ---        8 9 10 11 12 13 14 15 ;
  INPUT ---        9 10 11 12 13 14 15 ;
  INPUT ---        10 11 12 13 14 15 ;
  INPUT ---        11 12 13 14 15 ;
  INPUT ---        12 13 14 15 ;
  INPUT ---        13 14 15 ;
  INPUT ---        14 15 ;
  INPUT ---        15 ;

  INPUT ---    group=2 S    rows=15 cols=15 Triang ;
  INPUT ---        16 17 18 19 20 21 22 23 24 25 26 27 28 29 30 ;
  INPUT ---        17 18 19 20 21 22 23 24 25 26 27 28 29 30 ;
  INPUT ---        18 19 20 21 22 23 24 25 26 27 28 29 30 ;
  INPUT ---        19 20 21 22 23 24 25 26 27 28 29 30 ;
  INPUT ---        20 21 22 23 24 25 26 27 28 29 30 ;
  INPUT ---        21 22 23 24 25 26 27 28 29 30 ;
  INPUT ---        22 23 24 25 26 27 28 29 30 ;
  INPUT ---        23 24 25 26 27 28 29 30 ;
  INPUT ---        24 25 26 27 28 29 30 ;
  INPUT ---        25 26 27 28 29 30 ;
  INPUT ---        26 27 28 29 30 ;
  INPUT ---        27 28 29 30 ;
  INPUT ---        28 29 30 ;
  INPUT ---        29 30 ;
  INPUT ---        30 ;

  INPUT ---    group=1 Gamma''    rows=15 cols=15 Triang ;
  INPUT ---        31 32 33 34 35 36 37 38 39 40 41 42 43 44 45 ;
  INPUT ---        32 33 34 35 36 37 38 39 40 41 42 43 44 45 ;

  Program  MARK  - Survival Rate Estimation with Capture-Recapture Data
   gfortran(dble/PIM2) Vers. 10.1 March 2023  27-Sep-2024 15:43:23    Page  003
 - - - - - - - - - - - - - - - - - - - - - - - - - - - - - - - - - - - - - -
 
  INPUT ---        33 34 35 36 37 38 39 40 41 42 43 44 45 ;
  INPUT ---        34 35 36 37 38 39 40 41 42 43 44 45 ;
  INPUT ---        35 36 37 38 39 40 41 42 43 44 45 ;
  INPUT ---        36 37 38 39 40 41 42 43 44 45 ;
  INPUT ---        37 38 39 40 41 42 43 44 45 ;
  INPUT ---        38 39 40 41 42 43 44 45 ;
  INPUT ---        39 40 41 42 43 44 45 ;
  INPUT ---        40 41 42 43 44 45 ;
  INPUT ---        41 42 43 44 45 ;
  INPUT ---        42 43 44 45 ;
  INPUT ---        43 44 45 ;
  INPUT ---        44 45 ;
  INPUT ---        45 ;

  INPUT ---    group=2 Gamma''    rows=15 cols=15 Triang ;
  INPUT ---        31 32 33 34 35 36 37 38 39 40 41 42 43 44 45 ;
  INPUT ---        32 33 34 35 36 37 38 39 40 41 42 43 44 45 ;
  INPUT ---        33 34 35 36 37 38 39 40 41 42 43 44 45 ;
  INPUT ---        34 35 36 37 38 39 40 41 42 43 44 45 ;
  INPUT ---        35 36 37 38 39 40 41 42 43 44 45 ;
  INPUT ---        36 37 38 39 40 41 42 43 44 45 ;
  INPUT ---        37 38 39 40 41 42 43 44 45 ;
  INPUT ---        38 39 40 41 42 43 44 45 ;
  INPUT ---        39 40 41 42 43 44 45 ;
  INPUT ---        40 41 42 43 44 45 ;
  INPUT ---        41 42 43 44 45 ;
  INPUT ---        42 43 44 45 ;
  INPUT ---        43 44 45 ;
  INPUT ---        44 45 ;
  INPUT ---        45 ;

  INPUT ---    group=1 Gamma'    rows=14 cols=14 Triang ;
  INPUT ---        46 47 48 49 50 51 52 53 54 55 56 57 58 59 ;
  INPUT ---        47 48 49 50 51 52 53 54 55 56 57 58 59 ;
  INPUT ---        48 49 50 51 52 53 54 55 56 57 58 59 ;
  INPUT ---        49 50 51 52 53 54 55 56 57 58 59 ;
  INPUT ---        50 51 52 53 54 55 56 57 58 59 ;
  INPUT ---        51 52 53 54 55 56 57 58 59 ;
  INPUT ---        52 53 54 55 56 57 58 59 ;
  INPUT ---        53 54 55 56 57 58 59 ;
  INPUT ---        54 55 56 57 58 59 ;
  INPUT ---        55 56 57 58 59 ;
  INPUT ---        56 57 58 59 ;
  INPUT ---        57 58 59 ;
  INPUT ---        58 59 ;
  INPUT ---        59 ;

  Program  MARK  - Survival Rate Estimation with Capture-Recapture Data
   gfortran(dble/PIM2) Vers. 10.1 March 2023  27-Sep-2024 15:43:23    Page  004
 - - - - - - - - - - - - - - - - - - - - - - - - - - - - - - - - - - - - - -
 

  INPUT ---    group=2 Gamma'    rows=14 cols=14 Triang ;
  INPUT ---        46 47 48 49 50 51 52 53 54 55 56 57 58 59 ;
  INPUT ---        47 48 49 50 51 52 53 54 55 56 57 58 59 ;
  INPUT ---        48 49 50 51 52 53 54 55 56 57 58 59 ;
  INPUT ---        49 50 51 52 53 54 55 56 57 58 59 ;
  INPUT ---        50 51 52 53 54 55 56 57 58 59 ;
  INPUT ---        51 52 53 54 55 56 57 58 59 ;
  INPUT ---        52 53 54 55 56 57 58 59 ;
  INPUT ---        53 54 55 56 57 58 59 ;
  INPUT ---        54 55 56 57 58 59 ;
  INPUT ---        55 56 57 58 59 ;
  INPUT ---        56 57 58 59 ;
  INPUT ---        57 58 59 ;
  INPUT ---        58 59 ;
  INPUT ---        59 ;

  INPUT ---    group=1 p  Session 1  rows=1 cols=3 Square ;
  INPUT ---        60 60 60 ;

  INPUT ---    group=1 p  Session 2  rows=1 cols=3 Square ;
  INPUT ---        61 61 61 ;

  INPUT ---    group=1 p  Session 3  rows=1 cols=3 Square ;
  INPUT ---        62 62 62 ;

  INPUT ---    group=1 p  Session 4  rows=1 cols=3 Square ;
  INPUT ---        63 63 63 ;

  INPUT ---    group=1 p  Session 5  rows=1 cols=3 Square ;
  INPUT ---        64 64 64 ;

  INPUT ---    group=1 p  Session 6  rows=1 cols=3 Square ;
  INPUT ---        65 65 65 ;

  INPUT ---    group=1 p  Session 7  rows=1 cols=3 Square ;
  INPUT ---        66 66 66 ;

  INPUT ---    group=1 p  Session 8  rows=1 cols=3 Square ;
  INPUT ---        67 67 67 ;

  INPUT ---    group=1 p  Session 9  rows=1 cols=3 Square ;
  INPUT ---        68 68 68 ;

  INPUT ---    group=1 p  Session 10  rows=1 cols=3 Square ;
  INPUT ---        69 69 69 ;

  Program  MARK  - Survival Rate Estimation with Capture-Recapture Data
   gfortran(dble/PIM2) Vers. 10.1 March 2023  27-Sep-2024 15:43:23    Page  005
 - - - - - - - - - - - - - - - - - - - - - - - - - - - - - - - - - - - - - -
 

  INPUT ---    group=1 p  Session 11  rows=1 cols=3 Square ;
  INPUT ---        70 70 70 ;

  INPUT ---    group=1 p  Session 12  rows=1 cols=3 Square ;
  INPUT ---        71 71 71 ;

  INPUT ---    group=1 p  Session 13  rows=1 cols=3 Square ;
  INPUT ---        72 72 72 ;

  INPUT ---    group=1 p  Session 14  rows=1 cols=3 Square ;
  INPUT ---        73 73 73 ;

  INPUT ---    group=1 p  Session 15  rows=1 cols=3 Square ;
  INPUT ---        74 74 74 ;

  INPUT ---    group=1 p  Session 16  rows=1 cols=2 Square ;
  INPUT ---        75 75 ;

  INPUT ---    group=2 p  Session 1  rows=1 cols=3 Square ;
  INPUT ---        60 60 60 ;

  INPUT ---    group=2 p  Session 2  rows=1 cols=3 Square ;
  INPUT ---        61 61 61 ;

  INPUT ---    group=2 p  Session 3  rows=1 cols=3 Square ;
  INPUT ---        62 62 62 ;

  INPUT ---    group=2 p  Session 4  rows=1 cols=3 Square ;
  INPUT ---        63 63 63 ;

  INPUT ---    group=2 p  Session 5  rows=1 cols=3 Square ;
  INPUT ---        64 64 64 ;

  INPUT ---    group=2 p  Session 6  rows=1 cols=3 Square ;
  INPUT ---        65 65 65 ;

  INPUT ---    group=2 p  Session 7  rows=1 cols=3 Square ;
  INPUT ---        66 66 66 ;

  INPUT ---    group=2 p  Session 8  rows=1 cols=3 Square ;
  INPUT ---        67 67 67 ;

  INPUT ---    group=2 p  Session 9  rows=1 cols=3 Square ;
  INPUT ---        68 68 68 ;


  Program  MARK  - Survival Rate Estimation with Capture-Recapture Data
   gfortran(dble/PIM2) Vers. 10.1 March 2023  27-Sep-2024 15:43:23    Page  006
 - - - - - - - - - - - - - - - - - - - - - - - - - - - - - - - - - - - - - -
 
  INPUT ---    group=2 p  Session 10  rows=1 cols=3 Square ;
  INPUT ---        69 69 69 ;

  INPUT ---    group=2 p  Session 11  rows=1 cols=3 Square ;
  INPUT ---        70 70 70 ;

  INPUT ---    group=2 p  Session 12  rows=1 cols=3 Square ;
  INPUT ---        71 71 71 ;

  INPUT ---    group=2 p  Session 13  rows=1 cols=3 Square ;
  INPUT ---        72 72 72 ;

  INPUT ---    group=2 p  Session 14  rows=1 cols=3 Square ;
  INPUT ---        73 73 73 ;

  INPUT ---    group=2 p  Session 15  rows=1 cols=3 Square ;
  INPUT ---        74 74 74 ;

  INPUT ---    group=2 p  Session 16  rows=1 cols=2 Square ;
  INPUT ---        75 75 ;

  INPUT ---    group=1 c  Session 1  rows=1 cols=2 Square ;
  INPUT ---        76 76 ;

  INPUT ---    group=1 c  Session 2  rows=1 cols=2 Square ;
  INPUT ---        77 77 ;

  INPUT ---    group=1 c  Session 3  rows=1 cols=2 Square ;
  INPUT ---        78 78 ;

  INPUT ---    group=1 c  Session 4  rows=1 cols=2 Square ;
  INPUT ---        79 79 ;

  INPUT ---    group=1 c  Session 5  rows=1 cols=2 Square ;
  INPUT ---        80 80 ;

  INPUT ---    group=1 c  Session 6  rows=1 cols=2 Square ;
  INPUT ---        81 81 ;

  INPUT ---    group=1 c  Session 7  rows=1 cols=2 Square ;
  INPUT ---        82 82 ;

  INPUT ---    group=1 c  Session 8  rows=1 cols=2 Square ;
  INPUT ---        83 83 ;

  INPUT ---    group=1 c  Session 9  rows=1 cols=2 Square ;

  Program  MARK  - Survival Rate Estimation with Capture-Recapture Data
   gfortran(dble/PIM2) Vers. 10.1 March 2023  27-Sep-2024 15:43:23    Page  007
 - - - - - - - - - - - - - - - - - - - - - - - - - - - - - - - - - - - - - -
 
  INPUT ---        84 84 ;

  INPUT ---    group=1 c  Session 10  rows=1 cols=2 Square ;
  INPUT ---        85 85 ;

  INPUT ---    group=1 c  Session 11  rows=1 cols=2 Square ;
  INPUT ---        86 86 ;

  INPUT ---    group=1 c  Session 12  rows=1 cols=2 Square ;
  INPUT ---        87 87 ;

  INPUT ---    group=1 c  Session 13  rows=1 cols=2 Square ;
  INPUT ---        88 88 ;

  INPUT ---    group=1 c  Session 14  rows=1 cols=2 Square ;
  INPUT ---        89 89 ;

  INPUT ---    group=1 c  Session 15  rows=1 cols=2 Square ;
  INPUT ---        90 90 ;

  INPUT ---    group=1 c  Session 16  rows=1 cols=1 Square ;
  INPUT ---        91 ;

  INPUT ---    group=2 c  Session 1  rows=1 cols=2 Square ;
  INPUT ---        76 76 ;

  INPUT ---    group=2 c  Session 2  rows=1 cols=2 Square ;
  INPUT ---        77 77 ;

  INPUT ---    group=2 c  Session 3  rows=1 cols=2 Square ;
  INPUT ---        78 78 ;

  INPUT ---    group=2 c  Session 4  rows=1 cols=2 Square ;
  INPUT ---        79 79 ;

  INPUT ---    group=2 c  Session 5  rows=1 cols=2 Square ;
  INPUT ---        80 80 ;

  INPUT ---    group=2 c  Session 6  rows=1 cols=2 Square ;
  INPUT ---        81 81 ;

  INPUT ---    group=2 c  Session 7  rows=1 cols=2 Square ;
  INPUT ---        82 82 ;

  INPUT ---    group=2 c  Session 8  rows=1 cols=2 Square ;
  INPUT ---        83 83 ;

  Program  MARK  - Survival Rate Estimation with Capture-Recapture Data
   gfortran(dble/PIM2) Vers. 10.1 March 2023  27-Sep-2024 15:43:23    Page  008
 - - - - - - - - - - - - - - - - - - - - - - - - - - - - - - - - - - - - - -
 

  INPUT ---    group=2 c  Session 9  rows=1 cols=2 Square ;
  INPUT ---        84 84 ;

  INPUT ---    group=2 c  Session 10  rows=1 cols=2 Square ;
  INPUT ---        85 85 ;

  INPUT ---    group=2 c  Session 11  rows=1 cols=2 Square ;
  INPUT ---        86 86 ;

  INPUT ---    group=2 c  Session 12  rows=1 cols=2 Square ;
  INPUT ---        87 87 ;

  INPUT ---    group=2 c  Session 13  rows=1 cols=2 Square ;
  INPUT ---        88 88 ;

  INPUT ---    group=2 c  Session 14  rows=1 cols=2 Square ;
  INPUT ---        89 89 ;

  INPUT ---    group=2 c  Session 15  rows=1 cols=2 Square ;
  INPUT ---        90 90 ;

  INPUT ---    group=2 c  Session 16  rows=1 cols=1 Square ;
  INPUT ---        91 ;

  INPUT ---    group=1 f0  Session 1  rows=1 cols=1 Square ;
  INPUT ---        92 ;

  INPUT ---    group=1 f0  Session 2  rows=1 cols=1 Square ;
  INPUT ---        93 ;

  INPUT ---    group=1 f0  Session 3  rows=1 cols=1 Square ;
  INPUT ---        94 ;

  INPUT ---    group=1 f0  Session 4  rows=1 cols=1 Square ;
  INPUT ---        95 ;

  INPUT ---    group=1 f0  Session 5  rows=1 cols=1 Square ;
  INPUT ---        96 ;

  INPUT ---    group=1 f0  Session 6  rows=1 cols=1 Square ;
  INPUT ---        97 ;

  INPUT ---    group=1 f0  Session 7  rows=1 cols=1 Square ;
  INPUT ---        98 ;


  Program  MARK  - Survival Rate Estimation with Capture-Recapture Data
   gfortran(dble/PIM2) Vers. 10.1 March 2023  27-Sep-2024 15:43:23    Page  009
 - - - - - - - - - - - - - - - - - - - - - - - - - - - - - - - - - - - - - -
 
  INPUT ---    group=1 f0  Session 8  rows=1 cols=1 Square ;
  INPUT ---        99 ;

  INPUT ---    group=1 f0  Session 9  rows=1 cols=1 Square ;
  INPUT ---        100 ;

  INPUT ---    group=1 f0  Session 10  rows=1 cols=1 Square ;
  INPUT ---        101 ;

  INPUT ---    group=1 f0  Session 11  rows=1 cols=1 Square ;
  INPUT ---        102 ;

  INPUT ---    group=1 f0  Session 12  rows=1 cols=1 Square ;
  INPUT ---        103 ;

  INPUT ---    group=1 f0  Session 13  rows=1 cols=1 Square ;
  INPUT ---        104 ;

  INPUT ---    group=1 f0  Session 14  rows=1 cols=1 Square ;
  INPUT ---        105 ;

  INPUT ---    group=1 f0  Session 15  rows=1 cols=1 Square ;
  INPUT ---        106 ;

  INPUT ---    group=1 f0  Session 16  rows=1 cols=1 Square ;
  INPUT ---        107 ;

  INPUT ---    group=2 f0  Session 1  rows=1 cols=1 Square ;
  INPUT ---        92 ;

  INPUT ---    group=2 f0  Session 2  rows=1 cols=1 Square ;
  INPUT ---        93 ;

  INPUT ---    group=2 f0  Session 3  rows=1 cols=1 Square ;
  INPUT ---        94 ;

  INPUT ---    group=2 f0  Session 4  rows=1 cols=1 Square ;
  INPUT ---        95 ;

  INPUT ---    group=2 f0  Session 5  rows=1 cols=1 Square ;
  INPUT ---        96 ;

  INPUT ---    group=2 f0  Session 6  rows=1 cols=1 Square ;
  INPUT ---        97 ;

  INPUT ---    group=2 f0  Session 7  rows=1 cols=1 Square ;

  Program  MARK  - Survival Rate Estimation with Capture-Recapture Data
   gfortran(dble/PIM2) Vers. 10.1 March 2023  27-Sep-2024 15:43:23    Page  010
 - - - - - - - - - - - - - - - - - - - - - - - - - - - - - - - - - - - - - -
 
  INPUT ---        98 ;

  INPUT ---    group=2 f0  Session 8  rows=1 cols=1 Square ;
  INPUT ---        99 ;

  INPUT ---    group=2 f0  Session 9  rows=1 cols=1 Square ;
  INPUT ---        100 ;

  INPUT ---    group=2 f0  Session 10  rows=1 cols=1 Square ;
  INPUT ---        101 ;

  INPUT ---    group=2 f0  Session 11  rows=1 cols=1 Square ;
  INPUT ---        102 ;

  INPUT ---    group=2 f0  Session 12  rows=1 cols=1 Square ;
  INPUT ---        103 ;

  INPUT ---    group=2 f0  Session 13  rows=1 cols=1 Square ;
  INPUT ---        104 ;

  INPUT ---    group=2 f0  Session 14  rows=1 cols=1 Square ;
  INPUT ---        105 ;

  INPUT ---    group=2 f0  Session 15  rows=1 cols=1 Square ;
  INPUT ---        106 ;

  INPUT ---    group=2 f0  Session 16  rows=1 cols=1 Square ;
  INPUT ---        107 ;

  INPUT ---    design matrix constraints=107 covariates=93;
  INPUT ---        1 0 0 0 0 0 0 0 0 0 0 0 0 0 0 0 0 0 0 0 0 0 0 0 0 0 0 0 0 
  INPUT ---       0 0 0 0 0 0 0 0 0 0 0 0 0 0 0 0 0 0 0 0 0 0 0 0 0 0 0 0 0 0 
  INPUT ---       0 0 0 0 0 0 0 0 0 0 0 0 0 0 0 0 0 0 0 0 0 0 0 0 0 0 0 0 0 0 
  INPUT ---       0 0 0 0;
  INPUT ---        1 1 0 0 0 0 0 0 0 0 0 0 0 0 0 0 0 0 0 0 0 0 0 0 0 0 0 0 0 
  INPUT ---       0 0 0 0 0 0 0 0 0 0 0 0 0 0 0 0 0 0 0 0 0 0 0 0 0 0 0 0 0 0 
  INPUT ---       0 0 0 0 0 0 0 0 0 0 0 0 0 0 0 0 0 0 0 0 0 0 0 0 0 0 0 0 0 0 
  INPUT ---       0 0 0 0;
  INPUT ---        1 0 1 0 0 0 0 0 0 0 0 0 0 0 0 0 0 0 0 0 0 0 0 0 0 0 0 0 0 
  INPUT ---       0 0 0 0 0 0 0 0 0 0 0 0 0 0 0 0 0 0 0 0 0 0 0 0 0 0 0 0 0 0 
  INPUT ---       0 0 0 0 0 0 0 0 0 0 0 0 0 0 0 0 0 0 0 0 0 0 0 0 0 0 0 0 0 0 
  INPUT ---       0 0 0 0;
  INPUT ---        1 0 0 1 0 0 0 0 0 0 0 0 0 0 0 0 0 0 0 0 0 0 0 0 0 0 0 0 0 
  INPUT ---       0 0 0 0 0 0 0 0 0 0 0 0 0 0 0 0 0 0 0 0 0 0 0 0 0 0 0 0 0 0 
  INPUT ---       0 0 0 0 0 0 0 0 0 0 0 0 0 0 0 0 0 0 0 0 0 0 0 0 0 0 0 0 0 0 
  INPUT ---       0 0 0 0;

  Program  MARK  - Survival Rate Estimation with Capture-Recapture Data
   gfortran(dble/PIM2) Vers. 10.1 March 2023  27-Sep-2024 15:43:23    Page  011
 - - - - - - - - - - - - - - - - - - - - - - - - - - - - - - - - - - - - - -
 
  INPUT ---        1 0 0 0 1 0 0 0 0 0 0 0 0 0 0 0 0 0 0 0 0 0 0 0 0 0 0 0 0 
  INPUT ---       0 0 0 0 0 0 0 0 0 0 0 0 0 0 0 0 0 0 0 0 0 0 0 0 0 0 0 0 0 0 
  INPUT ---       0 0 0 0 0 0 0 0 0 0 0 0 0 0 0 0 0 0 0 0 0 0 0 0 0 0 0 0 0 0 
  INPUT ---       0 0 0 0;
  INPUT ---        1 0 0 0 0 1 0 0 0 0 0 0 0 0 0 0 0 0 0 0 0 0 0 0 0 0 0 0 0 
  INPUT ---       0 0 0 0 0 0 0 0 0 0 0 0 0 0 0 0 0 0 0 0 0 0 0 0 0 0 0 0 0 0 
  INPUT ---       0 0 0 0 0 0 0 0 0 0 0 0 0 0 0 0 0 0 0 0 0 0 0 0 0 0 0 0 0 0 
  INPUT ---       0 0 0 0;
  INPUT ---        1 0 0 0 0 0 1 0 0 0 0 0 0 0 0 0 0 0 0 0 0 0 0 0 0 0 0 0 0 
  INPUT ---       0 0 0 0 0 0 0 0 0 0 0 0 0 0 0 0 0 0 0 0 0 0 0 0 0 0 0 0 0 0 
  INPUT ---       0 0 0 0 0 0 0 0 0 0 0 0 0 0 0 0 0 0 0 0 0 0 0 0 0 0 0 0 0 0 
  INPUT ---       0 0 0 0;
  INPUT ---        1 0 0 0 0 0 0 1 0 0 0 0 0 0 0 0 0 0 0 0 0 0 0 0 0 0 0 0 0 
  INPUT ---       0 0 0 0 0 0 0 0 0 0 0 0 0 0 0 0 0 0 0 0 0 0 0 0 0 0 0 0 0 0 
  INPUT ---       0 0 0 0 0 0 0 0 0 0 0 0 0 0 0 0 0 0 0 0 0 0 0 0 0 0 0 0 0 0 
  INPUT ---       0 0 0 0;
  INPUT ---        1 0 0 0 0 0 0 0 1 0 0 0 0 0 0 0 0 0 0 0 0 0 0 0 0 0 0 0 0 
  INPUT ---       0 0 0 0 0 0 0 0 0 0 0 0 0 0 0 0 0 0 0 0 0 0 0 0 0 0 0 0 0 0 
  INPUT ---       0 0 0 0 0 0 0 0 0 0 0 0 0 0 0 0 0 0 0 0 0 0 0 0 0 0 0 0 0 0 
  INPUT ---       0 0 0 0;
  INPUT ---        1 0 0 0 0 0 0 0 0 1 0 0 0 0 0 0 0 0 0 0 0 0 0 0 0 0 0 0 0 
  INPUT ---       0 0 0 0 0 0 0 0 0 0 0 0 0 0 0 0 0 0 0 0 0 0 0 0 0 0 0 0 0 0 
  INPUT ---       0 0 0 0 0 0 0 0 0 0 0 0 0 0 0 0 0 0 0 0 0 0 0 0 0 0 0 0 0 0 
  INPUT ---       0 0 0 0;
  INPUT ---        1 0 0 0 0 0 0 0 0 0 1 0 0 0 0 0 0 0 0 0 0 0 0 0 0 0 0 0 0 
  INPUT ---       0 0 0 0 0 0 0 0 0 0 0 0 0 0 0 0 0 0 0 0 0 0 0 0 0 0 0 0 0 0 
  INPUT ---       0 0 0 0 0 0 0 0 0 0 0 0 0 0 0 0 0 0 0 0 0 0 0 0 0 0 0 0 0 0 
  INPUT ---       0 0 0 0;
  INPUT ---        1 0 0 0 0 0 0 0 0 0 0 1 0 0 0 0 0 0 0 0 0 0 0 0 0 0 0 0 0 
  INPUT ---       0 0 0 0 0 0 0 0 0 0 0 0 0 0 0 0 0 0 0 0 0 0 0 0 0 0 0 0 0 0 
  INPUT ---       0 0 0 0 0 0 0 0 0 0 0 0 0 0 0 0 0 0 0 0 0 0 0 0 0 0 0 0 0 0 
  INPUT ---       0 0 0 0;
  INPUT ---        1 0 0 0 0 0 0 0 0 0 0 0 1 0 0 0 0 0 0 0 0 0 0 0 0 0 0 0 0 
  INPUT ---       0 0 0 0 0 0 0 0 0 0 0 0 0 0 0 0 0 0 0 0 0 0 0 0 0 0 0 0 0 0 
  INPUT ---       0 0 0 0 0 0 0 0 0 0 0 0 0 0 0 0 0 0 0 0 0 0 0 0 0 0 0 0 0 0 
  INPUT ---       0 0 0 0;
  INPUT ---        1 0 0 0 0 0 0 0 0 0 0 0 0 1 0 0 0 0 0 0 0 0 0 0 0 0 0 0 0 
  INPUT ---       0 0 0 0 0 0 0 0 0 0 0 0 0 0 0 0 0 0 0 0 0 0 0 0 0 0 0 0 0 0 
  INPUT ---       0 0 0 0 0 0 0 0 0 0 0 0 0 0 0 0 0 0 0 0 0 0 0 0 0 0 0 0 0 0 
  INPUT ---       0 0 0 0;
  INPUT ---        1 0 0 0 0 0 0 0 0 0 0 0 0 0 1 0 0 0 0 0 0 0 0 0 0 0 0 0 0 
  INPUT ---       0 0 0 0 0 0 0 0 0 0 0 0 0 0 0 0 0 0 0 0 0 0 0 0 0 0 0 0 0 0 
  INPUT ---       0 0 0 0 0 0 0 0 0 0 0 0 0 0 0 0 0 0 0 0 0 0 0 0 0 0 0 0 0 0 
  INPUT ---       0 0 0 0;
  INPUT ---        1 0 0 0 0 0 0 0 0 0 0 0 0 0 0 1 0 0 0 0 0 0 0 0 0 0 0 0 0 
  INPUT ---       0 0 0 0 0 0 0 0 0 0 0 0 0 0 0 0 0 0 0 0 0 0 0 0 0 0 0 0 0 0 

  Program  MARK  - Survival Rate Estimation with Capture-Recapture Data
   gfortran(dble/PIM2) Vers. 10.1 March 2023  27-Sep-2024 15:43:23    Page  012
 - - - - - - - - - - - - - - - - - - - - - - - - - - - - - - - - - - - - - -
 
  INPUT ---       0 0 0 0 0 0 0 0 0 0 0 0 0 0 0 0 0 0 0 0 0 0 0 0 0 0 0 0 0 0 
  INPUT ---       0 0 0 0;
  INPUT ---        1 1 0 0 0 0 0 0 0 0 0 0 0 0 0 1 0 0 0 0 0 0 0 0 0 0 0 0 0 
  INPUT ---       0 0 0 0 0 0 0 0 0 0 0 0 0 0 0 0 0 0 0 0 0 0 0 0 0 0 0 0 0 0 
  INPUT ---       0 0 0 0 0 0 0 0 0 0 0 0 0 0 0 0 0 0 0 0 0 0 0 0 0 0 0 0 0 0 
  INPUT ---       0 0 0 0;
  INPUT ---        1 0 1 0 0 0 0 0 0 0 0 0 0 0 0 1 0 0 0 0 0 0 0 0 0 0 0 0 0 
  INPUT ---       0 0 0 0 0 0 0 0 0 0 0 0 0 0 0 0 0 0 0 0 0 0 0 0 0 0 0 0 0 0 
  INPUT ---       0 0 0 0 0 0 0 0 0 0 0 0 0 0 0 0 0 0 0 0 0 0 0 0 0 0 0 0 0 0 
  INPUT ---       0 0 0 0;
  INPUT ---        1 0 0 1 0 0 0 0 0 0 0 0 0 0 0 1 0 0 0 0 0 0 0 0 0 0 0 0 0 
  INPUT ---       0 0 0 0 0 0 0 0 0 0 0 0 0 0 0 0 0 0 0 0 0 0 0 0 0 0 0 0 0 0 
  INPUT ---       0 0 0 0 0 0 0 0 0 0 0 0 0 0 0 0 0 0 0 0 0 0 0 0 0 0 0 0 0 0 
  INPUT ---       0 0 0 0;
  INPUT ---        1 0 0 0 1 0 0 0 0 0 0 0 0 0 0 1 0 0 0 0 0 0 0 0 0 0 0 0 0 
  INPUT ---       0 0 0 0 0 0 0 0 0 0 0 0 0 0 0 0 0 0 0 0 0 0 0 0 0 0 0 0 0 0 
  INPUT ---       0 0 0 0 0 0 0 0 0 0 0 0 0 0 0 0 0 0 0 0 0 0 0 0 0 0 0 0 0 0 
  INPUT ---       0 0 0 0;
  INPUT ---        1 0 0 0 0 1 0 0 0 0 0 0 0 0 0 1 0 0 0 0 0 0 0 0 0 0 0 0 0 
  INPUT ---       0 0 0 0 0 0 0 0 0 0 0 0 0 0 0 0 0 0 0 0 0 0 0 0 0 0 0 0 0 0 
  INPUT ---       0 0 0 0 0 0 0 0 0 0 0 0 0 0 0 0 0 0 0 0 0 0 0 0 0 0 0 0 0 0 
  INPUT ---       0 0 0 0;
  INPUT ---        1 0 0 0 0 0 1 0 0 0 0 0 0 0 0 1 0 0 0 0 0 0 0 0 0 0 0 0 0 
  INPUT ---       0 0 0 0 0 0 0 0 0 0 0 0 0 0 0 0 0 0 0 0 0 0 0 0 0 0 0 0 0 0 
  INPUT ---       0 0 0 0 0 0 0 0 0 0 0 0 0 0 0 0 0 0 0 0 0 0 0 0 0 0 0 0 0 0 
  INPUT ---       0 0 0 0;
  INPUT ---        1 0 0 0 0 0 0 1 0 0 0 0 0 0 0 1 0 0 0 0 0 0 0 0 0 0 0 0 0 
  INPUT ---       0 0 0 0 0 0 0 0 0 0 0 0 0 0 0 0 0 0 0 0 0 0 0 0 0 0 0 0 0 0 
  INPUT ---       0 0 0 0 0 0 0 0 0 0 0 0 0 0 0 0 0 0 0 0 0 0 0 0 0 0 0 0 0 0 
  INPUT ---       0 0 0 0;
  INPUT ---        1 0 0 0 0 0 0 0 1 0 0 0 0 0 0 1 0 0 0 0 0 0 0 0 0 0 0 0 0 
  INPUT ---       0 0 0 0 0 0 0 0 0 0 0 0 0 0 0 0 0 0 0 0 0 0 0 0 0 0 0 0 0 0 
  INPUT ---       0 0 0 0 0 0 0 0 0 0 0 0 0 0 0 0 0 0 0 0 0 0 0 0 0 0 0 0 0 0 
  INPUT ---       0 0 0 0;
  INPUT ---        1 0 0 0 0 0 0 0 0 1 0 0 0 0 0 1 0 0 0 0 0 0 0 0 0 0 0 0 0 
  INPUT ---       0 0 0 0 0 0 0 0 0 0 0 0 0 0 0 0 0 0 0 0 0 0 0 0 0 0 0 0 0 0 
  INPUT ---       0 0 0 0 0 0 0 0 0 0 0 0 0 0 0 0 0 0 0 0 0 0 0 0 0 0 0 0 0 0 
  INPUT ---       0 0 0 0;
  INPUT ---        1 0 0 0 0 0 0 0 0 0 1 0 0 0 0 1 0 0 0 0 0 0 0 0 0 0 0 0 0 
  INPUT ---       0 0 0 0 0 0 0 0 0 0 0 0 0 0 0 0 0 0 0 0 0 0 0 0 0 0 0 0 0 0 
  INPUT ---       0 0 0 0 0 0 0 0 0 0 0 0 0 0 0 0 0 0 0 0 0 0 0 0 0 0 0 0 0 0 
  INPUT ---       0 0 0 0;
  INPUT ---        1 0 0 0 0 0 0 0 0 0 0 1 0 0 0 1 0 0 0 0 0 0 0 0 0 0 0 0 0 
  INPUT ---       0 0 0 0 0 0 0 0 0 0 0 0 0 0 0 0 0 0 0 0 0 0 0 0 0 0 0 0 0 0 
  INPUT ---       0 0 0 0 0 0 0 0 0 0 0 0 0 0 0 0 0 0 0 0 0 0 0 0 0 0 0 0 0 0 
  INPUT ---       0 0 0 0;

  Program  MARK  - Survival Rate Estimation with Capture-Recapture Data
   gfortran(dble/PIM2) Vers. 10.1 March 2023  27-Sep-2024 15:43:23    Page  013
 - - - - - - - - - - - - - - - - - - - - - - - - - - - - - - - - - - - - - -
 
  INPUT ---        1 0 0 0 0 0 0 0 0 0 0 0 1 0 0 1 0 0 0 0 0 0 0 0 0 0 0 0 0 
  INPUT ---       0 0 0 0 0 0 0 0 0 0 0 0 0 0 0 0 0 0 0 0 0 0 0 0 0 0 0 0 0 0 
  INPUT ---       0 0 0 0 0 0 0 0 0 0 0 0 0 0 0 0 0 0 0 0 0 0 0 0 0 0 0 0 0 0 
  INPUT ---       0 0 0 0;
  INPUT ---        1 0 0 0 0 0 0 0 0 0 0 0 0 1 0 1 0 0 0 0 0 0 0 0 0 0 0 0 0 
  INPUT ---       0 0 0 0 0 0 0 0 0 0 0 0 0 0 0 0 0 0 0 0 0 0 0 0 0 0 0 0 0 0 
  INPUT ---       0 0 0 0 0 0 0 0 0 0 0 0 0 0 0 0 0 0 0 0 0 0 0 0 0 0 0 0 0 0 
  INPUT ---       0 0 0 0;
  INPUT ---        1 0 0 0 0 0 0 0 0 0 0 0 0 0 1 1 0 0 0 0 0 0 0 0 0 0 0 0 0 
  INPUT ---       0 0 0 0 0 0 0 0 0 0 0 0 0 0 0 0 0 0 0 0 0 0 0 0 0 0 0 0 0 0 
  INPUT ---       0 0 0 0 0 0 0 0 0 0 0 0 0 0 0 0 0 0 0 0 0 0 0 0 0 0 0 0 0 0 
  INPUT ---       0 0 0 0;
  INPUT ---        0 0 0 0 0 0 0 0 0 0 0 0 0 0 0 0 1 0 0 0 0 0 0 0 0 0 0 0 0 
  INPUT ---       0 0 0 0 0 0 0 0 0 0 0 0 0 0 0 0 0 0 0 0 0 0 0 0 0 0 0 0 0 0 
  INPUT ---       0 0 0 0 0 0 0 0 0 0 0 0 0 0 0 0 0 0 0 0 0 0 0 0 0 0 0 0 0 0 
  INPUT ---       0 0 0 0;
  INPUT ---        0 0 0 0 0 0 0 0 0 0 0 0 0 0 0 0 1 1 0 0 0 0 0 0 0 0 0 0 0 
  INPUT ---       0 0 0 0 0 0 0 0 0 0 0 0 0 0 0 0 0 0 0 0 0 0 0 0 0 0 0 0 0 0 
  INPUT ---       0 0 0 0 0 0 0 0 0 0 0 0 0 0 0 0 0 0 0 0 0 0 0 0 0 0 0 0 0 0 
  INPUT ---       0 0 0 0;
  INPUT ---        0 0 0 0 0 0 0 0 0 0 0 0 0 0 0 0 1 0 1 0 0 0 0 0 0 0 0 0 0 
  INPUT ---       0 0 0 0 0 0 0 0 0 0 0 0 0 0 0 0 0 0 0 0 0 0 0 0 0 0 0 0 0 0 
  INPUT ---       0 0 0 0 0 0 0 0 0 0 0 0 0 0 0 0 0 0 0 0 0 0 0 0 0 0 0 0 0 0 
  INPUT ---       0 0 0 0;
  INPUT ---        0 0 0 0 0 0 0 0 0 0 0 0 0 0 0 0 1 0 0 1 0 0 0 0 0 0 0 0 0 
  INPUT ---       0 0 0 0 0 0 0 0 0 0 0 0 0 0 0 0 0 0 0 0 0 0 0 0 0 0 0 0 0 0 
  INPUT ---       0 0 0 0 0 0 0 0 0 0 0 0 0 0 0 0 0 0 0 0 0 0 0 0 0 0 0 0 0 0 
  INPUT ---       0 0 0 0;
  INPUT ---        0 0 0 0 0 0 0 0 0 0 0 0 0 0 0 0 1 0 0 0 1 0 0 0 0 0 0 0 0 
  INPUT ---       0 0 0 0 0 0 0 0 0 0 0 0 0 0 0 0 0 0 0 0 0 0 0 0 0 0 0 0 0 0 
  INPUT ---       0 0 0 0 0 0 0 0 0 0 0 0 0 0 0 0 0 0 0 0 0 0 0 0 0 0 0 0 0 0 
  INPUT ---       0 0 0 0;
  INPUT ---        0 0 0 0 0 0 0 0 0 0 0 0 0 0 0 0 1 0 0 0 0 1 0 0 0 0 0 0 0 
  INPUT ---       0 0 0 0 0 0 0 0 0 0 0 0 0 0 0 0 0 0 0 0 0 0 0 0 0 0 0 0 0 0 
  INPUT ---       0 0 0 0 0 0 0 0 0 0 0 0 0 0 0 0 0 0 0 0 0 0 0 0 0 0 0 0 0 0 
  INPUT ---       0 0 0 0;
  INPUT ---        0 0 0 0 0 0 0 0 0 0 0 0 0 0 0 0 1 0 0 0 0 0 1 0 0 0 0 0 0 
  INPUT ---       0 0 0 0 0 0 0 0 0 0 0 0 0 0 0 0 0 0 0 0 0 0 0 0 0 0 0 0 0 0 
  INPUT ---       0 0 0 0 0 0 0 0 0 0 0 0 0 0 0 0 0 0 0 0 0 0 0 0 0 0 0 0 0 0 
  INPUT ---       0 0 0 0;
  INPUT ---        0 0 0 0 0 0 0 0 0 0 0 0 0 0 0 0 1 0 0 0 0 0 0 1 0 0 0 0 0 
  INPUT ---       0 0 0 0 0 0 0 0 0 0 0 0 0 0 0 0 0 0 0 0 0 0 0 0 0 0 0 0 0 0 
  INPUT ---       0 0 0 0 0 0 0 0 0 0 0 0 0 0 0 0 0 0 0 0 0 0 0 0 0 0 0 0 0 0 
  INPUT ---       0 0 0 0;
  INPUT ---        0 0 0 0 0 0 0 0 0 0 0 0 0 0 0 0 1 0 0 0 0 0 0 0 1 0 0 0 0 
  INPUT ---       0 0 0 0 0 0 0 0 0 0 0 0 0 0 0 0 0 0 0 0 0 0 0 0 0 0 0 0 0 0 

  Program  MARK  - Survival Rate Estimation with Capture-Recapture Data
   gfortran(dble/PIM2) Vers. 10.1 March 2023  27-Sep-2024 15:43:23    Page  014
 - - - - - - - - - - - - - - - - - - - - - - - - - - - - - - - - - - - - - -
 
  INPUT ---       0 0 0 0 0 0 0 0 0 0 0 0 0 0 0 0 0 0 0 0 0 0 0 0 0 0 0 0 0 0 
  INPUT ---       0 0 0 0;
  INPUT ---        0 0 0 0 0 0 0 0 0 0 0 0 0 0 0 0 1 0 0 0 0 0 0 0 0 1 0 0 0 
  INPUT ---       0 0 0 0 0 0 0 0 0 0 0 0 0 0 0 0 0 0 0 0 0 0 0 0 0 0 0 0 0 0 
  INPUT ---       0 0 0 0 0 0 0 0 0 0 0 0 0 0 0 0 0 0 0 0 0 0 0 0 0 0 0 0 0 0 
  INPUT ---       0 0 0 0;
  INPUT ---        0 0 0 0 0 0 0 0 0 0 0 0 0 0 0 0 1 0 0 0 0 0 0 0 0 0 1 0 0 
  INPUT ---       0 0 0 0 0 0 0 0 0 0 0 0 0 0 0 0 0 0 0 0 0 0 0 0 0 0 0 0 0 0 
  INPUT ---       0 0 0 0 0 0 0 0 0 0 0 0 0 0 0 0 0 0 0 0 0 0 0 0 0 0 0 0 0 0 
  INPUT ---       0 0 0 0;
  INPUT ---        0 0 0 0 0 0 0 0 0 0 0 0 0 0 0 0 1 0 0 0 0 0 0 0 0 0 0 1 0 
  INPUT ---       0 0 0 0 0 0 0 0 0 0 0 0 0 0 0 0 0 0 0 0 0 0 0 0 0 0 0 0 0 0 
  INPUT ---       0 0 0 0 0 0 0 0 0 0 0 0 0 0 0 0 0 0 0 0 0 0 0 0 0 0 0 0 0 0 
  INPUT ---       0 0 0 0;
  INPUT ---        0 0 0 0 0 0 0 0 0 0 0 0 0 0 0 0 1 0 0 0 0 0 0 0 0 0 0 0 1 
  INPUT ---       0 0 0 0 0 0 0 0 0 0 0 0 0 0 0 0 0 0 0 0 0 0 0 0 0 0 0 0 0 0 
  INPUT ---       0 0 0 0 0 0 0 0 0 0 0 0 0 0 0 0 0 0 0 0 0 0 0 0 0 0 0 0 0 0 
  INPUT ---       0 0 0 0;
  INPUT ---        0 0 0 0 0 0 0 0 0 0 0 0 0 0 0 0 1 0 0 0 0 0 0 0 0 0 0 0 0 
  INPUT ---       1 0 0 0 0 0 0 0 0 0 0 0 0 0 0 0 0 0 0 0 0 0 0 0 0 0 0 0 0 0 
  INPUT ---       0 0 0 0 0 0 0 0 0 0 0 0 0 0 0 0 0 0 0 0 0 0 0 0 0 0 0 0 0 0 
  INPUT ---       0 0 0 0;
  INPUT ---        0 0 0 0 0 0 0 0 0 0 0 0 0 0 0 0 1 0 0 0 0 0 0 0 0 0 0 0 0 
  INPUT ---       0 1 0 0 0 0 0 0 0 0 0 0 0 0 0 0 0 0 0 0 0 0 0 0 0 0 0 0 0 0 
  INPUT ---       0 0 0 0 0 0 0 0 0 0 0 0 0 0 0 0 0 0 0 0 0 0 0 0 0 0 0 0 0 0 
  INPUT ---       0 0 0 0;
  INPUT ---        0 0 0 0 0 0 0 0 0 0 0 0 0 0 0 0 0 0 0 0 0 0 0 0 0 0 0 0 0 
  INPUT ---       0 0 1 0 0 0 0 0 0 0 0 0 0 0 0 0 0 0 0 0 0 0 0 0 0 0 0 0 0 0 
  INPUT ---       0 0 0 0 0 0 0 0 0 0 0 0 0 0 0 0 0 0 0 0 0 0 0 0 0 0 0 0 0 0 
  INPUT ---       0 0 0 0;
  INPUT ---        0 0 0 0 0 0 0 0 0 0 0 0 0 0 0 0 0 0 0 0 0 0 0 0 0 0 0 0 0 
  INPUT ---       0 0 1 1 0 0 0 0 0 0 0 0 0 0 0 0 0 0 0 0 0 0 0 0 0 0 0 0 0 0 
  INPUT ---       0 0 0 0 0 0 0 0 0 0 0 0 0 0 0 0 0 0 0 0 0 0 0 0 0 0 0 0 0 0 
  INPUT ---       0 0 0 0;
  INPUT ---        0 0 0 0 0 0 0 0 0 0 0 0 0 0 0 0 0 0 0 0 0 0 0 0 0 0 0 0 0 
  INPUT ---       0 0 1 0 1 0 0 0 0 0 0 0 0 0 0 0 0 0 0 0 0 0 0 0 0 0 0 0 0 0 
  INPUT ---       0 0 0 0 0 0 0 0 0 0 0 0 0 0 0 0 0 0 0 0 0 0 0 0 0 0 0 0 0 0 
  INPUT ---       0 0 0 0;
  INPUT ---        0 0 0 0 0 0 0 0 0 0 0 0 0 0 0 0 0 0 0 0 0 0 0 0 0 0 0 0 0 
  INPUT ---       0 0 1 0 0 1 0 0 0 0 0 0 0 0 0 0 0 0 0 0 0 0 0 0 0 0 0 0 0 0 
  INPUT ---       0 0 0 0 0 0 0 0 0 0 0 0 0 0 0 0 0 0 0 0 0 0 0 0 0 0 0 0 0 0 
  INPUT ---       0 0 0 0;
  INPUT ---        0 0 0 0 0 0 0 0 0 0 0 0 0 0 0 0 0 0 0 0 0 0 0 0 0 0 0 0 0 
  INPUT ---       0 0 1 0 0 0 1 0 0 0 0 0 0 0 0 0 0 0 0 0 0 0 0 0 0 0 0 0 0 0 
  INPUT ---       0 0 0 0 0 0 0 0 0 0 0 0 0 0 0 0 0 0 0 0 0 0 0 0 0 0 0 0 0 0 
  INPUT ---       0 0 0 0;

  Program  MARK  - Survival Rate Estimation with Capture-Recapture Data
   gfortran(dble/PIM2) Vers. 10.1 March 2023  27-Sep-2024 15:43:24    Page  015
 - - - - - - - - - - - - - - - - - - - - - - - - - - - - - - - - - - - - - -
 
  INPUT ---        0 0 0 0 0 0 0 0 0 0 0 0 0 0 0 0 0 0 0 0 0 0 0 0 0 0 0 0 0 
  INPUT ---       0 0 1 0 0 0 0 1 0 0 0 0 0 0 0 0 0 0 0 0 0 0 0 0 0 0 0 0 0 0 
  INPUT ---       0 0 0 0 0 0 0 0 0 0 0 0 0 0 0 0 0 0 0 0 0 0 0 0 0 0 0 0 0 0 
  INPUT ---       0 0 0 0;
  INPUT ---        0 0 0 0 0 0 0 0 0 0 0 0 0 0 0 0 0 0 0 0 0 0 0 0 0 0 0 0 0 
  INPUT ---       0 0 1 0 0 0 0 0 1 0 0 0 0 0 0 0 0 0 0 0 0 0 0 0 0 0 0 0 0 0 
  INPUT ---       0 0 0 0 0 0 0 0 0 0 0 0 0 0 0 0 0 0 0 0 0 0 0 0 0 0 0 0 0 0 
  INPUT ---       0 0 0 0;
  INPUT ---        0 0 0 0 0 0 0 0 0 0 0 0 0 0 0 0 0 0 0 0 0 0 0 0 0 0 0 0 0 
  INPUT ---       0 0 1 0 0 0 0 0 0 1 0 0 0 0 0 0 0 0 0 0 0 0 0 0 0 0 0 0 0 0 
  INPUT ---       0 0 0 0 0 0 0 0 0 0 0 0 0 0 0 0 0 0 0 0 0 0 0 0 0 0 0 0 0 0 
  INPUT ---       0 0 0 0;
  INPUT ---        0 0 0 0 0 0 0 0 0 0 0 0 0 0 0 0 0 0 0 0 0 0 0 0 0 0 0 0 0 
  INPUT ---       0 0 1 0 0 0 0 0 0 0 1 0 0 0 0 0 0 0 0 0 0 0 0 0 0 0 0 0 0 0 
  INPUT ---       0 0 0 0 0 0 0 0 0 0 0 0 0 0 0 0 0 0 0 0 0 0 0 0 0 0 0 0 0 0 
  INPUT ---       0 0 0 0;
  INPUT ---        0 0 0 0 0 0 0 0 0 0 0 0 0 0 0 0 0 0 0 0 0 0 0 0 0 0 0 0 0 
  INPUT ---       0 0 1 0 0 0 0 0 0 0 0 1 0 0 0 0 0 0 0 0 0 0 0 0 0 0 0 0 0 0 
  INPUT ---       0 0 0 0 0 0 0 0 0 0 0 0 0 0 0 0 0 0 0 0 0 0 0 0 0 0 0 0 0 0 
  INPUT ---       0 0 0 0;
  INPUT ---        0 0 0 0 0 0 0 0 0 0 0 0 0 0 0 0 0 0 0 0 0 0 0 0 0 0 0 0 0 
  INPUT ---       0 0 1 0 0 0 0 0 0 0 0 0 1 0 0 0 0 0 0 0 0 0 0 0 0 0 0 0 0 0 
  INPUT ---       0 0 0 0 0 0 0 0 0 0 0 0 0 0 0 0 0 0 0 0 0 0 0 0 0 0 0 0 0 0 
  INPUT ---       0 0 0 0;
  INPUT ---        0 0 0 0 0 0 0 0 0 0 0 0 0 0 0 0 0 0 0 0 0 0 0 0 0 0 0 0 0 
  INPUT ---       0 0 1 0 0 0 0 0 0 0 0 0 0 1 0 0 0 0 0 0 0 0 0 0 0 0 0 0 0 0 
  INPUT ---       0 0 0 0 0 0 0 0 0 0 0 0 0 0 0 0 0 0 0 0 0 0 0 0 0 0 0 0 0 0 
  INPUT ---       0 0 0 0;
  INPUT ---        0 0 0 0 0 0 0 0 0 0 0 0 0 0 0 0 0 0 0 0 0 0 0 0 0 0 0 0 0 
  INPUT ---       0 0 1 0 0 0 0 0 0 0 0 0 0 0 1 0 0 0 0 0 0 0 0 0 0 0 0 0 0 0 
  INPUT ---       0 0 0 0 0 0 0 0 0 0 0 0 0 0 0 0 0 0 0 0 0 0 0 0 0 0 0 0 0 0 
  INPUT ---       0 0 0 0;
  INPUT ---        0 0 0 0 0 0 0 0 0 0 0 0 0 0 0 0 0 0 0 0 0 0 0 0 0 0 0 0 0 
  INPUT ---       0 0 1 0 0 0 0 0 0 0 0 0 0 0 0 1 0 0 0 0 0 0 0 0 0 0 0 0 0 0 
  INPUT ---       0 0 0 0 0 0 0 0 0 0 0 0 0 0 0 0 0 0 0 0 0 0 0 0 0 0 0 0 0 0 
  INPUT ---       0 0 0 0;
  INPUT ---        0 0 0 0 0 0 0 0 0 0 0 0 0 0 0 0 0 0 0 0 0 0 0 0 0 0 0 0 0 
  INPUT ---       0 0 0 0 0 0 0 0 0 0 0 0 0 0 0 0 1 0 0 0 0 0 0 0 0 0 0 0 0 0 
  INPUT ---       0 0 0 0 0 0 0 0 0 0 0 0 0 0 0 0 0 0 0 0 0 0 0 0 0 0 0 0 0 0 
  INPUT ---       0 0 0 0;
  INPUT ---        0 0 0 0 0 0 0 0 0 0 0 0 0 0 0 0 0 0 0 0 0 0 0 0 0 0 0 0 0 
  INPUT ---       0 0 0 0 0 0 0 0 0 0 0 0 0 0 0 0 1 1 0 0 0 0 0 0 0 0 0 0 0 0 
  INPUT ---       0 0 0 0 0 0 0 0 0 0 0 0 0 0 0 0 0 0 0 0 0 0 0 0 0 0 0 0 0 0 
  INPUT ---       0 0 0 0;
  INPUT ---        0 0 0 0 0 0 0 0 0 0 0 0 0 0 0 0 0 0 0 0 0 0 0 0 0 0 0 0 0 
  INPUT ---       0 0 0 0 0 0 0 0 0 0 0 0 0 0 0 0 1 0 1 0 0 0 0 0 0 0 0 0 0 0 

  Program  MARK  - Survival Rate Estimation with Capture-Recapture Data
   gfortran(dble/PIM2) Vers. 10.1 March 2023  27-Sep-2024 15:43:24    Page  016
 - - - - - - - - - - - - - - - - - - - - - - - - - - - - - - - - - - - - - -
 
  INPUT ---       0 0 0 0 0 0 0 0 0 0 0 0 0 0 0 0 0 0 0 0 0 0 0 0 0 0 0 0 0 0 
  INPUT ---       0 0 0 0;
  INPUT ---        0 0 0 0 0 0 0 0 0 0 0 0 0 0 0 0 0 0 0 0 0 0 0 0 0 0 0 0 0 
  INPUT ---       0 0 0 0 0 0 0 0 0 0 0 0 0 0 0 0 1 0 0 1 0 0 0 0 0 0 0 0 0 0 
  INPUT ---       0 0 0 0 0 0 0 0 0 0 0 0 0 0 0 0 0 0 0 0 0 0 0 0 0 0 0 0 0 0 
  INPUT ---       0 0 0 0;
  INPUT ---        0 0 0 0 0 0 0 0 0 0 0 0 0 0 0 0 0 0 0 0 0 0 0 0 0 0 0 0 0 
  INPUT ---       0 0 0 0 0 0 0 0 0 0 0 0 0 0 0 0 1 0 0 0 1 0 0 0 0 0 0 0 0 0 
  INPUT ---       0 0 0 0 0 0 0 0 0 0 0 0 0 0 0 0 0 0 0 0 0 0 0 0 0 0 0 0 0 0 
  INPUT ---       0 0 0 0;
  INPUT ---        0 0 0 0 0 0 0 0 0 0 0 0 0 0 0 0 0 0 0 0 0 0 0 0 0 0 0 0 0 
  INPUT ---       0 0 0 0 0 0 0 0 0 0 0 0 0 0 0 0 1 0 0 0 0 1 0 0 0 0 0 0 0 0 
  INPUT ---       0 0 0 0 0 0 0 0 0 0 0 0 0 0 0 0 0 0 0 0 0 0 0 0 0 0 0 0 0 0 
  INPUT ---       0 0 0 0;
  INPUT ---        0 0 0 0 0 0 0 0 0 0 0 0 0 0 0 0 0 0 0 0 0 0 0 0 0 0 0 0 0 
  INPUT ---       0 0 0 0 0 0 0 0 0 0 0 0 0 0 0 0 1 0 0 0 0 0 1 0 0 0 0 0 0 0 
  INPUT ---       0 0 0 0 0 0 0 0 0 0 0 0 0 0 0 0 0 0 0 0 0 0 0 0 0 0 0 0 0 0 
  INPUT ---       0 0 0 0;
  INPUT ---        0 0 0 0 0 0 0 0 0 0 0 0 0 0 0 0 0 0 0 0 0 0 0 0 0 0 0 0 0 
  INPUT ---       0 0 0 0 0 0 0 0 0 0 0 0 0 0 0 0 1 0 0 0 0 0 0 1 0 0 0 0 0 0 
  INPUT ---       0 0 0 0 0 0 0 0 0 0 0 0 0 0 0 0 0 0 0 0 0 0 0 0 0 0 0 0 0 0 
  INPUT ---       0 0 0 0;
  INPUT ---        0 0 0 0 0 0 0 0 0 0 0 0 0 0 0 0 0 0 0 0 0 0 0 0 0 0 0 0 0 
  INPUT ---       0 0 0 0 0 0 0 0 0 0 0 0 0 0 0 0 1 0 0 0 0 0 0 0 1 0 0 0 0 0 
  INPUT ---       0 0 0 0 0 0 0 0 0 0 0 0 0 0 0 0 0 0 0 0 0 0 0 0 0 0 0 0 0 0 
  INPUT ---       0 0 0 0;
  INPUT ---        0 0 0 0 0 0 0 0 0 0 0 0 0 0 0 0 0 0 0 0 0 0 0 0 0 0 0 0 0 
  INPUT ---       0 0 0 0 0 0 0 0 0 0 0 0 0 0 0 0 1 0 0 0 0 0 0 0 0 1 0 0 0 0 
  INPUT ---       0 0 0 0 0 0 0 0 0 0 0 0 0 0 0 0 0 0 0 0 0 0 0 0 0 0 0 0 0 0 
  INPUT ---       0 0 0 0;
  INPUT ---        0 0 0 0 0 0 0 0 0 0 0 0 0 0 0 0 0 0 0 0 0 0 0 0 0 0 0 0 0 
  INPUT ---       0 0 0 0 0 0 0 0 0 0 0 0 0 0 0 0 1 0 0 0 0 0 0 0 0 0 1 0 0 0 
  INPUT ---       0 0 0 0 0 0 0 0 0 0 0 0 0 0 0 0 0 0 0 0 0 0 0 0 0 0 0 0 0 0 
  INPUT ---       0 0 0 0;
  INPUT ---        0 0 0 0 0 0 0 0 0 0 0 0 0 0 0 0 0 0 0 0 0 0 0 0 0 0 0 0 0 
  INPUT ---       0 0 0 0 0 0 0 0 0 0 0 0 0 0 0 0 1 0 0 0 0 0 0 0 0 0 0 1 0 0 
  INPUT ---       0 0 0 0 0 0 0 0 0 0 0 0 0 0 0 0 0 0 0 0 0 0 0 0 0 0 0 0 0 0 
  INPUT ---       0 0 0 0;
  INPUT ---        0 0 0 0 0 0 0 0 0 0 0 0 0 0 0 0 0 0 0 0 0 0 0 0 0 0 0 0 0 
  INPUT ---       0 0 0 0 0 0 0 0 0 0 0 0 0 0 0 0 1 0 0 0 0 0 0 0 0 0 0 0 1 0 
  INPUT ---       0 0 0 0 0 0 0 0 0 0 0 0 0 0 0 0 0 0 0 0 0 0 0 0 0 0 0 0 0 0 
  INPUT ---       0 0 0 0;
  INPUT ---        0 0 0 0 0 0 0 0 0 0 0 0 0 0 0 0 0 0 0 0 0 0 0 0 0 0 0 0 0 
  INPUT ---       0 0 0 0 0 0 0 0 0 0 0 0 0 0 0 0 1 0 0 0 0 0 0 0 0 0 0 0 0 1 
  INPUT ---       0 0 0 0 0 0 0 0 0 0 0 0 0 0 0 0 0 0 0 0 0 0 0 0 0 0 0 0 0 0 
  INPUT ---       0 0 0 0;

  Program  MARK  - Survival Rate Estimation with Capture-Recapture Data
   gfortran(dble/PIM2) Vers. 10.1 March 2023  27-Sep-2024 15:43:24    Page  017
 - - - - - - - - - - - - - - - - - - - - - - - - - - - - - - - - - - - - - -
 
  INPUT ---        0 0 0 0 0 0 0 0 0 0 0 0 0 0 0 0 0 0 0 0 0 0 0 0 0 0 0 0 0 
  INPUT ---       0 0 0 0 0 0 0 0 0 0 0 0 0 0 0 0 1 0 0 0 0 0 0 0 0 0 0 0 0 0 
  INPUT ---       1 0 0 0 0 0 0 0 0 0 0 0 0 0 0 0 0 0 0 0 0 0 0 0 0 0 0 0 0 0 
  INPUT ---       0 0 0 0;
  INPUT ---        0 0 0 0 0 0 0 0 0 0 0 0 0 0 0 0 0 0 0 0 0 0 0 0 0 0 0 0 0 
  INPUT ---       0 0 0 0 0 0 0 0 0 0 0 0 0 0 0 0 1 0 0 0 0 0 0 0 0 0 0 0 0 0 
  INPUT ---       0 1 0 0 0 0 0 0 0 0 0 0 0 0 0 0 0 0 0 0 0 0 0 0 0 0 0 0 0 0 
  INPUT ---       0 0 0 0;
  INPUT ---        0 0 0 0 0 0 0 0 0 0 0 0 0 0 0 0 0 0 0 0 0 0 0 0 0 0 0 0 0 
  INPUT ---       0 0 0 0 0 0 0 0 0 0 0 0 0 0 0 0 0 0 0 0 0 0 0 0 0 0 0 0 0 0 
  INPUT ---       0 0 1 0 0 0 0 0 0 0 0 0 0 0 0 0 0 0 0 0 0 0 0 0 0 0 0 0 0 0 
  INPUT ---       0 0 0 0;
  INPUT ---        0 0 0 0 0 0 0 0 0 0 0 0 0 0 0 0 0 0 0 0 0 0 0 0 0 0 0 0 0 
  INPUT ---       0 0 0 0 0 0 0 0 0 0 0 0 0 0 0 0 0 0 0 0 0 0 0 0 0 0 0 0 0 0 
  INPUT ---       0 0 1 1 0 0 0 0 0 0 0 0 0 0 0 0 0 0 0 0 0 0 0 0 0 0 0 0 0 0 
  INPUT ---       0 0 0 0;
  INPUT ---        0 0 0 0 0 0 0 0 0 0 0 0 0 0 0 0 0 0 0 0 0 0 0 0 0 0 0 0 0 
  INPUT ---       0 0 0 0 0 0 0 0 0 0 0 0 0 0 0 0 0 0 0 0 0 0 0 0 0 0 0 0 0 0 
  INPUT ---       0 0 1 0 1 0 0 0 0 0 0 0 0 0 0 0 0 0 0 0 0 0 0 0 0 0 0 0 0 0 
  INPUT ---       0 0 0 0;
  INPUT ---        0 0 0 0 0 0 0 0 0 0 0 0 0 0 0 0 0 0 0 0 0 0 0 0 0 0 0 0 0 
  INPUT ---       0 0 0 0 0 0 0 0 0 0 0 0 0 0 0 0 0 0 0 0 0 0 0 0 0 0 0 0 0 0 
  INPUT ---       0 0 1 0 0 1 0 0 0 0 0 0 0 0 0 0 0 0 0 0 0 0 0 0 0 0 0 0 0 0 
  INPUT ---       0 0 0 0;
  INPUT ---        0 0 0 0 0 0 0 0 0 0 0 0 0 0 0 0 0 0 0 0 0 0 0 0 0 0 0 0 0 
  INPUT ---       0 0 0 0 0 0 0 0 0 0 0 0 0 0 0 0 0 0 0 0 0 0 0 0 0 0 0 0 0 0 
  INPUT ---       0 0 1 0 0 0 1 0 0 0 0 0 0 0 0 0 0 0 0 0 0 0 0 0 0 0 0 0 0 0 
  INPUT ---       0 0 0 0;
  INPUT ---        0 0 0 0 0 0 0 0 0 0 0 0 0 0 0 0 0 0 0 0 0 0 0 0 0 0 0 0 0 
  INPUT ---       0 0 0 0 0 0 0 0 0 0 0 0 0 0 0 0 0 0 0 0 0 0 0 0 0 0 0 0 0 0 
  INPUT ---       0 0 1 0 0 0 0 1 0 0 0 0 0 0 0 0 0 0 0 0 0 0 0 0 0 0 0 0 0 0 
  INPUT ---       0 0 0 0;
  INPUT ---        0 0 0 0 0 0 0 0 0 0 0 0 0 0 0 0 0 0 0 0 0 0 0 0 0 0 0 0 0 
  INPUT ---       0 0 0 0 0 0 0 0 0 0 0 0 0 0 0 0 0 0 0 0 0 0 0 0 0 0 0 0 0 0 
  INPUT ---       0 0 1 0 0 0 0 0 1 0 0 0 0 0 0 0 0 0 0 0 0 0 0 0 0 0 0 0 0 0 
  INPUT ---       0 0 0 0;
  INPUT ---        0 0 0 0 0 0 0 0 0 0 0 0 0 0 0 0 0 0 0 0 0 0 0 0 0 0 0 0 0 
  INPUT ---       0 0 0 0 0 0 0 0 0 0 0 0 0 0 0 0 0 0 0 0 0 0 0 0 0 0 0 0 0 0 
  INPUT ---       0 0 1 0 0 0 0 0 0 1 0 0 0 0 0 0 0 0 0 0 0 0 0 0 0 0 0 0 0 0 
  INPUT ---       0 0 0 0;
  INPUT ---        0 0 0 0 0 0 0 0 0 0 0 0 0 0 0 0 0 0 0 0 0 0 0 0 0 0 0 0 0 
  INPUT ---       0 0 0 0 0 0 0 0 0 0 0 0 0 0 0 0 0 0 0 0 0 0 0 0 0 0 0 0 0 0 
  INPUT ---       0 0 1 0 0 0 0 0 0 0 1 0 0 0 0 0 0 0 0 0 0 0 0 0 0 0 0 0 0 0 
  INPUT ---       0 0 0 0;
  INPUT ---        0 0 0 0 0 0 0 0 0 0 0 0 0 0 0 0 0 0 0 0 0 0 0 0 0 0 0 0 0 
  INPUT ---       0 0 0 0 0 0 0 0 0 0 0 0 0 0 0 0 0 0 0 0 0 0 0 0 0 0 0 0 0 0 

  Program  MARK  - Survival Rate Estimation with Capture-Recapture Data
   gfortran(dble/PIM2) Vers. 10.1 March 2023  27-Sep-2024 15:43:24    Page  018
 - - - - - - - - - - - - - - - - - - - - - - - - - - - - - - - - - - - - - -
 
  INPUT ---       0 0 1 0 0 0 0 0 0 0 0 1 0 0 0 0 0 0 0 0 0 0 0 0 0 0 0 0 0 0 
  INPUT ---       0 0 0 0;
  INPUT ---        0 0 0 0 0 0 0 0 0 0 0 0 0 0 0 0 0 0 0 0 0 0 0 0 0 0 0 0 0 
  INPUT ---       0 0 0 0 0 0 0 0 0 0 0 0 0 0 0 0 0 0 0 0 0 0 0 0 0 0 0 0 0 0 
  INPUT ---       0 0 1 0 0 0 0 0 0 0 0 0 1 0 0 0 0 0 0 0 0 0 0 0 0 0 0 0 0 0 
  INPUT ---       0 0 0 0;
  INPUT ---        0 0 0 0 0 0 0 0 0 0 0 0 0 0 0 0 0 0 0 0 0 0 0 0 0 0 0 0 0 
  INPUT ---       0 0 0 0 0 0 0 0 0 0 0 0 0 0 0 0 0 0 0 0 0 0 0 0 0 0 0 0 0 0 
  INPUT ---       0 0 1 0 0 0 0 0 0 0 0 0 0 1 0 0 0 0 0 0 0 0 0 0 0 0 0 0 0 0 
  INPUT ---       0 0 0 0;
  INPUT ---        0 0 0 0 0 0 0 0 0 0 0 0 0 0 0 0 0 0 0 0 0 0 0 0 0 0 0 0 0 
  INPUT ---       0 0 0 0 0 0 0 0 0 0 0 0 0 0 0 0 0 0 0 0 0 0 0 0 0 0 0 0 0 0 
  INPUT ---       0 0 1 0 0 0 0 0 0 0 0 0 0 0 1 0 0 0 0 0 0 0 0 0 0 0 0 0 0 0 
  INPUT ---       0 0 0 0;
  INPUT ---        0 0 0 0 0 0 0 0 0 0 0 0 0 0 0 0 0 0 0 0 0 0 0 0 0 0 0 0 0 
  INPUT ---       0 0 0 0 0 0 0 0 0 0 0 0 0 0 0 0 0 0 0 0 0 0 0 0 0 0 0 0 0 0 
  INPUT ---       0 0 1 0 0 0 0 0 0 0 0 0 0 0 0 1 0 0 0 0 0 0 0 0 0 0 0 0 0 0 
  INPUT ---       0 0 0 0;
  INPUT ---        0 0 0 0 0 0 0 0 0 0 0 0 0 0 0 0 0 0 0 0 0 0 0 0 0 0 0 0 0 
  INPUT ---       0 0 0 0 0 0 0 0 0 0 0 0 0 0 0 0 0 0 0 0 0 0 0 0 0 0 0 0 0 0 
  INPUT ---       0 0 1 0 0 0 0 0 0 0 0 0 0 0 0 0 1 0 0 0 0 0 0 0 0 0 0 0 0 0 
  INPUT ---       0 0 0 0;
  INPUT ---        0 0 0 0 0 0 0 0 0 0 0 0 0 0 0 0 0 0 0 0 0 0 0 0 0 0 0 0 0 
  INPUT ---       0 0 0 0 0 0 0 0 0 0 0 0 0 0 0 0 0 0 0 0 0 0 0 0 0 0 0 0 0 0 
  INPUT ---       0 0 1 0 0 0 0 0 0 0 0 0 0 0 0 0 0 1 0 0 0 0 0 0 0 0 0 0 0 0 
  INPUT ---       0 0 0 0;
  INPUT ---        0 0 0 0 0 0 0 0 0 0 0 0 0 0 0 0 0 0 0 0 0 0 0 0 0 0 0 0 0 
  INPUT ---       0 0 0 0 0 0 0 0 0 0 0 0 0 0 0 0 0 0 0 0 0 0 0 0 0 0 0 0 0 0 
  INPUT ---       0 0 0 0 0 0 0 0 0 0 0 0 0 0 0 0 0 0 1 0 0 0 0 0 0 0 0 0 0 0 
  INPUT ---       0 0 0 0;
  INPUT ---        0 0 0 0 0 0 0 0 0 0 0 0 0 0 0 0 0 0 0 0 0 0 0 0 0 0 0 0 0 
  INPUT ---       0 0 0 0 0 0 0 0 0 0 0 0 0 0 0 0 0 0 0 0 0 0 0 0 0 0 0 0 0 0 
  INPUT ---       0 0 0 0 0 0 0 0 0 0 0 0 0 0 0 0 0 0 1 1 0 0 0 0 0 0 0 0 0 0 
  INPUT ---       0 0 0 0;
  INPUT ---        0 0 0 0 0 0 0 0 0 0 0 0 0 0 0 0 0 0 0 0 0 0 0 0 0 0 0 0 0 
  INPUT ---       0 0 0 0 0 0 0 0 0 0 0 0 0 0 0 0 0 0 0 0 0 0 0 0 0 0 0 0 0 0 
  INPUT ---       0 0 0 0 0 0 0 0 0 0 0 0 0 0 0 0 0 0 1 0 1 0 0 0 0 0 0 0 0 0 
  INPUT ---       0 0 0 0;
  INPUT ---        0 0 0 0 0 0 0 0 0 0 0 0 0 0 0 0 0 0 0 0 0 0 0 0 0 0 0 0 0 
  INPUT ---       0 0 0 0 0 0 0 0 0 0 0 0 0 0 0 0 0 0 0 0 0 0 0 0 0 0 0 0 0 0 
  INPUT ---       0 0 0 0 0 0 0 0 0 0 0 0 0 0 0 0 0 0 1 0 0 1 0 0 0 0 0 0 0 0 
  INPUT ---       0 0 0 0;
  INPUT ---        0 0 0 0 0 0 0 0 0 0 0 0 0 0 0 0 0 0 0 0 0 0 0 0 0 0 0 0 0 
  INPUT ---       0 0 0 0 0 0 0 0 0 0 0 0 0 0 0 0 0 0 0 0 0 0 0 0 0 0 0 0 0 0 
  INPUT ---       0 0 0 0 0 0 0 0 0 0 0 0 0 0 0 0 0 0 1 0 0 0 1 0 0 0 0 0 0 0 
  INPUT ---       0 0 0 0;

  Program  MARK  - Survival Rate Estimation with Capture-Recapture Data
   gfortran(dble/PIM2) Vers. 10.1 March 2023  27-Sep-2024 15:43:24    Page  019
 - - - - - - - - - - - - - - - - - - - - - - - - - - - - - - - - - - - - - -
 
  INPUT ---        0 0 0 0 0 0 0 0 0 0 0 0 0 0 0 0 0 0 0 0 0 0 0 0 0 0 0 0 0 
  INPUT ---       0 0 0 0 0 0 0 0 0 0 0 0 0 0 0 0 0 0 0 0 0 0 0 0 0 0 0 0 0 0 
  INPUT ---       0 0 0 0 0 0 0 0 0 0 0 0 0 0 0 0 0 0 1 0 0 0 0 1 0 0 0 0 0 0 
  INPUT ---       0 0 0 0;
  INPUT ---        0 0 0 0 0 0 0 0 0 0 0 0 0 0 0 0 0 0 0 0 0 0 0 0 0 0 0 0 0 
  INPUT ---       0 0 0 0 0 0 0 0 0 0 0 0 0 0 0 0 0 0 0 0 0 0 0 0 0 0 0 0 0 0 
  INPUT ---       0 0 0 0 0 0 0 0 0 0 0 0 0 0 0 0 0 0 1 0 0 0 0 0 1 0 0 0 0 0 
  INPUT ---       0 0 0 0;
  INPUT ---        0 0 0 0 0 0 0 0 0 0 0 0 0 0 0 0 0 0 0 0 0 0 0 0 0 0 0 0 0 
  INPUT ---       0 0 0 0 0 0 0 0 0 0 0 0 0 0 0 0 0 0 0 0 0 0 0 0 0 0 0 0 0 0 
  INPUT ---       0 0 0 0 0 0 0 0 0 0 0 0 0 0 0 0 0 0 1 0 0 0 0 0 0 1 0 0 0 0 
  INPUT ---       0 0 0 0;
  INPUT ---        0 0 0 0 0 0 0 0 0 0 0 0 0 0 0 0 0 0 0 0 0 0 0 0 0 0 0 0 0 
  INPUT ---       0 0 0 0 0 0 0 0 0 0 0 0 0 0 0 0 0 0 0 0 0 0 0 0 0 0 0 0 0 0 
  INPUT ---       0 0 0 0 0 0 0 0 0 0 0 0 0 0 0 0 0 0 1 0 0 0 0 0 0 0 1 0 0 0 
  INPUT ---       0 0 0 0;
  INPUT ---        0 0 0 0 0 0 0 0 0 0 0 0 0 0 0 0 0 0 0 0 0 0 0 0 0 0 0 0 0 
  INPUT ---       0 0 0 0 0 0 0 0 0 0 0 0 0 0 0 0 0 0 0 0 0 0 0 0 0 0 0 0 0 0 
  INPUT ---       0 0 0 0 0 0 0 0 0 0 0 0 0 0 0 0 0 0 1 0 0 0 0 0 0 0 0 1 0 0 
  INPUT ---       0 0 0 0;
  INPUT ---        0 0 0 0 0 0 0 0 0 0 0 0 0 0 0 0 0 0 0 0 0 0 0 0 0 0 0 0 0 
  INPUT ---       0 0 0 0 0 0 0 0 0 0 0 0 0 0 0 0 0 0 0 0 0 0 0 0 0 0 0 0 0 0 
  INPUT ---       0 0 0 0 0 0 0 0 0 0 0 0 0 0 0 0 0 0 1 0 0 0 0 0 0 0 0 0 1 0 
  INPUT ---       0 0 0 0;
  INPUT ---        0 0 0 0 0 0 0 0 0 0 0 0 0 0 0 0 0 0 0 0 0 0 0 0 0 0 0 0 0 
  INPUT ---       0 0 0 0 0 0 0 0 0 0 0 0 0 0 0 0 0 0 0 0 0 0 0 0 0 0 0 0 0 0 
  INPUT ---       0 0 0 0 0 0 0 0 0 0 0 0 0 0 0 0 0 0 1 0 0 0 0 0 0 0 0 0 0 1 
  INPUT ---       0 0 0 0;
  INPUT ---        0 0 0 0 0 0 0 0 0 0 0 0 0 0 0 0 0 0 0 0 0 0 0 0 0 0 0 0 0 
  INPUT ---       0 0 0 0 0 0 0 0 0 0 0 0 0 0 0 0 0 0 0 0 0 0 0 0 0 0 0 0 0 0 
  INPUT ---       0 0 0 0 0 0 0 0 0 0 0 0 0 0 0 0 0 0 1 0 0 0 0 0 0 0 0 0 0 0 
  INPUT ---       1 0 0 0;
  INPUT ---        0 0 0 0 0 0 0 0 0 0 0 0 0 0 0 0 0 0 0 0 0 0 0 0 0 0 0 0 0 
  INPUT ---       0 0 0 0 0 0 0 0 0 0 0 0 0 0 0 0 0 0 0 0 0 0 0 0 0 0 0 0 0 0 
  INPUT ---       0 0 0 0 0 0 0 0 0 0 0 0 0 0 0 0 0 0 1 0 0 0 0 0 0 0 0 0 0 0 
  INPUT ---       0 1 0 0;
  INPUT ---        0 0 0 0 0 0 0 0 0 0 0 0 0 0 0 0 0 0 0 0 0 0 0 0 0 0 0 0 0 
  INPUT ---       0 0 0 0 0 0 0 0 0 0 0 0 0 0 0 0 0 0 0 0 0 0 0 0 0 0 0 0 0 0 
  INPUT ---       0 0 0 0 0 0 0 0 0 0 0 0 0 0 0 0 0 0 1 0 0 0 0 0 0 0 0 0 0 0 
  INPUT ---       0 0 1 0;
  INPUT ---        0 0 0 0 0 0 0 0 0 0 0 0 0 0 0 0 0 0 0 0 0 0 0 0 0 0 0 0 0 
  INPUT ---       0 0 0 0 0 0 0 0 0 0 0 0 0 0 0 0 0 0 0 0 0 0 0 0 0 0 0 0 0 0 
  INPUT ---       0 0 0 0 0 0 0 0 0 0 0 0 0 0 0 0 0 0 1 0 0 0 0 0 0 0 0 0 0 0 
  INPUT ---       0 0 0 1;

  INPUT ---    links=107;

  Program  MARK  - Survival Rate Estimation with Capture-Recapture Data
   gfortran(dble/PIM2) Vers. 10.1 March 2023  27-Sep-2024 15:43:24    Page  020
 - - - - - - - - - - - - - - - - - - - - - - - - - - - - - - - - - - - - - -
 

  INPUT ---    Logit;

  INPUT ---    Logit;

  INPUT ---    Logit;

  INPUT ---    Logit;

  INPUT ---    Logit;

  INPUT ---    Logit;

  INPUT ---    Logit;

  INPUT ---    Logit;

  INPUT ---    Logit;

  INPUT ---    Logit;

  INPUT ---    Logit;

  INPUT ---    Logit;

  INPUT ---    Logit;

  INPUT ---    Logit;

  INPUT ---    Logit;

  INPUT ---    Logit;

  INPUT ---    Logit;

  INPUT ---    Logit;

  INPUT ---    Logit;

  INPUT ---    Logit;

  INPUT ---    Logit;

  INPUT ---    Logit;

  INPUT ---    Logit;

  Program  MARK  - Survival Rate Estimation with Capture-Recapture Data
   gfortran(dble/PIM2) Vers. 10.1 March 2023  27-Sep-2024 15:43:24    Page  021
 - - - - - - - - - - - - - - - - - - - - - - - - - - - - - - - - - - - - - -
 

  INPUT ---    Logit;

  INPUT ---    Logit;

  INPUT ---    Logit;

  INPUT ---    Logit;

  INPUT ---    Logit;

  INPUT ---    Logit;

  INPUT ---    Logit;

  INPUT ---    Logit;

  INPUT ---    Logit;

  INPUT ---    Logit;

  INPUT ---    Logit;

  INPUT ---    Logit;

  INPUT ---    Logit;

  INPUT ---    Logit;

  INPUT ---    Logit;

  INPUT ---    Logit;

  INPUT ---    Logit;

  INPUT ---    Logit;

  INPUT ---    Logit;

  INPUT ---    Logit;

  INPUT ---    Logit;

  INPUT ---    Logit;

  INPUT ---    Logit;

  Program  MARK  - Survival Rate Estimation with Capture-Recapture Data
   gfortran(dble/PIM2) Vers. 10.1 March 2023  27-Sep-2024 15:43:24    Page  022
 - - - - - - - - - - - - - - - - - - - - - - - - - - - - - - - - - - - - - -
 

  INPUT ---    Logit;

  INPUT ---    Logit;

  INPUT ---    Logit;

  INPUT ---    Logit;

  INPUT ---    Logit;

  INPUT ---    Logit;

  INPUT ---    Logit;

  INPUT ---    Logit;

  INPUT ---    Logit;

  INPUT ---    Logit;

  INPUT ---    Logit;

  INPUT ---    Logit;

  INPUT ---    Logit;

  INPUT ---    Logit;

  INPUT ---    Logit;

  INPUT ---    Logit;

  INPUT ---    Logit;

  INPUT ---    Logit;

  INPUT ---    Logit;

  INPUT ---    Logit;

  INPUT ---    Logit;

  INPUT ---    Logit;

  INPUT ---    Logit;

  Program  MARK  - Survival Rate Estimation with Capture-Recapture Data
   gfortran(dble/PIM2) Vers. 10.1 March 2023  27-Sep-2024 15:43:24    Page  023
 - - - - - - - - - - - - - - - - - - - - - - - - - - - - - - - - - - - - - -
 

  INPUT ---    Logit;

  INPUT ---    Logit;

  INPUT ---    Logit;

  INPUT ---    Logit;

  INPUT ---    Logit;

  INPUT ---    Logit;

  INPUT ---    Logit;

  INPUT ---    Logit;

  INPUT ---    Logit;

  INPUT ---    Logit;

  INPUT ---    Logit;

  INPUT ---    Logit;

  INPUT ---    Logit;

  INPUT ---    Logit;

  INPUT ---    Logit;

  INPUT ---    Logit;

  INPUT ---    Logit;

  INPUT ---    Logit;

  INPUT ---    Logit;

  INPUT ---    Logit;

  INPUT ---    Logit;

  INPUT ---    Logit;

  INPUT ---    Log;

  Program  MARK  - Survival Rate Estimation with Capture-Recapture Data
   gfortran(dble/PIM2) Vers. 10.1 March 2023  27-Sep-2024 15:43:24    Page  024
 - - - - - - - - - - - - - - - - - - - - - - - - - - - - - - - - - - - - - -
 

  INPUT ---    Log;

  INPUT ---    Log;

  INPUT ---    Log;

  INPUT ---    Log;

  INPUT ---    Log;

  INPUT ---    Log;

  INPUT ---    Log;

  INPUT ---    Log;

  INPUT ---    Log;

  INPUT ---    Log;

  INPUT ---    Log;

  INPUT ---    Log;

  INPUT ---    Log;

  INPUT ---    Log;

  INPUT ---    Log;
  INPUT ---       blabel(1)=S:(Intercept);
  INPUT ---       blabel(2)=S:time2.1;
  INPUT ---       blabel(3)=S:time3.9;
  INPUT ---       blabel(4)=S:time12.9333333333333;
  INPUT ---       blabel(5)=S:time14;
  INPUT ---       blabel(6)=S:time15.8333333333333;
  INPUT ---       blabel(7)=S:time25.8;
  INPUT ---       blabel(8)=S:time26.6333333333333;
  INPUT ---       blabel(9)=S:time27.5;
  INPUT ---       blabel(10)=S:time38.1666666666667;
  INPUT ---       blabel(11)=S:time39.0333333333333;
  INPUT ---       blabel(12)=S:time39.9;
  INPUT ---       blabel(13)=S:time49.1666666666667;
  INPUT ---       blabel(14)=S:time49.8;
  INPUT ---       blabel(15)=S:time50.6666666666667;
  INPUT ---       blabel(16)=S:sexM;

  Program  MARK  - Survival Rate Estimation with Capture-Recapture Data
   gfortran(dble/PIM2) Vers. 10.1 March 2023  27-Sep-2024 15:43:24    Page  025
 - - - - - - - - - - - - - - - - - - - - - - - - - - - - - - - - - - - - - -
 
  INPUT ---       blabel(17)=GammaDoublePrime:(Intercept);
  INPUT ---       blabel(18)=GammaDoublePrime:time2.1;
  INPUT ---       blabel(19)=GammaDoublePrime:time3.9;
  INPUT ---       blabel(20)=GammaDoublePrime:time12.9333333333333;
  INPUT ---       blabel(21)=GammaDoublePrime:time14;
  INPUT ---       blabel(22)=GammaDoublePrime:time15.8333333333333;
  INPUT ---       blabel(23)=GammaDoublePrime:time25.8;
  INPUT ---       blabel(24)=GammaDoublePrime:time26.6333333333333;
  INPUT ---       blabel(25)=GammaDoublePrime:time27.5;
  INPUT ---       blabel(26)=GammaDoublePrime:time38.1666666666667;
  INPUT ---       blabel(27)=GammaDoublePrime:time39.0333333333333;
  INPUT ---       blabel(28)=GammaDoublePrime:time39.9;
  INPUT ---       blabel(29)=GammaDoublePrime:time49.1666666666667;
  INPUT ---       blabel(30)=GammaDoublePrime:time49.8;
  INPUT ---       blabel(31)=GammaDoublePrime:time50.6666666666667;
  INPUT ---       blabel(32)=GammaPrime:(Intercept);
  INPUT ---       blabel(33)=GammaPrime:time3.9;
  INPUT ---       blabel(34)=GammaPrime:time12.9333333333333;
  INPUT ---       blabel(35)=GammaPrime:time14;
  INPUT ---       blabel(36)=GammaPrime:time15.8333333333333;
  INPUT ---       blabel(37)=GammaPrime:time25.8;
  INPUT ---       blabel(38)=GammaPrime:time26.6333333333333;
  INPUT ---       blabel(39)=GammaPrime:time27.5;
  INPUT ---       blabel(40)=GammaPrime:time38.1666666666667;
  INPUT ---       blabel(41)=GammaPrime:time39.0333333333333;
  INPUT ---       blabel(42)=GammaPrime:time39.9;
  INPUT ---       blabel(43)=GammaPrime:time49.1666666666667;
  INPUT ---       blabel(44)=GammaPrime:time49.8;
  INPUT ---       blabel(45)=GammaPrime:time50.6666666666667;
  INPUT ---       blabel(46)=p:(Intercept);
  INPUT ---       blabel(47)=p:session2.1;
  INPUT ---       blabel(48)=p:session3.9;
  INPUT ---       blabel(49)=p:session12.9333333333333;
  INPUT ---       blabel(50)=p:session14;
  INPUT ---       blabel(51)=p:session15.8333333333333;
  INPUT ---       blabel(52)=p:session25.8;
  INPUT ---       blabel(53)=p:session26.6333333333333;
  INPUT ---       blabel(54)=p:session27.5;
  INPUT ---       blabel(55)=p:session38.1666666666667;
  INPUT ---       blabel(56)=p:session39.0333333333333;
  INPUT ---       blabel(57)=p:session39.9;
  INPUT ---       blabel(58)=p:session49.1666666666667;
  INPUT ---       blabel(59)=p:session49.8;
  INPUT ---       blabel(60)=p:session50.6666666666667;
  INPUT ---       blabel(61)=p:session51.5333333333333;
  INPUT ---       blabel(62)=c:(Intercept);

  Program  MARK  - Survival Rate Estimation with Capture-Recapture Data
   gfortran(dble/PIM2) Vers. 10.1 March 2023  27-Sep-2024 15:43:24    Page  026
 - - - - - - - - - - - - - - - - - - - - - - - - - - - - - - - - - - - - - -
 
  INPUT ---       blabel(63)=c:session2.1;
  INPUT ---       blabel(64)=c:session3.9;
  INPUT ---       blabel(65)=c:session12.9333333333333;
  INPUT ---       blabel(66)=c:session14;
  INPUT ---       blabel(67)=c:session15.8333333333333;
  INPUT ---       blabel(68)=c:session25.8;
  INPUT ---       blabel(69)=c:session26.6333333333333;
  INPUT ---       blabel(70)=c:session27.5;
  INPUT ---       blabel(71)=c:session38.1666666666667;
  INPUT ---       blabel(72)=c:session39.0333333333333;
  INPUT ---       blabel(73)=c:session39.9;
  INPUT ---       blabel(74)=c:session49.1666666666667;
  INPUT ---       blabel(75)=c:session49.8;
  INPUT ---       blabel(76)=c:session50.6666666666667;
  INPUT ---       blabel(77)=c:session51.5333333333333;
  INPUT ---       blabel(78)=f0:(Intercept);
  INPUT ---       blabel(79)=f0:session2.1;
  INPUT ---       blabel(80)=f0:session3.9;
  INPUT ---       blabel(81)=f0:session12.9333333333333;
  INPUT ---       blabel(82)=f0:session14;
  INPUT ---       blabel(83)=f0:session15.8333333333333;
  INPUT ---       blabel(84)=f0:session25.8;
  INPUT ---       blabel(85)=f0:session26.6333333333333;
  INPUT ---       blabel(86)=f0:session27.5;
  INPUT ---       blabel(87)=f0:session38.1666666666667;
  INPUT ---       blabel(88)=f0:session39.0333333333333;
  INPUT ---       blabel(89)=f0:session39.9;
  INPUT ---       blabel(90)=f0:session49.1666666666667;
  INPUT ---       blabel(91)=f0:session49.8;
  INPUT ---       blabel(92)=f0:session50.6666666666667;
  INPUT ---       blabel(93)=f0:session51.5333333333333;
  INPUT ---       rlabel(1)=S gF c1 a0 t1;
  INPUT ---       rlabel(2)=S gF c1 a1.1 t2.1;
  INPUT ---       rlabel(3)=S gF c1 a2.9 t3.9;
  INPUT ---       rlabel(4)=S gF c1 a11.9333333333333 t12.9333333333333;
  INPUT ---       rlabel(5)=S gF c1 a13 t14;
  INPUT ---       rlabel(6)=S gF c1 a14.8333333333333 t15.8333333333333;
  INPUT ---       rlabel(7)=S gF c1 a24.8 t25.8;
  INPUT ---       rlabel(8)=S gF c1 a25.6333333333333 t26.6333333333333;
  INPUT ---       rlabel(9)=S gF c1 a26.5 t27.5;
  INPUT ---       rlabel(10)=S gF c1 a37.1666666666667 t38.1666666666667;
  INPUT ---       rlabel(11)=S gF c1 a38.0333333333333 t39.0333333333333;
  INPUT ---       rlabel(12)=S gF c1 a38.9 t39.9;
  INPUT ---       rlabel(13)=S gF c1 a48.1666666666667 t49.1666666666667;
  INPUT ---       rlabel(14)=S gF c1 a48.8 t49.8;
  INPUT ---       rlabel(15)=S gF c1 a49.6666666666667 t50.6666666666667;

  Program  MARK  - Survival Rate Estimation with Capture-Recapture Data
   gfortran(dble/PIM2) Vers. 10.1 March 2023  27-Sep-2024 15:43:24    Page  027
 - - - - - - - - - - - - - - - - - - - - - - - - - - - - - - - - - - - - - -
 
  INPUT ---       rlabel(16)=S gM c1 a0 t1;
  INPUT ---       rlabel(17)=S gM c1 a1.1 t2.1;
  INPUT ---       rlabel(18)=S gM c1 a2.9 t3.9;
  INPUT ---       rlabel(19)=S gM c1 a11.9333333333333 t12.9333333333333;
  INPUT ---       rlabel(20)=S gM c1 a13 t14;
  INPUT ---       rlabel(21)=S gM c1 a14.8333333333333 t15.8333333333333;
  INPUT ---       rlabel(22)=S gM c1 a24.8 t25.8;
  INPUT ---       rlabel(23)=S gM c1 a25.6333333333333 t26.6333333333333;
  INPUT ---       rlabel(24)=S gM c1 a26.5 t27.5;
  INPUT ---       rlabel(25)=S gM c1 a37.1666666666667 t38.1666666666667;
  INPUT ---       rlabel(26)=S gM c1 a38.0333333333333 t39.0333333333333;
  INPUT ---       rlabel(27)=S gM c1 a38.9 t39.9;
  INPUT ---       rlabel(28)=S gM c1 a48.1666666666667 t49.1666666666667;
  INPUT ---       rlabel(29)=S gM c1 a48.8 t49.8;
  INPUT ---       rlabel(30)=S gM c1 a49.6666666666667 t50.6666666666667;
  INPUT ---       rlabel(31)=Gamma'' gF c1 a0 t1;
  INPUT ---       rlabel(32)=Gamma'' gF c1 a1.1 t2.1;
  INPUT ---       rlabel(33)=Gamma'' gF c1 a2.9 t3.9;
  INPUT ---       rlabel(34)=Gamma'' gF c1 a11.9333333333333 
  INPUT ---       t12.9333333333333;
  INPUT ---       rlabel(35)=Gamma'' gF c1 a13 t14;
  INPUT ---       rlabel(36)=Gamma'' gF c1 a14.8333333333333 
  INPUT ---       t15.8333333333333;
  INPUT ---       rlabel(37)=Gamma'' gF c1 a24.8 t25.8;
  INPUT ---       rlabel(38)=Gamma'' gF c1 a25.6333333333333 
  INPUT ---       t26.6333333333333;
  INPUT ---       rlabel(39)=Gamma'' gF c1 a26.5 t27.5;
  INPUT ---       rlabel(40)=Gamma'' gF c1 a37.1666666666667 
  INPUT ---       t38.1666666666667;
  INPUT ---       rlabel(41)=Gamma'' gF c1 a38.0333333333333 
  INPUT ---       t39.0333333333333;
  INPUT ---       rlabel(42)=Gamma'' gF c1 a38.9 t39.9;
  INPUT ---       rlabel(43)=Gamma'' gF c1 a48.1666666666667 
  INPUT ---       t49.1666666666667;
  INPUT ---       rlabel(44)=Gamma'' gF c1 a48.8 t49.8;
  INPUT ---       rlabel(45)=Gamma'' gF c1 a49.6666666666667 
  INPUT ---       t50.6666666666667;
  INPUT ---       rlabel(46)=Gamma' gF c1 a1.1 t2.1;
  INPUT ---       rlabel(47)=Gamma' gF c1 a2.9 t3.9;
  INPUT ---       rlabel(48)=Gamma' gF c1 a11.9333333333333 t12.9333333333333;
  INPUT ---       rlabel(49)=Gamma' gF c1 a13 t14;
  INPUT ---       rlabel(50)=Gamma' gF c1 a14.8333333333333 t15.8333333333333;
  INPUT ---       rlabel(51)=Gamma' gF c1 a24.8 t25.8;
  INPUT ---       rlabel(52)=Gamma' gF c1 a25.6333333333333 t26.6333333333333;
  INPUT ---       rlabel(53)=Gamma' gF c1 a26.5 t27.5;
  INPUT ---       rlabel(54)=Gamma' gF c1 a37.1666666666667 t38.1666666666667;

  Program  MARK  - Survival Rate Estimation with Capture-Recapture Data
   gfortran(dble/PIM2) Vers. 10.1 March 2023  27-Sep-2024 15:43:24    Page  028
 - - - - - - - - - - - - - - - - - - - - - - - - - - - - - - - - - - - - - -
 
  INPUT ---       rlabel(55)=Gamma' gF c1 a38.0333333333333 t39.0333333333333;
  INPUT ---       rlabel(56)=Gamma' gF c1 a38.9 t39.9;
  INPUT ---       rlabel(57)=Gamma' gF c1 a48.1666666666667 t49.1666666666667;
  INPUT ---       rlabel(58)=Gamma' gF c1 a48.8 t49.8;
  INPUT ---       rlabel(59)=Gamma' gF c1 a49.6666666666667 t50.6666666666667;
  INPUT ---       rlabel(60)=p gF s1 t1;
  INPUT ---       rlabel(61)=p gF s2.1 t1;
  INPUT ---       rlabel(62)=p gF s3.9 t1;
  INPUT ---       rlabel(63)=p gF s12.9333333333333 t1;
  INPUT ---       rlabel(64)=p gF s14 t1;
  INPUT ---       rlabel(65)=p gF s15.8333333333333 t1;
  INPUT ---       rlabel(66)=p gF s25.8 t1;
  INPUT ---       rlabel(67)=p gF s26.6333333333333 t1;
  INPUT ---       rlabel(68)=p gF s27.5 t1;
  INPUT ---       rlabel(69)=p gF s38.1666666666667 t1;
  INPUT ---       rlabel(70)=p gF s39.0333333333333 t1;
  INPUT ---       rlabel(71)=p gF s39.9 t1;
  INPUT ---       rlabel(72)=p gF s49.1666666666667 t1;
  INPUT ---       rlabel(73)=p gF s49.8 t1;
  INPUT ---       rlabel(74)=p gF s50.6666666666667 t1;
  INPUT ---       rlabel(75)=p gF s51.5333333333333 t1;
  INPUT ---       rlabel(76)=c gF s1 t2;
  INPUT ---       rlabel(77)=c gF s2.1 t2;
  INPUT ---       rlabel(78)=c gF s3.9 t2;
  INPUT ---       rlabel(79)=c gF s12.9333333333333 t2;
  INPUT ---       rlabel(80)=c gF s14 t2;
  INPUT ---       rlabel(81)=c gF s15.8333333333333 t2;
  INPUT ---       rlabel(82)=c gF s25.8 t2;
  INPUT ---       rlabel(83)=c gF s26.6333333333333 t2;
  INPUT ---       rlabel(84)=c gF s27.5 t2;
  INPUT ---       rlabel(85)=c gF s38.1666666666667 t2;
  INPUT ---       rlabel(86)=c gF s39.0333333333333 t2;
  INPUT ---       rlabel(87)=c gF s39.9 t2;
  INPUT ---       rlabel(88)=c gF s49.1666666666667 t2;
  INPUT ---       rlabel(89)=c gF s49.8 t2;
  INPUT ---       rlabel(90)=c gF s50.6666666666667 t2;
  INPUT ---       rlabel(91)=c gF s51.5333333333333 t2;
  INPUT ---       rlabel(92)=f0 gF a0 s1 t0;
  INPUT ---       rlabel(93)=f0 gF a0 s2.1 t0;
  INPUT ---       rlabel(94)=f0 gF a0 s3.9 t0;
  INPUT ---       rlabel(95)=f0 gF a0 s12.9333333333333 t0;
  INPUT ---       rlabel(96)=f0 gF a0 s14 t0;
  INPUT ---       rlabel(97)=f0 gF a0 s15.8333333333333 t0;
  INPUT ---       rlabel(98)=f0 gF a0 s25.8 t0;
  INPUT ---       rlabel(99)=f0 gF a0 s26.6333333333333 t0;
  INPUT ---       rlabel(100)=f0 gF a0 s27.5 t0;

  Program  MARK  - Survival Rate Estimation with Capture-Recapture Data
   gfortran(dble/PIM2) Vers. 10.1 March 2023  27-Sep-2024 15:43:24    Page  029
 - - - - - - - - - - - - - - - - - - - - - - - - - - - - - - - - - - - - - -
 
  INPUT ---       rlabel(101)=f0 gF a0 s38.1666666666667 t0;
  INPUT ---       rlabel(102)=f0 gF a0 s39.0333333333333 t0;
  INPUT ---       rlabel(103)=f0 gF a0 s39.9 t0;
  INPUT ---       rlabel(104)=f0 gF a0 s49.1666666666667 t0;
  INPUT ---       rlabel(105)=f0 gF a0 s49.8 t0;
  INPUT ---       rlabel(106)=f0 gF a0 s50.6666666666667 t0;
  INPUT ---       rlabel(107)=f0 gF a0 s51.5333333333333 t0;
   Model is { S(~time + sex)Gamma''(~time)Gamma'(~time)p(~session)c(~session)f0(~session) }

 Link Function Used is PARM-SPECIFIC

 Variance Estimation Procedure Used is 2ndPart 

 M(t+1):
 Group 1 = sexF
      59     78     67     89    100     34     86     56     58     65     72
      40     49     52     61     47
 Group 2 = sexM
      43     64     37     83     95     36     94     70     40     65     75
      49     65     61     70     37


 -2logL(saturated) = -5853.9941    
 Effective Sample Size = 3599

 Number of function evaluations was 261 for 93 parameters.
 For numerical optimization, CPU Time was 82.266 seconds and System Time was 41.672 seconds.
 -2logL { S(~time + sex)Gamma''(~time)Gamma'(~time)p(~session)c(~session)f0(~session) } = -1323.9231    
 Penalty { S(~time + sex)Gamma''(~time)Gamma'(~time)p(~session)c(~session)f0(~session) } = 0.0000000     

   * *  WARNING  * *   Divide by zero occurred during optimization of this model. 
     IEEE flag status at end of optimization:
     overflow       F
     divide by zero T
     invalid        F
     underflow      F
     inexact        T


  Program  MARK  - Survival Rate Estimation with Capture-Recapture Data
   gfortran(dble/PIM2) Vers. 10.1 March 2023  27-Sep-2024 15:44:06    Page  030
 - - - - - - - - - - - - - - - - - - - - - - - - - - - - - - - - - - - - - -
 
 Gradient { S(~time + sex)Gamma''(~time)Gamma'(~time)p(~session)c(~session)f0(~session) }:
  0.92401031E-03  0.16076586E-03   0.0000000       0.0000000      0.26200789E-03
  0.35292959E-03  0.14430082E-03  0.87863575E-04  0.20273231E-03   0.0000000    
  0.90368208E-04   0.0000000      0.14386220E-03  0.12559930E-03   0.0000000    
  0.93017390E-03  0.21929107E-03  0.15957401E-03  0.95938439E-04   0.0000000    
   0.0000000       0.0000000      0.11709836E-03  0.14597062E-03   0.0000000    
   0.0000000       0.0000000      0.14053693E-03   0.0000000       0.0000000    
   0.0000000     -0.80044066E-04  0.66999529E-04   0.0000000     -0.73820290E-04
   0.0000000       0.0000000      0.16446713E-03   0.0000000      0.61715726E-04
   0.0000000       0.0000000       0.0000000       0.0000000       0.0000000    
 -0.41013482E-03  0.81678048E-04  0.39607827E-04   0.0000000     -0.35989547E-03
 -0.40381000E-04  0.67016617E-03   0.0000000     -0.10839891E-03 -0.13251909E-03
 -0.32717161E-03  0.66199760E-04 -0.20595277E-03 -0.15296355E-03  0.59931170E-04
  0.26621756E-03  0.20595780E-03   0.0000000       0.0000000       0.0000000    
   0.0000000       0.0000000       0.0000000      0.16333625E-03   0.0000000    
   0.0000000      0.18419654E-03  0.21705931E-03   0.0000000      0.19967975E-03
   0.0000000       0.0000000      0.42747221E-03   0.0000000      0.68022263E-04
  0.16670097E-04  0.47113986E-04  0.23785081E-03  0.19268918E-03  0.15360732E-04
 -0.53676728E-04 -0.75374344E-05 -0.10819691E-03  0.13704886E-04 -0.84546800E-04
   0.0000000      0.40787662E-04  0.10886536E-03
 Maximum ABS(G) { S(~time + sex)Gamma''(~time)Gamma'(~time)p(~session)c(~session)f0(~session) } = 0.9301739E-03 
 To compute VC matrix, CPU Time was 47.016 seconds and System Time was 24.656 seconds.
 S Vector { S(~time + sex)Gamma''(~time)Gamma'(~time)p(~session)c(~session)f0(~session) }:
   1495.454      702.1751      531.8087      177.6094      144.1395    
   133.7793      121.5519      116.1697      110.3187      103.6698    
   95.24402      82.43802      78.15071      76.09434      72.72117    
   67.48444      66.72162      61.67254      57.71912      55.94866    
   54.67644      50.69853      49.72308      47.36896      46.64640    
   46.23079      43.39636      43.36246      41.19077      40.46268    
   36.45383      35.65461      33.48691      30.10197      29.58677    
   26.89017      21.89758      21.86854      20.56773      19.54185    
   17.91680      13.44291      12.52563      12.44477      12.03049    
   10.69871      9.891963      9.542189      8.947914      8.437143    
   8.001217      7.482996      7.039938      6.395768      5.912403    
   5.619318      5.307482      5.045412      4.102933      3.912970    
   3.741630      2.904436      2.828283      2.540948      2.364554    
   2.284048      1.993656      1.926270      1.754271      1.730780    
   1.672584      1.627712      1.512727      1.464428      1.317220    
   1.081405     0.9711013     0.9039721     0.8491044     0.6747163    
  0.5881524     0.5149147     0.4343204     0.3538366     0.2354337    
  0.1239689     0.1031555     0.5313195E-01 0.3196490E-01 0.9411242E-02
  0.1705896E-02 0.2679486E-12 0.3173051E-15
 To invert VC matrix, CPU Time was 0.016 seconds and System Time was 0.016 seconds.
 Ratio Threshold = 50.000000       Max Gap (91/92) = 0.6366504E+10   Next Max Gap (92/93) = 844.45120     
 Gap Method for Num. of Estimated Parameters { S(~time + sex)Gamma''(~time)Gamma'(~time)p(~session)c(~session)f0(~session) } = 91          
 Threshold { S(~time + sex)Gamma''(~time)Gamma'(~time)p(~session)c(~session)f0(~session) } = 0.0018603               
 Numerical Threshold Method for Num. of Estimated Parameters { S(~time + sex)Gamma''(~time)Gamma'(~time)p(~session)c(~session)f0(~session) } = 90          
 Number of Estimated Parameters { S(~time + sex)Gamma''(~time)Gamma'(~time)p(~session)c(~session)f0(~session) } = 91          

   * *  WARNING  * *   Number of parameters estimated from gap method (=91) and threshold method (=90) differ.  Inspect full output. 

  Program  MARK  - Survival Rate Estimation with Capture-Recapture Data
   gfortran(dble/PIM2) Vers. 10.1 March 2023  27-Sep-2024 15:44:30    Page  031
 - - - - - - - - - - - - - - - - - - - - - - - - - - - - - - - - - - - - - -
 
 Ratios of S Vector { S(~time + sex)Gamma''(~time)Gamma'(~time)p(~session)c(~session)f0(~session) }:
   1/2    2.129745       2/3    1.320353       3/4    2.994260       4/5    1.232205       5/6    1.077442    
   6/7    1.100594       7/8    1.046330       8/9    1.053037       9/10    1.064136       10/11    1.088465    
   11/12    1.155341       12/13    1.054860       13/14    1.027024       14/15    1.046385       15/16    1.077599    
   16/17    1.011433       17/18    1.081869       18/19    1.068494       19/20    1.031644       20/21    1.023268    
   21/22    1.078462       22/23    1.019618       23/24    1.049698       24/25    1.015490       25/26    1.008990    
   26/27    1.065315       27/28    1.000782       28/29    1.052723       29/30    1.017994       30/31    1.109971    
   31/32    1.022416       32/33    1.064733       33/34    1.112449       34/35    1.017413       35/36    1.100282    
   36/37    1.227997       37/38    1.001328       38/39    1.063245       39/40    1.052497       40/41    1.090700    
   41/42    1.332806       42/43    1.073233       43/44    1.006498       44/45    1.034436       45/46    1.124480    
   46/47    1.081556       47/48    1.036656       48/49    1.066415       49/50    1.060538       50/51    1.054482    
   51/52    1.069253       52/53    1.062935       53/54    1.100718       54/55    1.081754       55/56    1.052157    
   56/57    1.058754       57/58    1.051942       58/59    1.229709       59/60    1.048547       60/61    1.045793    
   61/62    1.288246       62/63    1.026925       63/64    1.113082       64/65    1.074599       65/66    1.035247    
   66/67    1.145658       67/68    1.034983       68/69    1.098045       69/70    1.013573       70/71    1.034794    
   71/72    1.027568       72/73    1.076012       73/74    1.032981       74/75    1.111757       75/76    1.218063    
   76/77    1.113586       77/78    1.074260       78/79    1.064618       79/80    1.258461       80/81    1.147179    
   81/82    1.142233       82/83    1.185564       83/84    1.227460       84/85    1.502914       85/86    1.899135    
   86/87    1.201767       87/88    1.941496       88/89    1.662197       89/90    3.396459       90/91    5.516891    
   91/92   0.6366504E+10   92/93    844.4512    
 DEVIANCE { S(~time + sex)Gamma''(~time)Gamma'(~time)p(~session)c(~session)f0(~session) } = 4530.0711               
 DEVIANCE Degrees of Freedom { S(~time + sex)Gamma''(~time)Gamma'(~time)p(~session)c(~session)f0(~session) } = 433          
 c-hat { S(~time + sex)Gamma''(~time)Gamma'(~time)p(~session)c(~session)f0(~session) } = 10.462058               
 AIC { S(~time + sex)Gamma''(~time)Gamma'(~time)p(~session)c(~session)f0(~session) } = -1143.9231              
 AICc { S(~time + sex)Gamma''(~time)Gamma'(~time)p(~session)c(~session)f0(~session) } = -1139.2537              
 BIC { S(~time + sex)Gamma''(~time)Gamma'(~time)p(~session)c(~session)f0(~session) } = -586.96604              
 Pearson Chisquare { S(~time + sex)Gamma''(~time)Gamma'(~time)p(~session)c(~session)f0(~session) } = 0.3196503E+16           


 PARM-SPECIFIC Link Function Parameters of { S(~time + sex)Gamma''(~time)Gamma'(~time)p(~session)c(~session)f0(~session) }
                                                              95% Confidence Interval
    Parameter                  Beta         Standard Error     Lower           Upper
 -------------------------  --------------  --------------  --------------  --------------
    1:S:(Intercept)          2.6990591       0.8411755       1.0503550       4.3477632    
    2:S:time2.1             -0.5186099       0.9155991      -2.3131843       1.2759644    
    3:S:time3.9              0.8818014       1.0085792      -1.0950138       2.8586166    
    4:S:time12.93333333333   0.0827595       1.4650836      -2.7888045       2.9543235    
    5:S:time14              -1.7954192       0.8733309      -3.5071479      -0.0836905    
    6:S:time15.83333333333   0.3835090       0.8827105      -1.3466036       2.1136216    
    7:S:time25.8            -0.6918866       1.1448283      -2.9357502       1.5519769    
    8:S:time26.63333333333  -1.7786329       0.9265050      -3.5945829       0.0373170    
    9:S:time27.5             0.2042512       0.8677403      -1.4965198       1.9050221    
   10:S:time38.16666666666  -0.9854259       0.7827009      -2.5195197       0.5486679    
   11:S:time39.03333333333  -1.7016208       0.8898368      -3.4457008       0.0424593    
   12:S:time39.9             0.9897483       0.9064810      -0.7869545       2.7664512    
   13:S:time49.16666666666  -0.6970450       1.9313270      -4.4824460       3.0883560    
   14:S:time49.8            -0.9438056       2.3046088      -5.4608389       3.5732277    
   15:S:time50.66666666666   24.015537       0.0000000       24.015537       24.015537    
   16:S:sexM                 0.3123386       0.1059116       0.1047518       0.5199254    
   17:GammaDoublePrime:(In  -1.2266353       0.3786495      -1.9687883      -0.4844823    
   18:GammaDoublePrime:tim  -0.5299523       1.0322282      -2.5531197       1.4932150    
   19:GammaDoublePrime:tim  -1.5447634       1.0956374      -3.6922128       0.6026860    
   20:GammaDoublePrime:tim  -0.0855789       0.5853324      -1.2328304       1.0616725    

  Program  MARK  - Survival Rate Estimation with Capture-Recapture Data
   gfortran(dble/PIM2) Vers. 10.1 March 2023  27-Sep-2024 15:44:30    Page  032
 - - - - - - - - - - - - - - - - - - - - - - - - - - - - - - - - - - - - - -
 
   21:GammaDoublePrime:tim  -1.8343039       2.1008853      -5.9520390       2.2834313    
   22:GammaDoublePrime:tim  -1.4838834       1.5601058      -4.5416908       1.5739240    
   23:GammaDoublePrime:tim   1.0849193       0.4402932       0.2219446       1.9478940    
   24:GammaDoublePrime:tim   0.6725327       0.4921374      -0.2920567       1.6371220    
   25:GammaDoublePrime:tim  -1.4907405       1.4914132      -4.4139105       1.4324294    
   26:GammaDoublePrime:tim  -0.9690023       0.7528755      -2.4446384       0.5066338    
   27:GammaDoublePrime:tim   0.8126335       0.4156451      -0.0020310       1.6272979    
   28:GammaDoublePrime:tim  -0.7371991       0.6951396      -2.0996728       0.6252745    
   29:GammaDoublePrime:tim  -0.2319268       0.7974855      -1.7949984       1.3311448    
   30:GammaDoublePrime:tim  -1.0986249       2.7322325      -6.4538006       4.2565509    
   31:GammaDoublePrime:tim  -0.8528909       2.7427553      -6.2286915       4.5229096    
   32:GammaPrime:(Intercep   2.0500778       1.6963061      -1.2746822       5.3748377    
   33:GammaPrime:time3.9    -2.6439156       1.8405228      -6.2513403       0.9635092    
   34:GammaPrime:time12.93   35.390679       56138440.      -0.1100313E+09   0.1100314E+09
   35:GammaPrime:time14     -2.3072293       1.9911063      -6.2097977       1.5953392    
   36:GammaPrime:time15.83   0.7374975       10.193735      -19.242223       20.717218    
   37:GammaPrime:time25.8    0.0719261       2.2854132      -4.4074839       4.5513362    
   38:GammaPrime:time26.63  -1.9688684       1.7255610      -5.3509681       1.4132313    
   39:GammaPrime:time27.5   -3.9597708       1.9278114      -7.7382812      -0.1812604    
   40:GammaPrime:time38.16  -2.9558900       2.2483842      -7.3627231       1.4509430    
   41:GammaPrime:time39.03  -2.7739214       2.0159222      -6.7251289       1.1772862    
   42:GammaPrime:time39.9   -3.5973353       1.8073623      -7.1397654      -0.0549051    
   43:GammaPrime:time49.16  -2.3745645       1.9578497      -6.2119499       1.4628209    
   44:GammaPrime:time49.8   -2.8899325       3.2139686      -9.1893111       3.4094461    
   45:GammaPrime:time50.66  -4.1042371       23.738352      -50.631408       42.422934    
   46:p:(Intercept)         -0.9718292       0.4079536      -1.7714183      -0.1722402    
   47:p:session2.1           1.2417953       0.4574681       0.3451578       2.1384329    
   48:p:session3.9           0.5409872       0.5231519      -0.4843906       1.5663650    
   49:p:session12.93333333   0.8984372       0.4328046       0.0501401       1.7467343    
   50:p:session14            1.0350961       0.4562905       0.1407667       1.9294256    
   51:p:session15.83333333  -0.5114820       0.4691198      -1.4309569       0.4079928    
   52:p:session25.8          0.6848812       0.4500735      -0.1972630       1.5670254    
   53:p:session26.63333333   1.3223923       0.4654613       0.4100882       2.2346965    
   54:p:session27.5          1.2522425       0.4805043       0.3104540       2.1940310    
   55:p:session38.16666666   0.8423053       0.4754237      -0.0895253       1.7741359    
   56:p:session39.03333333   1.1920089       0.4631356       0.2842632       2.0997547    
   57:p:session39.9          1.3049614       0.4962115       0.3323869       2.2775359    
   58:p:session49.16666666   1.2226633       0.4705532       0.3003790       2.1449476    
   59:p:session49.8          1.0948427       0.4715497       0.1706053       2.0190800    
   60:p:session50.66666666   1.8006575       0.4440294       0.9303597       2.6709552    
   61:p:session51.53333333   0.4329248       0.7208528      -0.9799468       1.8457963    
   62:c:(Intercept)          0.1853915       0.1841263      -0.1754961       0.5462791    
   63:c:session2.1           0.5292615       0.2355579       0.0675681       0.9909549    
   64:c:session3.9           0.5190558       0.2605105       0.0084552       1.0296564    
   65:c:session12.93333333   0.2549204       0.2266937      -0.1893993       0.6992401    
   66:c:session14            0.0586706       0.2200043      -0.3725378       0.4898790    

  Program  MARK  - Survival Rate Estimation with Capture-Recapture Data
   gfortran(dble/PIM2) Vers. 10.1 March 2023  27-Sep-2024 15:44:30    Page  033
 - - - - - - - - - - - - - - - - - - - - - - - - - - - - - - - - - - - - - -
 
   67:c:session15.83333333  -0.3504697       0.2851006      -0.9092668       0.2083274    
   68:c:session25.8          0.1439125       0.2260459      -0.2991376       0.5869625    
   69:c:session26.63333333  -0.4947118       0.2357473      -0.9567766      -0.0326470    
   70:c:session27.5          0.2374662       0.2508800      -0.2542585       0.7291910    
   71:c:session38.16666666   0.3434521       0.2407958      -0.1285076       0.8154118    
   72:c:session39.03333333   0.3254355       0.2316365      -0.1285722       0.7794431    
   73:c:session39.9         -0.1247646       0.2534429      -0.6215127       0.3719835    
   74:c:session49.16666666   0.1162771       0.2416681      -0.3573924       0.5899466    
   75:c:session49.8         -0.2226609       0.2423961      -0.6977573       0.2524355    
   76:c:session50.66666666   0.4657919       0.2339744       0.0072020       0.9243819    
   77:c:session51.53333333   0.1861729       0.3440700      -0.4882043       0.8605501    
   78:f0:(Intercept)         3.4262289       0.5777085       2.2939202       4.5585375    
   79:f0:session2.1         -1.6798187       0.7841113      -3.2166769      -0.1429606    
   80:f0:session3.9         -0.7945641       0.8035845      -2.3695898       0.7804616    
   81:f0:session12.9333333  -0.8306779       0.6648583      -2.1338002       0.4724444    
   82:f0:session14          -0.9432178       0.7206710      -2.3557330       0.4692975    
   83:f0:session15.8333333   0.2830554       0.6642774      -1.0189283       1.5850392    
   84:f0:session25.8        -0.4253950       0.6782289      -1.7547238       0.9039337    
   85:f0:session26.6333333  -1.9800903       0.8383513      -3.6232589      -0.3369216    
   86:f0:session27.5        -2.1269916       0.8909378      -3.8732296      -0.3807536    
   87:f0:session38.1666666  -1.0244009       0.7533613      -2.5009891       0.4521873    
   88:f0:session39.0333333  -1.5385032       0.7805056      -3.0682942      -0.0087121    
   89:f0:session39.9        -2.3401493       0.9599697      -4.2216900      -0.4586087    
   90:f0:session49.1666666  -1.8876389       0.8333528      -3.5210103      -0.2542674    
   91:f0:session49.8        -1.6366850       0.8018417      -3.2082948      -0.0650752    
   92:f0:session50.6666666  -3.1151337       1.0939230      -5.2592228      -0.9710445    
   93:f0:session51.5333333  -0.1212962       0.9577710      -1.9985273       1.7559350    


 Real Function Parameters of { S(~time + sex)Gamma''(~time)Gamma'(~time)p(~session)c(~session)f0(~session) }
                                                               95% Confidence Interval
     Parameter                Estimate       Standard Error     Lower           Upper
 --------------------------  --------------  --------------  --------------  --------------
     1:S gF c1 a0 t1          0.9369711       0.0496767       0.7408431       0.9872295       
     2:S gF c1 a1.1 t2.1      0.8984800       0.0343939       0.8086703       0.9488023       
     3:S gF c1 a2.9 t3.9      0.9729030       0.0079587       0.9520818       0.9848213       
     4:S gF c1 a11.93333333   0.9416854       0.0674242       0.5927397       0.9944497       
     5:S gF c1 a13 t14        0.7116969       0.0447268       0.6168957       0.7909874       
     6:S gF c1 a14.83333333   0.9561679       0.0109423       0.9289611       0.9732549       
     7:S gF c1 a24.8 t25.8    0.8815481       0.0808754       0.6199009       0.9713968       
     8:S gF c1 a25.63333333   0.7151289       0.0776350       0.5432651       0.8412233       
     9:S gF c1 a26.5 t27.5    0.9480098       0.0091598       0.9268345       0.9632993       
    10:S gF c1 a37.16666666   0.8473069       0.0434845       0.7417086       0.9146982       
    11:S gF c1 a38.03333333   0.7305546       0.0566575       0.6066600       0.8265803       
    12:S gF c1 a38.9 t39.9    0.9756080       0.0069579       0.9575370       0.9861002       
    13:S gF c1 a48.16666666   0.8810084       0.1833048       0.1938573       0.9956324       

  Program  MARK  - Survival Rate Estimation with Capture-Recapture Data
   gfortran(dble/PIM2) Vers. 10.1 March 2023  27-Sep-2024 15:44:30    Page  034
 - - - - - - - - - - - - - - - - - - - - - - - - - - - - - - - - - - - - - -
 
    14:S gF c1 a48.8 t49.8    0.8526142       0.2709910       0.0778833       0.9974825       
    15:S gF c1 a49.66666666   1.0000000       0.0000000       1.0000000       1.0000000       
    16:S gM c1 a0 t1          0.9530864       0.0379734       0.7936087       0.9907696       
    17:S gM c1 a1.1 t2.1      0.9236347       0.0270477       0.8508373       0.9624711       
    18:S gM c1 a2.9 t3.9      0.9800270       0.0059456       0.9643549       0.9888879       
    19:S gM c1 a11.93333333   0.9566511       0.0508812       0.6658206       0.9959257       
    20:S gM c1 a13 t14        0.7713551       0.0386431       0.6870855       0.8382722       
    21:S gM c1 a14.83333333   0.9675450       0.0081820       0.9470603       0.9802684       
    22:S gM c1 a24.8 t25.8    0.9104801       0.0634835       0.6884547       0.9790843       
    23:S gM c1 a25.63333333   0.7743021       0.0661969       0.6201852       0.8781680       
    24:S gM c1 a26.5 t27.5    0.9614189       0.0069823       0.9451479       0.9730013       
    25:S gM c1 a37.16666666   0.8834971       0.0347917       0.7963224       0.9363433       
    26:S gM c1 a38.03333333   0.7874758       0.0487040       0.6768608       0.8676308       
    27:S gM c1 a38.9 t39.9    0.9820340       0.0052904       0.9681218       0.9899378       
    28:S gM c1 a48.16666666   0.9100588       0.1451311       0.2385010       0.9969502       
    29:S gM c1 a48.8 t49.8    0.8877132       0.2175011       0.0989292       0.9982465       
    30:S gM c1 a49.66666666   1.0000000       0.0000000       1.0000000       1.0000000       
    31:Gamma'' gF c1 a0 t1    0.2267709       0.0663946       0.1225191       0.3811942       
    32:Gamma'' gF c1 a1.1 t   0.1472182       0.1166380       0.0271849       0.5160837       
    33:Gamma'' gF c1 a2.9 t   0.0588894       0.0539231       0.0092082       0.2964230       
    34:Gamma'' gF c1 a11.93   0.2121166       0.0754860       0.0999748       0.3948611       
    35:Gamma'' gF c1 a13 t1   0.0447475       0.0883679       0.8138798E-03   0.7292864       
    36:Gamma'' gF c1 a14.83   0.0623555       0.0884512       0.0034167       0.5633164       
    37:Gamma'' gF c1 a24.8    0.4646302       0.0559045       0.3584239       0.5741441       
    38:Gamma'' gF c1 a25.63   0.3649131       0.0726075       0.2371863       0.5149862       
    39:Gamma'' gF c1 a26.5    0.0619558       0.0834191       0.0039477       0.5239632       
    40:Gamma'' gF c1 a37.16   0.1001429       0.0603904       0.0290534       0.2927349       
    41:Gamma'' gF c1 a38.03   0.3979529       0.0574229       0.2923981       0.5139368       
    42:Gamma'' gF c1 a38.9    0.1230527       0.0628124       0.0429136       0.3051351       
    43:Gamma'' gF c1 a48.16   0.1886873       0.1081376       0.0550396       0.4815000       
    44:Gamma'' gF c1 a48.8    0.0890524       0.2198061       0.4825133E-03   0.9519147       
    45:Gamma'' gF c1 a49.66   0.1111027       0.2682778       0.6085330E-03   0.9624857       
    46:Gamma' gF c1 a1.1 t2   0.8859555       0.1713920       0.2184568       0.9953897       
    47:Gamma' gF c1 a2.9 t3   0.3557548       0.1831223       0.1034142       0.7255529       
    48:Gamma' gF c1 a11.933   1.0000000       0.0000000       1.0000000       1.0000000       
    49:Gamma' gF c1 a13 t14   0.4360641       0.2617008       0.0876244       0.8616055       
    50:Gamma' gF c1 a14.833   0.9420007       0.5489214       0.4554626E-07   1.0000000       
    51:Gamma' gF c1 a24.8 t   0.8930235       0.1466489       0.2917854       0.9941225       
    52:Gamma' gF c1 a25.633   0.5202912       0.0793606       0.3677214       0.6691677       
    53:Gamma' gF c1 a26.5 t   0.1290153       0.1028020       0.0240612       0.4708859       
    54:Gamma' gF c1 a37.166   0.2878575       0.3025040       0.0219218       0.8793707       
    55:Gamma' gF c1 a38.033   0.3265472       0.2398832       0.0540735       0.8044169       
    56:Gamma' gF c1 a38.9 t   0.1754827       0.0904540       0.0588241       0.4202037       
    57:Gamma' gF c1 a48.166   0.4195827       0.2386985       0.0957317       0.8315431       
    58:Gamma' gF c1 a48.8 t   0.3015654       0.5758820       0.0020277       0.9892190       
    59:Gamma' gF c1 a49.666   0.1136328       2.3852729       0.8897198E-21   1.0000000       

  Program  MARK  - Survival Rate Estimation with Capture-Recapture Data
   gfortran(dble/PIM2) Vers. 10.1 March 2023  27-Sep-2024 15:44:30    Page  035
 - - - - - - - - - - - - - - - - - - - - - - - - - - - - - - - - - - - - - -
 
    60:p gF s1 t1             0.2745160       0.0812468       0.1453660       0.4570461       
    61:p gF s2.1 t1           0.5670846       0.0521888       0.4633921       0.6652160       
    62:p gF s3.9 t1           0.3939253       0.0711585       0.2659992       0.5382582       
    63:p gF s12.93333333333   0.4816602       0.0359358       0.4120473       0.5519925       
    64:p gF s14 t1            0.5158114       0.0497415       0.4189471       0.6115021       
    65:p gF s15.83333333333   0.1849278       0.0349698       0.1258635       0.2633587       
    66:p gF s25.8 t1          0.4287512       0.0464934       0.3409617       0.5212660       
    67:p gF s26.63333333333   0.5867541       0.0543132       0.4778971       0.6877445       
    68:p gF s27.5 t1          0.5696475       0.0622357       0.4459200       0.6852481       
    69:p gF s38.16666666666   0.4676642       0.0607948       0.3524797       0.5864015       
    70:p gF s39.03333333333   0.5548236       0.0541316       0.4478462       0.6569510       
    71:p gF s39.9 t1          0.5825213       0.0641592       0.4541389       0.7006145       
    72:p gF s49.16666666666   0.5623818       0.0576986       0.4480196       0.6704771       
    73:p gF s49.8 t1          0.5307146       0.0589074       0.4156710       0.6425840       
    74:p gF s50.66666666666   0.6961071       0.0437125       0.6043966       0.7744896       
    75:p gF s51.53333333333   0.3684425       0.1382911       0.1539763       0.6515682       
    76:c gF s1 t2             0.5462156       0.0456383       0.4562382       0.6332719       
    77:c gF s2.1 t2           0.6714285       0.0324120       0.6050838       0.7315720       
    78:c gF s3.9 t2           0.6691731       0.0407985       0.5849765       0.7437703       
    79:c gF s12.93333333333   0.6083333       0.0315082       0.5451567       0.6680777       
    80:c gF s14 t2            0.5607144       0.0296596       0.5020127       0.6177652       
    81:c gF s15.83333333333   0.4588239       0.0540483       0.3562424       0.5650183       
    82:c gF s25.8 t2          0.5815900       0.0319088       0.5180660       0.6425186       
    83:c gF s26.63333333333   0.4232806       0.0359390       0.3548299       0.4948089       
    84:c gF s27.5 t2          0.6041669       0.0407524       0.5222009       0.6806701       
    85:c gF s38.16666666666   0.6292133       0.0362035       0.5559387       0.6969871       
    86:c gF s39.03333333333   0.6250003       0.0329404       0.5585693       0.6870355       
    87:c gF s39.9 t2          0.5151521       0.0434994       0.4302768       0.5991623       
    88:c gF s49.16666666666   0.5748504       0.0382551       0.4987182       0.6475904       
    89:c gF s49.8 t2          0.4906837       0.0393987       0.4142891       0.5675160       
    90:c gF s50.66666666666   0.6572771       0.0325204       0.5910303       0.7179145       
    91:c gF s51.53333333333   0.5918369       0.0702132       0.4506298       0.7193531       
    92:f0 gF a0 s1 t0         30.760422       17.770557       10.744526       88.063777       
    93:f0 gF a0 s2.1 t0       5.7339813       3.0744935       2.1406959       15.358810       
    94:f0 gF a0 s3.9 t0       13.896885       7.2512687       5.3114612       36.359754       
    95:f0 gF a0 s12.9333333   13.403970       4.4023940       7.1579505       25.100259       
    96:f0 gF a0 s14 t0        11.977275       5.0873420       5.3912342       26.608956       
    97:f0 gF a0 s15.8333333   40.824578       13.404770       21.804552       76.435699       
    98:f0 gF a0 s25.8 t0      20.102292       7.1360636       10.232795       39.490885       
    99:f0 gF a0 s26.6333333   4.2466846       2.5794176       1.4159321       12.736719       
   100:f0 gF a0 s27.5 t0      3.6664989       2.4867293       1.0980160       12.243187       
   101:f0 gF a0 s38.1666666   11.043345       5.3407139       4.4964542       27.122585       
   102:f0 gF a0 s39.0333333   6.6043313       3.4655083       2.5120856       17.362940       
   103:f0 gF a0 s39.9 t0      2.9626364       2.2112162       0.8039877       10.917100       
   104:f0 gF a0 s49.1666666   4.6580178       2.7973151       1.5697340       13.822170       
   105:f0 gF a0 s49.8 t0      5.9867210       3.3291128       2.1644341       16.558984       

  Program  MARK  - Survival Rate Estimation with Capture-Recapture Data
   gfortran(dble/PIM2) Vers. 10.1 March 2023  27-Sep-2024 15:44:30    Page  036
 - - - - - - - - - - - - - - - - - - - - - - - - - - - - - - - - - - - - - -
 
   106:f0 gF a0 s50.6666666   1.3649191       1.3032672       0.2817691       6.6118112       
   107:f0 gF a0 s51.5333333   27.246707       20.814381       7.2141800       102.90609       


                     Estimates of Derived Parameters

 Population Estimates of { S(~time + sex)Gamma''(~time)Gamma'(~time)p(~session)c(~session)f0(~session) }
                                                95% Confidence Interval
 Grp. Sess.     N-hat        Standard Error      Lower           Upper
 ---- -----  --------------  --------------  --------------  --------------
   1     1    89.760422       17.770557       69.744526       147.06378    
   1     2    83.733981       3.0744935       80.140696       93.358810    
   1     3    80.896885       7.2512687       72.311461       103.35975    
   1     4    102.40397       4.4023940       96.157950       114.10026    
   1     5    111.97727       5.0873420       105.39123       126.60896    
   1     6    74.824578       13.404770       55.804552       110.43570    
   1     7    106.10229       7.1360636       96.232795       125.49088    
   1     8    60.246685       2.5794176       57.415932       68.736719    
   1     9    61.666499       2.4867293       59.098016       70.243187    
   1    10    76.043345       5.3407139       69.496454       92.122585    
   1    11    78.604331       3.4655083       74.512086       89.362940    
   1    12    42.962636       2.2112162       40.803988       50.917100    
   1    13    53.658018       2.7973151       50.569734       62.822170    
   1    14    57.986721       3.3291128       54.164434       68.558984    
   1    15    62.364919       1.3032672       61.281769       67.611811    
   1    16    74.246707       20.814381       54.214180       149.90609    
   2     1    73.760422       17.770557       53.744526       131.06378    
   2     2    69.733981       3.0744935       66.140696       79.358810    
   2     3    50.896885       7.2512687       42.311461       73.359754    
   2     4    96.403970       4.4023940       90.157950       108.10026    
   2     5    106.97727       5.0873420       100.39123       121.60896    
   2     6    76.824578       13.404770       57.804552       112.43570    
   2     7    114.10229       7.1360636       104.23279       133.49088    
   2     8    74.246685       2.5794176       71.415932       82.736719    
   2     9    43.666499       2.4867293       41.098016       52.243187    
   2    10    76.043345       5.3407139       69.496454       92.122585    
   2    11    81.604331       3.4655083       77.512086       92.362940    
   2    12    51.962636       2.2112162       49.803988       59.917100    
   2    13    69.658018       2.7973151       66.569734       78.822170    
   2    14    66.986721       3.3291128       63.164434       77.558984    
   2    15    71.364919       1.3032672       70.281769       76.611811    
   2    16    64.246707       20.814381       44.214180       139.90609    

 To compute parameter estimates, CPU Time was 0.016 seconds and System Time was 0.015 seconds.

 Attempted ordering of parameters by estimatibility:
  46 62  1 17 52 49 50 78 51 61 16 55 48 56 47 66 59 68 58 65 53 72 76 63 69
   9 54 71 74 75 57 32 70  5 73 23 64  6 60 27  3 24 93 67 20 12 83 11  2 84
  10 81 38 80 29 87 14 77 82 88 79 28 91 13 30 42 85 26 44 90 33  8 35 86 43
  89 18 19 39  7 22 41 25 92 40 21  4 31 37 36 45 15 34
 Beta number 34 is a singular value.

   For procedure estimate CPU Time was 129.359 seconds and System Time was 67.234 seconds.


  INPUT --- proc stop;

     For this job, CPU Time in minutes was 2.159 and System Time in minutes was 1.123.

     Time Start = 15:43:23.361   Time End = 15:44:30.747

     Wall Clock Time in minutes for this job was 1.123.

     Maximum of 93 words used of 4096 words allocated.


          E X E C U T I O N   S U C C E S S F U L 
