
   Program  MARK  - Survival Rate Estimation with Capture-Recapture Data
   gfortran(dble/PIM2) Vers. 10.1 March 2023  27-Sep-2024 15:41:39    Page  001
    
 - - - - - - - - - - - - - - - - - - - - - - - - - - - - - - - - - - - - - -
 
   Welcome to MARK johnimperato on machine JOHNIMPERATD1A0 in subdirectory 
   "W:\Data and Code\Mossy-Pond\Mossy-Pond\RMark_models" running file "mark013.inp".
   This version was compiled by GCC version 12.2.0 using the options: 
     -cpp -iprefix c:\tdm-gcc-64\mingw64\bin\../lib/gcc/x86_64-w64-mingw32/12.2.0/
     -D_MT -D_REENTRANT -U_REENTRANT -D ieee -D dbleprecision -m64 -mtune=generic
     -march=x86-64 -mthreads -O3 -std=f2018 -fsignaling-nans
     -ffpe-summary=invalid,zero,overflow,underflow -funroll-loops -ffast-math
     -fall-intrinsics -fopenmp.

   This problem will use 3 of 4 possible threads.
   Static thread allocation is used.
   Schedule kind is omp_sched_dynamic with chunk size 1


  INPUT --- proc title ;

   For procedure title CPU Time was 0.001 seconds and System Time was 0.001 seconds.


  INPUT --- proc chmatrix occasions= 47 groups= 2 etype= Robust Nodes= 
  INPUT --- 101 ICMeans NoHist hist=  523 ;

  INPUT ---    time interval 0 0 1.1 0 0 1.8 0 0 9.03333333333333 0 0 
  INPUT ---    1.06666666666667 0 0 1.83333333333333  0 0 9.96666666666667 
  INPUT ---    0 0 0.833333333333333 0 0 0.866666666666667 0 0 
  INPUT ---    10.6666666666667 0 0  0.866666666666667 0 0 
  INPUT ---    0.866666666666667 0 0 9.26666666666667 0 0 
  INPUT ---    0.633333333333333 0 0  0.866666666666667 0 0 
  INPUT ---    0.866666666666667 0 ;

  INPUT ---    glabel(1)=sexF;

  INPUT ---    glabel(2)=sexM;

   * *  WARNING  * *   At least a pair of the encounter histories are duplicates. 

      Number of unique encounter histories read was 480.

      Number of individual covariates read was 0.
      Time interval lengths vary and/or not equal to 1.

      Data type number is 7
      Data type is Robust Design with Full Likelihhood p and c

   For procedure chmatrix CPU Time was 0.109 seconds and System Time was 0.109 seconds.

  Program  MARK  - Survival Rate Estimation with Capture-Recapture Data
   gfortran(dble/PIM2) Vers. 10.1 March 2023  27-Sep-2024 15:41:39    Page  002
 - - - - - - - - - - - - - - - - - - - - - - - - - - - - - - - - - - - - - -
 


  INPUT --- proc estimate link=Parm-Specific NOLOOP varest=2ndPart    ;


  INPUT --- model={ 
  INPUT --- S(~sex)Gamma''(~time)Gamma'(~time)p(~session)c(~session)f0(~
  INPUT --- session) };

  INPUT ---    group=1 S    rows=15 cols=15 Triang ;
  INPUT ---        1 1 1 1 1 1 1 1 1 1 1 1 1 1 1 ;
  INPUT ---        1 1 1 1 1 1 1 1 1 1 1 1 1 1 ;
  INPUT ---        1 1 1 1 1 1 1 1 1 1 1 1 1 ;
  INPUT ---        1 1 1 1 1 1 1 1 1 1 1 1 ;
  INPUT ---        1 1 1 1 1 1 1 1 1 1 1 ;
  INPUT ---        1 1 1 1 1 1 1 1 1 1 ;
  INPUT ---        1 1 1 1 1 1 1 1 1 ;
  INPUT ---        1 1 1 1 1 1 1 1 ;
  INPUT ---        1 1 1 1 1 1 1 ;
  INPUT ---        1 1 1 1 1 1 ;
  INPUT ---        1 1 1 1 1 ;
  INPUT ---        1 1 1 1 ;
  INPUT ---        1 1 1 ;
  INPUT ---        1 1 ;
  INPUT ---        1 ;

  INPUT ---    group=2 S    rows=15 cols=15 Triang ;
  INPUT ---        2 2 2 2 2 2 2 2 2 2 2 2 2 2 2 ;
  INPUT ---        2 2 2 2 2 2 2 2 2 2 2 2 2 2 ;
  INPUT ---        2 2 2 2 2 2 2 2 2 2 2 2 2 ;
  INPUT ---        2 2 2 2 2 2 2 2 2 2 2 2 ;
  INPUT ---        2 2 2 2 2 2 2 2 2 2 2 ;
  INPUT ---        2 2 2 2 2 2 2 2 2 2 ;
  INPUT ---        2 2 2 2 2 2 2 2 2 ;
  INPUT ---        2 2 2 2 2 2 2 2 ;
  INPUT ---        2 2 2 2 2 2 2 ;
  INPUT ---        2 2 2 2 2 2 ;
  INPUT ---        2 2 2 2 2 ;
  INPUT ---        2 2 2 2 ;
  INPUT ---        2 2 2 ;
  INPUT ---        2 2 ;
  INPUT ---        2 ;

  INPUT ---    group=1 Gamma''    rows=15 cols=15 Triang ;
  INPUT ---        3 4 5 6 7 8 9 10 11 12 13 14 15 16 17 ;
  INPUT ---        4 5 6 7 8 9 10 11 12 13 14 15 16 17 ;

  Program  MARK  - Survival Rate Estimation with Capture-Recapture Data
   gfortran(dble/PIM2) Vers. 10.1 March 2023  27-Sep-2024 15:41:39    Page  003
 - - - - - - - - - - - - - - - - - - - - - - - - - - - - - - - - - - - - - -
 
  INPUT ---        5 6 7 8 9 10 11 12 13 14 15 16 17 ;
  INPUT ---        6 7 8 9 10 11 12 13 14 15 16 17 ;
  INPUT ---        7 8 9 10 11 12 13 14 15 16 17 ;
  INPUT ---        8 9 10 11 12 13 14 15 16 17 ;
  INPUT ---        9 10 11 12 13 14 15 16 17 ;
  INPUT ---        10 11 12 13 14 15 16 17 ;
  INPUT ---        11 12 13 14 15 16 17 ;
  INPUT ---        12 13 14 15 16 17 ;
  INPUT ---        13 14 15 16 17 ;
  INPUT ---        14 15 16 17 ;
  INPUT ---        15 16 17 ;
  INPUT ---        16 17 ;
  INPUT ---        17 ;

  INPUT ---    group=2 Gamma''    rows=15 cols=15 Triang ;
  INPUT ---        3 4 5 6 7 8 9 10 11 12 13 14 15 16 17 ;
  INPUT ---        4 5 6 7 8 9 10 11 12 13 14 15 16 17 ;
  INPUT ---        5 6 7 8 9 10 11 12 13 14 15 16 17 ;
  INPUT ---        6 7 8 9 10 11 12 13 14 15 16 17 ;
  INPUT ---        7 8 9 10 11 12 13 14 15 16 17 ;
  INPUT ---        8 9 10 11 12 13 14 15 16 17 ;
  INPUT ---        9 10 11 12 13 14 15 16 17 ;
  INPUT ---        10 11 12 13 14 15 16 17 ;
  INPUT ---        11 12 13 14 15 16 17 ;
  INPUT ---        12 13 14 15 16 17 ;
  INPUT ---        13 14 15 16 17 ;
  INPUT ---        14 15 16 17 ;
  INPUT ---        15 16 17 ;
  INPUT ---        16 17 ;
  INPUT ---        17 ;

  INPUT ---    group=1 Gamma'    rows=14 cols=14 Triang ;
  INPUT ---        18 19 20 21 22 23 24 25 26 27 28 29 30 31 ;
  INPUT ---        19 20 21 22 23 24 25 26 27 28 29 30 31 ;
  INPUT ---        20 21 22 23 24 25 26 27 28 29 30 31 ;
  INPUT ---        21 22 23 24 25 26 27 28 29 30 31 ;
  INPUT ---        22 23 24 25 26 27 28 29 30 31 ;
  INPUT ---        23 24 25 26 27 28 29 30 31 ;
  INPUT ---        24 25 26 27 28 29 30 31 ;
  INPUT ---        25 26 27 28 29 30 31 ;
  INPUT ---        26 27 28 29 30 31 ;
  INPUT ---        27 28 29 30 31 ;
  INPUT ---        28 29 30 31 ;
  INPUT ---        29 30 31 ;
  INPUT ---        30 31 ;
  INPUT ---        31 ;

  Program  MARK  - Survival Rate Estimation with Capture-Recapture Data
   gfortran(dble/PIM2) Vers. 10.1 March 2023  27-Sep-2024 15:41:39    Page  004
 - - - - - - - - - - - - - - - - - - - - - - - - - - - - - - - - - - - - - -
 

  INPUT ---    group=2 Gamma'    rows=14 cols=14 Triang ;
  INPUT ---        18 19 20 21 22 23 24 25 26 27 28 29 30 31 ;
  INPUT ---        19 20 21 22 23 24 25 26 27 28 29 30 31 ;
  INPUT ---        20 21 22 23 24 25 26 27 28 29 30 31 ;
  INPUT ---        21 22 23 24 25 26 27 28 29 30 31 ;
  INPUT ---        22 23 24 25 26 27 28 29 30 31 ;
  INPUT ---        23 24 25 26 27 28 29 30 31 ;
  INPUT ---        24 25 26 27 28 29 30 31 ;
  INPUT ---        25 26 27 28 29 30 31 ;
  INPUT ---        26 27 28 29 30 31 ;
  INPUT ---        27 28 29 30 31 ;
  INPUT ---        28 29 30 31 ;
  INPUT ---        29 30 31 ;
  INPUT ---        30 31 ;
  INPUT ---        31 ;

  INPUT ---    group=1 p  Session 1  rows=1 cols=3 Square ;
  INPUT ---        32 32 32 ;

  INPUT ---    group=1 p  Session 2  rows=1 cols=3 Square ;
  INPUT ---        33 33 33 ;

  INPUT ---    group=1 p  Session 3  rows=1 cols=3 Square ;
  INPUT ---        34 34 34 ;

  INPUT ---    group=1 p  Session 4  rows=1 cols=3 Square ;
  INPUT ---        35 35 35 ;

  INPUT ---    group=1 p  Session 5  rows=1 cols=3 Square ;
  INPUT ---        36 36 36 ;

  INPUT ---    group=1 p  Session 6  rows=1 cols=3 Square ;
  INPUT ---        37 37 37 ;

  INPUT ---    group=1 p  Session 7  rows=1 cols=3 Square ;
  INPUT ---        38 38 38 ;

  INPUT ---    group=1 p  Session 8  rows=1 cols=3 Square ;
  INPUT ---        39 39 39 ;

  INPUT ---    group=1 p  Session 9  rows=1 cols=3 Square ;
  INPUT ---        40 40 40 ;

  INPUT ---    group=1 p  Session 10  rows=1 cols=3 Square ;
  INPUT ---        41 41 41 ;

  Program  MARK  - Survival Rate Estimation with Capture-Recapture Data
   gfortran(dble/PIM2) Vers. 10.1 March 2023  27-Sep-2024 15:41:39    Page  005
 - - - - - - - - - - - - - - - - - - - - - - - - - - - - - - - - - - - - - -
 

  INPUT ---    group=1 p  Session 11  rows=1 cols=3 Square ;
  INPUT ---        42 42 42 ;

  INPUT ---    group=1 p  Session 12  rows=1 cols=3 Square ;
  INPUT ---        43 43 43 ;

  INPUT ---    group=1 p  Session 13  rows=1 cols=3 Square ;
  INPUT ---        44 44 44 ;

  INPUT ---    group=1 p  Session 14  rows=1 cols=3 Square ;
  INPUT ---        45 45 45 ;

  INPUT ---    group=1 p  Session 15  rows=1 cols=3 Square ;
  INPUT ---        46 46 46 ;

  INPUT ---    group=1 p  Session 16  rows=1 cols=2 Square ;
  INPUT ---        47 47 ;

  INPUT ---    group=2 p  Session 1  rows=1 cols=3 Square ;
  INPUT ---        32 32 32 ;

  INPUT ---    group=2 p  Session 2  rows=1 cols=3 Square ;
  INPUT ---        33 33 33 ;

  INPUT ---    group=2 p  Session 3  rows=1 cols=3 Square ;
  INPUT ---        34 34 34 ;

  INPUT ---    group=2 p  Session 4  rows=1 cols=3 Square ;
  INPUT ---        35 35 35 ;

  INPUT ---    group=2 p  Session 5  rows=1 cols=3 Square ;
  INPUT ---        36 36 36 ;

  INPUT ---    group=2 p  Session 6  rows=1 cols=3 Square ;
  INPUT ---        37 37 37 ;

  INPUT ---    group=2 p  Session 7  rows=1 cols=3 Square ;
  INPUT ---        38 38 38 ;

  INPUT ---    group=2 p  Session 8  rows=1 cols=3 Square ;
  INPUT ---        39 39 39 ;

  INPUT ---    group=2 p  Session 9  rows=1 cols=3 Square ;
  INPUT ---        40 40 40 ;


  Program  MARK  - Survival Rate Estimation with Capture-Recapture Data
   gfortran(dble/PIM2) Vers. 10.1 March 2023  27-Sep-2024 15:41:39    Page  006
 - - - - - - - - - - - - - - - - - - - - - - - - - - - - - - - - - - - - - -
 
  INPUT ---    group=2 p  Session 10  rows=1 cols=3 Square ;
  INPUT ---        41 41 41 ;

  INPUT ---    group=2 p  Session 11  rows=1 cols=3 Square ;
  INPUT ---        42 42 42 ;

  INPUT ---    group=2 p  Session 12  rows=1 cols=3 Square ;
  INPUT ---        43 43 43 ;

  INPUT ---    group=2 p  Session 13  rows=1 cols=3 Square ;
  INPUT ---        44 44 44 ;

  INPUT ---    group=2 p  Session 14  rows=1 cols=3 Square ;
  INPUT ---        45 45 45 ;

  INPUT ---    group=2 p  Session 15  rows=1 cols=3 Square ;
  INPUT ---        46 46 46 ;

  INPUT ---    group=2 p  Session 16  rows=1 cols=2 Square ;
  INPUT ---        47 47 ;

  INPUT ---    group=1 c  Session 1  rows=1 cols=2 Square ;
  INPUT ---        48 48 ;

  INPUT ---    group=1 c  Session 2  rows=1 cols=2 Square ;
  INPUT ---        49 49 ;

  INPUT ---    group=1 c  Session 3  rows=1 cols=2 Square ;
  INPUT ---        50 50 ;

  INPUT ---    group=1 c  Session 4  rows=1 cols=2 Square ;
  INPUT ---        51 51 ;

  INPUT ---    group=1 c  Session 5  rows=1 cols=2 Square ;
  INPUT ---        52 52 ;

  INPUT ---    group=1 c  Session 6  rows=1 cols=2 Square ;
  INPUT ---        53 53 ;

  INPUT ---    group=1 c  Session 7  rows=1 cols=2 Square ;
  INPUT ---        54 54 ;

  INPUT ---    group=1 c  Session 8  rows=1 cols=2 Square ;
  INPUT ---        55 55 ;

  INPUT ---    group=1 c  Session 9  rows=1 cols=2 Square ;

  Program  MARK  - Survival Rate Estimation with Capture-Recapture Data
   gfortran(dble/PIM2) Vers. 10.1 March 2023  27-Sep-2024 15:41:39    Page  007
 - - - - - - - - - - - - - - - - - - - - - - - - - - - - - - - - - - - - - -
 
  INPUT ---        56 56 ;

  INPUT ---    group=1 c  Session 10  rows=1 cols=2 Square ;
  INPUT ---        57 57 ;

  INPUT ---    group=1 c  Session 11  rows=1 cols=2 Square ;
  INPUT ---        58 58 ;

  INPUT ---    group=1 c  Session 12  rows=1 cols=2 Square ;
  INPUT ---        59 59 ;

  INPUT ---    group=1 c  Session 13  rows=1 cols=2 Square ;
  INPUT ---        60 60 ;

  INPUT ---    group=1 c  Session 14  rows=1 cols=2 Square ;
  INPUT ---        61 61 ;

  INPUT ---    group=1 c  Session 15  rows=1 cols=2 Square ;
  INPUT ---        62 62 ;

  INPUT ---    group=1 c  Session 16  rows=1 cols=1 Square ;
  INPUT ---        63 ;

  INPUT ---    group=2 c  Session 1  rows=1 cols=2 Square ;
  INPUT ---        48 48 ;

  INPUT ---    group=2 c  Session 2  rows=1 cols=2 Square ;
  INPUT ---        49 49 ;

  INPUT ---    group=2 c  Session 3  rows=1 cols=2 Square ;
  INPUT ---        50 50 ;

  INPUT ---    group=2 c  Session 4  rows=1 cols=2 Square ;
  INPUT ---        51 51 ;

  INPUT ---    group=2 c  Session 5  rows=1 cols=2 Square ;
  INPUT ---        52 52 ;

  INPUT ---    group=2 c  Session 6  rows=1 cols=2 Square ;
  INPUT ---        53 53 ;

  INPUT ---    group=2 c  Session 7  rows=1 cols=2 Square ;
  INPUT ---        54 54 ;

  INPUT ---    group=2 c  Session 8  rows=1 cols=2 Square ;
  INPUT ---        55 55 ;

  Program  MARK  - Survival Rate Estimation with Capture-Recapture Data
   gfortran(dble/PIM2) Vers. 10.1 March 2023  27-Sep-2024 15:41:39    Page  008
 - - - - - - - - - - - - - - - - - - - - - - - - - - - - - - - - - - - - - -
 

  INPUT ---    group=2 c  Session 9  rows=1 cols=2 Square ;
  INPUT ---        56 56 ;

  INPUT ---    group=2 c  Session 10  rows=1 cols=2 Square ;
  INPUT ---        57 57 ;

  INPUT ---    group=2 c  Session 11  rows=1 cols=2 Square ;
  INPUT ---        58 58 ;

  INPUT ---    group=2 c  Session 12  rows=1 cols=2 Square ;
  INPUT ---        59 59 ;

  INPUT ---    group=2 c  Session 13  rows=1 cols=2 Square ;
  INPUT ---        60 60 ;

  INPUT ---    group=2 c  Session 14  rows=1 cols=2 Square ;
  INPUT ---        61 61 ;

  INPUT ---    group=2 c  Session 15  rows=1 cols=2 Square ;
  INPUT ---        62 62 ;

  INPUT ---    group=2 c  Session 16  rows=1 cols=1 Square ;
  INPUT ---        63 ;

  INPUT ---    group=1 f0  Session 1  rows=1 cols=1 Square ;
  INPUT ---        64 ;

  INPUT ---    group=1 f0  Session 2  rows=1 cols=1 Square ;
  INPUT ---        65 ;

  INPUT ---    group=1 f0  Session 3  rows=1 cols=1 Square ;
  INPUT ---        66 ;

  INPUT ---    group=1 f0  Session 4  rows=1 cols=1 Square ;
  INPUT ---        67 ;

  INPUT ---    group=1 f0  Session 5  rows=1 cols=1 Square ;
  INPUT ---        68 ;

  INPUT ---    group=1 f0  Session 6  rows=1 cols=1 Square ;
  INPUT ---        69 ;

  INPUT ---    group=1 f0  Session 7  rows=1 cols=1 Square ;
  INPUT ---        70 ;


  Program  MARK  - Survival Rate Estimation with Capture-Recapture Data
   gfortran(dble/PIM2) Vers. 10.1 March 2023  27-Sep-2024 15:41:40    Page  009
 - - - - - - - - - - - - - - - - - - - - - - - - - - - - - - - - - - - - - -
 
  INPUT ---    group=1 f0  Session 8  rows=1 cols=1 Square ;
  INPUT ---        71 ;

  INPUT ---    group=1 f0  Session 9  rows=1 cols=1 Square ;
  INPUT ---        72 ;

  INPUT ---    group=1 f0  Session 10  rows=1 cols=1 Square ;
  INPUT ---        73 ;

  INPUT ---    group=1 f0  Session 11  rows=1 cols=1 Square ;
  INPUT ---        74 ;

  INPUT ---    group=1 f0  Session 12  rows=1 cols=1 Square ;
  INPUT ---        75 ;

  INPUT ---    group=1 f0  Session 13  rows=1 cols=1 Square ;
  INPUT ---        76 ;

  INPUT ---    group=1 f0  Session 14  rows=1 cols=1 Square ;
  INPUT ---        77 ;

  INPUT ---    group=1 f0  Session 15  rows=1 cols=1 Square ;
  INPUT ---        78 ;

  INPUT ---    group=1 f0  Session 16  rows=1 cols=1 Square ;
  INPUT ---        79 ;

  INPUT ---    group=2 f0  Session 1  rows=1 cols=1 Square ;
  INPUT ---        64 ;

  INPUT ---    group=2 f0  Session 2  rows=1 cols=1 Square ;
  INPUT ---        65 ;

  INPUT ---    group=2 f0  Session 3  rows=1 cols=1 Square ;
  INPUT ---        66 ;

  INPUT ---    group=2 f0  Session 4  rows=1 cols=1 Square ;
  INPUT ---        67 ;

  INPUT ---    group=2 f0  Session 5  rows=1 cols=1 Square ;
  INPUT ---        68 ;

  INPUT ---    group=2 f0  Session 6  rows=1 cols=1 Square ;
  INPUT ---        69 ;

  INPUT ---    group=2 f0  Session 7  rows=1 cols=1 Square ;

  Program  MARK  - Survival Rate Estimation with Capture-Recapture Data
   gfortran(dble/PIM2) Vers. 10.1 March 2023  27-Sep-2024 15:41:40    Page  010
 - - - - - - - - - - - - - - - - - - - - - - - - - - - - - - - - - - - - - -
 
  INPUT ---        70 ;

  INPUT ---    group=2 f0  Session 8  rows=1 cols=1 Square ;
  INPUT ---        71 ;

  INPUT ---    group=2 f0  Session 9  rows=1 cols=1 Square ;
  INPUT ---        72 ;

  INPUT ---    group=2 f0  Session 10  rows=1 cols=1 Square ;
  INPUT ---        73 ;

  INPUT ---    group=2 f0  Session 11  rows=1 cols=1 Square ;
  INPUT ---        74 ;

  INPUT ---    group=2 f0  Session 12  rows=1 cols=1 Square ;
  INPUT ---        75 ;

  INPUT ---    group=2 f0  Session 13  rows=1 cols=1 Square ;
  INPUT ---        76 ;

  INPUT ---    group=2 f0  Session 14  rows=1 cols=1 Square ;
  INPUT ---        77 ;

  INPUT ---    group=2 f0  Session 15  rows=1 cols=1 Square ;
  INPUT ---        78 ;

  INPUT ---    group=2 f0  Session 16  rows=1 cols=1 Square ;
  INPUT ---        79 ;

  INPUT ---    design matrix constraints=79 covariates=79;
  INPUT ---        1 0 0 0 0 0 0 0 0 0 0 0 0 0 0 0 0 0 0 0 0 0 0 0 0 0 0 0 0 
  INPUT ---       0 0 0 0 0 0 0 0 0 0 0 0 0 0 0 0 0 0 0 0 0 0 0 0 0 0 0 0 0 0 
  INPUT ---       0 0 0 0 0 0 0 0 0 0 0 0 0 0 0 0 0 0 0 0;
  INPUT ---        1 1 0 0 0 0 0 0 0 0 0 0 0 0 0 0 0 0 0 0 0 0 0 0 0 0 0 0 0 
  INPUT ---       0 0 0 0 0 0 0 0 0 0 0 0 0 0 0 0 0 0 0 0 0 0 0 0 0 0 0 0 0 0 
  INPUT ---       0 0 0 0 0 0 0 0 0 0 0 0 0 0 0 0 0 0 0 0;
  INPUT ---        0 0 1 0 0 0 0 0 0 0 0 0 0 0 0 0 0 0 0 0 0 0 0 0 0 0 0 0 0 
  INPUT ---       0 0 0 0 0 0 0 0 0 0 0 0 0 0 0 0 0 0 0 0 0 0 0 0 0 0 0 0 0 0 
  INPUT ---       0 0 0 0 0 0 0 0 0 0 0 0 0 0 0 0 0 0 0 0;
  INPUT ---        0 0 1 1 0 0 0 0 0 0 0 0 0 0 0 0 0 0 0 0 0 0 0 0 0 0 0 0 0 
  INPUT ---       0 0 0 0 0 0 0 0 0 0 0 0 0 0 0 0 0 0 0 0 0 0 0 0 0 0 0 0 0 0 
  INPUT ---       0 0 0 0 0 0 0 0 0 0 0 0 0 0 0 0 0 0 0 0;
  INPUT ---        0 0 1 0 1 0 0 0 0 0 0 0 0 0 0 0 0 0 0 0 0 0 0 0 0 0 0 0 0 
  INPUT ---       0 0 0 0 0 0 0 0 0 0 0 0 0 0 0 0 0 0 0 0 0 0 0 0 0 0 0 0 0 0 
  INPUT ---       0 0 0 0 0 0 0 0 0 0 0 0 0 0 0 0 0 0 0 0;
  INPUT ---        0 0 1 0 0 1 0 0 0 0 0 0 0 0 0 0 0 0 0 0 0 0 0 0 0 0 0 0 0 

  Program  MARK  - Survival Rate Estimation with Capture-Recapture Data
   gfortran(dble/PIM2) Vers. 10.1 March 2023  27-Sep-2024 15:41:40    Page  011
 - - - - - - - - - - - - - - - - - - - - - - - - - - - - - - - - - - - - - -
 
  INPUT ---       0 0 0 0 0 0 0 0 0 0 0 0 0 0 0 0 0 0 0 0 0 0 0 0 0 0 0 0 0 0 
  INPUT ---       0 0 0 0 0 0 0 0 0 0 0 0 0 0 0 0 0 0 0 0;
  INPUT ---        0 0 1 0 0 0 1 0 0 0 0 0 0 0 0 0 0 0 0 0 0 0 0 0 0 0 0 0 0 
  INPUT ---       0 0 0 0 0 0 0 0 0 0 0 0 0 0 0 0 0 0 0 0 0 0 0 0 0 0 0 0 0 0 
  INPUT ---       0 0 0 0 0 0 0 0 0 0 0 0 0 0 0 0 0 0 0 0;
  INPUT ---        0 0 1 0 0 0 0 1 0 0 0 0 0 0 0 0 0 0 0 0 0 0 0 0 0 0 0 0 0 
  INPUT ---       0 0 0 0 0 0 0 0 0 0 0 0 0 0 0 0 0 0 0 0 0 0 0 0 0 0 0 0 0 0 
  INPUT ---       0 0 0 0 0 0 0 0 0 0 0 0 0 0 0 0 0 0 0 0;
  INPUT ---        0 0 1 0 0 0 0 0 1 0 0 0 0 0 0 0 0 0 0 0 0 0 0 0 0 0 0 0 0 
  INPUT ---       0 0 0 0 0 0 0 0 0 0 0 0 0 0 0 0 0 0 0 0 0 0 0 0 0 0 0 0 0 0 
  INPUT ---       0 0 0 0 0 0 0 0 0 0 0 0 0 0 0 0 0 0 0 0;
  INPUT ---        0 0 1 0 0 0 0 0 0 1 0 0 0 0 0 0 0 0 0 0 0 0 0 0 0 0 0 0 0 
  INPUT ---       0 0 0 0 0 0 0 0 0 0 0 0 0 0 0 0 0 0 0 0 0 0 0 0 0 0 0 0 0 0 
  INPUT ---       0 0 0 0 0 0 0 0 0 0 0 0 0 0 0 0 0 0 0 0;
  INPUT ---        0 0 1 0 0 0 0 0 0 0 1 0 0 0 0 0 0 0 0 0 0 0 0 0 0 0 0 0 0 
  INPUT ---       0 0 0 0 0 0 0 0 0 0 0 0 0 0 0 0 0 0 0 0 0 0 0 0 0 0 0 0 0 0 
  INPUT ---       0 0 0 0 0 0 0 0 0 0 0 0 0 0 0 0 0 0 0 0;
  INPUT ---        0 0 1 0 0 0 0 0 0 0 0 1 0 0 0 0 0 0 0 0 0 0 0 0 0 0 0 0 0 
  INPUT ---       0 0 0 0 0 0 0 0 0 0 0 0 0 0 0 0 0 0 0 0 0 0 0 0 0 0 0 0 0 0 
  INPUT ---       0 0 0 0 0 0 0 0 0 0 0 0 0 0 0 0 0 0 0 0;
  INPUT ---        0 0 1 0 0 0 0 0 0 0 0 0 1 0 0 0 0 0 0 0 0 0 0 0 0 0 0 0 0 
  INPUT ---       0 0 0 0 0 0 0 0 0 0 0 0 0 0 0 0 0 0 0 0 0 0 0 0 0 0 0 0 0 0 
  INPUT ---       0 0 0 0 0 0 0 0 0 0 0 0 0 0 0 0 0 0 0 0;
  INPUT ---        0 0 1 0 0 0 0 0 0 0 0 0 0 1 0 0 0 0 0 0 0 0 0 0 0 0 0 0 0 
  INPUT ---       0 0 0 0 0 0 0 0 0 0 0 0 0 0 0 0 0 0 0 0 0 0 0 0 0 0 0 0 0 0 
  INPUT ---       0 0 0 0 0 0 0 0 0 0 0 0 0 0 0 0 0 0 0 0;
  INPUT ---        0 0 1 0 0 0 0 0 0 0 0 0 0 0 1 0 0 0 0 0 0 0 0 0 0 0 0 0 0 
  INPUT ---       0 0 0 0 0 0 0 0 0 0 0 0 0 0 0 0 0 0 0 0 0 0 0 0 0 0 0 0 0 0 
  INPUT ---       0 0 0 0 0 0 0 0 0 0 0 0 0 0 0 0 0 0 0 0;
  INPUT ---        0 0 1 0 0 0 0 0 0 0 0 0 0 0 0 1 0 0 0 0 0 0 0 0 0 0 0 0 0 
  INPUT ---       0 0 0 0 0 0 0 0 0 0 0 0 0 0 0 0 0 0 0 0 0 0 0 0 0 0 0 0 0 0 
  INPUT ---       0 0 0 0 0 0 0 0 0 0 0 0 0 0 0 0 0 0 0 0;
  INPUT ---        0 0 1 0 0 0 0 0 0 0 0 0 0 0 0 0 1 0 0 0 0 0 0 0 0 0 0 0 0 
  INPUT ---       0 0 0 0 0 0 0 0 0 0 0 0 0 0 0 0 0 0 0 0 0 0 0 0 0 0 0 0 0 0 
  INPUT ---       0 0 0 0 0 0 0 0 0 0 0 0 0 0 0 0 0 0 0 0;
  INPUT ---        0 0 0 0 0 0 0 0 0 0 0 0 0 0 0 0 0 1 0 0 0 0 0 0 0 0 0 0 0 
  INPUT ---       0 0 0 0 0 0 0 0 0 0 0 0 0 0 0 0 0 0 0 0 0 0 0 0 0 0 0 0 0 0 
  INPUT ---       0 0 0 0 0 0 0 0 0 0 0 0 0 0 0 0 0 0 0 0;
  INPUT ---        0 0 0 0 0 0 0 0 0 0 0 0 0 0 0 0 0 1 1 0 0 0 0 0 0 0 0 0 0 
  INPUT ---       0 0 0 0 0 0 0 0 0 0 0 0 0 0 0 0 0 0 0 0 0 0 0 0 0 0 0 0 0 0 
  INPUT ---       0 0 0 0 0 0 0 0 0 0 0 0 0 0 0 0 0 0 0 0;
  INPUT ---        0 0 0 0 0 0 0 0 0 0 0 0 0 0 0 0 0 1 0 1 0 0 0 0 0 0 0 0 0 
  INPUT ---       0 0 0 0 0 0 0 0 0 0 0 0 0 0 0 0 0 0 0 0 0 0 0 0 0 0 0 0 0 0 
  INPUT ---       0 0 0 0 0 0 0 0 0 0 0 0 0 0 0 0 0 0 0 0;
  INPUT ---        0 0 0 0 0 0 0 0 0 0 0 0 0 0 0 0 0 1 0 0 1 0 0 0 0 0 0 0 0 
  INPUT ---       0 0 0 0 0 0 0 0 0 0 0 0 0 0 0 0 0 0 0 0 0 0 0 0 0 0 0 0 0 0 

  Program  MARK  - Survival Rate Estimation with Capture-Recapture Data
   gfortran(dble/PIM2) Vers. 10.1 March 2023  27-Sep-2024 15:41:40    Page  012
 - - - - - - - - - - - - - - - - - - - - - - - - - - - - - - - - - - - - - -
 
  INPUT ---       0 0 0 0 0 0 0 0 0 0 0 0 0 0 0 0 0 0 0 0;
  INPUT ---        0 0 0 0 0 0 0 0 0 0 0 0 0 0 0 0 0 1 0 0 0 1 0 0 0 0 0 0 0 
  INPUT ---       0 0 0 0 0 0 0 0 0 0 0 0 0 0 0 0 0 0 0 0 0 0 0 0 0 0 0 0 0 0 
  INPUT ---       0 0 0 0 0 0 0 0 0 0 0 0 0 0 0 0 0 0 0 0;
  INPUT ---        0 0 0 0 0 0 0 0 0 0 0 0 0 0 0 0 0 1 0 0 0 0 1 0 0 0 0 0 0 
  INPUT ---       0 0 0 0 0 0 0 0 0 0 0 0 0 0 0 0 0 0 0 0 0 0 0 0 0 0 0 0 0 0 
  INPUT ---       0 0 0 0 0 0 0 0 0 0 0 0 0 0 0 0 0 0 0 0;
  INPUT ---        0 0 0 0 0 0 0 0 0 0 0 0 0 0 0 0 0 1 0 0 0 0 0 1 0 0 0 0 0 
  INPUT ---       0 0 0 0 0 0 0 0 0 0 0 0 0 0 0 0 0 0 0 0 0 0 0 0 0 0 0 0 0 0 
  INPUT ---       0 0 0 0 0 0 0 0 0 0 0 0 0 0 0 0 0 0 0 0;
  INPUT ---        0 0 0 0 0 0 0 0 0 0 0 0 0 0 0 0 0 1 0 0 0 0 0 0 1 0 0 0 0 
  INPUT ---       0 0 0 0 0 0 0 0 0 0 0 0 0 0 0 0 0 0 0 0 0 0 0 0 0 0 0 0 0 0 
  INPUT ---       0 0 0 0 0 0 0 0 0 0 0 0 0 0 0 0 0 0 0 0;
  INPUT ---        0 0 0 0 0 0 0 0 0 0 0 0 0 0 0 0 0 1 0 0 0 0 0 0 0 1 0 0 0 
  INPUT ---       0 0 0 0 0 0 0 0 0 0 0 0 0 0 0 0 0 0 0 0 0 0 0 0 0 0 0 0 0 0 
  INPUT ---       0 0 0 0 0 0 0 0 0 0 0 0 0 0 0 0 0 0 0 0;
  INPUT ---        0 0 0 0 0 0 0 0 0 0 0 0 0 0 0 0 0 1 0 0 0 0 0 0 0 0 1 0 0 
  INPUT ---       0 0 0 0 0 0 0 0 0 0 0 0 0 0 0 0 0 0 0 0 0 0 0 0 0 0 0 0 0 0 
  INPUT ---       0 0 0 0 0 0 0 0 0 0 0 0 0 0 0 0 0 0 0 0;
  INPUT ---        0 0 0 0 0 0 0 0 0 0 0 0 0 0 0 0 0 1 0 0 0 0 0 0 0 0 0 1 0 
  INPUT ---       0 0 0 0 0 0 0 0 0 0 0 0 0 0 0 0 0 0 0 0 0 0 0 0 0 0 0 0 0 0 
  INPUT ---       0 0 0 0 0 0 0 0 0 0 0 0 0 0 0 0 0 0 0 0;
  INPUT ---        0 0 0 0 0 0 0 0 0 0 0 0 0 0 0 0 0 1 0 0 0 0 0 0 0 0 0 0 1 
  INPUT ---       0 0 0 0 0 0 0 0 0 0 0 0 0 0 0 0 0 0 0 0 0 0 0 0 0 0 0 0 0 0 
  INPUT ---       0 0 0 0 0 0 0 0 0 0 0 0 0 0 0 0 0 0 0 0;
  INPUT ---        0 0 0 0 0 0 0 0 0 0 0 0 0 0 0 0 0 1 0 0 0 0 0 0 0 0 0 0 0 
  INPUT ---       1 0 0 0 0 0 0 0 0 0 0 0 0 0 0 0 0 0 0 0 0 0 0 0 0 0 0 0 0 0 
  INPUT ---       0 0 0 0 0 0 0 0 0 0 0 0 0 0 0 0 0 0 0 0;
  INPUT ---        0 0 0 0 0 0 0 0 0 0 0 0 0 0 0 0 0 1 0 0 0 0 0 0 0 0 0 0 0 
  INPUT ---       0 1 0 0 0 0 0 0 0 0 0 0 0 0 0 0 0 0 0 0 0 0 0 0 0 0 0 0 0 0 
  INPUT ---       0 0 0 0 0 0 0 0 0 0 0 0 0 0 0 0 0 0 0 0;
  INPUT ---        0 0 0 0 0 0 0 0 0 0 0 0 0 0 0 0 0 0 0 0 0 0 0 0 0 0 0 0 0 
  INPUT ---       0 0 1 0 0 0 0 0 0 0 0 0 0 0 0 0 0 0 0 0 0 0 0 0 0 0 0 0 0 0 
  INPUT ---       0 0 0 0 0 0 0 0 0 0 0 0 0 0 0 0 0 0 0 0;
  INPUT ---        0 0 0 0 0 0 0 0 0 0 0 0 0 0 0 0 0 0 0 0 0 0 0 0 0 0 0 0 0 
  INPUT ---       0 0 1 1 0 0 0 0 0 0 0 0 0 0 0 0 0 0 0 0 0 0 0 0 0 0 0 0 0 0 
  INPUT ---       0 0 0 0 0 0 0 0 0 0 0 0 0 0 0 0 0 0 0 0;
  INPUT ---        0 0 0 0 0 0 0 0 0 0 0 0 0 0 0 0 0 0 0 0 0 0 0 0 0 0 0 0 0 
  INPUT ---       0 0 1 0 1 0 0 0 0 0 0 0 0 0 0 0 0 0 0 0 0 0 0 0 0 0 0 0 0 0 
  INPUT ---       0 0 0 0 0 0 0 0 0 0 0 0 0 0 0 0 0 0 0 0;
  INPUT ---        0 0 0 0 0 0 0 0 0 0 0 0 0 0 0 0 0 0 0 0 0 0 0 0 0 0 0 0 0 
  INPUT ---       0 0 1 0 0 1 0 0 0 0 0 0 0 0 0 0 0 0 0 0 0 0 0 0 0 0 0 0 0 0 
  INPUT ---       0 0 0 0 0 0 0 0 0 0 0 0 0 0 0 0 0 0 0 0;
  INPUT ---        0 0 0 0 0 0 0 0 0 0 0 0 0 0 0 0 0 0 0 0 0 0 0 0 0 0 0 0 0 
  INPUT ---       0 0 1 0 0 0 1 0 0 0 0 0 0 0 0 0 0 0 0 0 0 0 0 0 0 0 0 0 0 0 
  INPUT ---       0 0 0 0 0 0 0 0 0 0 0 0 0 0 0 0 0 0 0 0;

  Program  MARK  - Survival Rate Estimation with Capture-Recapture Data
   gfortran(dble/PIM2) Vers. 10.1 March 2023  27-Sep-2024 15:41:40    Page  013
 - - - - - - - - - - - - - - - - - - - - - - - - - - - - - - - - - - - - - -
 
  INPUT ---        0 0 0 0 0 0 0 0 0 0 0 0 0 0 0 0 0 0 0 0 0 0 0 0 0 0 0 0 0 
  INPUT ---       0 0 1 0 0 0 0 1 0 0 0 0 0 0 0 0 0 0 0 0 0 0 0 0 0 0 0 0 0 0 
  INPUT ---       0 0 0 0 0 0 0 0 0 0 0 0 0 0 0 0 0 0 0 0;
  INPUT ---        0 0 0 0 0 0 0 0 0 0 0 0 0 0 0 0 0 0 0 0 0 0 0 0 0 0 0 0 0 
  INPUT ---       0 0 1 0 0 0 0 0 1 0 0 0 0 0 0 0 0 0 0 0 0 0 0 0 0 0 0 0 0 0 
  INPUT ---       0 0 0 0 0 0 0 0 0 0 0 0 0 0 0 0 0 0 0 0;
  INPUT ---        0 0 0 0 0 0 0 0 0 0 0 0 0 0 0 0 0 0 0 0 0 0 0 0 0 0 0 0 0 
  INPUT ---       0 0 1 0 0 0 0 0 0 1 0 0 0 0 0 0 0 0 0 0 0 0 0 0 0 0 0 0 0 0 
  INPUT ---       0 0 0 0 0 0 0 0 0 0 0 0 0 0 0 0 0 0 0 0;
  INPUT ---        0 0 0 0 0 0 0 0 0 0 0 0 0 0 0 0 0 0 0 0 0 0 0 0 0 0 0 0 0 
  INPUT ---       0 0 1 0 0 0 0 0 0 0 1 0 0 0 0 0 0 0 0 0 0 0 0 0 0 0 0 0 0 0 
  INPUT ---       0 0 0 0 0 0 0 0 0 0 0 0 0 0 0 0 0 0 0 0;
  INPUT ---        0 0 0 0 0 0 0 0 0 0 0 0 0 0 0 0 0 0 0 0 0 0 0 0 0 0 0 0 0 
  INPUT ---       0 0 1 0 0 0 0 0 0 0 0 1 0 0 0 0 0 0 0 0 0 0 0 0 0 0 0 0 0 0 
  INPUT ---       0 0 0 0 0 0 0 0 0 0 0 0 0 0 0 0 0 0 0 0;
  INPUT ---        0 0 0 0 0 0 0 0 0 0 0 0 0 0 0 0 0 0 0 0 0 0 0 0 0 0 0 0 0 
  INPUT ---       0 0 1 0 0 0 0 0 0 0 0 0 1 0 0 0 0 0 0 0 0 0 0 0 0 0 0 0 0 0 
  INPUT ---       0 0 0 0 0 0 0 0 0 0 0 0 0 0 0 0 0 0 0 0;
  INPUT ---        0 0 0 0 0 0 0 0 0 0 0 0 0 0 0 0 0 0 0 0 0 0 0 0 0 0 0 0 0 
  INPUT ---       0 0 1 0 0 0 0 0 0 0 0 0 0 1 0 0 0 0 0 0 0 0 0 0 0 0 0 0 0 0 
  INPUT ---       0 0 0 0 0 0 0 0 0 0 0 0 0 0 0 0 0 0 0 0;
  INPUT ---        0 0 0 0 0 0 0 0 0 0 0 0 0 0 0 0 0 0 0 0 0 0 0 0 0 0 0 0 0 
  INPUT ---       0 0 1 0 0 0 0 0 0 0 0 0 0 0 1 0 0 0 0 0 0 0 0 0 0 0 0 0 0 0 
  INPUT ---       0 0 0 0 0 0 0 0 0 0 0 0 0 0 0 0 0 0 0 0;
  INPUT ---        0 0 0 0 0 0 0 0 0 0 0 0 0 0 0 0 0 0 0 0 0 0 0 0 0 0 0 0 0 
  INPUT ---       0 0 1 0 0 0 0 0 0 0 0 0 0 0 0 1 0 0 0 0 0 0 0 0 0 0 0 0 0 0 
  INPUT ---       0 0 0 0 0 0 0 0 0 0 0 0 0 0 0 0 0 0 0 0;
  INPUT ---        0 0 0 0 0 0 0 0 0 0 0 0 0 0 0 0 0 0 0 0 0 0 0 0 0 0 0 0 0 
  INPUT ---       0 0 1 0 0 0 0 0 0 0 0 0 0 0 0 0 1 0 0 0 0 0 0 0 0 0 0 0 0 0 
  INPUT ---       0 0 0 0 0 0 0 0 0 0 0 0 0 0 0 0 0 0 0 0;
  INPUT ---        0 0 0 0 0 0 0 0 0 0 0 0 0 0 0 0 0 0 0 0 0 0 0 0 0 0 0 0 0 
  INPUT ---       0 0 1 0 0 0 0 0 0 0 0 0 0 0 0 0 0 1 0 0 0 0 0 0 0 0 0 0 0 0 
  INPUT ---       0 0 0 0 0 0 0 0 0 0 0 0 0 0 0 0 0 0 0 0;
  INPUT ---        0 0 0 0 0 0 0 0 0 0 0 0 0 0 0 0 0 0 0 0 0 0 0 0 0 0 0 0 0 
  INPUT ---       0 0 0 0 0 0 0 0 0 0 0 0 0 0 0 0 0 0 1 0 0 0 0 0 0 0 0 0 0 0 
  INPUT ---       0 0 0 0 0 0 0 0 0 0 0 0 0 0 0 0 0 0 0 0;
  INPUT ---        0 0 0 0 0 0 0 0 0 0 0 0 0 0 0 0 0 0 0 0 0 0 0 0 0 0 0 0 0 
  INPUT ---       0 0 0 0 0 0 0 0 0 0 0 0 0 0 0 0 0 0 1 1 0 0 0 0 0 0 0 0 0 0 
  INPUT ---       0 0 0 0 0 0 0 0 0 0 0 0 0 0 0 0 0 0 0 0;
  INPUT ---        0 0 0 0 0 0 0 0 0 0 0 0 0 0 0 0 0 0 0 0 0 0 0 0 0 0 0 0 0 
  INPUT ---       0 0 0 0 0 0 0 0 0 0 0 0 0 0 0 0 0 0 1 0 1 0 0 0 0 0 0 0 0 0 
  INPUT ---       0 0 0 0 0 0 0 0 0 0 0 0 0 0 0 0 0 0 0 0;
  INPUT ---        0 0 0 0 0 0 0 0 0 0 0 0 0 0 0 0 0 0 0 0 0 0 0 0 0 0 0 0 0 
  INPUT ---       0 0 0 0 0 0 0 0 0 0 0 0 0 0 0 0 0 0 1 0 0 1 0 0 0 0 0 0 0 0 
  INPUT ---       0 0 0 0 0 0 0 0 0 0 0 0 0 0 0 0 0 0 0 0;
  INPUT ---        0 0 0 0 0 0 0 0 0 0 0 0 0 0 0 0 0 0 0 0 0 0 0 0 0 0 0 0 0 

  Program  MARK  - Survival Rate Estimation with Capture-Recapture Data
   gfortran(dble/PIM2) Vers. 10.1 March 2023  27-Sep-2024 15:41:40    Page  014
 - - - - - - - - - - - - - - - - - - - - - - - - - - - - - - - - - - - - - -
 
  INPUT ---       0 0 0 0 0 0 0 0 0 0 0 0 0 0 0 0 0 0 1 0 0 0 1 0 0 0 0 0 0 0 
  INPUT ---       0 0 0 0 0 0 0 0 0 0 0 0 0 0 0 0 0 0 0 0;
  INPUT ---        0 0 0 0 0 0 0 0 0 0 0 0 0 0 0 0 0 0 0 0 0 0 0 0 0 0 0 0 0 
  INPUT ---       0 0 0 0 0 0 0 0 0 0 0 0 0 0 0 0 0 0 1 0 0 0 0 1 0 0 0 0 0 0 
  INPUT ---       0 0 0 0 0 0 0 0 0 0 0 0 0 0 0 0 0 0 0 0;
  INPUT ---        0 0 0 0 0 0 0 0 0 0 0 0 0 0 0 0 0 0 0 0 0 0 0 0 0 0 0 0 0 
  INPUT ---       0 0 0 0 0 0 0 0 0 0 0 0 0 0 0 0 0 0 1 0 0 0 0 0 1 0 0 0 0 0 
  INPUT ---       0 0 0 0 0 0 0 0 0 0 0 0 0 0 0 0 0 0 0 0;
  INPUT ---        0 0 0 0 0 0 0 0 0 0 0 0 0 0 0 0 0 0 0 0 0 0 0 0 0 0 0 0 0 
  INPUT ---       0 0 0 0 0 0 0 0 0 0 0 0 0 0 0 0 0 0 1 0 0 0 0 0 0 1 0 0 0 0 
  INPUT ---       0 0 0 0 0 0 0 0 0 0 0 0 0 0 0 0 0 0 0 0;
  INPUT ---        0 0 0 0 0 0 0 0 0 0 0 0 0 0 0 0 0 0 0 0 0 0 0 0 0 0 0 0 0 
  INPUT ---       0 0 0 0 0 0 0 0 0 0 0 0 0 0 0 0 0 0 1 0 0 0 0 0 0 0 1 0 0 0 
  INPUT ---       0 0 0 0 0 0 0 0 0 0 0 0 0 0 0 0 0 0 0 0;
  INPUT ---        0 0 0 0 0 0 0 0 0 0 0 0 0 0 0 0 0 0 0 0 0 0 0 0 0 0 0 0 0 
  INPUT ---       0 0 0 0 0 0 0 0 0 0 0 0 0 0 0 0 0 0 1 0 0 0 0 0 0 0 0 1 0 0 
  INPUT ---       0 0 0 0 0 0 0 0 0 0 0 0 0 0 0 0 0 0 0 0;
  INPUT ---        0 0 0 0 0 0 0 0 0 0 0 0 0 0 0 0 0 0 0 0 0 0 0 0 0 0 0 0 0 
  INPUT ---       0 0 0 0 0 0 0 0 0 0 0 0 0 0 0 0 0 0 1 0 0 0 0 0 0 0 0 0 1 0 
  INPUT ---       0 0 0 0 0 0 0 0 0 0 0 0 0 0 0 0 0 0 0 0;
  INPUT ---        0 0 0 0 0 0 0 0 0 0 0 0 0 0 0 0 0 0 0 0 0 0 0 0 0 0 0 0 0 
  INPUT ---       0 0 0 0 0 0 0 0 0 0 0 0 0 0 0 0 0 0 1 0 0 0 0 0 0 0 0 0 0 1 
  INPUT ---       0 0 0 0 0 0 0 0 0 0 0 0 0 0 0 0 0 0 0 0;
  INPUT ---        0 0 0 0 0 0 0 0 0 0 0 0 0 0 0 0 0 0 0 0 0 0 0 0 0 0 0 0 0 
  INPUT ---       0 0 0 0 0 0 0 0 0 0 0 0 0 0 0 0 0 0 1 0 0 0 0 0 0 0 0 0 0 0 
  INPUT ---       1 0 0 0 0 0 0 0 0 0 0 0 0 0 0 0 0 0 0 0;
  INPUT ---        0 0 0 0 0 0 0 0 0 0 0 0 0 0 0 0 0 0 0 0 0 0 0 0 0 0 0 0 0 
  INPUT ---       0 0 0 0 0 0 0 0 0 0 0 0 0 0 0 0 0 0 1 0 0 0 0 0 0 0 0 0 0 0 
  INPUT ---       0 1 0 0 0 0 0 0 0 0 0 0 0 0 0 0 0 0 0 0;
  INPUT ---        0 0 0 0 0 0 0 0 0 0 0 0 0 0 0 0 0 0 0 0 0 0 0 0 0 0 0 0 0 
  INPUT ---       0 0 0 0 0 0 0 0 0 0 0 0 0 0 0 0 0 0 1 0 0 0 0 0 0 0 0 0 0 0 
  INPUT ---       0 0 1 0 0 0 0 0 0 0 0 0 0 0 0 0 0 0 0 0;
  INPUT ---        0 0 0 0 0 0 0 0 0 0 0 0 0 0 0 0 0 0 0 0 0 0 0 0 0 0 0 0 0 
  INPUT ---       0 0 0 0 0 0 0 0 0 0 0 0 0 0 0 0 0 0 1 0 0 0 0 0 0 0 0 0 0 0 
  INPUT ---       0 0 0 1 0 0 0 0 0 0 0 0 0 0 0 0 0 0 0 0;
  INPUT ---        0 0 0 0 0 0 0 0 0 0 0 0 0 0 0 0 0 0 0 0 0 0 0 0 0 0 0 0 0 
  INPUT ---       0 0 0 0 0 0 0 0 0 0 0 0 0 0 0 0 0 0 0 0 0 0 0 0 0 0 0 0 0 0 
  INPUT ---       0 0 0 0 1 0 0 0 0 0 0 0 0 0 0 0 0 0 0 0;
  INPUT ---        0 0 0 0 0 0 0 0 0 0 0 0 0 0 0 0 0 0 0 0 0 0 0 0 0 0 0 0 0 
  INPUT ---       0 0 0 0 0 0 0 0 0 0 0 0 0 0 0 0 0 0 0 0 0 0 0 0 0 0 0 0 0 0 
  INPUT ---       0 0 0 0 1 1 0 0 0 0 0 0 0 0 0 0 0 0 0 0;
  INPUT ---        0 0 0 0 0 0 0 0 0 0 0 0 0 0 0 0 0 0 0 0 0 0 0 0 0 0 0 0 0 
  INPUT ---       0 0 0 0 0 0 0 0 0 0 0 0 0 0 0 0 0 0 0 0 0 0 0 0 0 0 0 0 0 0 
  INPUT ---       0 0 0 0 1 0 1 0 0 0 0 0 0 0 0 0 0 0 0 0;
  INPUT ---        0 0 0 0 0 0 0 0 0 0 0 0 0 0 0 0 0 0 0 0 0 0 0 0 0 0 0 0 0 
  INPUT ---       0 0 0 0 0 0 0 0 0 0 0 0 0 0 0 0 0 0 0 0 0 0 0 0 0 0 0 0 0 0 

  Program  MARK  - Survival Rate Estimation with Capture-Recapture Data
   gfortran(dble/PIM2) Vers. 10.1 March 2023  27-Sep-2024 15:41:40    Page  015
 - - - - - - - - - - - - - - - - - - - - - - - - - - - - - - - - - - - - - -
 
  INPUT ---       0 0 0 0 1 0 0 1 0 0 0 0 0 0 0 0 0 0 0 0;
  INPUT ---        0 0 0 0 0 0 0 0 0 0 0 0 0 0 0 0 0 0 0 0 0 0 0 0 0 0 0 0 0 
  INPUT ---       0 0 0 0 0 0 0 0 0 0 0 0 0 0 0 0 0 0 0 0 0 0 0 0 0 0 0 0 0 0 
  INPUT ---       0 0 0 0 1 0 0 0 1 0 0 0 0 0 0 0 0 0 0 0;
  INPUT ---        0 0 0 0 0 0 0 0 0 0 0 0 0 0 0 0 0 0 0 0 0 0 0 0 0 0 0 0 0 
  INPUT ---       0 0 0 0 0 0 0 0 0 0 0 0 0 0 0 0 0 0 0 0 0 0 0 0 0 0 0 0 0 0 
  INPUT ---       0 0 0 0 1 0 0 0 0 1 0 0 0 0 0 0 0 0 0 0;
  INPUT ---        0 0 0 0 0 0 0 0 0 0 0 0 0 0 0 0 0 0 0 0 0 0 0 0 0 0 0 0 0 
  INPUT ---       0 0 0 0 0 0 0 0 0 0 0 0 0 0 0 0 0 0 0 0 0 0 0 0 0 0 0 0 0 0 
  INPUT ---       0 0 0 0 1 0 0 0 0 0 1 0 0 0 0 0 0 0 0 0;
  INPUT ---        0 0 0 0 0 0 0 0 0 0 0 0 0 0 0 0 0 0 0 0 0 0 0 0 0 0 0 0 0 
  INPUT ---       0 0 0 0 0 0 0 0 0 0 0 0 0 0 0 0 0 0 0 0 0 0 0 0 0 0 0 0 0 0 
  INPUT ---       0 0 0 0 1 0 0 0 0 0 0 1 0 0 0 0 0 0 0 0;
  INPUT ---        0 0 0 0 0 0 0 0 0 0 0 0 0 0 0 0 0 0 0 0 0 0 0 0 0 0 0 0 0 
  INPUT ---       0 0 0 0 0 0 0 0 0 0 0 0 0 0 0 0 0 0 0 0 0 0 0 0 0 0 0 0 0 0 
  INPUT ---       0 0 0 0 1 0 0 0 0 0 0 0 1 0 0 0 0 0 0 0;
  INPUT ---        0 0 0 0 0 0 0 0 0 0 0 0 0 0 0 0 0 0 0 0 0 0 0 0 0 0 0 0 0 
  INPUT ---       0 0 0 0 0 0 0 0 0 0 0 0 0 0 0 0 0 0 0 0 0 0 0 0 0 0 0 0 0 0 
  INPUT ---       0 0 0 0 1 0 0 0 0 0 0 0 0 1 0 0 0 0 0 0;
  INPUT ---        0 0 0 0 0 0 0 0 0 0 0 0 0 0 0 0 0 0 0 0 0 0 0 0 0 0 0 0 0 
  INPUT ---       0 0 0 0 0 0 0 0 0 0 0 0 0 0 0 0 0 0 0 0 0 0 0 0 0 0 0 0 0 0 
  INPUT ---       0 0 0 0 1 0 0 0 0 0 0 0 0 0 1 0 0 0 0 0;
  INPUT ---        0 0 0 0 0 0 0 0 0 0 0 0 0 0 0 0 0 0 0 0 0 0 0 0 0 0 0 0 0 
  INPUT ---       0 0 0 0 0 0 0 0 0 0 0 0 0 0 0 0 0 0 0 0 0 0 0 0 0 0 0 0 0 0 
  INPUT ---       0 0 0 0 1 0 0 0 0 0 0 0 0 0 0 1 0 0 0 0;
  INPUT ---        0 0 0 0 0 0 0 0 0 0 0 0 0 0 0 0 0 0 0 0 0 0 0 0 0 0 0 0 0 
  INPUT ---       0 0 0 0 0 0 0 0 0 0 0 0 0 0 0 0 0 0 0 0 0 0 0 0 0 0 0 0 0 0 
  INPUT ---       0 0 0 0 1 0 0 0 0 0 0 0 0 0 0 0 1 0 0 0;
  INPUT ---        0 0 0 0 0 0 0 0 0 0 0 0 0 0 0 0 0 0 0 0 0 0 0 0 0 0 0 0 0 
  INPUT ---       0 0 0 0 0 0 0 0 0 0 0 0 0 0 0 0 0 0 0 0 0 0 0 0 0 0 0 0 0 0 
  INPUT ---       0 0 0 0 1 0 0 0 0 0 0 0 0 0 0 0 0 1 0 0;
  INPUT ---        0 0 0 0 0 0 0 0 0 0 0 0 0 0 0 0 0 0 0 0 0 0 0 0 0 0 0 0 0 
  INPUT ---       0 0 0 0 0 0 0 0 0 0 0 0 0 0 0 0 0 0 0 0 0 0 0 0 0 0 0 0 0 0 
  INPUT ---       0 0 0 0 1 0 0 0 0 0 0 0 0 0 0 0 0 0 1 0;
  INPUT ---        0 0 0 0 0 0 0 0 0 0 0 0 0 0 0 0 0 0 0 0 0 0 0 0 0 0 0 0 0 
  INPUT ---       0 0 0 0 0 0 0 0 0 0 0 0 0 0 0 0 0 0 0 0 0 0 0 0 0 0 0 0 0 0 
  INPUT ---       0 0 0 0 1 0 0 0 0 0 0 0 0 0 0 0 0 0 0 1;

  INPUT ---    links=79;

  INPUT ---    Logit;

  INPUT ---    Logit;

  INPUT ---    Logit;


  Program  MARK  - Survival Rate Estimation with Capture-Recapture Data
   gfortran(dble/PIM2) Vers. 10.1 March 2023  27-Sep-2024 15:41:40    Page  016
 - - - - - - - - - - - - - - - - - - - - - - - - - - - - - - - - - - - - - -
 
  INPUT ---    Logit;

  INPUT ---    Logit;

  INPUT ---    Logit;

  INPUT ---    Logit;

  INPUT ---    Logit;

  INPUT ---    Logit;

  INPUT ---    Logit;

  INPUT ---    Logit;

  INPUT ---    Logit;

  INPUT ---    Logit;

  INPUT ---    Logit;

  INPUT ---    Logit;

  INPUT ---    Logit;

  INPUT ---    Logit;

  INPUT ---    Logit;

  INPUT ---    Logit;

  INPUT ---    Logit;

  INPUT ---    Logit;

  INPUT ---    Logit;

  INPUT ---    Logit;

  INPUT ---    Logit;

  INPUT ---    Logit;

  INPUT ---    Logit;


  Program  MARK  - Survival Rate Estimation with Capture-Recapture Data
   gfortran(dble/PIM2) Vers. 10.1 March 2023  27-Sep-2024 15:41:40    Page  017
 - - - - - - - - - - - - - - - - - - - - - - - - - - - - - - - - - - - - - -
 
  INPUT ---    Logit;

  INPUT ---    Logit;

  INPUT ---    Logit;

  INPUT ---    Logit;

  INPUT ---    Logit;

  INPUT ---    Logit;

  INPUT ---    Logit;

  INPUT ---    Logit;

  INPUT ---    Logit;

  INPUT ---    Logit;

  INPUT ---    Logit;

  INPUT ---    Logit;

  INPUT ---    Logit;

  INPUT ---    Logit;

  INPUT ---    Logit;

  INPUT ---    Logit;

  INPUT ---    Logit;

  INPUT ---    Logit;

  INPUT ---    Logit;

  INPUT ---    Logit;

  INPUT ---    Logit;

  INPUT ---    Logit;

  INPUT ---    Logit;


  Program  MARK  - Survival Rate Estimation with Capture-Recapture Data
   gfortran(dble/PIM2) Vers. 10.1 March 2023  27-Sep-2024 15:41:40    Page  018
 - - - - - - - - - - - - - - - - - - - - - - - - - - - - - - - - - - - - - -
 
  INPUT ---    Logit;

  INPUT ---    Logit;

  INPUT ---    Logit;

  INPUT ---    Logit;

  INPUT ---    Logit;

  INPUT ---    Logit;

  INPUT ---    Logit;

  INPUT ---    Logit;

  INPUT ---    Logit;

  INPUT ---    Logit;

  INPUT ---    Logit;

  INPUT ---    Logit;

  INPUT ---    Logit;

  INPUT ---    Logit;

  INPUT ---    Log;

  INPUT ---    Log;

  INPUT ---    Log;

  INPUT ---    Log;

  INPUT ---    Log;

  INPUT ---    Log;

  INPUT ---    Log;

  INPUT ---    Log;

  INPUT ---    Log;


  Program  MARK  - Survival Rate Estimation with Capture-Recapture Data
   gfortran(dble/PIM2) Vers. 10.1 March 2023  27-Sep-2024 15:41:40    Page  019
 - - - - - - - - - - - - - - - - - - - - - - - - - - - - - - - - - - - - - -
 
  INPUT ---    Log;

  INPUT ---    Log;

  INPUT ---    Log;

  INPUT ---    Log;

  INPUT ---    Log;

  INPUT ---    Log;

  INPUT ---    Log;
  INPUT ---       blabel(1)=S:(Intercept);
  INPUT ---       blabel(2)=S:sexM;
  INPUT ---       blabel(3)=GammaDoublePrime:(Intercept);
  INPUT ---       blabel(4)=GammaDoublePrime:time2.1;
  INPUT ---       blabel(5)=GammaDoublePrime:time3.9;
  INPUT ---       blabel(6)=GammaDoublePrime:time12.9333333333333;
  INPUT ---       blabel(7)=GammaDoublePrime:time14;
  INPUT ---       blabel(8)=GammaDoublePrime:time15.8333333333333;
  INPUT ---       blabel(9)=GammaDoublePrime:time25.8;
  INPUT ---       blabel(10)=GammaDoublePrime:time26.6333333333333;
  INPUT ---       blabel(11)=GammaDoublePrime:time27.5;
  INPUT ---       blabel(12)=GammaDoublePrime:time38.1666666666667;
  INPUT ---       blabel(13)=GammaDoublePrime:time39.0333333333333;
  INPUT ---       blabel(14)=GammaDoublePrime:time39.9;
  INPUT ---       blabel(15)=GammaDoublePrime:time49.1666666666667;
  INPUT ---       blabel(16)=GammaDoublePrime:time49.8;
  INPUT ---       blabel(17)=GammaDoublePrime:time50.6666666666667;
  INPUT ---       blabel(18)=GammaPrime:(Intercept);
  INPUT ---       blabel(19)=GammaPrime:time3.9;
  INPUT ---       blabel(20)=GammaPrime:time12.9333333333333;
  INPUT ---       blabel(21)=GammaPrime:time14;
  INPUT ---       blabel(22)=GammaPrime:time15.8333333333333;
  INPUT ---       blabel(23)=GammaPrime:time25.8;
  INPUT ---       blabel(24)=GammaPrime:time26.6333333333333;
  INPUT ---       blabel(25)=GammaPrime:time27.5;
  INPUT ---       blabel(26)=GammaPrime:time38.1666666666667;
  INPUT ---       blabel(27)=GammaPrime:time39.0333333333333;
  INPUT ---       blabel(28)=GammaPrime:time39.9;
  INPUT ---       blabel(29)=GammaPrime:time49.1666666666667;
  INPUT ---       blabel(30)=GammaPrime:time49.8;
  INPUT ---       blabel(31)=GammaPrime:time50.6666666666667;
  INPUT ---       blabel(32)=p:(Intercept);
  INPUT ---       blabel(33)=p:session2.1;

  Program  MARK  - Survival Rate Estimation with Capture-Recapture Data
   gfortran(dble/PIM2) Vers. 10.1 March 2023  27-Sep-2024 15:41:40    Page  020
 - - - - - - - - - - - - - - - - - - - - - - - - - - - - - - - - - - - - - -
 
  INPUT ---       blabel(34)=p:session3.9;
  INPUT ---       blabel(35)=p:session12.9333333333333;
  INPUT ---       blabel(36)=p:session14;
  INPUT ---       blabel(37)=p:session15.8333333333333;
  INPUT ---       blabel(38)=p:session25.8;
  INPUT ---       blabel(39)=p:session26.6333333333333;
  INPUT ---       blabel(40)=p:session27.5;
  INPUT ---       blabel(41)=p:session38.1666666666667;
  INPUT ---       blabel(42)=p:session39.0333333333333;
  INPUT ---       blabel(43)=p:session39.9;
  INPUT ---       blabel(44)=p:session49.1666666666667;
  INPUT ---       blabel(45)=p:session49.8;
  INPUT ---       blabel(46)=p:session50.6666666666667;
  INPUT ---       blabel(47)=p:session51.5333333333333;
  INPUT ---       blabel(48)=c:(Intercept);
  INPUT ---       blabel(49)=c:session2.1;
  INPUT ---       blabel(50)=c:session3.9;
  INPUT ---       blabel(51)=c:session12.9333333333333;
  INPUT ---       blabel(52)=c:session14;
  INPUT ---       blabel(53)=c:session15.8333333333333;
  INPUT ---       blabel(54)=c:session25.8;
  INPUT ---       blabel(55)=c:session26.6333333333333;
  INPUT ---       blabel(56)=c:session27.5;
  INPUT ---       blabel(57)=c:session38.1666666666667;
  INPUT ---       blabel(58)=c:session39.0333333333333;
  INPUT ---       blabel(59)=c:session39.9;
  INPUT ---       blabel(60)=c:session49.1666666666667;
  INPUT ---       blabel(61)=c:session49.8;
  INPUT ---       blabel(62)=c:session50.6666666666667;
  INPUT ---       blabel(63)=c:session51.5333333333333;
  INPUT ---       blabel(64)=f0:(Intercept);
  INPUT ---       blabel(65)=f0:session2.1;
  INPUT ---       blabel(66)=f0:session3.9;
  INPUT ---       blabel(67)=f0:session12.9333333333333;
  INPUT ---       blabel(68)=f0:session14;
  INPUT ---       blabel(69)=f0:session15.8333333333333;
  INPUT ---       blabel(70)=f0:session25.8;
  INPUT ---       blabel(71)=f0:session26.6333333333333;
  INPUT ---       blabel(72)=f0:session27.5;
  INPUT ---       blabel(73)=f0:session38.1666666666667;
  INPUT ---       blabel(74)=f0:session39.0333333333333;
  INPUT ---       blabel(75)=f0:session39.9;
  INPUT ---       blabel(76)=f0:session49.1666666666667;
  INPUT ---       blabel(77)=f0:session49.8;
  INPUT ---       blabel(78)=f0:session50.6666666666667;
  INPUT ---       blabel(79)=f0:session51.5333333333333;

  Program  MARK  - Survival Rate Estimation with Capture-Recapture Data
   gfortran(dble/PIM2) Vers. 10.1 March 2023  27-Sep-2024 15:41:40    Page  021
 - - - - - - - - - - - - - - - - - - - - - - - - - - - - - - - - - - - - - -
 
  INPUT ---       rlabel(1)=S gF c1 a0 t1;
  INPUT ---       rlabel(2)=S gM c1 a0 t1;
  INPUT ---       rlabel(3)=Gamma'' gF c1 a0 t1;
  INPUT ---       rlabel(4)=Gamma'' gF c1 a1.1 t2.1;
  INPUT ---       rlabel(5)=Gamma'' gF c1 a2.9 t3.9;
  INPUT ---       rlabel(6)=Gamma'' gF c1 a11.9333333333333 t12.9333333333333;
  INPUT ---       rlabel(7)=Gamma'' gF c1 a13 t14;
  INPUT ---       rlabel(8)=Gamma'' gF c1 a14.8333333333333 t15.8333333333333;
  INPUT ---       rlabel(9)=Gamma'' gF c1 a24.8 t25.8;
  INPUT ---       rlabel(10)=Gamma'' gF c1 a25.6333333333333 
  INPUT ---       t26.6333333333333;
  INPUT ---       rlabel(11)=Gamma'' gF c1 a26.5 t27.5;
  INPUT ---       rlabel(12)=Gamma'' gF c1 a37.1666666666667 
  INPUT ---       t38.1666666666667;
  INPUT ---       rlabel(13)=Gamma'' gF c1 a38.0333333333333 
  INPUT ---       t39.0333333333333;
  INPUT ---       rlabel(14)=Gamma'' gF c1 a38.9 t39.9;
  INPUT ---       rlabel(15)=Gamma'' gF c1 a48.1666666666667 
  INPUT ---       t49.1666666666667;
  INPUT ---       rlabel(16)=Gamma'' gF c1 a48.8 t49.8;
  INPUT ---       rlabel(17)=Gamma'' gF c1 a49.6666666666667 
  INPUT ---       t50.6666666666667;
  INPUT ---       rlabel(18)=Gamma' gF c1 a1.1 t2.1;
  INPUT ---       rlabel(19)=Gamma' gF c1 a2.9 t3.9;
  INPUT ---       rlabel(20)=Gamma' gF c1 a11.9333333333333 t12.9333333333333;
  INPUT ---       rlabel(21)=Gamma' gF c1 a13 t14;
  INPUT ---       rlabel(22)=Gamma' gF c1 a14.8333333333333 t15.8333333333333;
  INPUT ---       rlabel(23)=Gamma' gF c1 a24.8 t25.8;
  INPUT ---       rlabel(24)=Gamma' gF c1 a25.6333333333333 t26.6333333333333;
  INPUT ---       rlabel(25)=Gamma' gF c1 a26.5 t27.5;
  INPUT ---       rlabel(26)=Gamma' gF c1 a37.1666666666667 t38.1666666666667;
  INPUT ---       rlabel(27)=Gamma' gF c1 a38.0333333333333 t39.0333333333333;
  INPUT ---       rlabel(28)=Gamma' gF c1 a38.9 t39.9;
  INPUT ---       rlabel(29)=Gamma' gF c1 a48.1666666666667 t49.1666666666667;
  INPUT ---       rlabel(30)=Gamma' gF c1 a48.8 t49.8;
  INPUT ---       rlabel(31)=Gamma' gF c1 a49.6666666666667 t50.6666666666667;
  INPUT ---       rlabel(32)=p gF s1 t1;
  INPUT ---       rlabel(33)=p gF s2.1 t1;
  INPUT ---       rlabel(34)=p gF s3.9 t1;
  INPUT ---       rlabel(35)=p gF s12.9333333333333 t1;
  INPUT ---       rlabel(36)=p gF s14 t1;
  INPUT ---       rlabel(37)=p gF s15.8333333333333 t1;
  INPUT ---       rlabel(38)=p gF s25.8 t1;
  INPUT ---       rlabel(39)=p gF s26.6333333333333 t1;
  INPUT ---       rlabel(40)=p gF s27.5 t1;
  INPUT ---       rlabel(41)=p gF s38.1666666666667 t1;

  Program  MARK  - Survival Rate Estimation with Capture-Recapture Data
   gfortran(dble/PIM2) Vers. 10.1 March 2023  27-Sep-2024 15:41:40    Page  022
 - - - - - - - - - - - - - - - - - - - - - - - - - - - - - - - - - - - - - -
 
  INPUT ---       rlabel(42)=p gF s39.0333333333333 t1;
  INPUT ---       rlabel(43)=p gF s39.9 t1;
  INPUT ---       rlabel(44)=p gF s49.1666666666667 t1;
  INPUT ---       rlabel(45)=p gF s49.8 t1;
  INPUT ---       rlabel(46)=p gF s50.6666666666667 t1;
  INPUT ---       rlabel(47)=p gF s51.5333333333333 t1;
  INPUT ---       rlabel(48)=c gF s1 t2;
  INPUT ---       rlabel(49)=c gF s2.1 t2;
  INPUT ---       rlabel(50)=c gF s3.9 t2;
  INPUT ---       rlabel(51)=c gF s12.9333333333333 t2;
  INPUT ---       rlabel(52)=c gF s14 t2;
  INPUT ---       rlabel(53)=c gF s15.8333333333333 t2;
  INPUT ---       rlabel(54)=c gF s25.8 t2;
  INPUT ---       rlabel(55)=c gF s26.6333333333333 t2;
  INPUT ---       rlabel(56)=c gF s27.5 t2;
  INPUT ---       rlabel(57)=c gF s38.1666666666667 t2;
  INPUT ---       rlabel(58)=c gF s39.0333333333333 t2;
  INPUT ---       rlabel(59)=c gF s39.9 t2;
  INPUT ---       rlabel(60)=c gF s49.1666666666667 t2;
  INPUT ---       rlabel(61)=c gF s49.8 t2;
  INPUT ---       rlabel(62)=c gF s50.6666666666667 t2;
  INPUT ---       rlabel(63)=c gF s51.5333333333333 t2;
  INPUT ---       rlabel(64)=f0 gF a0 s1 t0;
  INPUT ---       rlabel(65)=f0 gF a0 s2.1 t0;
  INPUT ---       rlabel(66)=f0 gF a0 s3.9 t0;
  INPUT ---       rlabel(67)=f0 gF a0 s12.9333333333333 t0;
  INPUT ---       rlabel(68)=f0 gF a0 s14 t0;
  INPUT ---       rlabel(69)=f0 gF a0 s15.8333333333333 t0;
  INPUT ---       rlabel(70)=f0 gF a0 s25.8 t0;
  INPUT ---       rlabel(71)=f0 gF a0 s26.6333333333333 t0;
  INPUT ---       rlabel(72)=f0 gF a0 s27.5 t0;
  INPUT ---       rlabel(73)=f0 gF a0 s38.1666666666667 t0;
  INPUT ---       rlabel(74)=f0 gF a0 s39.0333333333333 t0;
  INPUT ---       rlabel(75)=f0 gF a0 s39.9 t0;
  INPUT ---       rlabel(76)=f0 gF a0 s49.1666666666667 t0;
  INPUT ---       rlabel(77)=f0 gF a0 s49.8 t0;
  INPUT ---       rlabel(78)=f0 gF a0 s50.6666666666667 t0;
  INPUT ---       rlabel(79)=f0 gF a0 s51.5333333333333 t0;
   Model is { S(~sex)Gamma''(~time)Gamma'(~time)p(~session)c(~session)f0(~session) }

 Link Function Used is PARM-SPECIFIC

 Variance Estimation Procedure Used is 2ndPart 

 M(t+1):
 Group 1 = sexF
      59     78     67     89    100     34     86     56     58     65     72
      40     49     52     61     47
 Group 2 = sexM
      43     64     37     83     95     36     94     70     40     65     75
      49     65     61     70     37



  Program  MARK  - Survival Rate Estimation with Capture-Recapture Data
   gfortran(dble/PIM2) Vers. 10.1 March 2023  27-Sep-2024 15:41:40    Page  023
 - - - - - - - - - - - - - - - - - - - - - - - - - - - - - - - - - - - - - -
 
 -2logL(saturated) = -5853.9941    
 Effective Sample Size = 3599

 Number of function evaluations was 260 for 79 parameters.
 For numerical optimization, CPU Time was 75.062 seconds and System Time was 37.906 seconds.
 -2logL { S(~sex)Gamma''(~time)Gamma'(~time)p(~session)c(~session)f0(~session) } = -1243.5227    
 Penalty { S(~sex)Gamma''(~time)Gamma'(~time)p(~session)c(~session)f0(~session) } = 0.0000000     

   * *  WARNING  * *   Divide by zero occurred during optimization of this model. 
     IEEE flag status at end of optimization:
     overflow       F
     divide by zero T
     invalid        F
     underflow      F
     inexact        T

 Gradient { S(~sex)Gamma''(~time)Gamma'(~time)p(~session)c(~session)f0(~session) }:
 -0.13360269E-03 -0.94845928E-04 -0.55021412E-04   0.0000000      0.25929920E-04
   0.0000000     -0.47620581E-04   0.0000000       0.0000000      0.57846512E-04
   0.0000000      0.25990709E-04   0.0000000      0.62156830E-04  0.11215989E-03
   0.0000000       0.0000000      0.77472038E-04  0.27324787E-04   0.0000000    
   0.0000000      0.65116086E-04  0.58107080E-04   0.0000000       0.0000000    
  0.30988993E-04  0.78733613E-05   0.0000000       0.0000000       0.0000000    
   0.0000000     -0.23215449E-04  0.54452787E-04   0.0000000      0.64104991E-04
 -0.14796393E-04 -0.50181836E-04  0.73921519E-04 -0.19776171E-04 -0.67757200E-05
 -0.81757113E-05  0.84908018E-04  0.46238366E-04  0.96269946E-04  0.72883272E-05
 -0.16333199E-04 -0.21297635E-04   0.0000000       0.0000000       0.0000000    
  0.97274336E-04   0.0000000       0.0000000       0.0000000       0.0000000    
  0.98646448E-04   0.0000000      0.92099235E-04   0.0000000       0.0000000    
   0.0000000       0.0000000       0.0000000       0.0000000       0.0000000    
   0.0000000     -0.33157183E-04 -0.15309749E-04 -0.18165820E-04  0.66761553E-04
  0.10296638E-04  0.14641651E-04  0.14770226E-04  0.58710774E-04  0.91058837E-05
 -0.31787402E-04 -0.40546618E-04 -0.25917572E-04  0.27216828E-04
 Maximum ABS(G) { S(~sex)Gamma''(~time)Gamma'(~time)p(~session)c(~session)f0(~session) } = 0.1336027E-03 
 To compute VC matrix, CPU Time was 34.422 seconds and System Time was 17.563 seconds.

  Program  MARK  - Survival Rate Estimation with Capture-Recapture Data
   gfortran(dble/PIM2) Vers. 10.1 March 2023  27-Sep-2024 15:42:35    Page  024
 - - - - - - - - - - - - - - - - - - - - - - - - - - - - - - - - - - - - - -
 
 S Vector { S(~sex)Gamma''(~time)Gamma'(~time)p(~session)c(~session)f0(~session) }:
   1502.484      702.1751      515.6365      213.2529      147.8138    
   132.5830      124.2391      119.1135      108.2903      102.0749    
   93.69255      86.42364      80.77822      73.34974      72.47477    
   67.13905      66.72165      62.86515      57.71916      55.05401    
   54.67648      49.72312      48.90454      47.36904      46.23084    
   43.39645      43.32505      41.40477      41.19084      40.46280    
   35.65473      33.48705      30.71911      30.10199      25.08046    
   21.89756      21.63956      17.13215      13.18542      12.44482    
   11.86331      11.61221      11.33657      9.400989      8.964376    
   8.764505      7.714907      6.371811      5.111132      4.954104    
   4.628303      4.220068      4.070153      3.474007      3.200018    
   2.918714      2.513305      2.259225      2.121855      1.928532    
   1.816651      1.754319      1.682454      1.386744      1.208393    
   1.114274      1.079764     0.9265842     0.7333094     0.3482834    
  0.1070960     0.8029641E-01 0.5921938E-01 0.5063788E-01 0.4539272E-01
  0.2982908E-01 0.2676462E-01 0.2031080E-05 0.1364281E-05
 To invert VC matrix, CPU Time was 0.001 seconds and System Time was 0.001 seconds.
 Ratio Threshold = 50.000000       Max Gap (77/78) = 13177.531       Next Max Gap (70/71) = 3.2520679     
 Gap Method for Num. of Estimated Parameters { S(~sex)Gamma''(~time)Gamma'(~time)p(~session)c(~session)f0(~session) } = 77          
 Threshold { S(~sex)Gamma''(~time)Gamma'(~time)p(~session)c(~session)f0(~session) } = 0.2672054E-03           
 Numerical Threshold Method for Num. of Estimated Parameters { S(~sex)Gamma''(~time)Gamma'(~time)p(~session)c(~session)f0(~session) } = 77          
 Number of Estimated Parameters { S(~sex)Gamma''(~time)Gamma'(~time)p(~session)c(~session)f0(~session) } = 77          
 DEVIANCE { S(~sex)Gamma''(~time)Gamma'(~time)p(~session)c(~session)f0(~session) } = 4610.4714               
 DEVIANCE Degrees of Freedom { S(~sex)Gamma''(~time)Gamma'(~time)p(~session)c(~session)f0(~session) } = 446          
 c-hat { S(~sex)Gamma''(~time)Gamma'(~time)p(~session)c(~session)f0(~session) } = 10.337380               
 AIC { S(~sex)Gamma''(~time)Gamma'(~time)p(~session)c(~session)f0(~session) } = -1089.5227              
 AICc { S(~sex)Gamma''(~time)Gamma'(~time)p(~session)c(~session)f0(~session) } = -1086.1112              
 BIC { S(~sex)Gamma''(~time)Gamma'(~time)p(~session)c(~session)f0(~session) } = -613.01503              
 Pearson Chisquare { S(~sex)Gamma''(~time)Gamma'(~time)p(~session)c(~session)f0(~session) } = 0.5396540E+16           


 PARM-SPECIFIC Link Function Parameters of { S(~sex)Gamma''(~time)Gamma'(~time)p(~session)c(~session)f0(~session) }
                                                              95% Confidence Interval
    Parameter                  Beta         Standard Error     Lower           Upper
 -------------------------  --------------  --------------  --------------  --------------
    1:S:(Intercept)          2.6547262       0.0677428       2.5219503       2.7875020    
    2:S:sexM                 0.2870380       0.0993790       0.0922550       0.4818209    
    3:GammaDoublePrime:(In  -1.2185966       0.3339771      -1.8731918      -0.5640014    
    4:GammaDoublePrime:tim  -0.1217357       0.7103103      -1.5139440       1.2704726    
    5:GammaDoublePrime:tim  -3.7077012       4.1118041      -11.766837       4.3514351    
    6:GammaDoublePrime:tim  -0.1468855       0.4627565      -1.0538882       0.7601173    
    7:GammaDoublePrime:tim   1.5633939       0.5574090       0.4708723       2.6559155    
    8:GammaDoublePrime:tim  -2.8531716       4.2643122      -11.211224       5.5048806    
    9:GammaDoublePrime:tim   1.1297463       0.3800522       0.3848440       1.8746485    
   10:GammaDoublePrime:tim   1.1102451       0.4005219       0.3252221       1.8952680    
   11:GammaDoublePrime:tim  -1.6220068       1.2705746      -4.1123330       0.8683194    
   12:GammaDoublePrime:tim  -3.6966903       5.8074044      -15.079203       7.6858226    
   13:GammaDoublePrime:tim   1.2812915       0.3849581       0.5267736       2.0358093    
   14:GammaDoublePrime:tim  -0.9639082       0.7300249      -2.3947569       0.4669406    
   15:GammaDoublePrime:tim  -0.0883597       0.4826580      -1.0343694       0.8576500    
   16:GammaDoublePrime:tim  -0.5288702       0.4783362      -1.4664091       0.4086687    
   17:GammaDoublePrime:tim  -1.4250248       4.5580181      -10.358740       7.5086909    
   18:GammaPrime:(Intercep   2.1513391       1.6822368      -1.1458451       5.4485233    
   19:GammaPrime:time3.9    -3.4673843       1.8596012      -7.1122028       0.1774342    
   20:GammaPrime:time12.93   12.377144       856.14640      -1665.6698       1690.4241    
   21:GammaPrime:time14     -1.4151916       1.7904815      -4.9245355       2.0941522    
   22:GammaPrime:time15.83  -2.7493139       1.7716162      -6.2216818       0.7230540    
   23:GammaPrime:time25.8    1.1007806       4.3604992      -7.4457979       9.6473591    

  Program  MARK  - Survival Rate Estimation with Capture-Recapture Data
   gfortran(dble/PIM2) Vers. 10.1 March 2023  27-Sep-2024 15:42:35    Page  025
 - - - - - - - - - - - - - - - - - - - - - - - - - - - - - - - - - - - - - -
 
   24:GammaPrime:time26.63  -1.5690208       1.7014357      -4.9038348       1.7657933    
   25:GammaPrime:time27.5   -4.0945556       1.9087504      -7.8357065      -0.3534047    
   26:GammaPrime:time38.16  -2.9391511       2.2008016      -7.2527223       1.3744200    
   27:GammaPrime:time39.03  -14.504219       701.67581      -1389.7888       1360.7804    
   28:GammaPrime:time39.9   -3.6472786       1.7758584      -7.1279612      -0.1665961    
   29:GammaPrime:time49.16  -2.5567323       1.8935944      -6.2681775       1.1547129    
   30:GammaPrime:time49.8   -2.5108794       1.7627338      -5.9658378       0.9440790    
   31:GammaPrime:time50.66  -2.3472985       1.9394870      -6.1486931       1.4540961    
   32:p:(Intercept)         -0.9718062       0.4387897      -1.8318341      -0.1117783    
   33:p:session2.1           1.2417642       0.4876276       0.2860140       2.1975144    
   34:p:session3.9           0.5523420       0.5376546      -0.5014610       1.6061451    
   35:p:session12.93333333   0.9042247       0.4616127      -0.5362096E-03   1.8089857    
   36:p:session14            1.0625012       0.4779645       0.1256907       1.9993116    
   37:p:session15.83333333   0.2162796       0.6653421      -1.0877909       1.5203501    
   38:p:session25.8          0.6513501       0.4806006      -0.2906271       1.5933273    
   39:p:session26.63333333   1.3147234       0.4937791       0.3469163       2.2825306    
   40:p:session27.5          1.2519804       0.5069654       0.2583282       2.2456326    
   41:p:session38.16666666   0.8663561       0.4937887      -0.1014697       1.8341819    
   42:p:session39.03333333   0.7970963       0.4789001      -0.1415480       1.7357406    
   43:p:session39.9          1.3100194       0.5127995       0.3049323       2.3151064    
   44:p:session49.16666666   1.2190003       0.4979697       0.2429797       2.1950209    
   45:p:session49.8          1.0935927       0.4991439       0.1152706       2.0719148    
   46:p:session50.66666666   1.8026577       0.4860589       0.8499822       2.7553331    
   47:p:session51.53333333   0.4329093       0.7386635      -1.0148712       1.8806898    
   48:c:(Intercept)          0.1854044       0.1841240      -0.1754786       0.5462874    
   49:c:session2.1           0.5292488       0.2355558       0.0675594       0.9909382    
   50:c:session3.9           0.5190419       0.2605091       0.0084440       1.0296397    
   51:c:session12.93333333   0.2549077       0.2266918      -0.1894082       0.6992235    
   52:c:session14            0.0586571       0.2200023      -0.3725474       0.4898616    
   53:c:session15.83333333  -0.3504851       0.2850993      -0.9092797       0.2083096    
   54:c:session25.8          0.1438990       0.2260437      -0.2991467       0.5869446    
   55:c:session26.63333333  -0.4947258       0.2357450      -0.9567861      -0.0326656    
   56:c:session27.5          0.2374527       0.2508774      -0.2542670       0.7291724    
   57:c:session38.16666666   0.3434396       0.2407939      -0.1285164       0.8153956    
   58:c:session39.03333333   0.3254215       0.2316347      -0.1285825       0.7794256    
   59:c:session39.9         -0.1247799       0.2534409      -0.6215240       0.3719642    
   60:c:session49.16666666   0.1162635       0.2416658      -0.3574015       0.5899284    
   61:c:session49.8         -0.2226757       0.2423938      -0.6977675       0.2524162    
   62:c:session50.66666666   0.4657786       0.2339722       0.0071932       0.9243641    
   63:c:session51.53333333   0.1861581       0.3440677      -0.4882146       0.8605309    
   64:f0:(Intercept)         3.4261981       0.6179879       2.2149418       4.6374545    
   65:f0:session2.1         -1.6797702       0.8183005      -3.2836393      -0.0759012    
   66:f0:session3.9         -0.8126314       0.8222461      -2.4242337       0.7989710    
   67:f0:session12.9333333  -0.8407823       0.6999569      -2.2126979       0.5311334    
   68:f0:session14          -0.9933428       0.7447467      -2.4530463       0.4663607    
   69:f0:session15.8333333  -0.6799446       0.9761135      -2.5931272       1.2332379    

  Program  MARK  - Survival Rate Estimation with Capture-Recapture Data
   gfortran(dble/PIM2) Vers. 10.1 March 2023  27-Sep-2024 15:42:35    Page  026
 - - - - - - - - - - - - - - - - - - - - - - - - - - - - - - - - - - - - - -
 
   70:f0:session25.8        -0.3713392       0.7146716      -1.7720955       1.0294172    
   71:f0:session26.6333333  -1.9638389       0.8669655      -3.6630913      -0.2645865    
   72:f0:session27.5        -2.1264484       0.9175292      -3.9248056      -0.3280912    
   73:f0:session38.1666666  -1.0661550       0.7718263      -2.5789346       0.4466246    
   74:f0:session39.0333333  -0.8192831       0.7300025      -2.2500880       0.6115218    
   75:f0:session39.9        -2.3514130       0.9736143      -4.2596970      -0.4431290    
   76:f0:session49.1666666  -1.8801578       0.8618095      -3.5693044      -0.1910112    
   77:f0:session49.8        -1.6342893       0.8325560      -3.2660990      -0.0024796    
   78:f0:session50.6666666  -3.1212009       1.1440095      -5.3634596      -0.8789422    
   79:f0:session51.5333333  -0.1212762       0.9825031      -2.0469823       1.8044299    


 Real Function Parameters of { S(~sex)Gamma''(~time)Gamma'(~time)p(~session)c(~session)f0(~session) }
                                                               95% Confidence Interval
     Parameter                Estimate       Standard Error     Lower           Upper
 --------------------------  --------------  --------------  --------------  --------------
     1:S gF c1 a0 t1          0.9343017       0.0041582       0.9256664       0.9419967       
     2:S gM c1 a0 t1          0.9498728       0.0035397       0.9424624       0.9563730       
     3:Gamma'' gF c1 a0 t1    0.2281835       0.0588186       0.1331728       0.3626221       
     4:Gamma'' gF c1 a1.1 t   0.2074554       0.1024466       0.0716521       0.4702650       
     5:Gamma'' gF c1 a2.9 t   0.0072011       0.0292937       0.2358845E-05   0.9570879       
     6:Gamma'' gF c1 a11.93   0.2033508       0.0519257       0.1198636       0.3236076       
     7:Gamma'' gF c1 a13 t1   0.5853554       0.1082109       0.3707404       0.7718235       
     8:Gamma'' gF c1 a14.83   0.0167615       0.0700628       0.4101270E-05   0.9860836       
     9:Gamma'' gF c1 a24.8    0.4778020       0.0452653       0.3906856       0.5662901       
    10:Gamma'' gF c1 a25.63   0.4729386       0.0551106       0.3677950       0.5805386       
    11:Gamma'' gF c1 a26.5    0.0551691       0.0639024       0.0052543       0.3922725       
    12:Gamma'' gF c1 a37.16   0.0072802       0.0419011       0.8515987E-07   0.9984191       
    13:Gamma'' gF c1 a38.03   0.5156686       0.0478321       0.4224613       0.6077985       
    14:Gamma'' gF c1 a38.9    0.1013326       0.0591178       0.0306227       0.2869800       
    15:Gamma'' gF c1 a48.16   0.2129966       0.0584343       0.1202359       0.3489372       
    16:Gamma'' gF c1 a48.8    0.1483670       0.0433013       0.0817237       0.2543057       
    17:Gamma'' gF c1 a49.66   0.0663832       0.2817336       0.9603110E-05   0.9981041       
    18:Gamma' gF c1 a1.1 t2   0.8957938       0.1570321       0.2412488       0.9957158       
    19:Gamma' gF c1 a2.9 t3   0.2114770       0.1267167       0.0570305       0.5432313       
    20:Gamma' gF c1 a11.933   0.9999995       0.4196685E-03   0.0000000       1.0000000       
    21:Gamma' gF c1 a13 t14   0.6761528       0.1349364       0.3842217       0.8747868       
    22:Gamma' gF c1 a14.833   0.3548072       0.1275903       0.1557232       0.6211543       
    23:Gamma' gF c1 a24.8 t   0.9627492       0.1442957       0.0096228       0.9999855       
    24:Gamma' gF c1 a25.633   0.6416007       0.0588698       0.5201228       0.7472695       
    25:Gamma' gF c1 a26.5 t   0.1252949       0.0988651       0.0238623       0.4563296       
    26:Gamma' gF c1 a37.166   0.3126387       0.3049365       0.0274102       0.8801048       
    27:Gamma' gF c1 a38.033   0.4317283E-05   0.0030293       0.0000000       1.0000000       
    28:Gamma' gF c1 a38.9 t   0.1830319       0.0851376       0.0683770       0.4061299       
    29:Gamma' gF c1 a48.166   0.4000173       0.2087453       0.1081169       0.7857232       
    30:Gamma' gF c1 a48.8 t   0.4110708       0.1276368       0.1989450       0.6623582       

  Program  MARK  - Survival Rate Estimation with Capture-Recapture Data
   gfortran(dble/PIM2) Vers. 10.1 March 2023  27-Sep-2024 15:42:36    Page  027
 - - - - - - - - - - - - - - - - - - - - - - - - - - - - - - - - - - - - - -
 
    31:Gamma' gF c1 a49.666   0.4511663       0.2391439       0.1101799       0.8451406       
    32:p gF s1 t1             0.2745206       0.0873889       0.1380199       0.4720845       
    33:p gF s2.1 t1           0.5670826       0.0522185       0.4633311       0.6652670       
    34:p gF s3.9 t1           0.3966450       0.0743584       0.2633837       0.5472404       
    35:p gF s12.93333333333   0.4831111       0.0357972       0.4137336       0.5531458       
    36:p gF s14 t1            0.5226582       0.0472804       0.4302708       0.6135209       
    37:p gF s15.83333333333   0.3196183       0.1087676       0.1498403       0.5559648       
    38:p gF s25.8 t1          0.4205646       0.0477769       0.3307653       0.5159480       
    39:p gF s26.63333333333   0.5848990       0.0549815       0.4747877       0.6871372       
    40:p gF s27.5 t1          0.5695889       0.0622517       0.4458335       0.6852204       
    41:p gF s38.16666666666   0.4736619       0.0564618       0.3660171       0.5838120       
    42:p gF s39.03333333333   0.4564333       0.0475997       0.3656912       0.5501624       
    43:p gF s39.9 t1          0.5837564       0.0644840       0.4546408       0.7023186       
    44:p gF s49.16666666666   0.5614858       0.0579730       0.4466308       0.6701097       
    45:p gF s49.8 t1          0.5304091       0.0592615       0.4147050       0.6429341       
    46:p gF s50.66666666666   0.6965349       0.0441953       0.6037330       0.7756788       
    47:p gF s51.53333333333   0.3684442       0.1382677       0.1540034       0.6515245       
    48:c gF s1 t2             0.5462188       0.0456377       0.4562426       0.6332738       
    49:c gF s2.1 t2           0.6714285       0.0324119       0.6050839       0.7315720       
    50:c gF s3.9 t2           0.6691728       0.0407985       0.5849763       0.7437701       
    51:c gF s12.93333333333   0.6083334       0.0315082       0.5451567       0.6680778       
    52:c gF s14 t2            0.5607143       0.0296596       0.5020126       0.6177650       
    53:c gF s15.83333333333   0.4588233       0.0540484       0.3562418       0.5650178       
    54:c gF s25.8 t2          0.5815899       0.0319088       0.5180659       0.6425184       
    55:c gF s26.63333333333   0.4232804       0.0359389       0.3548297       0.4948085       
    56:c gF s27.5 t2          0.6041667       0.0407523       0.5222010       0.6806698       
    57:c gF s38.16666666666   0.6292135       0.0362035       0.5559388       0.6969872       
    58:c gF s39.03333333333   0.6250001       0.0329404       0.5585691       0.6870353       
    59:c gF s39.9 t2          0.5151515       0.0434994       0.4302763       0.5991616       
    60:c gF s49.16666666666   0.5748502       0.0382551       0.4987182       0.6475901       
    61:c gF s49.8 t2          0.4906833       0.0393986       0.4142887       0.5675154       
    62:c gF s50.66666666666   0.6572770       0.0325204       0.5910303       0.7179144       
    63:c gF s51.53333333333   0.5918365       0.0702131       0.4506297       0.7193525       
    64:f0 gF a0 s1 t0         30.759477       19.008985       10.089209       93.777956       
    65:f0 gF a0 s2.1 t0       5.7340835       3.0756467       2.1400683       15.363862       
    66:f0 gF a0 s3.9 t0       13.647642       7.4023896       5.0441612       36.925493       
    67:f0 gF a0 s12.9333333   13.268806       4.3611820       7.0826875       24.857968       
    68:f0 gF a0 s14 t0        11.391362       4.7344788       5.2094111       24.909367       
    69:f0 gF a0 s15.8333333   15.584137       11.775426       4.1745450       58.177674       
    70:f0 gF a0 s25.8 t0      21.218193       7.6160893       10.724575       41.979447       
    71:f0 gF a0 s26.6333333   4.3161303       2.6244140       1.4376311       12.958110       
    72:f0 gF a0 s27.5 t0      3.6683785       2.4878864       1.0986310       12.248881       
    73:f0 gF a0 s38.1666666   10.591408       4.8973948       4.4695254       25.098398       
    74:f0 gF a0 s39.0333333   13.557163       5.2680216       6.5007293       28.273237       
    75:f0 gF a0 s39.9 t0      2.9293633       2.2038830       0.7882950       10.885734       
    76:f0 gF a0 s49.1666666   4.6928511       2.8188696       1.5811387       13.928475       

  Program  MARK  - Survival Rate Estimation with Capture-Recapture Data
   gfortran(dble/PIM2) Vers. 10.1 March 2023  27-Sep-2024 15:42:36    Page  028
 - - - - - - - - - - - - - - - - - - - - - - - - - - - - - - - - - - - - - -
 
    77:f0 gF a0 s49.8 t0      6.0008966       3.3478437       2.1632816       16.646358       
    78:f0 gF a0 s50.6666666   1.3566213       1.3060606       0.2773862       6.6348690       
    79:f0 gF a0 s51.5333333   27.246415       20.810837       7.2153286       102.88750       


                     Estimates of Derived Parameters

 Population Estimates of { S(~sex)Gamma''(~time)Gamma'(~time)p(~session)c(~session)f0(~session) }
                                                95% Confidence Interval
 Grp. Sess.     N-hat        Standard Error      Lower           Upper
 ---- -----  --------------  --------------  --------------  --------------
   1     1    89.759477       19.008985       69.089209       152.77796    
   1     2    83.734083       3.0756467       80.140068       93.363862    
   1     3    80.647642       7.4023896       72.044161       103.92549    
   1     4    102.26881       4.3611820       96.082687       113.85797    
   1     5    111.39136       4.7344788       105.20941       124.90937    
   1     6    49.584137       11.775426       38.174545       92.177674    
   1     7    107.21819       7.6160893       96.724575       127.97945    
   1     8    60.316130       2.6244140       57.437631       68.958110    
   1     9    61.668379       2.4878864       59.098631       70.248881    
   1    10    75.591408       4.8973948       69.469525       90.098398    
   1    11    85.557163       5.2680216       78.500729       100.27324    
   1    12    42.929363       2.2038830       40.788295       50.885734    
   1    13    53.692851       2.8188696       50.581139       62.928475    
   1    14    58.000897       3.3478437       54.163282       68.646358    
   1    15    62.356621       1.3060606       61.277386       67.634869    
   1    16    74.246415       20.810837       54.215329       149.88750    
   2     1    73.759477       19.008985       53.089209       136.77796    
   2     2    69.734083       3.0756467       66.140068       79.363862    
   2     3    50.647642       7.4023896       42.044161       73.925493    
   2     4    96.268806       4.3611820       90.082687       107.85797    
   2     5    106.39136       4.7344788       100.20941       119.90937    
   2     6    51.584137       11.775426       40.174545       94.177674    
   2     7    115.21819       7.6160893       104.72457       135.97945    
   2     8    74.316130       2.6244140       71.437631       82.958110    
   2     9    43.668379       2.4878864       41.098631       52.248881    
   2    10    75.591408       4.8973948       69.469525       90.098398    
   2    11    88.557163       5.2680216       81.500729       103.27324    
   2    12    51.929363       2.2038830       49.788295       59.885734    
   2    13    69.692851       2.8188696       66.581139       78.928475    
   2    14    67.000897       3.3478437       63.163282       77.646358    
   2    15    71.356621       1.3060606       70.277386       76.634869    
   2    16    64.246415       20.810837       44.215329       139.88750    

 To compute parameter estimates, CPU Time was 0.031 seconds and System Time was 0.031 seconds.

 Attempted ordering of parameters by estimatibility:
  32 48  1  3 38 35 42 36 64  2 47 41 34 33 52 37 45 54 44 51 39 58 62 49 55
  18 40 57 60 61 43 56  9 59 13 50 10 46  7 79 53  6 24 70 67 15 74 66 73 63
  16 68 22 30 65 76 21 28 77  4 71 14 31 72 19 75 29 69 11 78 25 26  5  8 17
  23 12 27 20
 Beta number 20 is a singular value.

   For procedure estimate CPU Time was 109.562 seconds and System Time was 56.219 seconds.


  INPUT --- proc stop;

     For this job, CPU Time in minutes was 1.828 and System Time in minutes was 0.939.

     Time Start = 15:41:39.660   Time End = 15:42:36.006

     Wall Clock Time in minutes for this job was 0.939.

     Maximum of 79 words used of 4096 words allocated.


          E X E C U T I O N   S U C C E S S F U L 
