
   Program  MARK  - Survival Rate Estimation with Capture-Recapture Data
   gfortran(dble/PIM2) Vers. 10.1 March 2023  27-Sep-2024 15:27:41    Page  001
    
 - - - - - - - - - - - - - - - - - - - - - - - - - - - - - - - - - - - - - -
 
   Welcome to MARK johnimperato on machine JOHNIMPERATD1A0 in subdirectory 
   "W:\Data and Code\Mossy-Pond\Mossy-Pond\RMark_models" running file "mark011.inp".
   This version was compiled by GCC version 12.2.0 using the options: 
     -cpp -iprefix c:\tdm-gcc-64\mingw64\bin\../lib/gcc/x86_64-w64-mingw32/12.2.0/
     -D_MT -D_REENTRANT -U_REENTRANT -D ieee -D dbleprecision -m64 -mtune=generic
     -march=x86-64 -mthreads -O3 -std=f2018 -fsignaling-nans
     -ffpe-summary=invalid,zero,overflow,underflow -funroll-loops -ffast-math
     -fall-intrinsics -fopenmp.

   This problem will use 3 of 4 possible threads.
   Static thread allocation is used.
   Schedule kind is omp_sched_dynamic with chunk size 1


  INPUT --- proc title ;

   For procedure title CPU Time was 0.001 seconds and System Time was 0.001 seconds.


  INPUT --- proc chmatrix occasions= 47 groups= 1 etype= Robust Nodes= 
  INPUT --- 101 icovar = 1 ICMeans  NoHist hist= 523 ;

  INPUT ---    time interval 0 0 1.1 0 0 1.8 0 0 9.03333333333333 0 0 
  INPUT ---    1.06666666666667 0 0  1.83333333333333 0 0 9.96666666666667 
  INPUT ---    0 0 0.833333333333333 0 0 0.866666666666667 0 0  
  INPUT ---    10.6666666666667 0 0 0.866666666666667 0 0 
  INPUT ---    0.866666666666667 0 0 9.26666666666667 0 0  
  INPUT ---    0.633333333333333 0 0 0.866666666666667 0 0 
  INPUT ---    0.866666666666667 0 ;

  INPUT ---     icovariates is_Female ;

  INPUT ---    glabel(1)=Group 1;

      Number of unique encounter histories read was 523.

      Number of individual covariates read was 1.
      Time interval lengths vary and/or not equal to 1.

      Data type number is 7
      Data type is Robust Design with Full Likelihhood p and c

   For procedure chmatrix CPU Time was 0.001 seconds and System Time was 0.001 seconds.

  Program  MARK  - Survival Rate Estimation with Capture-Recapture Data
   gfortran(dble/PIM2) Vers. 10.1 March 2023  27-Sep-2024 15:27:41    Page  002
 - - - - - - - - - - - - - - - - - - - - - - - - - - - - - - - - - - - - - -
 


  INPUT --- proc estimate link=Parm-Specific NOLOOP varest=2ndPart    ;


  INPUT --- model={ 
  INPUT --- S(~is_Female)Gamma''(~time)Gamma'(~time)p(~session)c(~sessio
  INPUT --- n)f0(~session) };

  INPUT ---    group=1 S    rows=15 cols=15 Triang ;
  INPUT ---        1 1 1 1 1 1 1 1 1 1 1 1 1 1 1 ;
  INPUT ---        1 1 1 1 1 1 1 1 1 1 1 1 1 1 ;
  INPUT ---        1 1 1 1 1 1 1 1 1 1 1 1 1 ;
  INPUT ---        1 1 1 1 1 1 1 1 1 1 1 1 ;
  INPUT ---        1 1 1 1 1 1 1 1 1 1 1 ;
  INPUT ---        1 1 1 1 1 1 1 1 1 1 ;
  INPUT ---        1 1 1 1 1 1 1 1 1 ;
  INPUT ---        1 1 1 1 1 1 1 1 ;
  INPUT ---        1 1 1 1 1 1 1 ;
  INPUT ---        1 1 1 1 1 1 ;
  INPUT ---        1 1 1 1 1 ;
  INPUT ---        1 1 1 1 ;
  INPUT ---        1 1 1 ;
  INPUT ---        1 1 ;
  INPUT ---        1 ;

  INPUT ---    group=1 Gamma''    rows=15 cols=15 Triang ;
  INPUT ---        2 3 4 5 6 7 8 9 10 11 12 13 14 15 16 ;
  INPUT ---        3 4 5 6 7 8 9 10 11 12 13 14 15 16 ;
  INPUT ---        4 5 6 7 8 9 10 11 12 13 14 15 16 ;
  INPUT ---        5 6 7 8 9 10 11 12 13 14 15 16 ;
  INPUT ---        6 7 8 9 10 11 12 13 14 15 16 ;
  INPUT ---        7 8 9 10 11 12 13 14 15 16 ;
  INPUT ---        8 9 10 11 12 13 14 15 16 ;
  INPUT ---        9 10 11 12 13 14 15 16 ;
  INPUT ---        10 11 12 13 14 15 16 ;
  INPUT ---        11 12 13 14 15 16 ;
  INPUT ---        12 13 14 15 16 ;
  INPUT ---        13 14 15 16 ;
  INPUT ---        14 15 16 ;
  INPUT ---        15 16 ;
  INPUT ---        16 ;

  INPUT ---    group=1 Gamma'    rows=14 cols=14 Triang ;
  INPUT ---        17 18 19 20 21 22 23 24 25 26 27 28 29 30 ;
  INPUT ---        18 19 20 21 22 23 24 25 26 27 28 29 30 ;

  Program  MARK  - Survival Rate Estimation with Capture-Recapture Data
   gfortran(dble/PIM2) Vers. 10.1 March 2023  27-Sep-2024 15:27:41    Page  003
 - - - - - - - - - - - - - - - - - - - - - - - - - - - - - - - - - - - - - -
 
  INPUT ---        19 20 21 22 23 24 25 26 27 28 29 30 ;
  INPUT ---        20 21 22 23 24 25 26 27 28 29 30 ;
  INPUT ---        21 22 23 24 25 26 27 28 29 30 ;
  INPUT ---        22 23 24 25 26 27 28 29 30 ;
  INPUT ---        23 24 25 26 27 28 29 30 ;
  INPUT ---        24 25 26 27 28 29 30 ;
  INPUT ---        25 26 27 28 29 30 ;
  INPUT ---        26 27 28 29 30 ;
  INPUT ---        27 28 29 30 ;
  INPUT ---        28 29 30 ;
  INPUT ---        29 30 ;
  INPUT ---        30 ;

  INPUT ---    group=1 p  Session 1  rows=1 cols=3 Square ;
  INPUT ---        31 31 31 ;

  INPUT ---    group=1 p  Session 2  rows=1 cols=3 Square ;
  INPUT ---        32 32 32 ;

  INPUT ---    group=1 p  Session 3  rows=1 cols=3 Square ;
  INPUT ---        33 33 33 ;

  INPUT ---    group=1 p  Session 4  rows=1 cols=3 Square ;
  INPUT ---        34 34 34 ;

  INPUT ---    group=1 p  Session 5  rows=1 cols=3 Square ;
  INPUT ---        35 35 35 ;

  INPUT ---    group=1 p  Session 6  rows=1 cols=3 Square ;
  INPUT ---        36 36 36 ;

  INPUT ---    group=1 p  Session 7  rows=1 cols=3 Square ;
  INPUT ---        37 37 37 ;

  INPUT ---    group=1 p  Session 8  rows=1 cols=3 Square ;
  INPUT ---        38 38 38 ;

  INPUT ---    group=1 p  Session 9  rows=1 cols=3 Square ;
  INPUT ---        39 39 39 ;

  INPUT ---    group=1 p  Session 10  rows=1 cols=3 Square ;
  INPUT ---        40 40 40 ;

  INPUT ---    group=1 p  Session 11  rows=1 cols=3 Square ;
  INPUT ---        41 41 41 ;


  Program  MARK  - Survival Rate Estimation with Capture-Recapture Data
   gfortran(dble/PIM2) Vers. 10.1 March 2023  27-Sep-2024 15:27:41    Page  004
 - - - - - - - - - - - - - - - - - - - - - - - - - - - - - - - - - - - - - -
 
  INPUT ---    group=1 p  Session 12  rows=1 cols=3 Square ;
  INPUT ---        42 42 42 ;

  INPUT ---    group=1 p  Session 13  rows=1 cols=3 Square ;
  INPUT ---        43 43 43 ;

  INPUT ---    group=1 p  Session 14  rows=1 cols=3 Square ;
  INPUT ---        44 44 44 ;

  INPUT ---    group=1 p  Session 15  rows=1 cols=3 Square ;
  INPUT ---        45 45 45 ;

  INPUT ---    group=1 p  Session 16  rows=1 cols=2 Square ;
  INPUT ---        46 46 ;

  INPUT ---    group=1 c  Session 1  rows=1 cols=2 Square ;
  INPUT ---        47 47 ;

  INPUT ---    group=1 c  Session 2  rows=1 cols=2 Square ;
  INPUT ---        48 48 ;

  INPUT ---    group=1 c  Session 3  rows=1 cols=2 Square ;
  INPUT ---        49 49 ;

  INPUT ---    group=1 c  Session 4  rows=1 cols=2 Square ;
  INPUT ---        50 50 ;

  INPUT ---    group=1 c  Session 5  rows=1 cols=2 Square ;
  INPUT ---        51 51 ;

  INPUT ---    group=1 c  Session 6  rows=1 cols=2 Square ;
  INPUT ---        52 52 ;

  INPUT ---    group=1 c  Session 7  rows=1 cols=2 Square ;
  INPUT ---        53 53 ;

  INPUT ---    group=1 c  Session 8  rows=1 cols=2 Square ;
  INPUT ---        54 54 ;

  INPUT ---    group=1 c  Session 9  rows=1 cols=2 Square ;
  INPUT ---        55 55 ;

  INPUT ---    group=1 c  Session 10  rows=1 cols=2 Square ;
  INPUT ---        56 56 ;

  INPUT ---    group=1 c  Session 11  rows=1 cols=2 Square ;

  Program  MARK  - Survival Rate Estimation with Capture-Recapture Data
   gfortran(dble/PIM2) Vers. 10.1 March 2023  27-Sep-2024 15:27:41    Page  005
 - - - - - - - - - - - - - - - - - - - - - - - - - - - - - - - - - - - - - -
 
  INPUT ---        57 57 ;

  INPUT ---    group=1 c  Session 12  rows=1 cols=2 Square ;
  INPUT ---        58 58 ;

  INPUT ---    group=1 c  Session 13  rows=1 cols=2 Square ;
  INPUT ---        59 59 ;

  INPUT ---    group=1 c  Session 14  rows=1 cols=2 Square ;
  INPUT ---        60 60 ;

  INPUT ---    group=1 c  Session 15  rows=1 cols=2 Square ;
  INPUT ---        61 61 ;

  INPUT ---    group=1 c  Session 16  rows=1 cols=1 Square ;
  INPUT ---        62 ;

  INPUT ---    group=1 f0  Session 1  rows=1 cols=1 Square ;
  INPUT ---        63 ;

  INPUT ---    group=1 f0  Session 2  rows=1 cols=1 Square ;
  INPUT ---        64 ;

  INPUT ---    group=1 f0  Session 3  rows=1 cols=1 Square ;
  INPUT ---        65 ;

  INPUT ---    group=1 f0  Session 4  rows=1 cols=1 Square ;
  INPUT ---        66 ;

  INPUT ---    group=1 f0  Session 5  rows=1 cols=1 Square ;
  INPUT ---        67 ;

  INPUT ---    group=1 f0  Session 6  rows=1 cols=1 Square ;
  INPUT ---        68 ;

  INPUT ---    group=1 f0  Session 7  rows=1 cols=1 Square ;
  INPUT ---        69 ;

  INPUT ---    group=1 f0  Session 8  rows=1 cols=1 Square ;
  INPUT ---        70 ;

  INPUT ---    group=1 f0  Session 9  rows=1 cols=1 Square ;
  INPUT ---        71 ;

  INPUT ---    group=1 f0  Session 10  rows=1 cols=1 Square ;
  INPUT ---        72 ;

  Program  MARK  - Survival Rate Estimation with Capture-Recapture Data
   gfortran(dble/PIM2) Vers. 10.1 March 2023  27-Sep-2024 15:27:41    Page  006
 - - - - - - - - - - - - - - - - - - - - - - - - - - - - - - - - - - - - - -
 

  INPUT ---    group=1 f0  Session 11  rows=1 cols=1 Square ;
  INPUT ---        73 ;

  INPUT ---    group=1 f0  Session 12  rows=1 cols=1 Square ;
  INPUT ---        74 ;

  INPUT ---    group=1 f0  Session 13  rows=1 cols=1 Square ;
  INPUT ---        75 ;

  INPUT ---    group=1 f0  Session 14  rows=1 cols=1 Square ;
  INPUT ---        76 ;

  INPUT ---    group=1 f0  Session 15  rows=1 cols=1 Square ;
  INPUT ---        77 ;

  INPUT ---    group=1 f0  Session 16  rows=1 cols=1 Square ;
  INPUT ---        78 ;

  INPUT ---    design matrix constraints=78 covariates=79;
  INPUT ---        1 is_Female 0 0 0 0 0 0 0 0 0 0 0 0 0 0 0 0 0 0 0 0 0 0 0 
  INPUT ---       0 0 0 0 0 0 0 0 0 0 0 0 0 0 0 0 0 0 0 0 0 0 0 0 0 0 0 0 0 0 
  INPUT ---       0 0 0 0 0 0 0 0 0 0 0 0 0 0 0 0 0 0 0 0 0 0 0 0;
  INPUT ---        0 0 1 0 0 0 0 0 0 0 0 0 0 0 0 0 0 0 0 0 0 0 0 0 0 0 0 0 0 
  INPUT ---       0 0 0 0 0 0 0 0 0 0 0 0 0 0 0 0 0 0 0 0 0 0 0 0 0 0 0 0 0 0 
  INPUT ---       0 0 0 0 0 0 0 0 0 0 0 0 0 0 0 0 0 0 0 0;
  INPUT ---        0 0 1 1 0 0 0 0 0 0 0 0 0 0 0 0 0 0 0 0 0 0 0 0 0 0 0 0 0 
  INPUT ---       0 0 0 0 0 0 0 0 0 0 0 0 0 0 0 0 0 0 0 0 0 0 0 0 0 0 0 0 0 0 
  INPUT ---       0 0 0 0 0 0 0 0 0 0 0 0 0 0 0 0 0 0 0 0;
  INPUT ---        0 0 1 0 1 0 0 0 0 0 0 0 0 0 0 0 0 0 0 0 0 0 0 0 0 0 0 0 0 
  INPUT ---       0 0 0 0 0 0 0 0 0 0 0 0 0 0 0 0 0 0 0 0 0 0 0 0 0 0 0 0 0 0 
  INPUT ---       0 0 0 0 0 0 0 0 0 0 0 0 0 0 0 0 0 0 0 0;
  INPUT ---        0 0 1 0 0 1 0 0 0 0 0 0 0 0 0 0 0 0 0 0 0 0 0 0 0 0 0 0 0 
  INPUT ---       0 0 0 0 0 0 0 0 0 0 0 0 0 0 0 0 0 0 0 0 0 0 0 0 0 0 0 0 0 0 
  INPUT ---       0 0 0 0 0 0 0 0 0 0 0 0 0 0 0 0 0 0 0 0;
  INPUT ---        0 0 1 0 0 0 1 0 0 0 0 0 0 0 0 0 0 0 0 0 0 0 0 0 0 0 0 0 0 
  INPUT ---       0 0 0 0 0 0 0 0 0 0 0 0 0 0 0 0 0 0 0 0 0 0 0 0 0 0 0 0 0 0 
  INPUT ---       0 0 0 0 0 0 0 0 0 0 0 0 0 0 0 0 0 0 0 0;
  INPUT ---        0 0 1 0 0 0 0 1 0 0 0 0 0 0 0 0 0 0 0 0 0 0 0 0 0 0 0 0 0 
  INPUT ---       0 0 0 0 0 0 0 0 0 0 0 0 0 0 0 0 0 0 0 0 0 0 0 0 0 0 0 0 0 0 
  INPUT ---       0 0 0 0 0 0 0 0 0 0 0 0 0 0 0 0 0 0 0 0;
  INPUT ---        0 0 1 0 0 0 0 0 1 0 0 0 0 0 0 0 0 0 0 0 0 0 0 0 0 0 0 0 0 
  INPUT ---       0 0 0 0 0 0 0 0 0 0 0 0 0 0 0 0 0 0 0 0 0 0 0 0 0 0 0 0 0 0 
  INPUT ---       0 0 0 0 0 0 0 0 0 0 0 0 0 0 0 0 0 0 0 0;
  INPUT ---        0 0 1 0 0 0 0 0 0 1 0 0 0 0 0 0 0 0 0 0 0 0 0 0 0 0 0 0 0 
  INPUT ---       0 0 0 0 0 0 0 0 0 0 0 0 0 0 0 0 0 0 0 0 0 0 0 0 0 0 0 0 0 0 

  Program  MARK  - Survival Rate Estimation with Capture-Recapture Data
   gfortran(dble/PIM2) Vers. 10.1 March 2023  27-Sep-2024 15:27:41    Page  007
 - - - - - - - - - - - - - - - - - - - - - - - - - - - - - - - - - - - - - -
 
  INPUT ---       0 0 0 0 0 0 0 0 0 0 0 0 0 0 0 0 0 0 0 0;
  INPUT ---        0 0 1 0 0 0 0 0 0 0 1 0 0 0 0 0 0 0 0 0 0 0 0 0 0 0 0 0 0 
  INPUT ---       0 0 0 0 0 0 0 0 0 0 0 0 0 0 0 0 0 0 0 0 0 0 0 0 0 0 0 0 0 0 
  INPUT ---       0 0 0 0 0 0 0 0 0 0 0 0 0 0 0 0 0 0 0 0;
  INPUT ---        0 0 1 0 0 0 0 0 0 0 0 1 0 0 0 0 0 0 0 0 0 0 0 0 0 0 0 0 0 
  INPUT ---       0 0 0 0 0 0 0 0 0 0 0 0 0 0 0 0 0 0 0 0 0 0 0 0 0 0 0 0 0 0 
  INPUT ---       0 0 0 0 0 0 0 0 0 0 0 0 0 0 0 0 0 0 0 0;
  INPUT ---        0 0 1 0 0 0 0 0 0 0 0 0 1 0 0 0 0 0 0 0 0 0 0 0 0 0 0 0 0 
  INPUT ---       0 0 0 0 0 0 0 0 0 0 0 0 0 0 0 0 0 0 0 0 0 0 0 0 0 0 0 0 0 0 
  INPUT ---       0 0 0 0 0 0 0 0 0 0 0 0 0 0 0 0 0 0 0 0;
  INPUT ---        0 0 1 0 0 0 0 0 0 0 0 0 0 1 0 0 0 0 0 0 0 0 0 0 0 0 0 0 0 
  INPUT ---       0 0 0 0 0 0 0 0 0 0 0 0 0 0 0 0 0 0 0 0 0 0 0 0 0 0 0 0 0 0 
  INPUT ---       0 0 0 0 0 0 0 0 0 0 0 0 0 0 0 0 0 0 0 0;
  INPUT ---        0 0 1 0 0 0 0 0 0 0 0 0 0 0 1 0 0 0 0 0 0 0 0 0 0 0 0 0 0 
  INPUT ---       0 0 0 0 0 0 0 0 0 0 0 0 0 0 0 0 0 0 0 0 0 0 0 0 0 0 0 0 0 0 
  INPUT ---       0 0 0 0 0 0 0 0 0 0 0 0 0 0 0 0 0 0 0 0;
  INPUT ---        0 0 1 0 0 0 0 0 0 0 0 0 0 0 0 1 0 0 0 0 0 0 0 0 0 0 0 0 0 
  INPUT ---       0 0 0 0 0 0 0 0 0 0 0 0 0 0 0 0 0 0 0 0 0 0 0 0 0 0 0 0 0 0 
  INPUT ---       0 0 0 0 0 0 0 0 0 0 0 0 0 0 0 0 0 0 0 0;
  INPUT ---        0 0 1 0 0 0 0 0 0 0 0 0 0 0 0 0 1 0 0 0 0 0 0 0 0 0 0 0 0 
  INPUT ---       0 0 0 0 0 0 0 0 0 0 0 0 0 0 0 0 0 0 0 0 0 0 0 0 0 0 0 0 0 0 
  INPUT ---       0 0 0 0 0 0 0 0 0 0 0 0 0 0 0 0 0 0 0 0;
  INPUT ---        0 0 0 0 0 0 0 0 0 0 0 0 0 0 0 0 0 1 0 0 0 0 0 0 0 0 0 0 0 
  INPUT ---       0 0 0 0 0 0 0 0 0 0 0 0 0 0 0 0 0 0 0 0 0 0 0 0 0 0 0 0 0 0 
  INPUT ---       0 0 0 0 0 0 0 0 0 0 0 0 0 0 0 0 0 0 0 0;
  INPUT ---        0 0 0 0 0 0 0 0 0 0 0 0 0 0 0 0 0 1 1 0 0 0 0 0 0 0 0 0 0 
  INPUT ---       0 0 0 0 0 0 0 0 0 0 0 0 0 0 0 0 0 0 0 0 0 0 0 0 0 0 0 0 0 0 
  INPUT ---       0 0 0 0 0 0 0 0 0 0 0 0 0 0 0 0 0 0 0 0;
  INPUT ---        0 0 0 0 0 0 0 0 0 0 0 0 0 0 0 0 0 1 0 1 0 0 0 0 0 0 0 0 0 
  INPUT ---       0 0 0 0 0 0 0 0 0 0 0 0 0 0 0 0 0 0 0 0 0 0 0 0 0 0 0 0 0 0 
  INPUT ---       0 0 0 0 0 0 0 0 0 0 0 0 0 0 0 0 0 0 0 0;
  INPUT ---        0 0 0 0 0 0 0 0 0 0 0 0 0 0 0 0 0 1 0 0 1 0 0 0 0 0 0 0 0 
  INPUT ---       0 0 0 0 0 0 0 0 0 0 0 0 0 0 0 0 0 0 0 0 0 0 0 0 0 0 0 0 0 0 
  INPUT ---       0 0 0 0 0 0 0 0 0 0 0 0 0 0 0 0 0 0 0 0;
  INPUT ---        0 0 0 0 0 0 0 0 0 0 0 0 0 0 0 0 0 1 0 0 0 1 0 0 0 0 0 0 0 
  INPUT ---       0 0 0 0 0 0 0 0 0 0 0 0 0 0 0 0 0 0 0 0 0 0 0 0 0 0 0 0 0 0 
  INPUT ---       0 0 0 0 0 0 0 0 0 0 0 0 0 0 0 0 0 0 0 0;
  INPUT ---        0 0 0 0 0 0 0 0 0 0 0 0 0 0 0 0 0 1 0 0 0 0 1 0 0 0 0 0 0 
  INPUT ---       0 0 0 0 0 0 0 0 0 0 0 0 0 0 0 0 0 0 0 0 0 0 0 0 0 0 0 0 0 0 
  INPUT ---       0 0 0 0 0 0 0 0 0 0 0 0 0 0 0 0 0 0 0 0;
  INPUT ---        0 0 0 0 0 0 0 0 0 0 0 0 0 0 0 0 0 1 0 0 0 0 0 1 0 0 0 0 0 
  INPUT ---       0 0 0 0 0 0 0 0 0 0 0 0 0 0 0 0 0 0 0 0 0 0 0 0 0 0 0 0 0 0 
  INPUT ---       0 0 0 0 0 0 0 0 0 0 0 0 0 0 0 0 0 0 0 0;
  INPUT ---        0 0 0 0 0 0 0 0 0 0 0 0 0 0 0 0 0 1 0 0 0 0 0 0 1 0 0 0 0 
  INPUT ---       0 0 0 0 0 0 0 0 0 0 0 0 0 0 0 0 0 0 0 0 0 0 0 0 0 0 0 0 0 0 
  INPUT ---       0 0 0 0 0 0 0 0 0 0 0 0 0 0 0 0 0 0 0 0;

  Program  MARK  - Survival Rate Estimation with Capture-Recapture Data
   gfortran(dble/PIM2) Vers. 10.1 March 2023  27-Sep-2024 15:27:41    Page  008
 - - - - - - - - - - - - - - - - - - - - - - - - - - - - - - - - - - - - - -
 
  INPUT ---        0 0 0 0 0 0 0 0 0 0 0 0 0 0 0 0 0 1 0 0 0 0 0 0 0 1 0 0 0 
  INPUT ---       0 0 0 0 0 0 0 0 0 0 0 0 0 0 0 0 0 0 0 0 0 0 0 0 0 0 0 0 0 0 
  INPUT ---       0 0 0 0 0 0 0 0 0 0 0 0 0 0 0 0 0 0 0 0;
  INPUT ---        0 0 0 0 0 0 0 0 0 0 0 0 0 0 0 0 0 1 0 0 0 0 0 0 0 0 1 0 0 
  INPUT ---       0 0 0 0 0 0 0 0 0 0 0 0 0 0 0 0 0 0 0 0 0 0 0 0 0 0 0 0 0 0 
  INPUT ---       0 0 0 0 0 0 0 0 0 0 0 0 0 0 0 0 0 0 0 0;
  INPUT ---        0 0 0 0 0 0 0 0 0 0 0 0 0 0 0 0 0 1 0 0 0 0 0 0 0 0 0 1 0 
  INPUT ---       0 0 0 0 0 0 0 0 0 0 0 0 0 0 0 0 0 0 0 0 0 0 0 0 0 0 0 0 0 0 
  INPUT ---       0 0 0 0 0 0 0 0 0 0 0 0 0 0 0 0 0 0 0 0;
  INPUT ---        0 0 0 0 0 0 0 0 0 0 0 0 0 0 0 0 0 1 0 0 0 0 0 0 0 0 0 0 1 
  INPUT ---       0 0 0 0 0 0 0 0 0 0 0 0 0 0 0 0 0 0 0 0 0 0 0 0 0 0 0 0 0 0 
  INPUT ---       0 0 0 0 0 0 0 0 0 0 0 0 0 0 0 0 0 0 0 0;
  INPUT ---        0 0 0 0 0 0 0 0 0 0 0 0 0 0 0 0 0 1 0 0 0 0 0 0 0 0 0 0 0 
  INPUT ---       1 0 0 0 0 0 0 0 0 0 0 0 0 0 0 0 0 0 0 0 0 0 0 0 0 0 0 0 0 0 
  INPUT ---       0 0 0 0 0 0 0 0 0 0 0 0 0 0 0 0 0 0 0 0;
  INPUT ---        0 0 0 0 0 0 0 0 0 0 0 0 0 0 0 0 0 1 0 0 0 0 0 0 0 0 0 0 0 
  INPUT ---       0 1 0 0 0 0 0 0 0 0 0 0 0 0 0 0 0 0 0 0 0 0 0 0 0 0 0 0 0 0 
  INPUT ---       0 0 0 0 0 0 0 0 0 0 0 0 0 0 0 0 0 0 0 0;
  INPUT ---        0 0 0 0 0 0 0 0 0 0 0 0 0 0 0 0 0 0 0 0 0 0 0 0 0 0 0 0 0 
  INPUT ---       0 0 1 0 0 0 0 0 0 0 0 0 0 0 0 0 0 0 0 0 0 0 0 0 0 0 0 0 0 0 
  INPUT ---       0 0 0 0 0 0 0 0 0 0 0 0 0 0 0 0 0 0 0 0;
  INPUT ---        0 0 0 0 0 0 0 0 0 0 0 0 0 0 0 0 0 0 0 0 0 0 0 0 0 0 0 0 0 
  INPUT ---       0 0 1 1 0 0 0 0 0 0 0 0 0 0 0 0 0 0 0 0 0 0 0 0 0 0 0 0 0 0 
  INPUT ---       0 0 0 0 0 0 0 0 0 0 0 0 0 0 0 0 0 0 0 0;
  INPUT ---        0 0 0 0 0 0 0 0 0 0 0 0 0 0 0 0 0 0 0 0 0 0 0 0 0 0 0 0 0 
  INPUT ---       0 0 1 0 1 0 0 0 0 0 0 0 0 0 0 0 0 0 0 0 0 0 0 0 0 0 0 0 0 0 
  INPUT ---       0 0 0 0 0 0 0 0 0 0 0 0 0 0 0 0 0 0 0 0;
  INPUT ---        0 0 0 0 0 0 0 0 0 0 0 0 0 0 0 0 0 0 0 0 0 0 0 0 0 0 0 0 0 
  INPUT ---       0 0 1 0 0 1 0 0 0 0 0 0 0 0 0 0 0 0 0 0 0 0 0 0 0 0 0 0 0 0 
  INPUT ---       0 0 0 0 0 0 0 0 0 0 0 0 0 0 0 0 0 0 0 0;
  INPUT ---        0 0 0 0 0 0 0 0 0 0 0 0 0 0 0 0 0 0 0 0 0 0 0 0 0 0 0 0 0 
  INPUT ---       0 0 1 0 0 0 1 0 0 0 0 0 0 0 0 0 0 0 0 0 0 0 0 0 0 0 0 0 0 0 
  INPUT ---       0 0 0 0 0 0 0 0 0 0 0 0 0 0 0 0 0 0 0 0;
  INPUT ---        0 0 0 0 0 0 0 0 0 0 0 0 0 0 0 0 0 0 0 0 0 0 0 0 0 0 0 0 0 
  INPUT ---       0 0 1 0 0 0 0 1 0 0 0 0 0 0 0 0 0 0 0 0 0 0 0 0 0 0 0 0 0 0 
  INPUT ---       0 0 0 0 0 0 0 0 0 0 0 0 0 0 0 0 0 0 0 0;
  INPUT ---        0 0 0 0 0 0 0 0 0 0 0 0 0 0 0 0 0 0 0 0 0 0 0 0 0 0 0 0 0 
  INPUT ---       0 0 1 0 0 0 0 0 1 0 0 0 0 0 0 0 0 0 0 0 0 0 0 0 0 0 0 0 0 0 
  INPUT ---       0 0 0 0 0 0 0 0 0 0 0 0 0 0 0 0 0 0 0 0;
  INPUT ---        0 0 0 0 0 0 0 0 0 0 0 0 0 0 0 0 0 0 0 0 0 0 0 0 0 0 0 0 0 
  INPUT ---       0 0 1 0 0 0 0 0 0 1 0 0 0 0 0 0 0 0 0 0 0 0 0 0 0 0 0 0 0 0 
  INPUT ---       0 0 0 0 0 0 0 0 0 0 0 0 0 0 0 0 0 0 0 0;
  INPUT ---        0 0 0 0 0 0 0 0 0 0 0 0 0 0 0 0 0 0 0 0 0 0 0 0 0 0 0 0 0 
  INPUT ---       0 0 1 0 0 0 0 0 0 0 1 0 0 0 0 0 0 0 0 0 0 0 0 0 0 0 0 0 0 0 
  INPUT ---       0 0 0 0 0 0 0 0 0 0 0 0 0 0 0 0 0 0 0 0;
  INPUT ---        0 0 0 0 0 0 0 0 0 0 0 0 0 0 0 0 0 0 0 0 0 0 0 0 0 0 0 0 0 

  Program  MARK  - Survival Rate Estimation with Capture-Recapture Data
   gfortran(dble/PIM2) Vers. 10.1 March 2023  27-Sep-2024 15:27:41    Page  009
 - - - - - - - - - - - - - - - - - - - - - - - - - - - - - - - - - - - - - -
 
  INPUT ---       0 0 1 0 0 0 0 0 0 0 0 1 0 0 0 0 0 0 0 0 0 0 0 0 0 0 0 0 0 0 
  INPUT ---       0 0 0 0 0 0 0 0 0 0 0 0 0 0 0 0 0 0 0 0;
  INPUT ---        0 0 0 0 0 0 0 0 0 0 0 0 0 0 0 0 0 0 0 0 0 0 0 0 0 0 0 0 0 
  INPUT ---       0 0 1 0 0 0 0 0 0 0 0 0 1 0 0 0 0 0 0 0 0 0 0 0 0 0 0 0 0 0 
  INPUT ---       0 0 0 0 0 0 0 0 0 0 0 0 0 0 0 0 0 0 0 0;
  INPUT ---        0 0 0 0 0 0 0 0 0 0 0 0 0 0 0 0 0 0 0 0 0 0 0 0 0 0 0 0 0 
  INPUT ---       0 0 1 0 0 0 0 0 0 0 0 0 0 1 0 0 0 0 0 0 0 0 0 0 0 0 0 0 0 0 
  INPUT ---       0 0 0 0 0 0 0 0 0 0 0 0 0 0 0 0 0 0 0 0;
  INPUT ---        0 0 0 0 0 0 0 0 0 0 0 0 0 0 0 0 0 0 0 0 0 0 0 0 0 0 0 0 0 
  INPUT ---       0 0 1 0 0 0 0 0 0 0 0 0 0 0 1 0 0 0 0 0 0 0 0 0 0 0 0 0 0 0 
  INPUT ---       0 0 0 0 0 0 0 0 0 0 0 0 0 0 0 0 0 0 0 0;
  INPUT ---        0 0 0 0 0 0 0 0 0 0 0 0 0 0 0 0 0 0 0 0 0 0 0 0 0 0 0 0 0 
  INPUT ---       0 0 1 0 0 0 0 0 0 0 0 0 0 0 0 1 0 0 0 0 0 0 0 0 0 0 0 0 0 0 
  INPUT ---       0 0 0 0 0 0 0 0 0 0 0 0 0 0 0 0 0 0 0 0;
  INPUT ---        0 0 0 0 0 0 0 0 0 0 0 0 0 0 0 0 0 0 0 0 0 0 0 0 0 0 0 0 0 
  INPUT ---       0 0 1 0 0 0 0 0 0 0 0 0 0 0 0 0 1 0 0 0 0 0 0 0 0 0 0 0 0 0 
  INPUT ---       0 0 0 0 0 0 0 0 0 0 0 0 0 0 0 0 0 0 0 0;
  INPUT ---        0 0 0 0 0 0 0 0 0 0 0 0 0 0 0 0 0 0 0 0 0 0 0 0 0 0 0 0 0 
  INPUT ---       0 0 1 0 0 0 0 0 0 0 0 0 0 0 0 0 0 1 0 0 0 0 0 0 0 0 0 0 0 0 
  INPUT ---       0 0 0 0 0 0 0 0 0 0 0 0 0 0 0 0 0 0 0 0;
  INPUT ---        0 0 0 0 0 0 0 0 0 0 0 0 0 0 0 0 0 0 0 0 0 0 0 0 0 0 0 0 0 
  INPUT ---       0 0 0 0 0 0 0 0 0 0 0 0 0 0 0 0 0 0 1 0 0 0 0 0 0 0 0 0 0 0 
  INPUT ---       0 0 0 0 0 0 0 0 0 0 0 0 0 0 0 0 0 0 0 0;
  INPUT ---        0 0 0 0 0 0 0 0 0 0 0 0 0 0 0 0 0 0 0 0 0 0 0 0 0 0 0 0 0 
  INPUT ---       0 0 0 0 0 0 0 0 0 0 0 0 0 0 0 0 0 0 1 1 0 0 0 0 0 0 0 0 0 0 
  INPUT ---       0 0 0 0 0 0 0 0 0 0 0 0 0 0 0 0 0 0 0 0;
  INPUT ---        0 0 0 0 0 0 0 0 0 0 0 0 0 0 0 0 0 0 0 0 0 0 0 0 0 0 0 0 0 
  INPUT ---       0 0 0 0 0 0 0 0 0 0 0 0 0 0 0 0 0 0 1 0 1 0 0 0 0 0 0 0 0 0 
  INPUT ---       0 0 0 0 0 0 0 0 0 0 0 0 0 0 0 0 0 0 0 0;
  INPUT ---        0 0 0 0 0 0 0 0 0 0 0 0 0 0 0 0 0 0 0 0 0 0 0 0 0 0 0 0 0 
  INPUT ---       0 0 0 0 0 0 0 0 0 0 0 0 0 0 0 0 0 0 1 0 0 1 0 0 0 0 0 0 0 0 
  INPUT ---       0 0 0 0 0 0 0 0 0 0 0 0 0 0 0 0 0 0 0 0;
  INPUT ---        0 0 0 0 0 0 0 0 0 0 0 0 0 0 0 0 0 0 0 0 0 0 0 0 0 0 0 0 0 
  INPUT ---       0 0 0 0 0 0 0 0 0 0 0 0 0 0 0 0 0 0 1 0 0 0 1 0 0 0 0 0 0 0 
  INPUT ---       0 0 0 0 0 0 0 0 0 0 0 0 0 0 0 0 0 0 0 0;
  INPUT ---        0 0 0 0 0 0 0 0 0 0 0 0 0 0 0 0 0 0 0 0 0 0 0 0 0 0 0 0 0 
  INPUT ---       0 0 0 0 0 0 0 0 0 0 0 0 0 0 0 0 0 0 1 0 0 0 0 1 0 0 0 0 0 0 
  INPUT ---       0 0 0 0 0 0 0 0 0 0 0 0 0 0 0 0 0 0 0 0;
  INPUT ---        0 0 0 0 0 0 0 0 0 0 0 0 0 0 0 0 0 0 0 0 0 0 0 0 0 0 0 0 0 
  INPUT ---       0 0 0 0 0 0 0 0 0 0 0 0 0 0 0 0 0 0 1 0 0 0 0 0 1 0 0 0 0 0 
  INPUT ---       0 0 0 0 0 0 0 0 0 0 0 0 0 0 0 0 0 0 0 0;
  INPUT ---        0 0 0 0 0 0 0 0 0 0 0 0 0 0 0 0 0 0 0 0 0 0 0 0 0 0 0 0 0 
  INPUT ---       0 0 0 0 0 0 0 0 0 0 0 0 0 0 0 0 0 0 1 0 0 0 0 0 0 1 0 0 0 0 
  INPUT ---       0 0 0 0 0 0 0 0 0 0 0 0 0 0 0 0 0 0 0 0;
  INPUT ---        0 0 0 0 0 0 0 0 0 0 0 0 0 0 0 0 0 0 0 0 0 0 0 0 0 0 0 0 0 
  INPUT ---       0 0 0 0 0 0 0 0 0 0 0 0 0 0 0 0 0 0 1 0 0 0 0 0 0 0 1 0 0 0 

  Program  MARK  - Survival Rate Estimation with Capture-Recapture Data
   gfortran(dble/PIM2) Vers. 10.1 March 2023  27-Sep-2024 15:27:41    Page  010
 - - - - - - - - - - - - - - - - - - - - - - - - - - - - - - - - - - - - - -
 
  INPUT ---       0 0 0 0 0 0 0 0 0 0 0 0 0 0 0 0 0 0 0 0;
  INPUT ---        0 0 0 0 0 0 0 0 0 0 0 0 0 0 0 0 0 0 0 0 0 0 0 0 0 0 0 0 0 
  INPUT ---       0 0 0 0 0 0 0 0 0 0 0 0 0 0 0 0 0 0 1 0 0 0 0 0 0 0 0 1 0 0 
  INPUT ---       0 0 0 0 0 0 0 0 0 0 0 0 0 0 0 0 0 0 0 0;
  INPUT ---        0 0 0 0 0 0 0 0 0 0 0 0 0 0 0 0 0 0 0 0 0 0 0 0 0 0 0 0 0 
  INPUT ---       0 0 0 0 0 0 0 0 0 0 0 0 0 0 0 0 0 0 1 0 0 0 0 0 0 0 0 0 1 0 
  INPUT ---       0 0 0 0 0 0 0 0 0 0 0 0 0 0 0 0 0 0 0 0;
  INPUT ---        0 0 0 0 0 0 0 0 0 0 0 0 0 0 0 0 0 0 0 0 0 0 0 0 0 0 0 0 0 
  INPUT ---       0 0 0 0 0 0 0 0 0 0 0 0 0 0 0 0 0 0 1 0 0 0 0 0 0 0 0 0 0 1 
  INPUT ---       0 0 0 0 0 0 0 0 0 0 0 0 0 0 0 0 0 0 0 0;
  INPUT ---        0 0 0 0 0 0 0 0 0 0 0 0 0 0 0 0 0 0 0 0 0 0 0 0 0 0 0 0 0 
  INPUT ---       0 0 0 0 0 0 0 0 0 0 0 0 0 0 0 0 0 0 1 0 0 0 0 0 0 0 0 0 0 0 
  INPUT ---       1 0 0 0 0 0 0 0 0 0 0 0 0 0 0 0 0 0 0 0;
  INPUT ---        0 0 0 0 0 0 0 0 0 0 0 0 0 0 0 0 0 0 0 0 0 0 0 0 0 0 0 0 0 
  INPUT ---       0 0 0 0 0 0 0 0 0 0 0 0 0 0 0 0 0 0 1 0 0 0 0 0 0 0 0 0 0 0 
  INPUT ---       0 1 0 0 0 0 0 0 0 0 0 0 0 0 0 0 0 0 0 0;
  INPUT ---        0 0 0 0 0 0 0 0 0 0 0 0 0 0 0 0 0 0 0 0 0 0 0 0 0 0 0 0 0 
  INPUT ---       0 0 0 0 0 0 0 0 0 0 0 0 0 0 0 0 0 0 1 0 0 0 0 0 0 0 0 0 0 0 
  INPUT ---       0 0 1 0 0 0 0 0 0 0 0 0 0 0 0 0 0 0 0 0;
  INPUT ---        0 0 0 0 0 0 0 0 0 0 0 0 0 0 0 0 0 0 0 0 0 0 0 0 0 0 0 0 0 
  INPUT ---       0 0 0 0 0 0 0 0 0 0 0 0 0 0 0 0 0 0 1 0 0 0 0 0 0 0 0 0 0 0 
  INPUT ---       0 0 0 1 0 0 0 0 0 0 0 0 0 0 0 0 0 0 0 0;
  INPUT ---        0 0 0 0 0 0 0 0 0 0 0 0 0 0 0 0 0 0 0 0 0 0 0 0 0 0 0 0 0 
  INPUT ---       0 0 0 0 0 0 0 0 0 0 0 0 0 0 0 0 0 0 0 0 0 0 0 0 0 0 0 0 0 0 
  INPUT ---       0 0 0 0 1 0 0 0 0 0 0 0 0 0 0 0 0 0 0 0;
  INPUT ---        0 0 0 0 0 0 0 0 0 0 0 0 0 0 0 0 0 0 0 0 0 0 0 0 0 0 0 0 0 
  INPUT ---       0 0 0 0 0 0 0 0 0 0 0 0 0 0 0 0 0 0 0 0 0 0 0 0 0 0 0 0 0 0 
  INPUT ---       0 0 0 0 1 1 0 0 0 0 0 0 0 0 0 0 0 0 0 0;
  INPUT ---        0 0 0 0 0 0 0 0 0 0 0 0 0 0 0 0 0 0 0 0 0 0 0 0 0 0 0 0 0 
  INPUT ---       0 0 0 0 0 0 0 0 0 0 0 0 0 0 0 0 0 0 0 0 0 0 0 0 0 0 0 0 0 0 
  INPUT ---       0 0 0 0 1 0 1 0 0 0 0 0 0 0 0 0 0 0 0 0;
  INPUT ---        0 0 0 0 0 0 0 0 0 0 0 0 0 0 0 0 0 0 0 0 0 0 0 0 0 0 0 0 0 
  INPUT ---       0 0 0 0 0 0 0 0 0 0 0 0 0 0 0 0 0 0 0 0 0 0 0 0 0 0 0 0 0 0 
  INPUT ---       0 0 0 0 1 0 0 1 0 0 0 0 0 0 0 0 0 0 0 0;
  INPUT ---        0 0 0 0 0 0 0 0 0 0 0 0 0 0 0 0 0 0 0 0 0 0 0 0 0 0 0 0 0 
  INPUT ---       0 0 0 0 0 0 0 0 0 0 0 0 0 0 0 0 0 0 0 0 0 0 0 0 0 0 0 0 0 0 
  INPUT ---       0 0 0 0 1 0 0 0 1 0 0 0 0 0 0 0 0 0 0 0;
  INPUT ---        0 0 0 0 0 0 0 0 0 0 0 0 0 0 0 0 0 0 0 0 0 0 0 0 0 0 0 0 0 
  INPUT ---       0 0 0 0 0 0 0 0 0 0 0 0 0 0 0 0 0 0 0 0 0 0 0 0 0 0 0 0 0 0 
  INPUT ---       0 0 0 0 1 0 0 0 0 1 0 0 0 0 0 0 0 0 0 0;
  INPUT ---        0 0 0 0 0 0 0 0 0 0 0 0 0 0 0 0 0 0 0 0 0 0 0 0 0 0 0 0 0 
  INPUT ---       0 0 0 0 0 0 0 0 0 0 0 0 0 0 0 0 0 0 0 0 0 0 0 0 0 0 0 0 0 0 
  INPUT ---       0 0 0 0 1 0 0 0 0 0 1 0 0 0 0 0 0 0 0 0;
  INPUT ---        0 0 0 0 0 0 0 0 0 0 0 0 0 0 0 0 0 0 0 0 0 0 0 0 0 0 0 0 0 
  INPUT ---       0 0 0 0 0 0 0 0 0 0 0 0 0 0 0 0 0 0 0 0 0 0 0 0 0 0 0 0 0 0 
  INPUT ---       0 0 0 0 1 0 0 0 0 0 0 1 0 0 0 0 0 0 0 0;

  Program  MARK  - Survival Rate Estimation with Capture-Recapture Data
   gfortran(dble/PIM2) Vers. 10.1 March 2023  27-Sep-2024 15:27:41    Page  011
 - - - - - - - - - - - - - - - - - - - - - - - - - - - - - - - - - - - - - -
 
  INPUT ---        0 0 0 0 0 0 0 0 0 0 0 0 0 0 0 0 0 0 0 0 0 0 0 0 0 0 0 0 0 
  INPUT ---       0 0 0 0 0 0 0 0 0 0 0 0 0 0 0 0 0 0 0 0 0 0 0 0 0 0 0 0 0 0 
  INPUT ---       0 0 0 0 1 0 0 0 0 0 0 0 1 0 0 0 0 0 0 0;
  INPUT ---        0 0 0 0 0 0 0 0 0 0 0 0 0 0 0 0 0 0 0 0 0 0 0 0 0 0 0 0 0 
  INPUT ---       0 0 0 0 0 0 0 0 0 0 0 0 0 0 0 0 0 0 0 0 0 0 0 0 0 0 0 0 0 0 
  INPUT ---       0 0 0 0 1 0 0 0 0 0 0 0 0 1 0 0 0 0 0 0;
  INPUT ---        0 0 0 0 0 0 0 0 0 0 0 0 0 0 0 0 0 0 0 0 0 0 0 0 0 0 0 0 0 
  INPUT ---       0 0 0 0 0 0 0 0 0 0 0 0 0 0 0 0 0 0 0 0 0 0 0 0 0 0 0 0 0 0 
  INPUT ---       0 0 0 0 1 0 0 0 0 0 0 0 0 0 1 0 0 0 0 0;
  INPUT ---        0 0 0 0 0 0 0 0 0 0 0 0 0 0 0 0 0 0 0 0 0 0 0 0 0 0 0 0 0 
  INPUT ---       0 0 0 0 0 0 0 0 0 0 0 0 0 0 0 0 0 0 0 0 0 0 0 0 0 0 0 0 0 0 
  INPUT ---       0 0 0 0 1 0 0 0 0 0 0 0 0 0 0 1 0 0 0 0;
  INPUT ---        0 0 0 0 0 0 0 0 0 0 0 0 0 0 0 0 0 0 0 0 0 0 0 0 0 0 0 0 0 
  INPUT ---       0 0 0 0 0 0 0 0 0 0 0 0 0 0 0 0 0 0 0 0 0 0 0 0 0 0 0 0 0 0 
  INPUT ---       0 0 0 0 1 0 0 0 0 0 0 0 0 0 0 0 1 0 0 0;
  INPUT ---        0 0 0 0 0 0 0 0 0 0 0 0 0 0 0 0 0 0 0 0 0 0 0 0 0 0 0 0 0 
  INPUT ---       0 0 0 0 0 0 0 0 0 0 0 0 0 0 0 0 0 0 0 0 0 0 0 0 0 0 0 0 0 0 
  INPUT ---       0 0 0 0 1 0 0 0 0 0 0 0 0 0 0 0 0 1 0 0;
  INPUT ---        0 0 0 0 0 0 0 0 0 0 0 0 0 0 0 0 0 0 0 0 0 0 0 0 0 0 0 0 0 
  INPUT ---       0 0 0 0 0 0 0 0 0 0 0 0 0 0 0 0 0 0 0 0 0 0 0 0 0 0 0 0 0 0 
  INPUT ---       0 0 0 0 1 0 0 0 0 0 0 0 0 0 0 0 0 0 1 0;
  INPUT ---        0 0 0 0 0 0 0 0 0 0 0 0 0 0 0 0 0 0 0 0 0 0 0 0 0 0 0 0 0 
  INPUT ---       0 0 0 0 0 0 0 0 0 0 0 0 0 0 0 0 0 0 0 0 0 0 0 0 0 0 0 0 0 0 
  INPUT ---       0 0 0 0 1 0 0 0 0 0 0 0 0 0 0 0 0 0 0 1;

  INPUT ---    links=78;

  INPUT ---    Logit;

  INPUT ---    Logit;

  INPUT ---    Logit;

  INPUT ---    Logit;

  INPUT ---    Logit;

  INPUT ---    Logit;

  INPUT ---    Logit;

  INPUT ---    Logit;

  INPUT ---    Logit;

  INPUT ---    Logit;

  Program  MARK  - Survival Rate Estimation with Capture-Recapture Data
   gfortran(dble/PIM2) Vers. 10.1 March 2023  27-Sep-2024 15:27:41    Page  012
 - - - - - - - - - - - - - - - - - - - - - - - - - - - - - - - - - - - - - -
 

  INPUT ---    Logit;

  INPUT ---    Logit;

  INPUT ---    Logit;

  INPUT ---    Logit;

  INPUT ---    Logit;

  INPUT ---    Logit;

  INPUT ---    Logit;

  INPUT ---    Logit;

  INPUT ---    Logit;

  INPUT ---    Logit;

  INPUT ---    Logit;

  INPUT ---    Logit;

  INPUT ---    Logit;

  INPUT ---    Logit;

  INPUT ---    Logit;

  INPUT ---    Logit;

  INPUT ---    Logit;

  INPUT ---    Logit;

  INPUT ---    Logit;

  INPUT ---    Logit;

  INPUT ---    Logit;

  INPUT ---    Logit;

  INPUT ---    Logit;

  Program  MARK  - Survival Rate Estimation with Capture-Recapture Data
   gfortran(dble/PIM2) Vers. 10.1 March 2023  27-Sep-2024 15:27:41    Page  013
 - - - - - - - - - - - - - - - - - - - - - - - - - - - - - - - - - - - - - -
 

  INPUT ---    Logit;

  INPUT ---    Logit;

  INPUT ---    Logit;

  INPUT ---    Logit;

  INPUT ---    Logit;

  INPUT ---    Logit;

  INPUT ---    Logit;

  INPUT ---    Logit;

  INPUT ---    Logit;

  INPUT ---    Logit;

  INPUT ---    Logit;

  INPUT ---    Logit;

  INPUT ---    Logit;

  INPUT ---    Logit;

  INPUT ---    Logit;

  INPUT ---    Logit;

  INPUT ---    Logit;

  INPUT ---    Logit;

  INPUT ---    Logit;

  INPUT ---    Logit;

  INPUT ---    Logit;

  INPUT ---    Logit;

  INPUT ---    Logit;

  Program  MARK  - Survival Rate Estimation with Capture-Recapture Data
   gfortran(dble/PIM2) Vers. 10.1 March 2023  27-Sep-2024 15:27:41    Page  014
 - - - - - - - - - - - - - - - - - - - - - - - - - - - - - - - - - - - - - -
 

  INPUT ---    Logit;

  INPUT ---    Logit;

  INPUT ---    Logit;

  INPUT ---    Logit;

  INPUT ---    Logit;

  INPUT ---    Logit;

  INPUT ---    Log;

  INPUT ---    Log;

  INPUT ---    Log;

  INPUT ---    Log;

  INPUT ---    Log;

  INPUT ---    Log;

  INPUT ---    Log;

  INPUT ---    Log;

  INPUT ---    Log;

  INPUT ---    Log;

  INPUT ---    Log;

  INPUT ---    Log;

  INPUT ---    Log;

  INPUT ---    Log;

  INPUT ---    Log;

  INPUT ---    Log;
  INPUT ---       blabel(1)=S:(Intercept);
  INPUT ---       blabel(2)=S:is_Female;

  Program  MARK  - Survival Rate Estimation with Capture-Recapture Data
   gfortran(dble/PIM2) Vers. 10.1 March 2023  27-Sep-2024 15:27:41    Page  015
 - - - - - - - - - - - - - - - - - - - - - - - - - - - - - - - - - - - - - -
 
  INPUT ---       blabel(3)=GammaDoublePrime:(Intercept);
  INPUT ---       blabel(4)=GammaDoublePrime:time2.1;
  INPUT ---       blabel(5)=GammaDoublePrime:time3.9;
  INPUT ---       blabel(6)=GammaDoublePrime:time12.9333333333333;
  INPUT ---       blabel(7)=GammaDoublePrime:time14;
  INPUT ---       blabel(8)=GammaDoublePrime:time15.8333333333333;
  INPUT ---       blabel(9)=GammaDoublePrime:time25.8;
  INPUT ---       blabel(10)=GammaDoublePrime:time26.6333333333333;
  INPUT ---       blabel(11)=GammaDoublePrime:time27.5;
  INPUT ---       blabel(12)=GammaDoublePrime:time38.1666666666667;
  INPUT ---       blabel(13)=GammaDoublePrime:time39.0333333333333;
  INPUT ---       blabel(14)=GammaDoublePrime:time39.9;
  INPUT ---       blabel(15)=GammaDoublePrime:time49.1666666666667;
  INPUT ---       blabel(16)=GammaDoublePrime:time49.8;
  INPUT ---       blabel(17)=GammaDoublePrime:time50.6666666666667;
  INPUT ---       blabel(18)=GammaPrime:(Intercept);
  INPUT ---       blabel(19)=GammaPrime:time3.9;
  INPUT ---       blabel(20)=GammaPrime:time12.9333333333333;
  INPUT ---       blabel(21)=GammaPrime:time14;
  INPUT ---       blabel(22)=GammaPrime:time15.8333333333333;
  INPUT ---       blabel(23)=GammaPrime:time25.8;
  INPUT ---       blabel(24)=GammaPrime:time26.6333333333333;
  INPUT ---       blabel(25)=GammaPrime:time27.5;
  INPUT ---       blabel(26)=GammaPrime:time38.1666666666667;
  INPUT ---       blabel(27)=GammaPrime:time39.0333333333333;
  INPUT ---       blabel(28)=GammaPrime:time39.9;
  INPUT ---       blabel(29)=GammaPrime:time49.1666666666667;
  INPUT ---       blabel(30)=GammaPrime:time49.8;
  INPUT ---       blabel(31)=GammaPrime:time50.6666666666667;
  INPUT ---       blabel(32)=p:(Intercept);
  INPUT ---       blabel(33)=p:session2.1;
  INPUT ---       blabel(34)=p:session3.9;
  INPUT ---       blabel(35)=p:session12.9333333333333;
  INPUT ---       blabel(36)=p:session14;
  INPUT ---       blabel(37)=p:session15.8333333333333;
  INPUT ---       blabel(38)=p:session25.8;
  INPUT ---       blabel(39)=p:session26.6333333333333;
  INPUT ---       blabel(40)=p:session27.5;
  INPUT ---       blabel(41)=p:session38.1666666666667;
  INPUT ---       blabel(42)=p:session39.0333333333333;
  INPUT ---       blabel(43)=p:session39.9;
  INPUT ---       blabel(44)=p:session49.1666666666667;
  INPUT ---       blabel(45)=p:session49.8;
  INPUT ---       blabel(46)=p:session50.6666666666667;
  INPUT ---       blabel(47)=p:session51.5333333333333;
  INPUT ---       blabel(48)=c:(Intercept);

  Program  MARK  - Survival Rate Estimation with Capture-Recapture Data
   gfortran(dble/PIM2) Vers. 10.1 March 2023  27-Sep-2024 15:27:41    Page  016
 - - - - - - - - - - - - - - - - - - - - - - - - - - - - - - - - - - - - - -
 
  INPUT ---       blabel(49)=c:session2.1;
  INPUT ---       blabel(50)=c:session3.9;
  INPUT ---       blabel(51)=c:session12.9333333333333;
  INPUT ---       blabel(52)=c:session14;
  INPUT ---       blabel(53)=c:session15.8333333333333;
  INPUT ---       blabel(54)=c:session25.8;
  INPUT ---       blabel(55)=c:session26.6333333333333;
  INPUT ---       blabel(56)=c:session27.5;
  INPUT ---       blabel(57)=c:session38.1666666666667;
  INPUT ---       blabel(58)=c:session39.0333333333333;
  INPUT ---       blabel(59)=c:session39.9;
  INPUT ---       blabel(60)=c:session49.1666666666667;
  INPUT ---       blabel(61)=c:session49.8;
  INPUT ---       blabel(62)=c:session50.6666666666667;
  INPUT ---       blabel(63)=c:session51.5333333333333;
  INPUT ---       blabel(64)=f0:(Intercept);
  INPUT ---       blabel(65)=f0:session2.1;
  INPUT ---       blabel(66)=f0:session3.9;
  INPUT ---       blabel(67)=f0:session12.9333333333333;
  INPUT ---       blabel(68)=f0:session14;
  INPUT ---       blabel(69)=f0:session15.8333333333333;
  INPUT ---       blabel(70)=f0:session25.8;
  INPUT ---       blabel(71)=f0:session26.6333333333333;
  INPUT ---       blabel(72)=f0:session27.5;
  INPUT ---       blabel(73)=f0:session38.1666666666667;
  INPUT ---       blabel(74)=f0:session39.0333333333333;
  INPUT ---       blabel(75)=f0:session39.9;
  INPUT ---       blabel(76)=f0:session49.1666666666667;
  INPUT ---       blabel(77)=f0:session49.8;
  INPUT ---       blabel(78)=f0:session50.6666666666667;
  INPUT ---       blabel(79)=f0:session51.5333333333333;
  INPUT ---       rlabel(1)=S g1 c1 a0 t1;
  INPUT ---       rlabel(2)=Gamma'' g1 c1 a0 t1;
  INPUT ---       rlabel(3)=Gamma'' g1 c1 a1.1 t2.1;
  INPUT ---       rlabel(4)=Gamma'' g1 c1 a2.9 t3.9;
  INPUT ---       rlabel(5)=Gamma'' g1 c1 a11.9333333333333 t12.9333333333333;
  INPUT ---       rlabel(6)=Gamma'' g1 c1 a13 t14;
  INPUT ---       rlabel(7)=Gamma'' g1 c1 a14.8333333333333 t15.8333333333333;
  INPUT ---       rlabel(8)=Gamma'' g1 c1 a24.8 t25.8;
  INPUT ---       rlabel(9)=Gamma'' g1 c1 a25.6333333333333 t26.6333333333333;
  INPUT ---       rlabel(10)=Gamma'' g1 c1 a26.5 t27.5;
  INPUT ---       rlabel(11)=Gamma'' g1 c1 a37.1666666666667 
  INPUT ---       t38.1666666666667;
  INPUT ---       rlabel(12)=Gamma'' g1 c1 a38.0333333333333 
  INPUT ---       t39.0333333333333;
  INPUT ---       rlabel(13)=Gamma'' g1 c1 a38.9 t39.9;

  Program  MARK  - Survival Rate Estimation with Capture-Recapture Data
   gfortran(dble/PIM2) Vers. 10.1 March 2023  27-Sep-2024 15:27:41    Page  017
 - - - - - - - - - - - - - - - - - - - - - - - - - - - - - - - - - - - - - -
 
  INPUT ---       rlabel(14)=Gamma'' g1 c1 a48.1666666666667 
  INPUT ---       t49.1666666666667;
  INPUT ---       rlabel(15)=Gamma'' g1 c1 a48.8 t49.8;
  INPUT ---       rlabel(16)=Gamma'' g1 c1 a49.6666666666667 
  INPUT ---       t50.6666666666667;
  INPUT ---       rlabel(17)=Gamma' g1 c1 a1.1 t2.1;
  INPUT ---       rlabel(18)=Gamma' g1 c1 a2.9 t3.9;
  INPUT ---       rlabel(19)=Gamma' g1 c1 a11.9333333333333 t12.9333333333333;
  INPUT ---       rlabel(20)=Gamma' g1 c1 a13 t14;
  INPUT ---       rlabel(21)=Gamma' g1 c1 a14.8333333333333 t15.8333333333333;
  INPUT ---       rlabel(22)=Gamma' g1 c1 a24.8 t25.8;
  INPUT ---       rlabel(23)=Gamma' g1 c1 a25.6333333333333 t26.6333333333333;
  INPUT ---       rlabel(24)=Gamma' g1 c1 a26.5 t27.5;
  INPUT ---       rlabel(25)=Gamma' g1 c1 a37.1666666666667 t38.1666666666667;
  INPUT ---       rlabel(26)=Gamma' g1 c1 a38.0333333333333 t39.0333333333333;
  INPUT ---       rlabel(27)=Gamma' g1 c1 a38.9 t39.9;
  INPUT ---       rlabel(28)=Gamma' g1 c1 a48.1666666666667 t49.1666666666667;
  INPUT ---       rlabel(29)=Gamma' g1 c1 a48.8 t49.8;
  INPUT ---       rlabel(30)=Gamma' g1 c1 a49.6666666666667 t50.6666666666667;
  INPUT ---       rlabel(31)=p g1 s1 t1;
  INPUT ---       rlabel(32)=p g1 s2.1 t1;
  INPUT ---       rlabel(33)=p g1 s3.9 t1;
  INPUT ---       rlabel(34)=p g1 s12.9333333333333 t1;
  INPUT ---       rlabel(35)=p g1 s14 t1;
  INPUT ---       rlabel(36)=p g1 s15.8333333333333 t1;
  INPUT ---       rlabel(37)=p g1 s25.8 t1;
  INPUT ---       rlabel(38)=p g1 s26.6333333333333 t1;
  INPUT ---       rlabel(39)=p g1 s27.5 t1;
  INPUT ---       rlabel(40)=p g1 s38.1666666666667 t1;
  INPUT ---       rlabel(41)=p g1 s39.0333333333333 t1;
  INPUT ---       rlabel(42)=p g1 s39.9 t1;
  INPUT ---       rlabel(43)=p g1 s49.1666666666667 t1;
  INPUT ---       rlabel(44)=p g1 s49.8 t1;
  INPUT ---       rlabel(45)=p g1 s50.6666666666667 t1;
  INPUT ---       rlabel(46)=p g1 s51.5333333333333 t1;
  INPUT ---       rlabel(47)=c g1 s1 t2;
  INPUT ---       rlabel(48)=c g1 s2.1 t2;
  INPUT ---       rlabel(49)=c g1 s3.9 t2;
  INPUT ---       rlabel(50)=c g1 s12.9333333333333 t2;
  INPUT ---       rlabel(51)=c g1 s14 t2;
  INPUT ---       rlabel(52)=c g1 s15.8333333333333 t2;
  INPUT ---       rlabel(53)=c g1 s25.8 t2;
  INPUT ---       rlabel(54)=c g1 s26.6333333333333 t2;
  INPUT ---       rlabel(55)=c g1 s27.5 t2;
  INPUT ---       rlabel(56)=c g1 s38.1666666666667 t2;
  INPUT ---       rlabel(57)=c g1 s39.0333333333333 t2;

  Program  MARK  - Survival Rate Estimation with Capture-Recapture Data
   gfortran(dble/PIM2) Vers. 10.1 March 2023  27-Sep-2024 15:27:41    Page  018
 - - - - - - - - - - - - - - - - - - - - - - - - - - - - - - - - - - - - - -
 
  INPUT ---       rlabel(58)=c g1 s39.9 t2;
  INPUT ---       rlabel(59)=c g1 s49.1666666666667 t2;
  INPUT ---       rlabel(60)=c g1 s49.8 t2;
  INPUT ---       rlabel(61)=c g1 s50.6666666666667 t2;
  INPUT ---       rlabel(62)=c g1 s51.5333333333333 t2;
  INPUT ---       rlabel(63)=f0 g1 a0 s1 t0;
  INPUT ---       rlabel(64)=f0 g1 a0 s2.1 t0;
  INPUT ---       rlabel(65)=f0 g1 a0 s3.9 t0;
  INPUT ---       rlabel(66)=f0 g1 a0 s12.9333333333333 t0;
  INPUT ---       rlabel(67)=f0 g1 a0 s14 t0;
  INPUT ---       rlabel(68)=f0 g1 a0 s15.8333333333333 t0;
  INPUT ---       rlabel(69)=f0 g1 a0 s25.8 t0;
  INPUT ---       rlabel(70)=f0 g1 a0 s26.6333333333333 t0;
  INPUT ---       rlabel(71)=f0 g1 a0 s27.5 t0;
  INPUT ---       rlabel(72)=f0 g1 a0 s38.1666666666667 t0;
  INPUT ---       rlabel(73)=f0 g1 a0 s39.0333333333333 t0;
  INPUT ---       rlabel(74)=f0 g1 a0 s39.9 t0;
  INPUT ---       rlabel(75)=f0 g1 a0 s49.1666666666667 t0;
  INPUT ---       rlabel(76)=f0 g1 a0 s49.8 t0;
  INPUT ---       rlabel(77)=f0 g1 a0 s50.6666666666667 t0;
  INPUT ---       rlabel(78)=f0 g1 a0 s51.5333333333333 t0;
   Model is { S(~is_Female)Gamma''(~time)Gamma'(~time)p(~session)c(~session)f0(~session) }

 Link Function Used is PARM-SPECIFIC

 Variance Estimation Procedure Used is 2ndPart 

 M(t+1):
 Group 1 = Group 1
     102    142    104    172    195     70    180    126     98    130    147
      89    114    113    131     84


 -2logL(saturated) = 0.0000000     
 Effective Sample Size = 3599

 Number of function evaluations was 214 for 79 parameters.
 For numerical optimization, CPU Time was 263.234 seconds and System Time was 98.563 seconds.
 -2logL { S(~is_Female)Gamma''(~time)Gamma'(~time)p(~session)c(~session)f0(~session) } = -3964.2369    
 Penalty { S(~is_Female)Gamma''(~time)Gamma'(~time)p(~session)c(~session)f0(~session) } = 0.0000000     

  Program  MARK  - Survival Rate Estimation with Capture-Recapture Data
   gfortran(dble/PIM2) Vers. 10.1 March 2023  27-Sep-2024 15:29:20    Page  019
 - - - - - - - - - - - - - - - - - - - - - - - - - - - - - - - - - - - - - -
 
 Gradient { S(~is_Female)Gamma''(~time)Gamma'(~time)p(~session)c(~session)f0(~session) }:
  0.30915073E-04   0.0000000      0.54372295E-04   0.0000000       0.0000000    
   0.0000000       0.0000000       0.0000000       0.0000000       0.0000000    
  0.32705350E-04  0.79979800E-04  0.54988256E-04   0.0000000       0.0000000    
  0.80353255E-04   0.0000000      0.37411747E-04   0.0000000       0.0000000    
  0.46998432E-04  0.32158446E-04   0.0000000      0.45552519E-04  0.23918209E-04
   0.0000000      0.44041116E-04  0.25617502E-04   0.0000000       0.0000000    
  0.34199280E-04 -0.85235508E-04   0.0000000       0.0000000       0.0000000    
   0.0000000       0.0000000     -0.67735558E-04  0.25030063E-04   0.0000000    
   0.0000000       0.0000000     -0.25286216E-04  0.26121494E-04  0.27488164E-04
   0.0000000       0.0000000      0.10297906E-03  0.79822892E-04   0.0000000    
   0.0000000      0.11530504E-03   0.0000000      0.10671275E-03   0.0000000    
   0.0000000       0.0000000       0.0000000       0.0000000      0.10935456E-03
   0.0000000       0.0000000       0.0000000     -0.22742018E-04 -0.43663124E-04
   0.0000000     -0.59733182E-04 -0.56287558E-04 -0.70556998E-04 -0.77922143E-04
   0.0000000     -0.19395666E-04   0.0000000       0.0000000     -0.18144907E-04
   0.0000000       0.0000000       0.0000000      0.51499810E-04
 Maximum ABS(G) { S(~is_Female)Gamma''(~time)Gamma'(~time)p(~session)c(~session)f0(~session) } = 0.1153050E-03 
 To compute VC matrix, CPU Time was 159.469 seconds and System Time was 58.250 seconds.
 S Vector { S(~is_Female)Gamma''(~time)Gamma'(~time)p(~session)c(~session)f0(~session) }:
   1555.620      702.1750      558.5770      211.7786      150.4225    
   136.8287      124.3454      119.4584      115.9327      102.4112    
   97.02578      83.97890      77.76565      76.89908      73.92597    
   72.47695      66.72157      65.93657      58.84702      57.71906    
   54.67640      50.80131      49.72299      47.36894      46.23077    
   45.95662      43.39636      41.19073      40.46261      38.97392    
   35.65459      33.48686      30.10194      29.84801      23.73470    
   21.89750      21.30153      17.00520      13.53959      12.45541    
   12.44470      11.51382      11.05509      9.824169      9.281325    
   8.733859      8.590239      7.132278      5.610457      5.171739    
   4.650732      4.592626      4.138366      3.467738      3.163038    
   2.989651      2.851121      2.590641      2.446869      2.321029    
   2.021379      1.799144      1.763237      1.754215      1.598861    
   1.367239      1.122045     0.9347891     0.7028354     0.6344467    
  0.3819606     0.8492461E-01 0.5038859E-01 0.4486849E-01 0.3796260E-01
  0.2957172E-01 0.1620804E-01 0.3598486E-05 0.1559687E-06
 To invert VC matrix, CPU Time was 0.001 seconds and System Time was 0.001 seconds.
 Ratio Threshold = 50.000000       Max Gap (77/78) = 4504.1264       Next Max Gap (78/79) = 23.071852     
 Gap Method for Num. of Estimated Parameters { S(~is_Female)Gamma''(~time)Gamma'(~time)p(~session)c(~session)f0(~session) } = 77          
 Threshold { S(~is_Female)Gamma''(~time)Gamma'(~time)p(~session)c(~session)f0(~session) } = 0.2306101E-03           
 Numerical Threshold Method for Num. of Estimated Parameters { S(~is_Female)Gamma''(~time)Gamma'(~time)p(~session)c(~session)f0(~session) } = 77          
 Number of Estimated Parameters { S(~is_Female)Gamma''(~time)Gamma'(~time)p(~session)c(~session)f0(~session) } = 77          
 DEVIANCE { S(~is_Female)Gamma''(~time)Gamma'(~time)p(~session)c(~session)f0(~session) } = -3964.2369              
 DEVIANCE Degrees of Freedom { S(~is_Female)Gamma''(~time)Gamma'(~time)p(~session)c(~session)f0(~session) } = 566          
 c-hat { S(~is_Female)Gamma''(~time)Gamma'(~time)p(~session)c(~session)f0(~session) } = -7.0039522              
 AIC { S(~is_Female)Gamma''(~time)Gamma'(~time)p(~session)c(~session)f0(~session) } = -3810.2369              
 AICc { S(~is_Female)Gamma''(~time)Gamma'(~time)p(~session)c(~session)f0(~session) } = -3806.8254              
 BIC { S(~is_Female)Gamma''(~time)Gamma'(~time)p(~session)c(~session)f0(~session) } = -3333.7293              
 Pearson Chisquare { S(~is_Female)Gamma''(~time)Gamma'(~time)p(~session)c(~session)f0(~session) } = 0.2946684E+18           


 PARM-SPECIFIC Link Function Parameters of { S(~is_Female)Gamma''(~time)Gamma'(~time)p(~session)c(~session)f0(~session) }
                                                              95% Confidence Interval
    Parameter                  Beta         Standard Error     Lower           Upper
 -------------------------  --------------  --------------  --------------  --------------
    1:S:(Intercept)          2.9485695       0.0748556       2.8018525       3.0952865    
    2:S:is_Female           -0.2877989       0.0996154      -0.4830450      -0.0925528    
    3:GammaDoublePrime:(In  -1.2450830       0.3459095      -1.9230656      -0.5671003    

  Program  MARK  - Survival Rate Estimation with Capture-Recapture Data
   gfortran(dble/PIM2) Vers. 10.1 March 2023  27-Sep-2024 15:30:18    Page  020
 - - - - - - - - - - - - - - - - - - - - - - - - - - - - - - - - - - - - - -
 
    4:GammaDoublePrime:tim  -0.4709315       1.0073926      -2.4454211       1.5035581    
    5:GammaDoublePrime:tim  -3.7559492       4.4583337      -12.494283       4.9823851    
    6:GammaDoublePrime:tim  -0.1414580       0.4785380      -1.0793925       0.7964765    
    7:GammaDoublePrime:tim   1.4842634       0.6518195       0.2066971       2.7618297    
    8:GammaDoublePrime:tim  -3.1092578       5.5759937      -14.038206       7.8196901    
    9:GammaDoublePrime:tim   1.1441435       0.3924583       0.3749253       1.9133617    
   10:GammaDoublePrime:tim   1.1127574       0.4144493       0.3004367       1.9250781    
   11:GammaDoublePrime:tim  -2.7324265       5.0510554      -12.632495       7.1676424    
   12:GammaDoublePrime:tim  -0.5262643       0.5504304      -1.6051080       0.5525794    
   13:GammaDoublePrime:tim   1.2199342       0.4021482       0.4317237       2.0081447    
   14:GammaDoublePrime:tim  -1.0337952       0.8074071      -2.6163131       0.5487227    
   15:GammaDoublePrime:tim  -0.0995551       0.5031265      -1.0856829       0.8865728    
   16:GammaDoublePrime:tim  -0.5191707       0.4918602      -1.4832167       0.4448753    
   17:GammaDoublePrime:tim  -10.123591       527.15713      -1043.3516       1023.1044    
   18:GammaPrime:(Intercep   2.2628873       2.0801779      -1.8142615       6.3400361    
   19:GammaPrime:time3.9    -3.3618600       2.2824404      -7.8354433       1.1117232    
   20:GammaPrime:time12.93   15.151982       0.0000000       15.151982       15.151982    
   21:GammaPrime:time14     -1.5973274       2.1828034      -5.8756222       2.6809674    
   22:GammaPrime:time15.83  -2.7959021       2.1696884      -7.0484915       1.4566873    
   23:GammaPrime:time25.8    1.2814798       5.7610820      -10.010241       12.573201    
   24:GammaPrime:time26.63  -1.6797709       2.0964909      -5.7888931       2.4293514    
   25:GammaPrime:time27.5   -4.1036560       2.2734674      -8.5596522       0.3523402    
   26:GammaPrime:time38.16  -2.7434751       2.8062769      -8.2437779       2.7568277    
   27:GammaPrime:time39.03  -1.7717352       2.1875652      -6.0593632       2.5158927    
   28:GammaPrime:time39.9   -3.7651139       2.1653617      -8.0092230       0.4789952    
   29:GammaPrime:time49.16  -2.6032687       2.2829233      -7.0777985       1.8712611    
   30:GammaPrime:time49.8   -2.5708239       2.1507792      -6.7863512       1.6447033    
   31:GammaPrime:time50.66  -2.5693826       2.2351364      -6.9502500       1.8114849    
   32:p:(Intercept)         -1.1482299       0.5132190      -2.1541392      -0.1423206    
   33:p:session2.1           1.3742792       0.5566515       0.2832422       2.4653163    
   34:p:session3.9           0.5429770       0.6077359      -0.6481855       1.7341395    
   35:p:session12.93333333   1.0653953       0.5328120       0.0210839       2.1097068    
   36:p:session14            1.2106100       0.5475660       0.1373807       2.2838394    
   37:p:session15.83333333   0.2627422       0.7606513      -1.2281344       1.7536189    
   38:p:session25.8          0.8021600       0.5491484      -0.2741708       1.8784908    
   39:p:session26.63333333   1.4384739       0.5626386       0.3357023       2.5412455    
   40:p:session27.5          1.3549014       0.5759847       0.2259713       2.4838315    
   41:p:session38.16666666   0.9443347       0.5741659      -0.1810305       2.0696999    
   42:p:session39.03333333   1.3450417       0.5549315       0.2573759       2.4327074    
   43:p:session39.9          1.4137718       0.5797929       0.2773778       2.5501659    
   44:p:session49.16666666   1.3365875       0.5665250       0.2261986       2.4469765    
   45:p:session49.8          1.2204159       0.5666052       0.1098697       2.3309621    
   46:p:session50.66666666   1.9296895       0.5539677       0.8439128       3.0154663    
   47:p:session51.53333333   0.4697350       0.5348855      -0.5786405       1.5181105    
   48:c:(Intercept)          0.1853896       0.1841291      -0.1755034       0.5462826    
   49:c:session2.1           0.5292645       0.2355600       0.0675668       0.9909621    

  Program  MARK  - Survival Rate Estimation with Capture-Recapture Data
   gfortran(dble/PIM2) Vers. 10.1 March 2023  27-Sep-2024 15:30:18    Page  021
 - - - - - - - - - - - - - - - - - - - - - - - - - - - - - - - - - - - - - -
 
   50:c:session3.9           0.5190578       0.2605127       0.0084530       1.0296627    
   51:c:session12.93333333   0.2549224       0.2266962      -0.1894022       0.6992470    
   52:c:session14            0.0586728       0.2200068      -0.3725405       0.4898861    
   53:c:session15.83333333  -0.3504677       0.2851032      -0.9092701       0.2083346    
   54:c:session25.8          0.1439150       0.2260480      -0.2991392       0.5869691    
   55:c:session26.63333333  -0.4947106       0.2357496      -0.9567797      -0.0326415    
   56:c:session27.5          0.2374682       0.2508817      -0.2542600       0.7291963    
   57:c:session38.16666666   0.3434551       0.2407979      -0.1285089       0.8154190    
   58:c:session39.03333333   0.3254366       0.2316390      -0.1285759       0.7794491    
   59:c:session39.9         -0.1247651       0.2534455      -0.6215182       0.3719881    
   60:c:session49.16666666   0.1162800       0.2416708      -0.3573949       0.5899549    
   61:c:session49.8         -0.2226602       0.2423985      -0.6977613       0.2524409    
   62:c:session50.66666666   0.4657939       0.2339767       0.0071995       0.9243882    
   63:c:session51.53333333   0.1861760       0.3440734      -0.4882077       0.8605598    
   64:f0:(Intercept)         4.3676113       0.6803059       3.0342116       5.7010110    
   65:f0:session2.1         -1.7957302       0.8469869      -3.4558246      -0.1356357    
   66:f0:session3.9         -0.7275691       0.8536829      -2.4007876       0.9456494    
   67:f0:session12.9333333  -1.0435930       0.7517008      -2.5169266       0.4297406    
   68:f0:session14          -1.1686908       0.7908034      -2.7186656       0.3812839    
   69:f0:session15.8333333  -0.7300951       1.0492326      -2.7865910       1.3264009    
   70:f0:session25.8        -0.5665677       0.7652011      -2.0663619       0.9332265    
   71:f0:session26.6333333  -2.0442027       0.8817793      -3.7724901      -0.3159152    
   72:f0:session27.5        -2.1468450       0.9167593      -3.9436933      -0.3499967    
   73:f0:session38.1666666  -1.1258266       0.8313020      -2.7551785       0.5035254    
   74:f0:session39.0333333  -1.7046346       0.8362712      -3.3437262      -0.0655429    
   75:f0:session39.9        -2.3637624       0.9508007      -4.2273318      -0.5001930    
   76:f0:session49.1666666  -1.9531443       0.8784792      -3.6749637      -0.2313250    
   77:f0:session49.8        -1.7471322       0.8588227      -3.4304248      -0.0638396    
   78:f0:session50.6666666  -3.0659931       1.0192579      -5.0637387      -1.0682475    
   79:f0:session51.5333333  -0.1851530       0.7236113      -1.6034312       1.2331252    


 Real Function Parameters of { S(~is_Female)Gamma''(~time)Gamma'(~time)p(~session)c(~session)f0(~session) }

      Following estimates based on unstandardized individual covariate values:
          Variable                 Value        
          ----------------------  ------------- 
          IS_FEMALE                0.5349922    
                                                               95% Confidence Interval
     Parameter                Estimate       Standard Error     Lower           Upper
 --------------------------  --------------  --------------  --------------  --------------
     1:S g1 c1 a0 t1          0.9423833       0.0027792       0.9366881       0.9475948       
     2:Gamma'' g1 c1 a0 t1    0.2235525       0.0600418       0.1275201       0.3619062       
     3:Gamma'' g1 c1 a1.1 t   0.1523852       0.1214693       0.0276726       0.5317626       
     4:Gamma'' g1 c1 a2.9 t   0.0066860       0.0295152       0.1109433E-05   0.9760979       
     5:Gamma'' g1 c1 a11.93   0.1999605       0.0529372       0.1155648       0.3234495       

  Program  MARK  - Survival Rate Estimation with Capture-Recapture Data
   gfortran(dble/PIM2) Vers. 10.1 March 2023  27-Sep-2024 15:30:18    Page  022
 - - - - - - - - - - - - - - - - - - - - - - - - - - - - - - - - - - - - - -
 
     6:Gamma'' g1 c1 a13 t1   0.5595117       0.1359972       0.3010382       0.7893015       
     7:Gamma'' g1 c1 a14.83   0.0126879       0.0697152       0.2353404E-06   0.9985770       
     8:Gamma'' g1 c1 a24.8    0.4747865       0.0462376       0.3859504       0.5652478       
     9:Gamma'' g1 c1 a25.63   0.4669668       0.0568220       0.3589870       0.5781326       
    10:Gamma'' g1 c1 a26.5    0.0183878       0.0909540       0.9621162E-06   0.9972656       
    11:Gamma'' g1 c1 a37.16   0.1453749       0.0532093       0.0684488       0.2825335       
    12:Gamma'' g1 c1 a38.03   0.4937131       0.0512806       0.3947826       0.5931385       
    13:Gamma'' g1 c1 a38.9    0.0928874       0.0614732       0.0239198       0.2996600       
    14:Gamma'' g1 c1 a48.16   0.2067484       0.0599408       0.1129468       0.3478989       
    15:Gamma'' g1 c1 a48.8    0.1462584       0.0436959       0.0794286       0.2538144       
    16:Gamma'' g1 c1 a49.66   0.1155161E-04   0.0060894       0.0000000       1.0000000       
    17:Gamma' g1 c1 a1.1 t2   0.9057564       0.1775676       0.1401239       0.9982389       
    18:Gamma' g1 c1 a2.9 t3   0.2499324       0.1583663       0.0598203       0.6357074       
    19:Gamma' g1 c1 a11.933   1.0000000       0.0000000       1.0000000       1.0000000       
    20:Gamma' g1 c1 a13 t14   0.6605082       0.1492080       0.3455564       0.8775842       
    21:Gamma' g1 c1 a14.833   0.3698140       0.1443662       0.1484061       0.6639903       
    22:Gamma' g1 c1 a24.8 t   0.9719241       0.1465870       0.9251746E-03   0.9999992       
    23:Gamma' g1 c1 a25.633   0.6417842       0.0603190       0.5172091       0.7497669       
    24:Gamma' g1 c1 a26.5 t   0.1369604       0.1084931       0.0255864       0.4895607       
    25:Gamma' g1 c1 a37.166   0.3821133       0.4449254       0.0151555       0.9613186       
    26:Gamma' g1 c1 a38.033   0.6203778       0.1595615       0.3022130       0.8604564       
    27:Gamma' g1 c1 a38.9 t   0.1820937       0.0896439       0.0640472       0.4200646       
    28:Gamma' g1 c1 a48.166   0.4157168       0.2285927       0.1011091       0.8181998       
    29:Gamma' g1 c1 a48.8 t   0.4236185       0.1336223       0.2009180       0.6823719       
    30:Gamma' g1 c1 a49.666   0.4239704       0.1998905       0.1288989       0.7854543       
    31:p g1 s1 t1             0.2408125       0.0938277       0.1039451       0.4644798       
    32:p g1 s2.1 t1           0.5562729       0.0532079       0.4510443       0.6566838       
    33:p g1 s3.9 t1           0.3531428       0.0743562       0.2238719       0.5081837       
    34:p g1 s12.93333333333   0.4793032       0.0357284       0.4101305       0.5492787       
    35:p g1 s14 t1            0.5155900       0.0476721       0.4226918       0.6074231       
    36:p g1 s15.83333333333   0.2920419       0.1160750       0.1206949       0.5535168       
    37:p g1 s25.8 t1          0.4143358       0.0474076       0.3254174       0.5092104       
    38:p g1 s26.63333333333   0.5720559       0.0564485       0.4596632       0.6774738       
    39:p g1 s27.5 t1          0.5514847       0.0646733       0.4241401       0.6724183       
    40:p g1 s38.16666666666   0.4492021       0.0636919       0.3299420       0.5746031       
    41:p g1 s39.03333333333   0.5490447       0.0522622       0.4459855       0.6480612       
    42:p g1 s39.9 t1          0.5659981       0.0662629       0.4345844       0.6887441       
    43:p g1 s49.16666666666   0.5469507       0.0594488       0.4299961       0.6589419       
    44:p g1 s49.8 t1          0.5180387       0.0599467       0.4016948       0.6324590       
    45:p g1 s50.66666666666   0.6859946       0.0449195       0.5921192       0.7667744       
    46:p g1 s51.53333333333   0.3365973       0.0336559       0.2741023       0.4053838       
    47:c g1 s1 t2             0.5462151       0.0456390       0.4562364       0.6332727       
    48:c g1 s2.1 t2           0.6714287       0.0324120       0.6050840       0.7315722       
    49:c g1 s3.9 t2           0.6691731       0.0407985       0.5849765       0.7437704       
    50:c g1 s12.93333333333   0.6083334       0.0315082       0.5451567       0.6680778       
    51:c g1 s14 t2            0.5607145       0.0296596       0.5020128       0.6177653       

  Program  MARK  - Survival Rate Estimation with Capture-Recapture Data
   gfortran(dble/PIM2) Vers. 10.1 March 2023  27-Sep-2024 15:30:18    Page  023
 - - - - - - - - - - - - - - - - - - - - - - - - - - - - - - - - - - - - - -
 
    52:c g1 s15.83333333333   0.4588239       0.0540485       0.3562423       0.5650185       
    53:c g1 s25.8 t2          0.5815902       0.0319088       0.5180661       0.6425188       
    54:c g1 s26.63333333333   0.4232805       0.0359390       0.3548297       0.4948087       
    55:c g1 s27.5 t2          0.6041669       0.0407524       0.5222010       0.6806701       
    56:c g1 s38.16666666666   0.6292136       0.0362035       0.5559390       0.6969874       
    57:c g1 s39.03333333333   0.6250001       0.0329404       0.5585691       0.6870354       
    58:c g1 s39.9 t2          0.5151515       0.0434995       0.4302761       0.5991618       
    59:c g1 s49.16666666666   0.5748506       0.0382552       0.4987184       0.6475907       
    60:c g1 s49.8 t2          0.4906834       0.0393987       0.4142887       0.5675158       
    61:c g1 s50.66666666666   0.6572771       0.0325204       0.5910303       0.7179146       
    62:c g1 s51.53333333333   0.5918372       0.0702134       0.4506297       0.7193537       
    63:f0 g1 a0 s1 t0         78.855046       53.645556       23.542527       264.12280       
    64:f0 g1 a0 s2.1 t0       13.090426       6.6047462       5.1473249       33.290935       
    65:f0 g1 a0 s3.9 t0       38.093445       19.645594       14.705269       98.679632       
    66:f0 g1 a0 s12.9333333   27.771722       8.8798785       15.066973       51.189349       
    67:f0 g1 a0 s14 t0        24.506061       9.8801890       11.453115       52.435254       
    68:f0 g1 a0 s15.8333333   37.997344       30.351737       9.5889218       150.56939       
    69:f0 g1 a0 s25.8 t0      44.747860       15.675180       22.970808       87.170243       
    70:f0 g1 a0 s26.6333333   10.210419       5.7280204       3.6625277       28.464671       
    71:f0 g1 a0 s27.5 t0      9.2143888       5.6623833       3.0385865       27.942256       
    72:f0 g1 a0 s38.1666666   25.579333       12.220241       10.518204       62.206656       
    73:f0 g1 a0 s39.0333333   14.338909       6.9736655       5.8116459       35.377983       
    74:f0 g1 a0 s39.9 t0      7.4175508       4.9269776       2.2680787       24.258444       
    75:f0 g1 a0 s49.1666666   11.183808       6.2159199       4.0452425       30.919667       
    76:f0 g1 a0 s49.8 t0      13.742305       7.2033801       5.2319176       36.095935       
    77:f0 g1 a0 s50.6666666   3.6752391       2.7894810       0.9798270       13.785477       
    78:f0 g1 a0 s51.5333333   65.526738       16.158787       40.700520       105.49628       


                     Estimates of Derived Parameters

 Population Estimates of { S(~is_Female)Gamma''(~time)Gamma'(~time)p(~session)c(~session)f0(~session) }
                                                95% Confidence Interval
 Grp. Sess.     N-hat        Standard Error      Lower           Upper
 ---- -----  --------------  --------------  --------------  --------------
   1     1    180.85505       53.645556       125.54253       366.12280    
   1     2    155.09043       6.6047462       147.14732       175.29094    
   1     3    142.09344       19.645594       118.70527       202.67963    
   1     4    199.77172       8.8798785       187.06697       223.18935    
   1     5    219.50606       9.8801890       206.45312       247.43525    
   1     6    107.99734       30.351737       79.588922       220.56939    
   1     7    224.74786       15.675180       202.97081       267.17024    
   1     8    136.21042       5.7280204       129.66253       154.46467    
   1     9    107.21439       5.6623833       101.03859       125.94226    
   1    10    155.57933       12.220241       140.51820       192.20666    
   1    11    161.33891       6.9736655       152.81165       182.37798    
   1    12    96.417551       4.9269776       91.268079       113.25844    
   1    13    125.18381       6.2159199       118.04524       144.91967    
   1    14    126.74231       7.2033801       118.23192       149.09594    
   1    15    134.67524       2.7894810       131.97983       144.78548    
   1    16    149.52674       16.158787       124.70052       189.49628    

 To compute parameter estimates, CPU Time was 0.016 seconds and System Time was 0.031 seconds.

 Attempted ordering of parameters by estimatibility:
  32 48  1  3 38 35 36 64 47 34 41  2 42 37 33 52 45 44 54 51 39 58 62 49 55
  40 57 60 18 61 43 56  9 59 13 50 46 10  7 79 53  6 24 66 70 67 15 73 16 63
  68 74 65 76 22 30 12 77 21 71 28 72 27 14 75 19 31 78 25  4 69 29 26  5 11
   8 23 17 20
 Beta number 20 is a singular value.

   For procedure estimate CPU Time was 7.047 minutes and System Time was 157.406 seconds.

  Program  MARK  - Survival Rate Estimation with Capture-Recapture Data
   gfortran(dble/PIM2) Vers. 10.1 March 2023  27-Sep-2024 15:30:18    Page  024
 - - - - - - - - - - - - - - - - - - - - - - - - - - - - - - - - - - - - - -
 


  INPUT --- proc stop;

     For this job, CPU Time in minutes was 7.047 and System Time in minutes was 2.624.

     Time Start = 15:27:41.302   Time End = 15:30:18.729

     Wall Clock Time in minutes for this job was 2.624.

     Maximum of 79 words used of 4096 words allocated.


          E X E C U T I O N   S U C C E S S F U L 
