
   Program  MARK  - Survival Rate Estimation with Capture-Recapture Data
   gfortran(dble/PIM2) Vers. 10.1 March 2023  20-Sep-2024 10:14:00    Page  001
    
 - - - - - - - - - - - - - - - - - - - - - - - - - - - - - - - - - - - - - -
 
   Welcome to MARK johnimperato on machine JOHNIMPERATD1A0 in subdirectory 
   "V:\Data and Code\Mossy-Pond\Mossy-Pond" running file "mark013.inp".
   This version was compiled by GCC version 12.2.0 using the options: 
     -cpp -iprefix c:\tdm-gcc-64\mingw64\bin\../lib/gcc/x86_64-w64-mingw32/12.2.0/
     -D_MT -D_REENTRANT -U_REENTRANT -D ieee -D dbleprecision -m64 -mtune=generic
     -march=x86-64 -mthreads -O3 -std=f2018 -fsignaling-nans
     -ffpe-summary=invalid,zero,overflow,underflow -funroll-loops -ffast-math
     -fall-intrinsics -fopenmp.

   This problem will use 3 of 4 possible threads.
   Static thread allocation is used.
   Schedule kind is omp_sched_dynamic with chunk size 1


  INPUT --- proc title ;

   For procedure title CPU Time was 0.001 seconds and System Time was 0.001 seconds.


  INPUT --- proc chmatrix occasions= 47 groups= 1 etype= Robust Nodes= 
  INPUT --- 101 ICMeans NoHist hist=  485 ;

  INPUT ---    time interval 0 0 1.1 0 0 1.8 0 0 9.03333333333333 0 0 
  INPUT ---    1.06666666666667 0 0 1.83333333333333  0 0 9.96666666666667 
  INPUT ---    0 0 0.833333333333333 0 0 0.866666666666667 0 0 
  INPUT ---    10.6666666666667 0 0  0.866666666666667 0 0 
  INPUT ---    0.866666666666667 0 0 9.26666666666667 0 0 
  INPUT ---    0.633333333333333 0 0  0.866666666666667 0 0 
  INPUT ---    0.866666666666667 0 ;

  INPUT ---    glabel(1)=Group 1;

      Number of unique encounter histories read was 485.

      Number of individual covariates read was 0.
      Time interval lengths vary and/or not equal to 1.

      Data type number is 7
      Data type is Robust Design with Full Likelihhood p and c

   For procedure chmatrix CPU Time was 0.001 seconds and System Time was 0.001 seconds.

  Program  MARK  - Survival Rate Estimation with Capture-Recapture Data
   gfortran(dble/PIM2) Vers. 10.1 March 2023  20-Sep-2024 10:14:00    Page  002
 - - - - - - - - - - - - - - - - - - - - - - - - - - - - - - - - - - - - - -
 


  INPUT --- proc estimate link=Parm-Specific NOLOOP varest=2ndPart    ;


  INPUT --- model={ 
  INPUT --- S(~time)Gamma''(~time)Gamma'(~time)p(~session)c(~session)f0(
  INPUT --- ~session) };

  INPUT ---    group=1 S    rows=15 cols=15 Triang ;
  INPUT ---        1 2 3 4 5 6 7 8 9 10 11 12 13 14 15 ;
  INPUT ---        2 3 4 5 6 7 8 9 10 11 12 13 14 15 ;
  INPUT ---        3 4 5 6 7 8 9 10 11 12 13 14 15 ;
  INPUT ---        4 5 6 7 8 9 10 11 12 13 14 15 ;
  INPUT ---        5 6 7 8 9 10 11 12 13 14 15 ;
  INPUT ---        6 7 8 9 10 11 12 13 14 15 ;
  INPUT ---        7 8 9 10 11 12 13 14 15 ;
  INPUT ---        8 9 10 11 12 13 14 15 ;
  INPUT ---        9 10 11 12 13 14 15 ;
  INPUT ---        10 11 12 13 14 15 ;
  INPUT ---        11 12 13 14 15 ;
  INPUT ---        12 13 14 15 ;
  INPUT ---        13 14 15 ;
  INPUT ---        14 15 ;
  INPUT ---        15 ;

  INPUT ---    group=1 Gamma''    rows=15 cols=15 Triang ;
  INPUT ---        16 17 18 19 20 21 22 23 24 25 26 27 28 29 30 ;
  INPUT ---        17 18 19 20 21 22 23 24 25 26 27 28 29 30 ;
  INPUT ---        18 19 20 21 22 23 24 25 26 27 28 29 30 ;
  INPUT ---        19 20 21 22 23 24 25 26 27 28 29 30 ;
  INPUT ---        20 21 22 23 24 25 26 27 28 29 30 ;
  INPUT ---        21 22 23 24 25 26 27 28 29 30 ;
  INPUT ---        22 23 24 25 26 27 28 29 30 ;
  INPUT ---        23 24 25 26 27 28 29 30 ;
  INPUT ---        24 25 26 27 28 29 30 ;
  INPUT ---        25 26 27 28 29 30 ;
  INPUT ---        26 27 28 29 30 ;
  INPUT ---        27 28 29 30 ;
  INPUT ---        28 29 30 ;
  INPUT ---        29 30 ;
  INPUT ---        30 ;

  INPUT ---    group=1 Gamma'    rows=14 cols=14 Triang ;
  INPUT ---        31 32 33 34 35 36 37 38 39 40 41 42 43 44 ;
  INPUT ---        32 33 34 35 36 37 38 39 40 41 42 43 44 ;

  Program  MARK  - Survival Rate Estimation with Capture-Recapture Data
   gfortran(dble/PIM2) Vers. 10.1 March 2023  20-Sep-2024 10:14:00    Page  003
 - - - - - - - - - - - - - - - - - - - - - - - - - - - - - - - - - - - - - -
 
  INPUT ---        33 34 35 36 37 38 39 40 41 42 43 44 ;
  INPUT ---        34 35 36 37 38 39 40 41 42 43 44 ;
  INPUT ---        35 36 37 38 39 40 41 42 43 44 ;
  INPUT ---        36 37 38 39 40 41 42 43 44 ;
  INPUT ---        37 38 39 40 41 42 43 44 ;
  INPUT ---        38 39 40 41 42 43 44 ;
  INPUT ---        39 40 41 42 43 44 ;
  INPUT ---        40 41 42 43 44 ;
  INPUT ---        41 42 43 44 ;
  INPUT ---        42 43 44 ;
  INPUT ---        43 44 ;
  INPUT ---        44 ;

  INPUT ---    group=1 p  Session 1  rows=1 cols=3 Square ;
  INPUT ---        45 45 45 ;

  INPUT ---    group=1 p  Session 2  rows=1 cols=3 Square ;
  INPUT ---        46 46 46 ;

  INPUT ---    group=1 p  Session 3  rows=1 cols=3 Square ;
  INPUT ---        47 47 47 ;

  INPUT ---    group=1 p  Session 4  rows=1 cols=3 Square ;
  INPUT ---        48 48 48 ;

  INPUT ---    group=1 p  Session 5  rows=1 cols=3 Square ;
  INPUT ---        49 49 49 ;

  INPUT ---    group=1 p  Session 6  rows=1 cols=3 Square ;
  INPUT ---        50 50 50 ;

  INPUT ---    group=1 p  Session 7  rows=1 cols=3 Square ;
  INPUT ---        51 51 51 ;

  INPUT ---    group=1 p  Session 8  rows=1 cols=3 Square ;
  INPUT ---        52 52 52 ;

  INPUT ---    group=1 p  Session 9  rows=1 cols=3 Square ;
  INPUT ---        53 53 53 ;

  INPUT ---    group=1 p  Session 10  rows=1 cols=3 Square ;
  INPUT ---        54 54 54 ;

  INPUT ---    group=1 p  Session 11  rows=1 cols=3 Square ;
  INPUT ---        55 55 55 ;


  Program  MARK  - Survival Rate Estimation with Capture-Recapture Data
   gfortran(dble/PIM2) Vers. 10.1 March 2023  20-Sep-2024 10:14:00    Page  004
 - - - - - - - - - - - - - - - - - - - - - - - - - - - - - - - - - - - - - -
 
  INPUT ---    group=1 p  Session 12  rows=1 cols=3 Square ;
  INPUT ---        56 56 56 ;

  INPUT ---    group=1 p  Session 13  rows=1 cols=3 Square ;
  INPUT ---        57 57 57 ;

  INPUT ---    group=1 p  Session 14  rows=1 cols=3 Square ;
  INPUT ---        58 58 58 ;

  INPUT ---    group=1 p  Session 15  rows=1 cols=3 Square ;
  INPUT ---        59 59 59 ;

  INPUT ---    group=1 p  Session 16  rows=1 cols=2 Square ;
  INPUT ---        60 60 ;

  INPUT ---    group=1 c  Session 1  rows=1 cols=2 Square ;
  INPUT ---        61 61 ;

  INPUT ---    group=1 c  Session 2  rows=1 cols=2 Square ;
  INPUT ---        62 62 ;

  INPUT ---    group=1 c  Session 3  rows=1 cols=2 Square ;
  INPUT ---        63 63 ;

  INPUT ---    group=1 c  Session 4  rows=1 cols=2 Square ;
  INPUT ---        64 64 ;

  INPUT ---    group=1 c  Session 5  rows=1 cols=2 Square ;
  INPUT ---        65 65 ;

  INPUT ---    group=1 c  Session 6  rows=1 cols=2 Square ;
  INPUT ---        66 66 ;

  INPUT ---    group=1 c  Session 7  rows=1 cols=2 Square ;
  INPUT ---        67 67 ;

  INPUT ---    group=1 c  Session 8  rows=1 cols=2 Square ;
  INPUT ---        68 68 ;

  INPUT ---    group=1 c  Session 9  rows=1 cols=2 Square ;
  INPUT ---        69 69 ;

  INPUT ---    group=1 c  Session 10  rows=1 cols=2 Square ;
  INPUT ---        70 70 ;

  INPUT ---    group=1 c  Session 11  rows=1 cols=2 Square ;

  Program  MARK  - Survival Rate Estimation with Capture-Recapture Data
   gfortran(dble/PIM2) Vers. 10.1 March 2023  20-Sep-2024 10:14:00    Page  005
 - - - - - - - - - - - - - - - - - - - - - - - - - - - - - - - - - - - - - -
 
  INPUT ---        71 71 ;

  INPUT ---    group=1 c  Session 12  rows=1 cols=2 Square ;
  INPUT ---        72 72 ;

  INPUT ---    group=1 c  Session 13  rows=1 cols=2 Square ;
  INPUT ---        73 73 ;

  INPUT ---    group=1 c  Session 14  rows=1 cols=2 Square ;
  INPUT ---        74 74 ;

  INPUT ---    group=1 c  Session 15  rows=1 cols=2 Square ;
  INPUT ---        75 75 ;

  INPUT ---    group=1 c  Session 16  rows=1 cols=1 Square ;
  INPUT ---        76 ;

  INPUT ---    group=1 f0  Session 1  rows=1 cols=1 Square ;
  INPUT ---        77 ;

  INPUT ---    group=1 f0  Session 2  rows=1 cols=1 Square ;
  INPUT ---        78 ;

  INPUT ---    group=1 f0  Session 3  rows=1 cols=1 Square ;
  INPUT ---        79 ;

  INPUT ---    group=1 f0  Session 4  rows=1 cols=1 Square ;
  INPUT ---        80 ;

  INPUT ---    group=1 f0  Session 5  rows=1 cols=1 Square ;
  INPUT ---        81 ;

  INPUT ---    group=1 f0  Session 6  rows=1 cols=1 Square ;
  INPUT ---        82 ;

  INPUT ---    group=1 f0  Session 7  rows=1 cols=1 Square ;
  INPUT ---        83 ;

  INPUT ---    group=1 f0  Session 8  rows=1 cols=1 Square ;
  INPUT ---        84 ;

  INPUT ---    group=1 f0  Session 9  rows=1 cols=1 Square ;
  INPUT ---        85 ;

  INPUT ---    group=1 f0  Session 10  rows=1 cols=1 Square ;
  INPUT ---        86 ;

  Program  MARK  - Survival Rate Estimation with Capture-Recapture Data
   gfortran(dble/PIM2) Vers. 10.1 March 2023  20-Sep-2024 10:14:00    Page  006
 - - - - - - - - - - - - - - - - - - - - - - - - - - - - - - - - - - - - - -
 

  INPUT ---    group=1 f0  Session 11  rows=1 cols=1 Square ;
  INPUT ---        87 ;

  INPUT ---    group=1 f0  Session 12  rows=1 cols=1 Square ;
  INPUT ---        88 ;

  INPUT ---    group=1 f0  Session 13  rows=1 cols=1 Square ;
  INPUT ---        89 ;

  INPUT ---    group=1 f0  Session 14  rows=1 cols=1 Square ;
  INPUT ---        90 ;

  INPUT ---    group=1 f0  Session 15  rows=1 cols=1 Square ;
  INPUT ---        91 ;

  INPUT ---    group=1 f0  Session 16  rows=1 cols=1 Square ;
  INPUT ---        92 ;

  INPUT ---    design matrix constraints=92 covariates=92;
  INPUT ---        1 0 0 0 0 0 0 0 0 0 0 0 0 0 0 0 0 0 0 0 0 0 0 0 0 0 0 0 0 
  INPUT ---       0 0 0 0 0 0 0 0 0 0 0 0 0 0 0 0 0 0 0 0 0 0 0 0 0 0 0 0 0 0 
  INPUT ---       0 0 0 0 0 0 0 0 0 0 0 0 0 0 0 0 0 0 0 0 0 0 0 0 0 0 0 0 0 0 
  INPUT ---       0 0 0;
  INPUT ---        1 1 0 0 0 0 0 0 0 0 0 0 0 0 0 0 0 0 0 0 0 0 0 0 0 0 0 0 0 
  INPUT ---       0 0 0 0 0 0 0 0 0 0 0 0 0 0 0 0 0 0 0 0 0 0 0 0 0 0 0 0 0 0 
  INPUT ---       0 0 0 0 0 0 0 0 0 0 0 0 0 0 0 0 0 0 0 0 0 0 0 0 0 0 0 0 0 0 
  INPUT ---       0 0 0;
  INPUT ---        1 0 1 0 0 0 0 0 0 0 0 0 0 0 0 0 0 0 0 0 0 0 0 0 0 0 0 0 0 
  INPUT ---       0 0 0 0 0 0 0 0 0 0 0 0 0 0 0 0 0 0 0 0 0 0 0 0 0 0 0 0 0 0 
  INPUT ---       0 0 0 0 0 0 0 0 0 0 0 0 0 0 0 0 0 0 0 0 0 0 0 0 0 0 0 0 0 0 
  INPUT ---       0 0 0;
  INPUT ---        1 0 0 1 0 0 0 0 0 0 0 0 0 0 0 0 0 0 0 0 0 0 0 0 0 0 0 0 0 
  INPUT ---       0 0 0 0 0 0 0 0 0 0 0 0 0 0 0 0 0 0 0 0 0 0 0 0 0 0 0 0 0 0 
  INPUT ---       0 0 0 0 0 0 0 0 0 0 0 0 0 0 0 0 0 0 0 0 0 0 0 0 0 0 0 0 0 0 
  INPUT ---       0 0 0;
  INPUT ---        1 0 0 0 1 0 0 0 0 0 0 0 0 0 0 0 0 0 0 0 0 0 0 0 0 0 0 0 0 
  INPUT ---       0 0 0 0 0 0 0 0 0 0 0 0 0 0 0 0 0 0 0 0 0 0 0 0 0 0 0 0 0 0 
  INPUT ---       0 0 0 0 0 0 0 0 0 0 0 0 0 0 0 0 0 0 0 0 0 0 0 0 0 0 0 0 0 0 
  INPUT ---       0 0 0;
  INPUT ---        1 0 0 0 0 1 0 0 0 0 0 0 0 0 0 0 0 0 0 0 0 0 0 0 0 0 0 0 0 
  INPUT ---       0 0 0 0 0 0 0 0 0 0 0 0 0 0 0 0 0 0 0 0 0 0 0 0 0 0 0 0 0 0 
  INPUT ---       0 0 0 0 0 0 0 0 0 0 0 0 0 0 0 0 0 0 0 0 0 0 0 0 0 0 0 0 0 0 
  INPUT ---       0 0 0;
  INPUT ---        1 0 0 0 0 0 1 0 0 0 0 0 0 0 0 0 0 0 0 0 0 0 0 0 0 0 0 0 0 
  INPUT ---       0 0 0 0 0 0 0 0 0 0 0 0 0 0 0 0 0 0 0 0 0 0 0 0 0 0 0 0 0 0 

  Program  MARK  - Survival Rate Estimation with Capture-Recapture Data
   gfortran(dble/PIM2) Vers. 10.1 March 2023  20-Sep-2024 10:14:00    Page  007
 - - - - - - - - - - - - - - - - - - - - - - - - - - - - - - - - - - - - - -
 
  INPUT ---       0 0 0 0 0 0 0 0 0 0 0 0 0 0 0 0 0 0 0 0 0 0 0 0 0 0 0 0 0 0 
  INPUT ---       0 0 0;
  INPUT ---        1 0 0 0 0 0 0 1 0 0 0 0 0 0 0 0 0 0 0 0 0 0 0 0 0 0 0 0 0 
  INPUT ---       0 0 0 0 0 0 0 0 0 0 0 0 0 0 0 0 0 0 0 0 0 0 0 0 0 0 0 0 0 0 
  INPUT ---       0 0 0 0 0 0 0 0 0 0 0 0 0 0 0 0 0 0 0 0 0 0 0 0 0 0 0 0 0 0 
  INPUT ---       0 0 0;
  INPUT ---        1 0 0 0 0 0 0 0 1 0 0 0 0 0 0 0 0 0 0 0 0 0 0 0 0 0 0 0 0 
  INPUT ---       0 0 0 0 0 0 0 0 0 0 0 0 0 0 0 0 0 0 0 0 0 0 0 0 0 0 0 0 0 0 
  INPUT ---       0 0 0 0 0 0 0 0 0 0 0 0 0 0 0 0 0 0 0 0 0 0 0 0 0 0 0 0 0 0 
  INPUT ---       0 0 0;
  INPUT ---        1 0 0 0 0 0 0 0 0 1 0 0 0 0 0 0 0 0 0 0 0 0 0 0 0 0 0 0 0 
  INPUT ---       0 0 0 0 0 0 0 0 0 0 0 0 0 0 0 0 0 0 0 0 0 0 0 0 0 0 0 0 0 0 
  INPUT ---       0 0 0 0 0 0 0 0 0 0 0 0 0 0 0 0 0 0 0 0 0 0 0 0 0 0 0 0 0 0 
  INPUT ---       0 0 0;
  INPUT ---        1 0 0 0 0 0 0 0 0 0 1 0 0 0 0 0 0 0 0 0 0 0 0 0 0 0 0 0 0 
  INPUT ---       0 0 0 0 0 0 0 0 0 0 0 0 0 0 0 0 0 0 0 0 0 0 0 0 0 0 0 0 0 0 
  INPUT ---       0 0 0 0 0 0 0 0 0 0 0 0 0 0 0 0 0 0 0 0 0 0 0 0 0 0 0 0 0 0 
  INPUT ---       0 0 0;
  INPUT ---        1 0 0 0 0 0 0 0 0 0 0 1 0 0 0 0 0 0 0 0 0 0 0 0 0 0 0 0 0 
  INPUT ---       0 0 0 0 0 0 0 0 0 0 0 0 0 0 0 0 0 0 0 0 0 0 0 0 0 0 0 0 0 0 
  INPUT ---       0 0 0 0 0 0 0 0 0 0 0 0 0 0 0 0 0 0 0 0 0 0 0 0 0 0 0 0 0 0 
  INPUT ---       0 0 0;
  INPUT ---        1 0 0 0 0 0 0 0 0 0 0 0 1 0 0 0 0 0 0 0 0 0 0 0 0 0 0 0 0 
  INPUT ---       0 0 0 0 0 0 0 0 0 0 0 0 0 0 0 0 0 0 0 0 0 0 0 0 0 0 0 0 0 0 
  INPUT ---       0 0 0 0 0 0 0 0 0 0 0 0 0 0 0 0 0 0 0 0 0 0 0 0 0 0 0 0 0 0 
  INPUT ---       0 0 0;
  INPUT ---        1 0 0 0 0 0 0 0 0 0 0 0 0 1 0 0 0 0 0 0 0 0 0 0 0 0 0 0 0 
  INPUT ---       0 0 0 0 0 0 0 0 0 0 0 0 0 0 0 0 0 0 0 0 0 0 0 0 0 0 0 0 0 0 
  INPUT ---       0 0 0 0 0 0 0 0 0 0 0 0 0 0 0 0 0 0 0 0 0 0 0 0 0 0 0 0 0 0 
  INPUT ---       0 0 0;
  INPUT ---        1 0 0 0 0 0 0 0 0 0 0 0 0 0 1 0 0 0 0 0 0 0 0 0 0 0 0 0 0 
  INPUT ---       0 0 0 0 0 0 0 0 0 0 0 0 0 0 0 0 0 0 0 0 0 0 0 0 0 0 0 0 0 0 
  INPUT ---       0 0 0 0 0 0 0 0 0 0 0 0 0 0 0 0 0 0 0 0 0 0 0 0 0 0 0 0 0 0 
  INPUT ---       0 0 0;
  INPUT ---        0 0 0 0 0 0 0 0 0 0 0 0 0 0 0 1 0 0 0 0 0 0 0 0 0 0 0 0 0 
  INPUT ---       0 0 0 0 0 0 0 0 0 0 0 0 0 0 0 0 0 0 0 0 0 0 0 0 0 0 0 0 0 0 
  INPUT ---       0 0 0 0 0 0 0 0 0 0 0 0 0 0 0 0 0 0 0 0 0 0 0 0 0 0 0 0 0 0 
  INPUT ---       0 0 0;
  INPUT ---        0 0 0 0 0 0 0 0 0 0 0 0 0 0 0 1 1 0 0 0 0 0 0 0 0 0 0 0 0 
  INPUT ---       0 0 0 0 0 0 0 0 0 0 0 0 0 0 0 0 0 0 0 0 0 0 0 0 0 0 0 0 0 0 
  INPUT ---       0 0 0 0 0 0 0 0 0 0 0 0 0 0 0 0 0 0 0 0 0 0 0 0 0 0 0 0 0 0 
  INPUT ---       0 0 0;
  INPUT ---        0 0 0 0 0 0 0 0 0 0 0 0 0 0 0 1 0 1 0 0 0 0 0 0 0 0 0 0 0 
  INPUT ---       0 0 0 0 0 0 0 0 0 0 0 0 0 0 0 0 0 0 0 0 0 0 0 0 0 0 0 0 0 0 
  INPUT ---       0 0 0 0 0 0 0 0 0 0 0 0 0 0 0 0 0 0 0 0 0 0 0 0 0 0 0 0 0 0 
  INPUT ---       0 0 0;

  Program  MARK  - Survival Rate Estimation with Capture-Recapture Data
   gfortran(dble/PIM2) Vers. 10.1 March 2023  20-Sep-2024 10:14:00    Page  008
 - - - - - - - - - - - - - - - - - - - - - - - - - - - - - - - - - - - - - -
 
  INPUT ---        0 0 0 0 0 0 0 0 0 0 0 0 0 0 0 1 0 0 1 0 0 0 0 0 0 0 0 0 0 
  INPUT ---       0 0 0 0 0 0 0 0 0 0 0 0 0 0 0 0 0 0 0 0 0 0 0 0 0 0 0 0 0 0 
  INPUT ---       0 0 0 0 0 0 0 0 0 0 0 0 0 0 0 0 0 0 0 0 0 0 0 0 0 0 0 0 0 0 
  INPUT ---       0 0 0;
  INPUT ---        0 0 0 0 0 0 0 0 0 0 0 0 0 0 0 1 0 0 0 1 0 0 0 0 0 0 0 0 0 
  INPUT ---       0 0 0 0 0 0 0 0 0 0 0 0 0 0 0 0 0 0 0 0 0 0 0 0 0 0 0 0 0 0 
  INPUT ---       0 0 0 0 0 0 0 0 0 0 0 0 0 0 0 0 0 0 0 0 0 0 0 0 0 0 0 0 0 0 
  INPUT ---       0 0 0;
  INPUT ---        0 0 0 0 0 0 0 0 0 0 0 0 0 0 0 1 0 0 0 0 1 0 0 0 0 0 0 0 0 
  INPUT ---       0 0 0 0 0 0 0 0 0 0 0 0 0 0 0 0 0 0 0 0 0 0 0 0 0 0 0 0 0 0 
  INPUT ---       0 0 0 0 0 0 0 0 0 0 0 0 0 0 0 0 0 0 0 0 0 0 0 0 0 0 0 0 0 0 
  INPUT ---       0 0 0;
  INPUT ---        0 0 0 0 0 0 0 0 0 0 0 0 0 0 0 1 0 0 0 0 0 1 0 0 0 0 0 0 0 
  INPUT ---       0 0 0 0 0 0 0 0 0 0 0 0 0 0 0 0 0 0 0 0 0 0 0 0 0 0 0 0 0 0 
  INPUT ---       0 0 0 0 0 0 0 0 0 0 0 0 0 0 0 0 0 0 0 0 0 0 0 0 0 0 0 0 0 0 
  INPUT ---       0 0 0;
  INPUT ---        0 0 0 0 0 0 0 0 0 0 0 0 0 0 0 1 0 0 0 0 0 0 1 0 0 0 0 0 0 
  INPUT ---       0 0 0 0 0 0 0 0 0 0 0 0 0 0 0 0 0 0 0 0 0 0 0 0 0 0 0 0 0 0 
  INPUT ---       0 0 0 0 0 0 0 0 0 0 0 0 0 0 0 0 0 0 0 0 0 0 0 0 0 0 0 0 0 0 
  INPUT ---       0 0 0;
  INPUT ---        0 0 0 0 0 0 0 0 0 0 0 0 0 0 0 1 0 0 0 0 0 0 0 1 0 0 0 0 0 
  INPUT ---       0 0 0 0 0 0 0 0 0 0 0 0 0 0 0 0 0 0 0 0 0 0 0 0 0 0 0 0 0 0 
  INPUT ---       0 0 0 0 0 0 0 0 0 0 0 0 0 0 0 0 0 0 0 0 0 0 0 0 0 0 0 0 0 0 
  INPUT ---       0 0 0;
  INPUT ---        0 0 0 0 0 0 0 0 0 0 0 0 0 0 0 1 0 0 0 0 0 0 0 0 1 0 0 0 0 
  INPUT ---       0 0 0 0 0 0 0 0 0 0 0 0 0 0 0 0 0 0 0 0 0 0 0 0 0 0 0 0 0 0 
  INPUT ---       0 0 0 0 0 0 0 0 0 0 0 0 0 0 0 0 0 0 0 0 0 0 0 0 0 0 0 0 0 0 
  INPUT ---       0 0 0;
  INPUT ---        0 0 0 0 0 0 0 0 0 0 0 0 0 0 0 1 0 0 0 0 0 0 0 0 0 1 0 0 0 
  INPUT ---       0 0 0 0 0 0 0 0 0 0 0 0 0 0 0 0 0 0 0 0 0 0 0 0 0 0 0 0 0 0 
  INPUT ---       0 0 0 0 0 0 0 0 0 0 0 0 0 0 0 0 0 0 0 0 0 0 0 0 0 0 0 0 0 0 
  INPUT ---       0 0 0;
  INPUT ---        0 0 0 0 0 0 0 0 0 0 0 0 0 0 0 1 0 0 0 0 0 0 0 0 0 0 1 0 0 
  INPUT ---       0 0 0 0 0 0 0 0 0 0 0 0 0 0 0 0 0 0 0 0 0 0 0 0 0 0 0 0 0 0 
  INPUT ---       0 0 0 0 0 0 0 0 0 0 0 0 0 0 0 0 0 0 0 0 0 0 0 0 0 0 0 0 0 0 
  INPUT ---       0 0 0;
  INPUT ---        0 0 0 0 0 0 0 0 0 0 0 0 0 0 0 1 0 0 0 0 0 0 0 0 0 0 0 1 0 
  INPUT ---       0 0 0 0 0 0 0 0 0 0 0 0 0 0 0 0 0 0 0 0 0 0 0 0 0 0 0 0 0 0 
  INPUT ---       0 0 0 0 0 0 0 0 0 0 0 0 0 0 0 0 0 0 0 0 0 0 0 0 0 0 0 0 0 0 
  INPUT ---       0 0 0;
  INPUT ---        0 0 0 0 0 0 0 0 0 0 0 0 0 0 0 1 0 0 0 0 0 0 0 0 0 0 0 0 1 
  INPUT ---       0 0 0 0 0 0 0 0 0 0 0 0 0 0 0 0 0 0 0 0 0 0 0 0 0 0 0 0 0 0 
  INPUT ---       0 0 0 0 0 0 0 0 0 0 0 0 0 0 0 0 0 0 0 0 0 0 0 0 0 0 0 0 0 0 
  INPUT ---       0 0 0;
  INPUT ---        0 0 0 0 0 0 0 0 0 0 0 0 0 0 0 1 0 0 0 0 0 0 0 0 0 0 0 0 0 
  INPUT ---       1 0 0 0 0 0 0 0 0 0 0 0 0 0 0 0 0 0 0 0 0 0 0 0 0 0 0 0 0 0 

  Program  MARK  - Survival Rate Estimation with Capture-Recapture Data
   gfortran(dble/PIM2) Vers. 10.1 March 2023  20-Sep-2024 10:14:00    Page  009
 - - - - - - - - - - - - - - - - - - - - - - - - - - - - - - - - - - - - - -
 
  INPUT ---       0 0 0 0 0 0 0 0 0 0 0 0 0 0 0 0 0 0 0 0 0 0 0 0 0 0 0 0 0 0 
  INPUT ---       0 0 0;
  INPUT ---        0 0 0 0 0 0 0 0 0 0 0 0 0 0 0 0 0 0 0 0 0 0 0 0 0 0 0 0 0 
  INPUT ---       0 1 0 0 0 0 0 0 0 0 0 0 0 0 0 0 0 0 0 0 0 0 0 0 0 0 0 0 0 0 
  INPUT ---       0 0 0 0 0 0 0 0 0 0 0 0 0 0 0 0 0 0 0 0 0 0 0 0 0 0 0 0 0 0 
  INPUT ---       0 0 0;
  INPUT ---        0 0 0 0 0 0 0 0 0 0 0 0 0 0 0 0 0 0 0 0 0 0 0 0 0 0 0 0 0 
  INPUT ---       0 1 1 0 0 0 0 0 0 0 0 0 0 0 0 0 0 0 0 0 0 0 0 0 0 0 0 0 0 0 
  INPUT ---       0 0 0 0 0 0 0 0 0 0 0 0 0 0 0 0 0 0 0 0 0 0 0 0 0 0 0 0 0 0 
  INPUT ---       0 0 0;
  INPUT ---        0 0 0 0 0 0 0 0 0 0 0 0 0 0 0 0 0 0 0 0 0 0 0 0 0 0 0 0 0 
  INPUT ---       0 1 0 1 0 0 0 0 0 0 0 0 0 0 0 0 0 0 0 0 0 0 0 0 0 0 0 0 0 0 
  INPUT ---       0 0 0 0 0 0 0 0 0 0 0 0 0 0 0 0 0 0 0 0 0 0 0 0 0 0 0 0 0 0 
  INPUT ---       0 0 0;
  INPUT ---        0 0 0 0 0 0 0 0 0 0 0 0 0 0 0 0 0 0 0 0 0 0 0 0 0 0 0 0 0 
  INPUT ---       0 1 0 0 1 0 0 0 0 0 0 0 0 0 0 0 0 0 0 0 0 0 0 0 0 0 0 0 0 0 
  INPUT ---       0 0 0 0 0 0 0 0 0 0 0 0 0 0 0 0 0 0 0 0 0 0 0 0 0 0 0 0 0 0 
  INPUT ---       0 0 0;
  INPUT ---        0 0 0 0 0 0 0 0 0 0 0 0 0 0 0 0 0 0 0 0 0 0 0 0 0 0 0 0 0 
  INPUT ---       0 1 0 0 0 1 0 0 0 0 0 0 0 0 0 0 0 0 0 0 0 0 0 0 0 0 0 0 0 0 
  INPUT ---       0 0 0 0 0 0 0 0 0 0 0 0 0 0 0 0 0 0 0 0 0 0 0 0 0 0 0 0 0 0 
  INPUT ---       0 0 0;
  INPUT ---        0 0 0 0 0 0 0 0 0 0 0 0 0 0 0 0 0 0 0 0 0 0 0 0 0 0 0 0 0 
  INPUT ---       0 1 0 0 0 0 1 0 0 0 0 0 0 0 0 0 0 0 0 0 0 0 0 0 0 0 0 0 0 0 
  INPUT ---       0 0 0 0 0 0 0 0 0 0 0 0 0 0 0 0 0 0 0 0 0 0 0 0 0 0 0 0 0 0 
  INPUT ---       0 0 0;
  INPUT ---        0 0 0 0 0 0 0 0 0 0 0 0 0 0 0 0 0 0 0 0 0 0 0 0 0 0 0 0 0 
  INPUT ---       0 1 0 0 0 0 0 1 0 0 0 0 0 0 0 0 0 0 0 0 0 0 0 0 0 0 0 0 0 0 
  INPUT ---       0 0 0 0 0 0 0 0 0 0 0 0 0 0 0 0 0 0 0 0 0 0 0 0 0 0 0 0 0 0 
  INPUT ---       0 0 0;
  INPUT ---        0 0 0 0 0 0 0 0 0 0 0 0 0 0 0 0 0 0 0 0 0 0 0 0 0 0 0 0 0 
  INPUT ---       0 1 0 0 0 0 0 0 1 0 0 0 0 0 0 0 0 0 0 0 0 0 0 0 0 0 0 0 0 0 
  INPUT ---       0 0 0 0 0 0 0 0 0 0 0 0 0 0 0 0 0 0 0 0 0 0 0 0 0 0 0 0 0 0 
  INPUT ---       0 0 0;
  INPUT ---        0 0 0 0 0 0 0 0 0 0 0 0 0 0 0 0 0 0 0 0 0 0 0 0 0 0 0 0 0 
  INPUT ---       0 1 0 0 0 0 0 0 0 1 0 0 0 0 0 0 0 0 0 0 0 0 0 0 0 0 0 0 0 0 
  INPUT ---       0 0 0 0 0 0 0 0 0 0 0 0 0 0 0 0 0 0 0 0 0 0 0 0 0 0 0 0 0 0 
  INPUT ---       0 0 0;
  INPUT ---        0 0 0 0 0 0 0 0 0 0 0 0 0 0 0 0 0 0 0 0 0 0 0 0 0 0 0 0 0 
  INPUT ---       0 1 0 0 0 0 0 0 0 0 1 0 0 0 0 0 0 0 0 0 0 0 0 0 0 0 0 0 0 0 
  INPUT ---       0 0 0 0 0 0 0 0 0 0 0 0 0 0 0 0 0 0 0 0 0 0 0 0 0 0 0 0 0 0 
  INPUT ---       0 0 0;
  INPUT ---        0 0 0 0 0 0 0 0 0 0 0 0 0 0 0 0 0 0 0 0 0 0 0 0 0 0 0 0 0 
  INPUT ---       0 1 0 0 0 0 0 0 0 0 0 1 0 0 0 0 0 0 0 0 0 0 0 0 0 0 0 0 0 0 
  INPUT ---       0 0 0 0 0 0 0 0 0 0 0 0 0 0 0 0 0 0 0 0 0 0 0 0 0 0 0 0 0 0 
  INPUT ---       0 0 0;

  Program  MARK  - Survival Rate Estimation with Capture-Recapture Data
   gfortran(dble/PIM2) Vers. 10.1 March 2023  20-Sep-2024 10:14:00    Page  010
 - - - - - - - - - - - - - - - - - - - - - - - - - - - - - - - - - - - - - -
 
  INPUT ---        0 0 0 0 0 0 0 0 0 0 0 0 0 0 0 0 0 0 0 0 0 0 0 0 0 0 0 0 0 
  INPUT ---       0 1 0 0 0 0 0 0 0 0 0 0 1 0 0 0 0 0 0 0 0 0 0 0 0 0 0 0 0 0 
  INPUT ---       0 0 0 0 0 0 0 0 0 0 0 0 0 0 0 0 0 0 0 0 0 0 0 0 0 0 0 0 0 0 
  INPUT ---       0 0 0;
  INPUT ---        0 0 0 0 0 0 0 0 0 0 0 0 0 0 0 0 0 0 0 0 0 0 0 0 0 0 0 0 0 
  INPUT ---       0 1 0 0 0 0 0 0 0 0 0 0 0 1 0 0 0 0 0 0 0 0 0 0 0 0 0 0 0 0 
  INPUT ---       0 0 0 0 0 0 0 0 0 0 0 0 0 0 0 0 0 0 0 0 0 0 0 0 0 0 0 0 0 0 
  INPUT ---       0 0 0;
  INPUT ---        0 0 0 0 0 0 0 0 0 0 0 0 0 0 0 0 0 0 0 0 0 0 0 0 0 0 0 0 0 
  INPUT ---       0 1 0 0 0 0 0 0 0 0 0 0 0 0 1 0 0 0 0 0 0 0 0 0 0 0 0 0 0 0 
  INPUT ---       0 0 0 0 0 0 0 0 0 0 0 0 0 0 0 0 0 0 0 0 0 0 0 0 0 0 0 0 0 0 
  INPUT ---       0 0 0;
  INPUT ---        0 0 0 0 0 0 0 0 0 0 0 0 0 0 0 0 0 0 0 0 0 0 0 0 0 0 0 0 0 
  INPUT ---       0 0 0 0 0 0 0 0 0 0 0 0 0 0 0 1 0 0 0 0 0 0 0 0 0 0 0 0 0 0 
  INPUT ---       0 0 0 0 0 0 0 0 0 0 0 0 0 0 0 0 0 0 0 0 0 0 0 0 0 0 0 0 0 0 
  INPUT ---       0 0 0;
  INPUT ---        0 0 0 0 0 0 0 0 0 0 0 0 0 0 0 0 0 0 0 0 0 0 0 0 0 0 0 0 0 
  INPUT ---       0 0 0 0 0 0 0 0 0 0 0 0 0 0 0 1 1 0 0 0 0 0 0 0 0 0 0 0 0 0 
  INPUT ---       0 0 0 0 0 0 0 0 0 0 0 0 0 0 0 0 0 0 0 0 0 0 0 0 0 0 0 0 0 0 
  INPUT ---       0 0 0;
  INPUT ---        0 0 0 0 0 0 0 0 0 0 0 0 0 0 0 0 0 0 0 0 0 0 0 0 0 0 0 0 0 
  INPUT ---       0 0 0 0 0 0 0 0 0 0 0 0 0 0 0 1 0 1 0 0 0 0 0 0 0 0 0 0 0 0 
  INPUT ---       0 0 0 0 0 0 0 0 0 0 0 0 0 0 0 0 0 0 0 0 0 0 0 0 0 0 0 0 0 0 
  INPUT ---       0 0 0;
  INPUT ---        0 0 0 0 0 0 0 0 0 0 0 0 0 0 0 0 0 0 0 0 0 0 0 0 0 0 0 0 0 
  INPUT ---       0 0 0 0 0 0 0 0 0 0 0 0 0 0 0 1 0 0 1 0 0 0 0 0 0 0 0 0 0 0 
  INPUT ---       0 0 0 0 0 0 0 0 0 0 0 0 0 0 0 0 0 0 0 0 0 0 0 0 0 0 0 0 0 0 
  INPUT ---       0 0 0;
  INPUT ---        0 0 0 0 0 0 0 0 0 0 0 0 0 0 0 0 0 0 0 0 0 0 0 0 0 0 0 0 0 
  INPUT ---       0 0 0 0 0 0 0 0 0 0 0 0 0 0 0 1 0 0 0 1 0 0 0 0 0 0 0 0 0 0 
  INPUT ---       0 0 0 0 0 0 0 0 0 0 0 0 0 0 0 0 0 0 0 0 0 0 0 0 0 0 0 0 0 0 
  INPUT ---       0 0 0;
  INPUT ---        0 0 0 0 0 0 0 0 0 0 0 0 0 0 0 0 0 0 0 0 0 0 0 0 0 0 0 0 0 
  INPUT ---       0 0 0 0 0 0 0 0 0 0 0 0 0 0 0 1 0 0 0 0 1 0 0 0 0 0 0 0 0 0 
  INPUT ---       0 0 0 0 0 0 0 0 0 0 0 0 0 0 0 0 0 0 0 0 0 0 0 0 0 0 0 0 0 0 
  INPUT ---       0 0 0;
  INPUT ---        0 0 0 0 0 0 0 0 0 0 0 0 0 0 0 0 0 0 0 0 0 0 0 0 0 0 0 0 0 
  INPUT ---       0 0 0 0 0 0 0 0 0 0 0 0 0 0 0 1 0 0 0 0 0 1 0 0 0 0 0 0 0 0 
  INPUT ---       0 0 0 0 0 0 0 0 0 0 0 0 0 0 0 0 0 0 0 0 0 0 0 0 0 0 0 0 0 0 
  INPUT ---       0 0 0;
  INPUT ---        0 0 0 0 0 0 0 0 0 0 0 0 0 0 0 0 0 0 0 0 0 0 0 0 0 0 0 0 0 
  INPUT ---       0 0 0 0 0 0 0 0 0 0 0 0 0 0 0 1 0 0 0 0 0 0 1 0 0 0 0 0 0 0 
  INPUT ---       0 0 0 0 0 0 0 0 0 0 0 0 0 0 0 0 0 0 0 0 0 0 0 0 0 0 0 0 0 0 
  INPUT ---       0 0 0;
  INPUT ---        0 0 0 0 0 0 0 0 0 0 0 0 0 0 0 0 0 0 0 0 0 0 0 0 0 0 0 0 0 
  INPUT ---       0 0 0 0 0 0 0 0 0 0 0 0 0 0 0 1 0 0 0 0 0 0 0 1 0 0 0 0 0 0 

  Program  MARK  - Survival Rate Estimation with Capture-Recapture Data
   gfortran(dble/PIM2) Vers. 10.1 March 2023  20-Sep-2024 10:14:00    Page  011
 - - - - - - - - - - - - - - - - - - - - - - - - - - - - - - - - - - - - - -
 
  INPUT ---       0 0 0 0 0 0 0 0 0 0 0 0 0 0 0 0 0 0 0 0 0 0 0 0 0 0 0 0 0 0 
  INPUT ---       0 0 0;
  INPUT ---        0 0 0 0 0 0 0 0 0 0 0 0 0 0 0 0 0 0 0 0 0 0 0 0 0 0 0 0 0 
  INPUT ---       0 0 0 0 0 0 0 0 0 0 0 0 0 0 0 1 0 0 0 0 0 0 0 0 1 0 0 0 0 0 
  INPUT ---       0 0 0 0 0 0 0 0 0 0 0 0 0 0 0 0 0 0 0 0 0 0 0 0 0 0 0 0 0 0 
  INPUT ---       0 0 0;
  INPUT ---        0 0 0 0 0 0 0 0 0 0 0 0 0 0 0 0 0 0 0 0 0 0 0 0 0 0 0 0 0 
  INPUT ---       0 0 0 0 0 0 0 0 0 0 0 0 0 0 0 1 0 0 0 0 0 0 0 0 0 1 0 0 0 0 
  INPUT ---       0 0 0 0 0 0 0 0 0 0 0 0 0 0 0 0 0 0 0 0 0 0 0 0 0 0 0 0 0 0 
  INPUT ---       0 0 0;
  INPUT ---        0 0 0 0 0 0 0 0 0 0 0 0 0 0 0 0 0 0 0 0 0 0 0 0 0 0 0 0 0 
  INPUT ---       0 0 0 0 0 0 0 0 0 0 0 0 0 0 0 1 0 0 0 0 0 0 0 0 0 0 1 0 0 0 
  INPUT ---       0 0 0 0 0 0 0 0 0 0 0 0 0 0 0 0 0 0 0 0 0 0 0 0 0 0 0 0 0 0 
  INPUT ---       0 0 0;
  INPUT ---        0 0 0 0 0 0 0 0 0 0 0 0 0 0 0 0 0 0 0 0 0 0 0 0 0 0 0 0 0 
  INPUT ---       0 0 0 0 0 0 0 0 0 0 0 0 0 0 0 1 0 0 0 0 0 0 0 0 0 0 0 1 0 0 
  INPUT ---       0 0 0 0 0 0 0 0 0 0 0 0 0 0 0 0 0 0 0 0 0 0 0 0 0 0 0 0 0 0 
  INPUT ---       0 0 0;
  INPUT ---        0 0 0 0 0 0 0 0 0 0 0 0 0 0 0 0 0 0 0 0 0 0 0 0 0 0 0 0 0 
  INPUT ---       0 0 0 0 0 0 0 0 0 0 0 0 0 0 0 1 0 0 0 0 0 0 0 0 0 0 0 0 1 0 
  INPUT ---       0 0 0 0 0 0 0 0 0 0 0 0 0 0 0 0 0 0 0 0 0 0 0 0 0 0 0 0 0 0 
  INPUT ---       0 0 0;
  INPUT ---        0 0 0 0 0 0 0 0 0 0 0 0 0 0 0 0 0 0 0 0 0 0 0 0 0 0 0 0 0 
  INPUT ---       0 0 0 0 0 0 0 0 0 0 0 0 0 0 0 1 0 0 0 0 0 0 0 0 0 0 0 0 0 1 
  INPUT ---       0 0 0 0 0 0 0 0 0 0 0 0 0 0 0 0 0 0 0 0 0 0 0 0 0 0 0 0 0 0 
  INPUT ---       0 0 0;
  INPUT ---        0 0 0 0 0 0 0 0 0 0 0 0 0 0 0 0 0 0 0 0 0 0 0 0 0 0 0 0 0 
  INPUT ---       0 0 0 0 0 0 0 0 0 0 0 0 0 0 0 1 0 0 0 0 0 0 0 0 0 0 0 0 0 0 
  INPUT ---       1 0 0 0 0 0 0 0 0 0 0 0 0 0 0 0 0 0 0 0 0 0 0 0 0 0 0 0 0 0 
  INPUT ---       0 0 0;
  INPUT ---        0 0 0 0 0 0 0 0 0 0 0 0 0 0 0 0 0 0 0 0 0 0 0 0 0 0 0 0 0 
  INPUT ---       0 0 0 0 0 0 0 0 0 0 0 0 0 0 0 0 0 0 0 0 0 0 0 0 0 0 0 0 0 0 
  INPUT ---       0 1 0 0 0 0 0 0 0 0 0 0 0 0 0 0 0 0 0 0 0 0 0 0 0 0 0 0 0 0 
  INPUT ---       0 0 0;
  INPUT ---        0 0 0 0 0 0 0 0 0 0 0 0 0 0 0 0 0 0 0 0 0 0 0 0 0 0 0 0 0 
  INPUT ---       0 0 0 0 0 0 0 0 0 0 0 0 0 0 0 0 0 0 0 0 0 0 0 0 0 0 0 0 0 0 
  INPUT ---       0 1 1 0 0 0 0 0 0 0 0 0 0 0 0 0 0 0 0 0 0 0 0 0 0 0 0 0 0 0 
  INPUT ---       0 0 0;
  INPUT ---        0 0 0 0 0 0 0 0 0 0 0 0 0 0 0 0 0 0 0 0 0 0 0 0 0 0 0 0 0 
  INPUT ---       0 0 0 0 0 0 0 0 0 0 0 0 0 0 0 0 0 0 0 0 0 0 0 0 0 0 0 0 0 0 
  INPUT ---       0 1 0 1 0 0 0 0 0 0 0 0 0 0 0 0 0 0 0 0 0 0 0 0 0 0 0 0 0 0 
  INPUT ---       0 0 0;
  INPUT ---        0 0 0 0 0 0 0 0 0 0 0 0 0 0 0 0 0 0 0 0 0 0 0 0 0 0 0 0 0 
  INPUT ---       0 0 0 0 0 0 0 0 0 0 0 0 0 0 0 0 0 0 0 0 0 0 0 0 0 0 0 0 0 0 
  INPUT ---       0 1 0 0 1 0 0 0 0 0 0 0 0 0 0 0 0 0 0 0 0 0 0 0 0 0 0 0 0 0 
  INPUT ---       0 0 0;

  Program  MARK  - Survival Rate Estimation with Capture-Recapture Data
   gfortran(dble/PIM2) Vers. 10.1 March 2023  20-Sep-2024 10:14:00    Page  012
 - - - - - - - - - - - - - - - - - - - - - - - - - - - - - - - - - - - - - -
 
  INPUT ---        0 0 0 0 0 0 0 0 0 0 0 0 0 0 0 0 0 0 0 0 0 0 0 0 0 0 0 0 0 
  INPUT ---       0 0 0 0 0 0 0 0 0 0 0 0 0 0 0 0 0 0 0 0 0 0 0 0 0 0 0 0 0 0 
  INPUT ---       0 1 0 0 0 1 0 0 0 0 0 0 0 0 0 0 0 0 0 0 0 0 0 0 0 0 0 0 0 0 
  INPUT ---       0 0 0;
  INPUT ---        0 0 0 0 0 0 0 0 0 0 0 0 0 0 0 0 0 0 0 0 0 0 0 0 0 0 0 0 0 
  INPUT ---       0 0 0 0 0 0 0 0 0 0 0 0 0 0 0 0 0 0 0 0 0 0 0 0 0 0 0 0 0 0 
  INPUT ---       0 1 0 0 0 0 1 0 0 0 0 0 0 0 0 0 0 0 0 0 0 0 0 0 0 0 0 0 0 0 
  INPUT ---       0 0 0;
  INPUT ---        0 0 0 0 0 0 0 0 0 0 0 0 0 0 0 0 0 0 0 0 0 0 0 0 0 0 0 0 0 
  INPUT ---       0 0 0 0 0 0 0 0 0 0 0 0 0 0 0 0 0 0 0 0 0 0 0 0 0 0 0 0 0 0 
  INPUT ---       0 1 0 0 0 0 0 1 0 0 0 0 0 0 0 0 0 0 0 0 0 0 0 0 0 0 0 0 0 0 
  INPUT ---       0 0 0;
  INPUT ---        0 0 0 0 0 0 0 0 0 0 0 0 0 0 0 0 0 0 0 0 0 0 0 0 0 0 0 0 0 
  INPUT ---       0 0 0 0 0 0 0 0 0 0 0 0 0 0 0 0 0 0 0 0 0 0 0 0 0 0 0 0 0 0 
  INPUT ---       0 1 0 0 0 0 0 0 1 0 0 0 0 0 0 0 0 0 0 0 0 0 0 0 0 0 0 0 0 0 
  INPUT ---       0 0 0;
  INPUT ---        0 0 0 0 0 0 0 0 0 0 0 0 0 0 0 0 0 0 0 0 0 0 0 0 0 0 0 0 0 
  INPUT ---       0 0 0 0 0 0 0 0 0 0 0 0 0 0 0 0 0 0 0 0 0 0 0 0 0 0 0 0 0 0 
  INPUT ---       0 1 0 0 0 0 0 0 0 1 0 0 0 0 0 0 0 0 0 0 0 0 0 0 0 0 0 0 0 0 
  INPUT ---       0 0 0;
  INPUT ---        0 0 0 0 0 0 0 0 0 0 0 0 0 0 0 0 0 0 0 0 0 0 0 0 0 0 0 0 0 
  INPUT ---       0 0 0 0 0 0 0 0 0 0 0 0 0 0 0 0 0 0 0 0 0 0 0 0 0 0 0 0 0 0 
  INPUT ---       0 1 0 0 0 0 0 0 0 0 1 0 0 0 0 0 0 0 0 0 0 0 0 0 0 0 0 0 0 0 
  INPUT ---       0 0 0;
  INPUT ---        0 0 0 0 0 0 0 0 0 0 0 0 0 0 0 0 0 0 0 0 0 0 0 0 0 0 0 0 0 
  INPUT ---       0 0 0 0 0 0 0 0 0 0 0 0 0 0 0 0 0 0 0 0 0 0 0 0 0 0 0 0 0 0 
  INPUT ---       0 1 0 0 0 0 0 0 0 0 0 1 0 0 0 0 0 0 0 0 0 0 0 0 0 0 0 0 0 0 
  INPUT ---       0 0 0;
  INPUT ---        0 0 0 0 0 0 0 0 0 0 0 0 0 0 0 0 0 0 0 0 0 0 0 0 0 0 0 0 0 
  INPUT ---       0 0 0 0 0 0 0 0 0 0 0 0 0 0 0 0 0 0 0 0 0 0 0 0 0 0 0 0 0 0 
  INPUT ---       0 1 0 0 0 0 0 0 0 0 0 0 1 0 0 0 0 0 0 0 0 0 0 0 0 0 0 0 0 0 
  INPUT ---       0 0 0;
  INPUT ---        0 0 0 0 0 0 0 0 0 0 0 0 0 0 0 0 0 0 0 0 0 0 0 0 0 0 0 0 0 
  INPUT ---       0 0 0 0 0 0 0 0 0 0 0 0 0 0 0 0 0 0 0 0 0 0 0 0 0 0 0 0 0 0 
  INPUT ---       0 1 0 0 0 0 0 0 0 0 0 0 0 1 0 0 0 0 0 0 0 0 0 0 0 0 0 0 0 0 
  INPUT ---       0 0 0;
  INPUT ---        0 0 0 0 0 0 0 0 0 0 0 0 0 0 0 0 0 0 0 0 0 0 0 0 0 0 0 0 0 
  INPUT ---       0 0 0 0 0 0 0 0 0 0 0 0 0 0 0 0 0 0 0 0 0 0 0 0 0 0 0 0 0 0 
  INPUT ---       0 1 0 0 0 0 0 0 0 0 0 0 0 0 1 0 0 0 0 0 0 0 0 0 0 0 0 0 0 0 
  INPUT ---       0 0 0;
  INPUT ---        0 0 0 0 0 0 0 0 0 0 0 0 0 0 0 0 0 0 0 0 0 0 0 0 0 0 0 0 0 
  INPUT ---       0 0 0 0 0 0 0 0 0 0 0 0 0 0 0 0 0 0 0 0 0 0 0 0 0 0 0 0 0 0 
  INPUT ---       0 1 0 0 0 0 0 0 0 0 0 0 0 0 0 1 0 0 0 0 0 0 0 0 0 0 0 0 0 0 
  INPUT ---       0 0 0;
  INPUT ---        0 0 0 0 0 0 0 0 0 0 0 0 0 0 0 0 0 0 0 0 0 0 0 0 0 0 0 0 0 
  INPUT ---       0 0 0 0 0 0 0 0 0 0 0 0 0 0 0 0 0 0 0 0 0 0 0 0 0 0 0 0 0 0 

  Program  MARK  - Survival Rate Estimation with Capture-Recapture Data
   gfortran(dble/PIM2) Vers. 10.1 March 2023  20-Sep-2024 10:14:00    Page  013
 - - - - - - - - - - - - - - - - - - - - - - - - - - - - - - - - - - - - - -
 
  INPUT ---       0 1 0 0 0 0 0 0 0 0 0 0 0 0 0 0 1 0 0 0 0 0 0 0 0 0 0 0 0 0 
  INPUT ---       0 0 0;
  INPUT ---        0 0 0 0 0 0 0 0 0 0 0 0 0 0 0 0 0 0 0 0 0 0 0 0 0 0 0 0 0 
  INPUT ---       0 0 0 0 0 0 0 0 0 0 0 0 0 0 0 0 0 0 0 0 0 0 0 0 0 0 0 0 0 0 
  INPUT ---       0 0 0 0 0 0 0 0 0 0 0 0 0 0 0 0 0 1 0 0 0 0 0 0 0 0 0 0 0 0 
  INPUT ---       0 0 0;
  INPUT ---        0 0 0 0 0 0 0 0 0 0 0 0 0 0 0 0 0 0 0 0 0 0 0 0 0 0 0 0 0 
  INPUT ---       0 0 0 0 0 0 0 0 0 0 0 0 0 0 0 0 0 0 0 0 0 0 0 0 0 0 0 0 0 0 
  INPUT ---       0 0 0 0 0 0 0 0 0 0 0 0 0 0 0 0 0 1 1 0 0 0 0 0 0 0 0 0 0 0 
  INPUT ---       0 0 0;
  INPUT ---        0 0 0 0 0 0 0 0 0 0 0 0 0 0 0 0 0 0 0 0 0 0 0 0 0 0 0 0 0 
  INPUT ---       0 0 0 0 0 0 0 0 0 0 0 0 0 0 0 0 0 0 0 0 0 0 0 0 0 0 0 0 0 0 
  INPUT ---       0 0 0 0 0 0 0 0 0 0 0 0 0 0 0 0 0 1 0 1 0 0 0 0 0 0 0 0 0 0 
  INPUT ---       0 0 0;
  INPUT ---        0 0 0 0 0 0 0 0 0 0 0 0 0 0 0 0 0 0 0 0 0 0 0 0 0 0 0 0 0 
  INPUT ---       0 0 0 0 0 0 0 0 0 0 0 0 0 0 0 0 0 0 0 0 0 0 0 0 0 0 0 0 0 0 
  INPUT ---       0 0 0 0 0 0 0 0 0 0 0 0 0 0 0 0 0 1 0 0 1 0 0 0 0 0 0 0 0 0 
  INPUT ---       0 0 0;
  INPUT ---        0 0 0 0 0 0 0 0 0 0 0 0 0 0 0 0 0 0 0 0 0 0 0 0 0 0 0 0 0 
  INPUT ---       0 0 0 0 0 0 0 0 0 0 0 0 0 0 0 0 0 0 0 0 0 0 0 0 0 0 0 0 0 0 
  INPUT ---       0 0 0 0 0 0 0 0 0 0 0 0 0 0 0 0 0 1 0 0 0 1 0 0 0 0 0 0 0 0 
  INPUT ---       0 0 0;
  INPUT ---        0 0 0 0 0 0 0 0 0 0 0 0 0 0 0 0 0 0 0 0 0 0 0 0 0 0 0 0 0 
  INPUT ---       0 0 0 0 0 0 0 0 0 0 0 0 0 0 0 0 0 0 0 0 0 0 0 0 0 0 0 0 0 0 
  INPUT ---       0 0 0 0 0 0 0 0 0 0 0 0 0 0 0 0 0 1 0 0 0 0 1 0 0 0 0 0 0 0 
  INPUT ---       0 0 0;
  INPUT ---        0 0 0 0 0 0 0 0 0 0 0 0 0 0 0 0 0 0 0 0 0 0 0 0 0 0 0 0 0 
  INPUT ---       0 0 0 0 0 0 0 0 0 0 0 0 0 0 0 0 0 0 0 0 0 0 0 0 0 0 0 0 0 0 
  INPUT ---       0 0 0 0 0 0 0 0 0 0 0 0 0 0 0 0 0 1 0 0 0 0 0 1 0 0 0 0 0 0 
  INPUT ---       0 0 0;
  INPUT ---        0 0 0 0 0 0 0 0 0 0 0 0 0 0 0 0 0 0 0 0 0 0 0 0 0 0 0 0 0 
  INPUT ---       0 0 0 0 0 0 0 0 0 0 0 0 0 0 0 0 0 0 0 0 0 0 0 0 0 0 0 0 0 0 
  INPUT ---       0 0 0 0 0 0 0 0 0 0 0 0 0 0 0 0 0 1 0 0 0 0 0 0 1 0 0 0 0 0 
  INPUT ---       0 0 0;
  INPUT ---        0 0 0 0 0 0 0 0 0 0 0 0 0 0 0 0 0 0 0 0 0 0 0 0 0 0 0 0 0 
  INPUT ---       0 0 0 0 0 0 0 0 0 0 0 0 0 0 0 0 0 0 0 0 0 0 0 0 0 0 0 0 0 0 
  INPUT ---       0 0 0 0 0 0 0 0 0 0 0 0 0 0 0 0 0 1 0 0 0 0 0 0 0 1 0 0 0 0 
  INPUT ---       0 0 0;
  INPUT ---        0 0 0 0 0 0 0 0 0 0 0 0 0 0 0 0 0 0 0 0 0 0 0 0 0 0 0 0 0 
  INPUT ---       0 0 0 0 0 0 0 0 0 0 0 0 0 0 0 0 0 0 0 0 0 0 0 0 0 0 0 0 0 0 
  INPUT ---       0 0 0 0 0 0 0 0 0 0 0 0 0 0 0 0 0 1 0 0 0 0 0 0 0 0 1 0 0 0 
  INPUT ---       0 0 0;
  INPUT ---        0 0 0 0 0 0 0 0 0 0 0 0 0 0 0 0 0 0 0 0 0 0 0 0 0 0 0 0 0 
  INPUT ---       0 0 0 0 0 0 0 0 0 0 0 0 0 0 0 0 0 0 0 0 0 0 0 0 0 0 0 0 0 0 
  INPUT ---       0 0 0 0 0 0 0 0 0 0 0 0 0 0 0 0 0 1 0 0 0 0 0 0 0 0 0 1 0 0 
  INPUT ---       0 0 0;

  Program  MARK  - Survival Rate Estimation with Capture-Recapture Data
   gfortran(dble/PIM2) Vers. 10.1 March 2023  20-Sep-2024 10:14:00    Page  014
 - - - - - - - - - - - - - - - - - - - - - - - - - - - - - - - - - - - - - -
 
  INPUT ---        0 0 0 0 0 0 0 0 0 0 0 0 0 0 0 0 0 0 0 0 0 0 0 0 0 0 0 0 0 
  INPUT ---       0 0 0 0 0 0 0 0 0 0 0 0 0 0 0 0 0 0 0 0 0 0 0 0 0 0 0 0 0 0 
  INPUT ---       0 0 0 0 0 0 0 0 0 0 0 0 0 0 0 0 0 1 0 0 0 0 0 0 0 0 0 0 1 0 
  INPUT ---       0 0 0;
  INPUT ---        0 0 0 0 0 0 0 0 0 0 0 0 0 0 0 0 0 0 0 0 0 0 0 0 0 0 0 0 0 
  INPUT ---       0 0 0 0 0 0 0 0 0 0 0 0 0 0 0 0 0 0 0 0 0 0 0 0 0 0 0 0 0 0 
  INPUT ---       0 0 0 0 0 0 0 0 0 0 0 0 0 0 0 0 0 1 0 0 0 0 0 0 0 0 0 0 0 1 
  INPUT ---       0 0 0;
  INPUT ---        0 0 0 0 0 0 0 0 0 0 0 0 0 0 0 0 0 0 0 0 0 0 0 0 0 0 0 0 0 
  INPUT ---       0 0 0 0 0 0 0 0 0 0 0 0 0 0 0 0 0 0 0 0 0 0 0 0 0 0 0 0 0 0 
  INPUT ---       0 0 0 0 0 0 0 0 0 0 0 0 0 0 0 0 0 1 0 0 0 0 0 0 0 0 0 0 0 0 
  INPUT ---       1 0 0;
  INPUT ---        0 0 0 0 0 0 0 0 0 0 0 0 0 0 0 0 0 0 0 0 0 0 0 0 0 0 0 0 0 
  INPUT ---       0 0 0 0 0 0 0 0 0 0 0 0 0 0 0 0 0 0 0 0 0 0 0 0 0 0 0 0 0 0 
  INPUT ---       0 0 0 0 0 0 0 0 0 0 0 0 0 0 0 0 0 1 0 0 0 0 0 0 0 0 0 0 0 0 
  INPUT ---       0 1 0;
  INPUT ---        0 0 0 0 0 0 0 0 0 0 0 0 0 0 0 0 0 0 0 0 0 0 0 0 0 0 0 0 0 
  INPUT ---       0 0 0 0 0 0 0 0 0 0 0 0 0 0 0 0 0 0 0 0 0 0 0 0 0 0 0 0 0 0 
  INPUT ---       0 0 0 0 0 0 0 0 0 0 0 0 0 0 0 0 0 1 0 0 0 0 0 0 0 0 0 0 0 0 
  INPUT ---       0 0 1;

  INPUT ---    links=92;

  INPUT ---    Logit;

  INPUT ---    Logit;

  INPUT ---    Logit;

  INPUT ---    Logit;

  INPUT ---    Logit;

  INPUT ---    Logit;

  INPUT ---    Logit;

  INPUT ---    Logit;

  INPUT ---    Logit;

  INPUT ---    Logit;

  INPUT ---    Logit;

  INPUT ---    Logit;

  Program  MARK  - Survival Rate Estimation with Capture-Recapture Data
   gfortran(dble/PIM2) Vers. 10.1 March 2023  20-Sep-2024 10:14:00    Page  015
 - - - - - - - - - - - - - - - - - - - - - - - - - - - - - - - - - - - - - -
 

  INPUT ---    Logit;

  INPUT ---    Logit;

  INPUT ---    Logit;

  INPUT ---    Logit;

  INPUT ---    Logit;

  INPUT ---    Logit;

  INPUT ---    Logit;

  INPUT ---    Logit;

  INPUT ---    Logit;

  INPUT ---    Logit;

  INPUT ---    Logit;

  INPUT ---    Logit;

  INPUT ---    Logit;

  INPUT ---    Logit;

  INPUT ---    Logit;

  INPUT ---    Logit;

  INPUT ---    Logit;

  INPUT ---    Logit;

  INPUT ---    Logit;

  INPUT ---    Logit;

  INPUT ---    Logit;

  INPUT ---    Logit;

  INPUT ---    Logit;

  Program  MARK  - Survival Rate Estimation with Capture-Recapture Data
   gfortran(dble/PIM2) Vers. 10.1 March 2023  20-Sep-2024 10:14:00    Page  016
 - - - - - - - - - - - - - - - - - - - - - - - - - - - - - - - - - - - - - -
 

  INPUT ---    Logit;

  INPUT ---    Logit;

  INPUT ---    Logit;

  INPUT ---    Logit;

  INPUT ---    Logit;

  INPUT ---    Logit;

  INPUT ---    Logit;

  INPUT ---    Logit;

  INPUT ---    Logit;

  INPUT ---    Logit;

  INPUT ---    Logit;

  INPUT ---    Logit;

  INPUT ---    Logit;

  INPUT ---    Logit;

  INPUT ---    Logit;

  INPUT ---    Logit;

  INPUT ---    Logit;

  INPUT ---    Logit;

  INPUT ---    Logit;

  INPUT ---    Logit;

  INPUT ---    Logit;

  INPUT ---    Logit;

  INPUT ---    Logit;

  Program  MARK  - Survival Rate Estimation with Capture-Recapture Data
   gfortran(dble/PIM2) Vers. 10.1 March 2023  20-Sep-2024 10:14:00    Page  017
 - - - - - - - - - - - - - - - - - - - - - - - - - - - - - - - - - - - - - -
 

  INPUT ---    Logit;

  INPUT ---    Logit;

  INPUT ---    Logit;

  INPUT ---    Logit;

  INPUT ---    Logit;

  INPUT ---    Logit;

  INPUT ---    Logit;

  INPUT ---    Logit;

  INPUT ---    Logit;

  INPUT ---    Logit;

  INPUT ---    Logit;

  INPUT ---    Logit;

  INPUT ---    Logit;

  INPUT ---    Logit;

  INPUT ---    Logit;

  INPUT ---    Logit;

  INPUT ---    Logit;

  INPUT ---    Logit;

  INPUT ---    Log;

  INPUT ---    Log;

  INPUT ---    Log;

  INPUT ---    Log;

  INPUT ---    Log;

  Program  MARK  - Survival Rate Estimation with Capture-Recapture Data
   gfortran(dble/PIM2) Vers. 10.1 March 2023  20-Sep-2024 10:14:00    Page  018
 - - - - - - - - - - - - - - - - - - - - - - - - - - - - - - - - - - - - - -
 

  INPUT ---    Log;

  INPUT ---    Log;

  INPUT ---    Log;

  INPUT ---    Log;

  INPUT ---    Log;

  INPUT ---    Log;

  INPUT ---    Log;

  INPUT ---    Log;

  INPUT ---    Log;

  INPUT ---    Log;

  INPUT ---    Log;
  INPUT ---       blabel(1)=S:(Intercept);
  INPUT ---       blabel(2)=S:time2.1;
  INPUT ---       blabel(3)=S:time3.9;
  INPUT ---       blabel(4)=S:time12.9333333333333;
  INPUT ---       blabel(5)=S:time14;
  INPUT ---       blabel(6)=S:time15.8333333333333;
  INPUT ---       blabel(7)=S:time25.8;
  INPUT ---       blabel(8)=S:time26.6333333333333;
  INPUT ---       blabel(9)=S:time27.5;
  INPUT ---       blabel(10)=S:time38.1666666666667;
  INPUT ---       blabel(11)=S:time39.0333333333333;
  INPUT ---       blabel(12)=S:time39.9;
  INPUT ---       blabel(13)=S:time49.1666666666667;
  INPUT ---       blabel(14)=S:time49.8;
  INPUT ---       blabel(15)=S:time50.6666666666667;
  INPUT ---       blabel(16)=GammaDoublePrime:(Intercept);
  INPUT ---       blabel(17)=GammaDoublePrime:time2.1;
  INPUT ---       blabel(18)=GammaDoublePrime:time3.9;
  INPUT ---       blabel(19)=GammaDoublePrime:time12.9333333333333;
  INPUT ---       blabel(20)=GammaDoublePrime:time14;
  INPUT ---       blabel(21)=GammaDoublePrime:time15.8333333333333;
  INPUT ---       blabel(22)=GammaDoublePrime:time25.8;
  INPUT ---       blabel(23)=GammaDoublePrime:time26.6333333333333;
  INPUT ---       blabel(24)=GammaDoublePrime:time27.5;

  Program  MARK  - Survival Rate Estimation with Capture-Recapture Data
   gfortran(dble/PIM2) Vers. 10.1 March 2023  20-Sep-2024 10:14:00    Page  019
 - - - - - - - - - - - - - - - - - - - - - - - - - - - - - - - - - - - - - -
 
  INPUT ---       blabel(25)=GammaDoublePrime:time38.1666666666667;
  INPUT ---       blabel(26)=GammaDoublePrime:time39.0333333333333;
  INPUT ---       blabel(27)=GammaDoublePrime:time39.9;
  INPUT ---       blabel(28)=GammaDoublePrime:time49.1666666666667;
  INPUT ---       blabel(29)=GammaDoublePrime:time49.8;
  INPUT ---       blabel(30)=GammaDoublePrime:time50.6666666666667;
  INPUT ---       blabel(31)=GammaPrime:(Intercept);
  INPUT ---       blabel(32)=GammaPrime:time3.9;
  INPUT ---       blabel(33)=GammaPrime:time12.9333333333333;
  INPUT ---       blabel(34)=GammaPrime:time14;
  INPUT ---       blabel(35)=GammaPrime:time15.8333333333333;
  INPUT ---       blabel(36)=GammaPrime:time25.8;
  INPUT ---       blabel(37)=GammaPrime:time26.6333333333333;
  INPUT ---       blabel(38)=GammaPrime:time27.5;
  INPUT ---       blabel(39)=GammaPrime:time38.1666666666667;
  INPUT ---       blabel(40)=GammaPrime:time39.0333333333333;
  INPUT ---       blabel(41)=GammaPrime:time39.9;
  INPUT ---       blabel(42)=GammaPrime:time49.1666666666667;
  INPUT ---       blabel(43)=GammaPrime:time49.8;
  INPUT ---       blabel(44)=GammaPrime:time50.6666666666667;
  INPUT ---       blabel(45)=p:(Intercept);
  INPUT ---       blabel(46)=p:session2.1;
  INPUT ---       blabel(47)=p:session3.9;
  INPUT ---       blabel(48)=p:session12.9333333333333;
  INPUT ---       blabel(49)=p:session14;
  INPUT ---       blabel(50)=p:session15.8333333333333;
  INPUT ---       blabel(51)=p:session25.8;
  INPUT ---       blabel(52)=p:session26.6333333333333;
  INPUT ---       blabel(53)=p:session27.5;
  INPUT ---       blabel(54)=p:session38.1666666666667;
  INPUT ---       blabel(55)=p:session39.0333333333333;
  INPUT ---       blabel(56)=p:session39.9;
  INPUT ---       blabel(57)=p:session49.1666666666667;
  INPUT ---       blabel(58)=p:session49.8;
  INPUT ---       blabel(59)=p:session50.6666666666667;
  INPUT ---       blabel(60)=p:session51.5333333333333;
  INPUT ---       blabel(61)=c:(Intercept);
  INPUT ---       blabel(62)=c:session2.1;
  INPUT ---       blabel(63)=c:session3.9;
  INPUT ---       blabel(64)=c:session12.9333333333333;
  INPUT ---       blabel(65)=c:session14;
  INPUT ---       blabel(66)=c:session15.8333333333333;
  INPUT ---       blabel(67)=c:session25.8;
  INPUT ---       blabel(68)=c:session26.6333333333333;
  INPUT ---       blabel(69)=c:session27.5;
  INPUT ---       blabel(70)=c:session38.1666666666667;

  Program  MARK  - Survival Rate Estimation with Capture-Recapture Data
   gfortran(dble/PIM2) Vers. 10.1 March 2023  20-Sep-2024 10:14:00    Page  020
 - - - - - - - - - - - - - - - - - - - - - - - - - - - - - - - - - - - - - -
 
  INPUT ---       blabel(71)=c:session39.0333333333333;
  INPUT ---       blabel(72)=c:session39.9;
  INPUT ---       blabel(73)=c:session49.1666666666667;
  INPUT ---       blabel(74)=c:session49.8;
  INPUT ---       blabel(75)=c:session50.6666666666667;
  INPUT ---       blabel(76)=c:session51.5333333333333;
  INPUT ---       blabel(77)=f0:(Intercept);
  INPUT ---       blabel(78)=f0:session2.1;
  INPUT ---       blabel(79)=f0:session3.9;
  INPUT ---       blabel(80)=f0:session12.9333333333333;
  INPUT ---       blabel(81)=f0:session14;
  INPUT ---       blabel(82)=f0:session15.8333333333333;
  INPUT ---       blabel(83)=f0:session25.8;
  INPUT ---       blabel(84)=f0:session26.6333333333333;
  INPUT ---       blabel(85)=f0:session27.5;
  INPUT ---       blabel(86)=f0:session38.1666666666667;
  INPUT ---       blabel(87)=f0:session39.0333333333333;
  INPUT ---       blabel(88)=f0:session39.9;
  INPUT ---       blabel(89)=f0:session49.1666666666667;
  INPUT ---       blabel(90)=f0:session49.8;
  INPUT ---       blabel(91)=f0:session50.6666666666667;
  INPUT ---       blabel(92)=f0:session51.5333333333333;
  INPUT ---       rlabel(1)=S g1 c1 a0 t1;
  INPUT ---       rlabel(2)=S g1 c1 a1.1 t2.1;
  INPUT ---       rlabel(3)=S g1 c1 a2.9 t3.9;
  INPUT ---       rlabel(4)=S g1 c1 a11.9333333333333 t12.9333333333333;
  INPUT ---       rlabel(5)=S g1 c1 a13 t14;
  INPUT ---       rlabel(6)=S g1 c1 a14.8333333333333 t15.8333333333333;
  INPUT ---       rlabel(7)=S g1 c1 a24.8 t25.8;
  INPUT ---       rlabel(8)=S g1 c1 a25.6333333333333 t26.6333333333333;
  INPUT ---       rlabel(9)=S g1 c1 a26.5 t27.5;
  INPUT ---       rlabel(10)=S g1 c1 a37.1666666666667 t38.1666666666667;
  INPUT ---       rlabel(11)=S g1 c1 a38.0333333333333 t39.0333333333333;
  INPUT ---       rlabel(12)=S g1 c1 a38.9 t39.9;
  INPUT ---       rlabel(13)=S g1 c1 a48.1666666666667 t49.1666666666667;
  INPUT ---       rlabel(14)=S g1 c1 a48.8 t49.8;
  INPUT ---       rlabel(15)=S g1 c1 a49.6666666666667 t50.6666666666667;
  INPUT ---       rlabel(16)=Gamma'' g1 c1 a0 t1;
  INPUT ---       rlabel(17)=Gamma'' g1 c1 a1.1 t2.1;
  INPUT ---       rlabel(18)=Gamma'' g1 c1 a2.9 t3.9;
  INPUT ---       rlabel(19)=Gamma'' g1 c1 a11.9333333333333 
  INPUT ---       t12.9333333333333;
  INPUT ---       rlabel(20)=Gamma'' g1 c1 a13 t14;
  INPUT ---       rlabel(21)=Gamma'' g1 c1 a14.8333333333333 
  INPUT ---       t15.8333333333333;
  INPUT ---       rlabel(22)=Gamma'' g1 c1 a24.8 t25.8;

  Program  MARK  - Survival Rate Estimation with Capture-Recapture Data
   gfortran(dble/PIM2) Vers. 10.1 March 2023  20-Sep-2024 10:14:00    Page  021
 - - - - - - - - - - - - - - - - - - - - - - - - - - - - - - - - - - - - - -
 
  INPUT ---       rlabel(23)=Gamma'' g1 c1 a25.6333333333333 
  INPUT ---       t26.6333333333333;
  INPUT ---       rlabel(24)=Gamma'' g1 c1 a26.5 t27.5;
  INPUT ---       rlabel(25)=Gamma'' g1 c1 a37.1666666666667 
  INPUT ---       t38.1666666666667;
  INPUT ---       rlabel(26)=Gamma'' g1 c1 a38.0333333333333 
  INPUT ---       t39.0333333333333;
  INPUT ---       rlabel(27)=Gamma'' g1 c1 a38.9 t39.9;
  INPUT ---       rlabel(28)=Gamma'' g1 c1 a48.1666666666667 
  INPUT ---       t49.1666666666667;
  INPUT ---       rlabel(29)=Gamma'' g1 c1 a48.8 t49.8;
  INPUT ---       rlabel(30)=Gamma'' g1 c1 a49.6666666666667 
  INPUT ---       t50.6666666666667;
  INPUT ---       rlabel(31)=Gamma' g1 c1 a1.1 t2.1;
  INPUT ---       rlabel(32)=Gamma' g1 c1 a2.9 t3.9;
  INPUT ---       rlabel(33)=Gamma' g1 c1 a11.9333333333333 t12.9333333333333;
  INPUT ---       rlabel(34)=Gamma' g1 c1 a13 t14;
  INPUT ---       rlabel(35)=Gamma' g1 c1 a14.8333333333333 t15.8333333333333;
  INPUT ---       rlabel(36)=Gamma' g1 c1 a24.8 t25.8;
  INPUT ---       rlabel(37)=Gamma' g1 c1 a25.6333333333333 t26.6333333333333;
  INPUT ---       rlabel(38)=Gamma' g1 c1 a26.5 t27.5;
  INPUT ---       rlabel(39)=Gamma' g1 c1 a37.1666666666667 t38.1666666666667;
  INPUT ---       rlabel(40)=Gamma' g1 c1 a38.0333333333333 t39.0333333333333;
  INPUT ---       rlabel(41)=Gamma' g1 c1 a38.9 t39.9;
  INPUT ---       rlabel(42)=Gamma' g1 c1 a48.1666666666667 t49.1666666666667;
  INPUT ---       rlabel(43)=Gamma' g1 c1 a48.8 t49.8;
  INPUT ---       rlabel(44)=Gamma' g1 c1 a49.6666666666667 t50.6666666666667;
  INPUT ---       rlabel(45)=p g1 s1 t1;
  INPUT ---       rlabel(46)=p g1 s2.1 t1;
  INPUT ---       rlabel(47)=p g1 s3.9 t1;
  INPUT ---       rlabel(48)=p g1 s12.9333333333333 t1;
  INPUT ---       rlabel(49)=p g1 s14 t1;
  INPUT ---       rlabel(50)=p g1 s15.8333333333333 t1;
  INPUT ---       rlabel(51)=p g1 s25.8 t1;
  INPUT ---       rlabel(52)=p g1 s26.6333333333333 t1;
  INPUT ---       rlabel(53)=p g1 s27.5 t1;
  INPUT ---       rlabel(54)=p g1 s38.1666666666667 t1;
  INPUT ---       rlabel(55)=p g1 s39.0333333333333 t1;
  INPUT ---       rlabel(56)=p g1 s39.9 t1;
  INPUT ---       rlabel(57)=p g1 s49.1666666666667 t1;
  INPUT ---       rlabel(58)=p g1 s49.8 t1;
  INPUT ---       rlabel(59)=p g1 s50.6666666666667 t1;
  INPUT ---       rlabel(60)=p g1 s51.5333333333333 t1;
  INPUT ---       rlabel(61)=c g1 s1 t2;
  INPUT ---       rlabel(62)=c g1 s2.1 t2;
  INPUT ---       rlabel(63)=c g1 s3.9 t2;

  Program  MARK  - Survival Rate Estimation with Capture-Recapture Data
   gfortran(dble/PIM2) Vers. 10.1 March 2023  20-Sep-2024 10:14:00    Page  022
 - - - - - - - - - - - - - - - - - - - - - - - - - - - - - - - - - - - - - -
 
  INPUT ---       rlabel(64)=c g1 s12.9333333333333 t2;
  INPUT ---       rlabel(65)=c g1 s14 t2;
  INPUT ---       rlabel(66)=c g1 s15.8333333333333 t2;
  INPUT ---       rlabel(67)=c g1 s25.8 t2;
  INPUT ---       rlabel(68)=c g1 s26.6333333333333 t2;
  INPUT ---       rlabel(69)=c g1 s27.5 t2;
  INPUT ---       rlabel(70)=c g1 s38.1666666666667 t2;
  INPUT ---       rlabel(71)=c g1 s39.0333333333333 t2;
  INPUT ---       rlabel(72)=c g1 s39.9 t2;
  INPUT ---       rlabel(73)=c g1 s49.1666666666667 t2;
  INPUT ---       rlabel(74)=c g1 s49.8 t2;
  INPUT ---       rlabel(75)=c g1 s50.6666666666667 t2;
  INPUT ---       rlabel(76)=c g1 s51.5333333333333 t2;
  INPUT ---       rlabel(77)=f0 g1 a0 s1 t0;
  INPUT ---       rlabel(78)=f0 g1 a0 s2.1 t0;
  INPUT ---       rlabel(79)=f0 g1 a0 s3.9 t0;
  INPUT ---       rlabel(80)=f0 g1 a0 s12.9333333333333 t0;
  INPUT ---       rlabel(81)=f0 g1 a0 s14 t0;
  INPUT ---       rlabel(82)=f0 g1 a0 s15.8333333333333 t0;
  INPUT ---       rlabel(83)=f0 g1 a0 s25.8 t0;
  INPUT ---       rlabel(84)=f0 g1 a0 s26.6333333333333 t0;
  INPUT ---       rlabel(85)=f0 g1 a0 s27.5 t0;
  INPUT ---       rlabel(86)=f0 g1 a0 s38.1666666666667 t0;
  INPUT ---       rlabel(87)=f0 g1 a0 s39.0333333333333 t0;
  INPUT ---       rlabel(88)=f0 g1 a0 s39.9 t0;
  INPUT ---       rlabel(89)=f0 g1 a0 s49.1666666666667 t0;
  INPUT ---       rlabel(90)=f0 g1 a0 s49.8 t0;
  INPUT ---       rlabel(91)=f0 g1 a0 s50.6666666666667 t0;
  INPUT ---       rlabel(92)=f0 g1 a0 s51.5333333333333 t0;
   Model is { S(~time)Gamma''(~time)Gamma'(~time)p(~session)c(~session)f0(~session) }

 Link Function Used is PARM-SPECIFIC

 Variance Estimation Procedure Used is 2ndPart 

 M(t+1):
 Group 1 = Group 1
     104    145    104    172    196     70    184    127     98    131    149
      89    114    115    131     84


 -2logL(saturated) = -7827.0334    
 Effective Sample Size = 3622

 Number of function evaluations was 229 for 92 parameters.
 For numerical optimization, CPU Time was 70.438 seconds and System Time was 35.078 seconds.
 -2logL { S(~time)Gamma''(~time)Gamma'(~time)p(~session)c(~session)f0(~session) } = -4081.7449    
 Penalty { S(~time)Gamma''(~time)Gamma'(~time)p(~session)c(~session)f0(~session) } = 0.0000000     

   * *  WARNING  * *   Divide by zero occurred during optimization of this model. 

  Program  MARK  - Survival Rate Estimation with Capture-Recapture Data
   gfortran(dble/PIM2) Vers. 10.1 March 2023  20-Sep-2024 10:14:35    Page  023
 - - - - - - - - - - - - - - - - - - - - - - - - - - - - - - - - - - - - - -
 
     IEEE flag status at end of optimization:
     overflow       F
     divide by zero T
     invalid        F
     underflow      F
     inexact        T

 Gradient { S(~time)Gamma''(~time)Gamma'(~time)p(~session)c(~session)f0(~session) }:
  0.96976604E-04   0.0000000      0.62008456E-04   0.0000000      0.44616653E-04
  0.81728366E-04   0.0000000       0.0000000       0.0000000      0.62354175E-04
  0.45302000E-04  0.58765226E-04   0.0000000       0.0000000      0.34516574E-04
  0.54959060E-04   0.0000000      0.50122111E-04   0.0000000       0.0000000    
  0.51200295E-04  0.59716599E-04   0.0000000      0.47993286E-04   0.0000000    
   0.0000000      0.67854811E-04   0.0000000       0.0000000       0.0000000    
  0.41099251E-04   0.0000000       0.0000000      0.37672697E-04   0.0000000    
   0.0000000       0.0000000       0.0000000       0.0000000       0.0000000    
  0.26715317E-04  0.37668000E-04   0.0000000       0.0000000     -0.17746179E-03
 -0.48821649E-04  0.73770556E-04  0.56856523E-04  0.53533161E-04  0.48336104E-04
  0.63193944E-04   0.0000000      0.24985975E-04 -0.29332424E-04 -0.25260621E-04
  0.24410660E-04  0.25124044E-04  0.26402426E-04 -0.20242746E-04 -0.41188429E-04
   0.0000000       0.0000000       0.0000000       0.0000000       0.0000000    
   0.0000000       0.0000000       0.0000000       0.0000000       0.0000000    
   0.0000000       0.0000000       0.0000000      0.10459669E-03   0.0000000    
   0.0000000     -0.10544251E-03   0.0000000       0.0000000       0.0000000    
   0.0000000       0.0000000     -0.35026954E-04   0.0000000      0.18612189E-04
 -0.26182635E-04   0.0000000     -0.17470100E-04 -0.19721504E-04 -0.21284478E-04
   0.0000000     -0.12446592E-03
 Maximum ABS(G) { S(~time)Gamma''(~time)Gamma'(~time)p(~session)c(~session)f0(~session) } = 0.1774618E-03 
 To compute VC matrix, CPU Time was 48.062 seconds and System Time was 23.093 seconds.

  Program  MARK  - Survival Rate Estimation with Capture-Recapture Data
   gfortran(dble/PIM2) Vers. 10.1 March 2023  20-Sep-2024 10:14:59    Page  024
 - - - - - - - - - - - - - - - - - - - - - - - - - - - - - - - - - - - - - -
 
 S Vector { S(~time)Gamma''(~time)Gamma'(~time)p(~session)c(~session)f0(~session) }:
   1590.399      710.4958      442.7710      177.6141      149.3308    
   137.1311      127.5667      122.8231      119.1471      111.4611    
   99.43483      89.50883      82.44842      76.82858      72.43204    
   67.30456      65.79632      59.44658      58.84312      55.26125    
   51.94536      50.76088      49.15902      48.33300      46.97231    
   46.07728      44.02780      41.73187      40.90150      35.74027    
   35.58673      33.49632      30.11254      29.79415      26.71205    
   22.70696      21.90462      20.55284      19.48632      18.36364    
   14.81837      13.28825      12.64049      12.44758      11.22601    
   10.61392      9.720640      9.177820      8.699581      8.073375    
   7.884979      7.631484      7.004172      6.125267      5.793967    
   5.635825      5.346450      4.516105      4.000976      3.596072    
   3.062307      2.682556      2.642663      2.411836      2.239205    
   2.196053      2.139502      1.965222      1.826827      1.771560    
   1.635416      1.564518      1.471542      1.400597      1.152406    
   1.005761     0.8230433     0.6568077     0.4755039     0.4584151    
  0.4392589     0.4195604     0.3194834     0.2161962     0.7853091E-01
  0.5411498E-01 0.3054491E-01 0.2985298E-02 0.1389311E-03 0.1971234E-05
  0.1436822E-05 0.5796580E-07
 To invert VC matrix, CPU Time was 0.001 seconds and System Time was 0.001 seconds.
 Ratio Threshold = 50.000000       Max Gap (89/90) = 70.479238       Next Max Gap (91/92) = 24.787414     
 Gap Method for Num. of Estimated Parameters { S(~time)Gamma''(~time)Gamma'(~time)p(~session)c(~session)f0(~session) } = 89          
 Threshold { S(~time)Gamma''(~time)Gamma'(~time)p(~session)c(~session)f0(~session) } = 0.3549236E-03           
 Numerical Threshold Method for Num. of Estimated Parameters { S(~time)Gamma''(~time)Gamma'(~time)p(~session)c(~session)f0(~session) } = 88          
 Number of Estimated Parameters { S(~time)Gamma''(~time)Gamma'(~time)p(~session)c(~session)f0(~session) } = 89          

   * *  WARNING  * *   Number of parameters estimated from gap method (=89) and threshold method (=88) differ.  Inspect full output. 
 Ratios of S Vector { S(~time)Gamma''(~time)Gamma'(~time)p(~session)c(~session)f0(~session) }:
   1/2    2.238435       2/3    1.604658       3/4    2.492882       4/5    1.189401       5/6    1.088964    
   6/7    1.074975       7/8    1.038621       8/9    1.030853       9/10    1.068957       10/11    1.120946    
   11/12    1.110894       12/13    1.085634       13/14    1.073148       14/15    1.060699       15/16    1.076183    
   16/17    1.022923       17/18    1.106814       18/19    1.010255       19/20    1.064817       20/21    1.063834    
   21/22    1.023335       22/23    1.032585       23/24    1.017090       24/25    1.028968       25/26    1.019424    
   26/27    1.046550       27/28    1.055016       28/29    1.020302       29/30    1.144410       30/31    1.004315    
   31/32    1.062407       32/33    1.112371       33/34    1.010686       34/35    1.115383       35/36    1.176382    
   36/37    1.036629       37/38    1.065771       38/39    1.054731       39/40    1.061136       40/41    1.239248    
   41/42    1.115149       42/43    1.051245       43/44    1.015498       44/45    1.108816       45/46    1.057669    
   46/47    1.091895       47/48    1.059145       48/49    1.054973       49/50    1.077564       50/51    1.023893    
   51/52    1.033217       52/53    1.089563       53/54    1.143488       54/55    1.057180       55/56    1.028060    
   56/57    1.054125       57/58    1.183863       58/59    1.128751       59/60    1.112596       60/61    1.174302    
   61/62    1.141563       62/63    1.015096       63/64    1.095706       64/65    1.077095       65/66    1.019650    
   66/67    1.026432       67/68    1.088682       68/69    1.075757       69/70    1.031197       70/71    1.083247    
   71/72    1.045316       72/73    1.063182       73/74    1.050654       74/75    1.215367       75/76    1.145806    
   76/77    1.222002       77/78    1.253096       78/79    1.381288       79/80    1.037278       80/81    1.043610    
   81/82    1.046950       82/83    1.313246       83/84    1.477748       84/85    2.753008       85/86    1.451186    
   86/87    1.771653       87/88    10.23178       88/89    21.48761       89/90    70.47924       90/91    1.371940    
   91/92    24.78741    
 DEVIANCE { S(~time)Gamma''(~time)Gamma'(~time)p(~session)c(~session)f0(~session) } = 3745.2886               
 DEVIANCE Degrees of Freedom { S(~time)Gamma''(~time)Gamma'(~time)p(~session)c(~session)f0(~session) } = 397          
 c-hat { S(~time)Gamma''(~time)Gamma'(~time)p(~session)c(~session)f0(~session) } = 9.4339762               
 AIC { S(~time)Gamma''(~time)Gamma'(~time)p(~session)c(~session)f0(~session) } = -3905.7449              
 AICc { S(~time)Gamma''(~time)Gamma'(~time)p(~session)c(~session)f0(~session) } = -3901.3113              
 BIC { S(~time)Gamma''(~time)Gamma'(~time)p(~session)c(~session)f0(~session) } = -3360.6041              
 Pearson Chisquare { S(~time)Gamma''(~time)Gamma'(~time)p(~session)c(~session)f0(~session) } = 0.2989875E+16           

  Program  MARK  - Survival Rate Estimation with Capture-Recapture Data
   gfortran(dble/PIM2) Vers. 10.1 March 2023  20-Sep-2024 10:14:59    Page  025
 - - - - - - - - - - - - - - - - - - - - - - - - - - - - - - - - - - - - - -
 


 PARM-SPECIFIC Link Function Parameters of { S(~time)Gamma''(~time)Gamma'(~time)p(~session)c(~session)f0(~session) }
                                                              95% Confidence Interval
    Parameter                  Beta         Standard Error     Lower           Upper
 -------------------------  --------------  --------------  --------------  --------------
    1:S:(Intercept)          2.7762813       1.0797491       0.6599729       4.8925897    
    2:S:time2.1             -0.6388936       1.1748491      -2.9415977       1.6638106    
    3:S:time3.9              0.9686075       1.1656311      -1.3160296       3.2532446    
    4:S:time12.93333333333   0.2882955       1.8157332      -3.2705416       3.8471327    
    5:S:time14              -1.7359809       1.1071284      -3.9059525       0.4339907    
    6:S:time15.83333333333   0.4936101       1.1144672      -1.6907457       2.6779659    
    7:S:time25.8            -0.8000214       1.2606625      -3.2709200       1.6708771    
    8:S:time26.63333333333  -1.7262695       1.1407695      -3.9621779       0.5096388    
    9:S:time27.5             0.2888016       1.0947792      -1.8569656       2.4345689    
   10:S:time38.16666666666  -0.9576927       1.1378216      -3.1878231       1.2724377    
   11:S:time39.03333333333  -1.6945899       1.1282094      -3.9058803       0.5167005    
   12:S:time39.9             1.0772542       1.6381985      -2.1336149       4.2881233    
   13:S:time49.16666666666  -0.5328457       24.542372      -48.635896       47.570204    
   14:S:time49.8            -0.9918688       25.651541      -51.268891       49.285153    
   15:S:time50.66666666666   2.5365710       1566.1353      -3067.0886       3072.1618    
   16:GammaDoublePrime:(In  -1.2211135       0.4263144      -2.0566898      -0.3855373    
   17:GammaDoublePrime:tim  -1.0492223       1.5437269      -4.0749272       1.9764825    
   18:GammaDoublePrime:tim  -1.4354583       1.0644414      -3.5217635       0.6508469    
   19:GammaDoublePrime:tim  -0.0721988       0.6309166      -1.3087953       1.1643977    
   20:GammaDoublePrime:tim  -1.9153989       2.2152041      -6.2571991       2.4264013    
   21:GammaDoublePrime:tim  -1.3841721       1.4837899      -4.2924004       1.5240563    
   22:GammaDoublePrime:tim   1.0441605       0.4836821       0.0961436       1.9921774    
   23:GammaDoublePrime:tim   0.6365409       0.5357942      -0.4136159       1.6866976    
   24:GammaDoublePrime:tim  -1.5434873       1.5719907      -4.6245890       1.5376145    
   25:GammaDoublePrime:tim  -1.0216388       0.8551890      -2.6978092       0.6545317    
   26:GammaDoublePrime:tim   0.7820154       0.5087476      -0.2151299       1.7791606    
   27:GammaDoublePrime:tim  -0.7989928       2.1036815      -4.9222086       3.3242231    
   28:GammaDoublePrime:tim  -0.2515150       8.0039896      -15.939335       15.436305    
   29:GammaDoublePrime:tim  -1.1136769       36.168668      -72.004268       69.776914    
   30:GammaDoublePrime:tim  -5.0843666       3654.0614      -7167.0448       7156.8761    
   31:GammaPrime:(Intercep   1.9701347       1.7023428      -1.3664573       5.3067267    
   32:GammaPrime:time3.9    -2.4486471       1.9069442      -6.1862578       1.2889636    
   33:GammaPrime:time12.93   12.632596       712.50889      -1383.8849       1409.1500    
   34:GammaPrime:time14     -2.2402860       2.0012028      -6.1626436       1.6820716    
   35:GammaPrime:time15.83   1.4524956       18.255248      -34.327791       37.232783    
   36:GammaPrime:time25.8    0.2016729       2.3155625      -4.3368297       4.7401754    
   37:GammaPrime:time26.63  -1.9068227       1.7330462      -5.3035934       1.4899479    
   38:GammaPrime:time27.5   -3.9078403       1.9570703      -7.7436982      -0.0719824    
   39:GammaPrime:time38.16  -2.8181819       2.3002282      -7.3266293       1.6902654    
   40:GammaPrime:time39.03  -2.7668433       2.0979763      -6.8788769       1.3451903    

  Program  MARK  - Survival Rate Estimation with Capture-Recapture Data
   gfortran(dble/PIM2) Vers. 10.1 March 2023  20-Sep-2024 10:14:59    Page  026
 - - - - - - - - - - - - - - - - - - - - - - - - - - - - - - - - - - - - - -
 
   41:GammaPrime:time39.9   -3.5693006       2.6815474      -8.8251335       1.6865323    
   42:GammaPrime:time49.16  -2.2406901       8.2036741      -18.319892       13.838511    
   43:GammaPrime:time49.8   -2.7753314       36.210588      -73.748086       68.197423    
   44:GammaPrime:time50.66  -5.5100419       1464.7195      -2876.3602       2865.3401    
   45:p:(Intercept)         -1.2355715       0.5420053      -2.2979018      -0.1732412    
   46:p:session2.1           1.5003316       0.5817615       0.3600791       2.6405841    
   47:p:session3.9           0.6547295       0.6075253      -0.5360202       1.8454791    
   48:p:session12.93333333   1.1469887       0.5607416       0.0479352       2.2460422    
   49:p:session14            1.2802747       0.5777541       0.1478765       2.4126728    
   50:p:session15.83333333  -0.2627240       0.5875662      -1.4143538       0.8889059    
   51:p:session25.8          0.9316774       0.5739216      -0.1932090       2.0565638    
   52:p:session26.63333333   1.5201434       0.5877502       0.3681529       2.6721339    
   53:p:session27.5          1.4427767       0.6017073       0.2634304       2.6221230    
   54:p:session38.16666666   1.0808084       0.5942886      -0.0839971       2.2456140    
   55:p:session39.03333333   1.4162175       0.5859690       0.2677183       2.5647167    
   56:p:session39.9          1.5003484       0.6055543       0.3134620       2.6872349    
   57:p:session49.16666666   1.4293524       0.5921548       0.2687289       2.5899759    
   58:p:session49.8          1.3117253       0.5915241       0.1523381       2.4711125    
   59:p:session50.66666666   2.0151620       0.5810597       0.8762849       3.1540390    
   60:p:session51.53333333   0.4818520       0.8834663      -1.2497419       2.2134459    
   61:c:(Intercept)          0.1670576       0.1832139      -0.1920415       0.5261568    
   62:c:session2.1           0.4847041       0.2326440       0.0287219       0.9406863    
   63:c:session3.9           0.5373890       0.2598663       0.0280510       1.0467269    
   64:c:session12.93333333   0.2732542       0.2259526      -0.1696129       0.7161214    
   65:c:session14            0.0752558       0.2189991      -0.3539824       0.5044941    
   66:c:session15.83333333  -0.3321374       0.2845127      -0.8897822       0.2255074    
   67:c:session25.8          0.1373111       0.2242216      -0.3021632       0.5767855    
   68:c:session26.63333333  -0.4855117       0.2348586      -0.9458346      -0.0251888    
   69:c:session27.5          0.2557993       0.2502112      -0.2346147       0.7462133    
   70:c:session38.16666666   0.3319332       0.2391697      -0.1368395       0.8007058    
   71:c:session39.03333333   0.3074003       0.2299553      -0.1433121       0.7581127    
   72:c:session39.9         -0.1064335       0.2527813      -0.6018849       0.3890179    
   73:c:session49.16666666   0.1346101       0.2409740      -0.3376990       0.6069192    
   74:c:session49.8         -0.1670572       0.2407441      -0.6389155       0.3048012    
   75:c:session50.66666666   0.4841251       0.2332566       0.0269421       0.9413080    
   76:c:session51.53333333   0.2045049       0.3435837      -0.4689192       0.8779290    
   77:f0:(Intercept)         4.4990535       0.7034468       3.1202977       5.8778092    
   78:f0:session2.1         -1.9794365       0.8668870      -3.6785350      -0.2803381    
   79:f0:session3.9         -0.8950579       0.8352524      -2.5321527       0.7420368    
   80:f0:session12.9333333  -1.1652462       0.7726430      -2.6796264       0.3491340    
   81:f0:session14          -1.2635224       0.8159504      -2.8627851       0.3357404    
   82:f0:session15.8333333  -0.0720852       0.7727894      -1.5867526       1.4425821    
   83:f0:session25.8        -0.7425197       0.7837815      -2.2787315       0.7936922    
   84:f0:session26.6333333  -2.1562772       0.8948329      -3.9101497      -0.4024047    
   85:f0:session27.5        -2.2793111       0.9340205      -4.1099914      -0.4486308    
   86:f0:session38.1666666  -1.3311311       0.8441065      -2.9855798       0.3233176    

  Program  MARK  - Survival Rate Estimation with Capture-Recapture Data
   gfortran(dble/PIM2) Vers. 10.1 March 2023  20-Sep-2024 10:14:59    Page  027
 - - - - - - - - - - - - - - - - - - - - - - - - - - - - - - - - - - - - - -
 
   87:f0:session39.0333333  -1.7918397       0.8623539      -3.4820535      -0.1016259    
   88:f0:session39.9        -2.4936924       0.9676048      -4.3901978      -0.5971870    
   89:f0:session49.1666666  -2.0948530       0.8961844      -3.8513745      -0.3383315    
   90:f0:session49.8        -1.8675900       0.8739854      -3.5806014      -0.1545786    
   91:f0:session50.6666666  -3.1929065       1.0348841      -5.2212794      -1.1645335    
   92:f0:session51.5333333  -0.2259411       1.1047562      -2.3912633       1.9393811    


 Real Function Parameters of { S(~time)Gamma''(~time)Gamma'(~time)p(~session)c(~session)f0(~session) }
                                                               95% Confidence Interval
     Parameter                Estimate       Standard Error     Lower           Upper
 --------------------------  --------------  --------------  --------------  --------------
     1:S g1 c1 a0 t1          0.9413806       0.0595840       0.6592543       0.9925539       
     2:S g1 c1 a1.1 t2.1      0.8944843       0.0309431       0.8167981       0.9415839       
     3:S g1 c1 a2.9 t3.9      0.9769076       0.0075379       0.9564773       0.9878692       
     4:S g1 c1 a11.93333333   0.9554077       0.0619126       0.5538583       0.9973029       
     5:S g1 c1 a13 t14        0.7389080       0.0409467       0.6511966       0.8109658       
     6:S g1 c1 a14.83333333   0.9633813       0.0093823       0.9398352       0.9779288       
     7:S g1 c1 a24.8 t25.8    0.8782819       0.0692502       0.6696489       0.9625263       
     8:S g1 c1 a25.63333333   0.7407772       0.0695356       0.5842553       0.8531792       
     9:S g1 c1 a26.5 t27.5    0.9554293       0.0076444       0.9378033       0.9682294       
    10:S g1 c1 a37.16666666   0.8603967       0.0431045       0.7531007       0.9256670       
    11:S g1 c1 a38.03333333   0.7468139       0.0615805       0.6090591       0.8481319       
    12:S g1 c1 a38.9 t39.9    0.9792357       0.0249993       0.8090344       0.9980987       
    13:S g1 c1 a48.16666666   0.9040828       2.1259574       0.1276024E-19   1.0000000       
    14:S g1 c1 a48.8 t49.8    0.8562409       3.1543931       0.9151406E-21   1.0000000       
    15:S g1 c1 a49.66666666   0.9950963       7.6421444       0.0000000       1.0000000       
    16:Gamma'' g1 c1 a0 t1    0.2277406       0.0749780       0.1133782       0.4047921       
    17:Gamma'' g1 c1 a1.1 t   0.0936097       0.1200225       0.0064136       0.6229843       
    18:Gamma'' g1 c1 a2.9 t   0.0655851       0.0582351       0.0107817       0.3112945       
    19:Gamma'' g1 c1 a11.93   0.2152927       0.0777994       0.1001182       0.4035457       
    20:Gamma'' g1 c1 a13 t1   0.0416260       0.0866305       0.6153163E-03   0.7539393       
    21:Gamma'' g1 c1 a14.83   0.0687990       0.0909929       0.0045454       0.5445102       
    22:Gamma'' g1 c1 a24.8    0.4558768       0.0565822       0.3488633       0.5671256       
    23:Gamma'' g1 c1 a25.63   0.3578811       0.0744038       0.2280829       0.5125031       
    24:Gamma'' g1 c1 a26.5    0.0592673       0.0843579       0.0032362       0.5500602       
    25:Gamma'' g1 c1 a37.16   0.0959765       0.0643229       0.0242263       0.3122301       
    26:Gamma'' g1 c1 a38.03   0.3919559       0.0661524       0.2722699       0.5262110       
    27:Gamma'' g1 c1 a38.9    0.1171080       0.2129761       0.0023350       0.8825922       
    28:Gamma'' g1 c1 a48.16   0.1865434       1.2128131       0.3606951E-07   0.9999993       
    29:Gamma'' g1 c1 a48.8    0.0882823       2.9109469       0.1588244E-31   1.0000000       
    30:Gamma'' g1 c1 a49.66   0.0018229       6.6489906       0.0000000       1.0000000       
    31:Gamma' g1 c1 a1.1 t2   0.8776256       0.1828298       0.2031928       0.9950663       
    32:Gamma' g1 c1 a2.9 t3   0.3826035       0.2120068       0.0964226       0.7825514       
    33:Gamma' g1 c1 a11.933   0.9999995       0.3242679E-03   0.0000000       1.0000000       
    34:Gamma' g1 c1 a13 t14   0.4328700       0.2634211       0.0852328       0.8621164       

  Program  MARK  - Survival Rate Estimation with Capture-Recapture Data
   gfortran(dble/PIM2) Vers. 10.1 March 2023  20-Sep-2024 10:14:59    Page  028
 - - - - - - - - - - - - - - - - - - - - - - - - - - - - - - - - - - - - - -
 
    35:Gamma' g1 c1 a14.833   0.9684044       0.5560000       0.1043603E-13   1.0000000       
    36:Gamma' g1 c1 a24.8 t   0.8976891       0.1444593       0.2867846       0.9948041       
    37:Gamma' g1 c1 a25.633   0.5158227       0.0815196       0.3597516       0.6688673       
    38:Gamma' g1 c1 a26.5 t   0.1259001       0.1062609       0.0212435       0.4887075       
    39:Gamma' g1 c1 a37.166   0.2998427       0.3247735       0.0202295       0.8988109       
    40:Gamma' g1 c1 a38.033   0.3107300       0.2626385       0.0391583       0.8329638       
    41:Gamma' g1 c1 a38.9 t   0.1680982       0.2898423       0.0034650       0.9215239       
    42:Gamma' g1 c1 a48.166   0.4327708       1.9702008       0.1123858E-06   0.9999998       
    43:Gamma' g1 c1 a48.8 t   0.3089150       7.7220966       0.7254849E-31   1.0000000       
    44:Gamma' g1 c1 a49.666   0.0281978       40.137268       0.0000000       1.0000000       
    45:p g1 s1 t1             0.2252078       0.0945741       0.0912969       0.4567977       
    46:p g1 s2.1 t1           0.5658061       0.0519282       0.4626861       0.6635275       
    47:p g1 s3.9 t1           0.3587389       0.0631324       0.2462461       0.4892642       
    48:p g1 s12.93333333333   0.4778688       0.0358645       0.4084656       0.5481371       
    49:p g1 s14 t1            0.5111739       0.0499941       0.4140017       0.6075089       
    50:p g1 s15.83333333333   0.1826799       0.0338715       0.1253259       0.2585235       
    51:p g1 s25.8 t1          0.4246058       0.0461077       0.3376490       0.5164942       
    52:p g1 s26.63333333333   0.5706667       0.0556974       0.4598376       0.6748360       
    53:p g1 s27.5 t1          0.5516167       0.0646318       0.4243439       0.6724697       
    54:p g1 s38.16666666666   0.4613863       0.0605707       0.3469470       0.5800455       
    55:p g1 s39.03333333333   0.5450391       0.0552208       0.4363900       0.6495629       
    56:p g1 s39.9 t1          0.5658102       0.0663436       0.4342513       0.6887068       
    57:p g1 s49.16666666666   0.5482942       0.0590658       0.4320098       0.6595338       
    58:p g1 s49.8 t1          0.5190292       0.0591430       0.4041507       0.6319304       
    59:p g1 s50.66666666666   0.6855918       0.0451447       0.5912414       0.7667556       
    60:p g1 s51.53333333333   0.3200114       0.1517737       0.1070941       0.6487009       
    61:c g1 s1 t2             0.5416675       0.0454854       0.4521366       0.6285863       
    62:c g1 s2.1 t2           0.6574074       0.0322908       0.5916404       0.7176374       
    63:c g1 s3.9 t2           0.6691729       0.0407985       0.5849764       0.7437701       
    64:c g1 s12.93333333333   0.6083333       0.0315082       0.5451566       0.6680777       
    65:c g1 s14 t2            0.5602837       0.0295574       0.5017914       0.6171482       
    66:c g1 s15.83333333333   0.4588235       0.0540484       0.3562420       0.5650180       
    67:c g1 s25.8 t2          0.5755101       0.0315775       0.5127530       0.6359235       
    68:c g1 s26.63333333333   0.4210526       0.0358188       0.3528686       0.4923869       
    69:c g1 s27.5 t2          0.6041667       0.0407524       0.5222008       0.6806699       
    70:c g1 s38.16666666666   0.6222221       0.0361372       0.5492572       0.6900411       
    71:c g1 s39.03333333333   0.6164383       0.0328579       0.5503488       0.6784888       
    72:c g1 s39.9 t2          0.5151514       0.0434994       0.4302761       0.5991616       
    73:c g1 s49.16666666666   0.5748502       0.0382552       0.4987179       0.6475903       
    74:c g1 s49.8 t2          0.5000001       0.0390434       0.4240670       0.5759333       
    75:c g1 s50.66666666666   0.6572769       0.0325204       0.5910302       0.7179144       
    76:c g1 s51.53333333333   0.5918365       0.0702133       0.4506291       0.7193529       
    77:f0 g1 a0 s1 t0         89.931968       63.262355       25.953811       311.62124       
    78:f0 g1 a0 s2.1 t0       12.423837       6.2941270       4.8685208       31.704028       
    79:f0 g1 a0 s3.9 t0       36.744756       16.547474       15.827618       85.305139       
    80:f0 g1 a0 s12.9333333   28.044914       8.9629218       15.219448       51.678430       

  Program  MARK  - Survival Rate Estimation with Capture-Recapture Data
   gfortran(dble/PIM2) Vers. 10.1 March 2023  20-Sep-2024 10:14:59    Page  029
 - - - - - - - - - - - - - - - - - - - - - - - - - - - - - - - - - - - - - -
 
    81:f0 g1 a0 s14 t0        25.419869       10.509766       11.668891       55.375421       
    82:f0 g1 a0 s15.8333333   83.677341       26.772314       45.380729       154.29231       
    83:f0 g1 a0 s25.8 t0      42.799816       14.793795       22.155383       82.680776       
    84:f0 g1 a0 s26.6333333   10.410098       5.7574942       3.7819162       28.654823       
    85:f0 g1 a0 s27.5 t0      9.2049592       5.6560849       3.0357335       27.911302       
    86:f0 g1 a0 s38.1666666   23.758072       11.084456       9.9553463       56.697775       
    87:f0 g1 a0 s39.0333333   14.987459       7.4760094       5.9495195       37.754967       
    88:f0 g1 a0 s39.9 t0      7.4287758       4.9356716       2.2709455       24.301204       
    89:f0 g1 a0 s49.1666666   11.069576       6.1464184       4.0074149       30.577198       
    90:f0 g1 a0 s49.8 t0      13.894089       7.2062992       5.3377301       36.166254       
    91:f0 g1 a0 s50.6666666   3.6919213       2.8023421       0.9842001       13.849097       
    92:f0 g1 a0 s51.5333333   71.744584       61.098295       16.872347       305.07228       


                     Estimates of Derived Parameters

 Population Estimates of { S(~time)Gamma''(~time)Gamma'(~time)p(~session)c(~session)f0(~session) }
                                                95% Confidence Interval
 Grp. Sess.     N-hat        Standard Error      Lower           Upper
 ---- -----  --------------  --------------  --------------  --------------
   1     1    193.93197       63.262355       129.95381       415.62124    
   1     2    157.42384       6.2941270       149.86852       176.70403    
   1     3    140.74476       16.547474       119.82762       189.30514    
   1     4    200.04491       8.9629218       187.21945       223.67843    
   1     5    221.41987       10.509766       207.66889       251.37542    
   1     6    153.67734       26.772314       115.38073       224.29231    
   1     7    226.79982       14.793795       206.15538       266.68078    
   1     8    137.41010       5.7574942       130.78192       155.65482    
   1     9    107.20496       5.6560849       101.03573       125.91130    
   1    10    154.75807       11.084456       140.95535       187.69777    
   1    11    163.98746       7.4760094       154.94952       186.75497    
   1    12    96.428776       4.9356716       91.270945       113.30120    
   1    13    125.06958       6.1464184       118.00741       144.57720    
   1    14    128.89409       7.2062992       120.33773       151.16625    
   1    15    134.69192       2.8023421       131.98420       144.84910    
   1    16    155.74458       61.098295       100.87235       389.07228    

 To compute parameter estimates, CPU Time was 0.031 seconds and System Time was 0.032 seconds.

 Attempted ordering of parameters by estimatibility:
  45 61  1 16 51 48 77 49 60 47 50 54 55 46 65 58 57 67 64 52 71 62 75 68 53
   9 70 74 73 56  5 69 31 72 22 63 59  6 26  3 92  2  8 66 19 82 12 11 83 79
  80 23 10 86 37 28 76 87 81 78 89 90 29 14 84 27 43 34 25 85 41  7 32 88 42
  18 38 21 13 17 24 40 91 39 20  4 36 35 15 33 44 30
 Beta number 30 is a singular value.

   For procedure estimate CPU Time was 118.562 seconds and System Time was 59.047 seconds.

  Program  MARK  - Survival Rate Estimation with Capture-Recapture Data
   gfortran(dble/PIM2) Vers. 10.1 March 2023  20-Sep-2024 10:14:59    Page  030
 - - - - - - - - - - - - - - - - - - - - - - - - - - - - - - - - - - - - - -
 


  INPUT --- proc stop;

     For this job, CPU Time in minutes was 1.977 and System Time in minutes was 0.985.

     Time Start = 10:13:59.999   Time End = 10:14:59.065

     Wall Clock Time in minutes for this job was 0.984.

     Maximum of 92 words used of 4096 words allocated.


          E X E C U T I O N   S U C C E S S F U L 
