
   Program  MARK  - Survival Rate Estimation with Capture-Recapture Data
   gfortran(dble/PIM2) Vers. 10.1 March 2023  17-Sep-2024 12:38:48    Page  001
    
 - - - - - - - - - - - - - - - - - - - - - - - - - - - - - - - - - - - - - -
 
   Welcome to MARK johnimperato on machine JOHNIMPERATD1A0 in subdirectory 
   "V:\Data and Code\Mossy-Pond\Mossy-Pond" running file "mark001.inp".
   This version was compiled by GCC version 12.2.0 using the options: 
     -cpp -iprefix c:\tdm-gcc-64\mingw64\bin\../lib/gcc/x86_64-w64-mingw32/12.2.0/
     -D_MT -D_REENTRANT -U_REENTRANT -D ieee -D dbleprecision -m64 -mtune=generic
     -march=x86-64 -mthreads -O3 -std=f2018 -fsignaling-nans
     -ffpe-summary=invalid,zero,overflow,underflow -funroll-loops -ffast-math
     -fall-intrinsics -fopenmp.

   This problem will use 3 of 4 possible threads.
   Static thread allocation is used.
   Schedule kind is omp_sched_dynamic with chunk size 1


  INPUT --- proc title ;

   For procedure title CPU Time was 0.001 seconds and System Time was 0.001 seconds.


  INPUT --- proc chmatrix occasions= 47 groups= 1 etype= Robust Nodes= 
  INPUT --- 101 ICMeans NoHist hist=  485 ;

  INPUT ---    time interval 0 0 33 0 0 54 0 0 271 0 0 32 0 0 55 0 0 299 0 
  INPUT ---    0 25 0 0 26 0 0 320 0 0 26 0 0  26 0 0 278 0 0 19 0 0 26 0 
  INPUT ---    0 26 0 ;

  INPUT ---    glabel(1)=Group 1;

      Number of unique encounter histories read was 485.

      Number of individual covariates read was 0.
      Time interval lengths vary and/or not equal to 1.

      Data type number is 7
      Data type is Robust Design with Full Likelihhood p and c

   For procedure chmatrix CPU Time was 0.001 seconds and System Time was 0.001 seconds.

  Program  MARK  - Survival Rate Estimation with Capture-Recapture Data
   gfortran(dble/PIM2) Vers. 10.1 March 2023  17-Sep-2024 12:38:48    Page  002
 - - - - - - - - - - - - - - - - - - - - - - - - - - - - - - - - - - - - - -
 


  INPUT --- proc estimate link=Parm-Specific NOLOOP varest=2ndPart    ;


  INPUT --- model={ S(~1)Gamma''(~1)Gamma'(~1)p(~1)c(~1)f0(~session) };

  INPUT ---    group=1 S    rows=15 cols=15 Triang ;
  INPUT ---        1 1 1 1 1 1 1 1 1 1 1 1 1 1 1 ;
  INPUT ---        1 1 1 1 1 1 1 1 1 1 1 1 1 1 ;
  INPUT ---        1 1 1 1 1 1 1 1 1 1 1 1 1 ;
  INPUT ---        1 1 1 1 1 1 1 1 1 1 1 1 ;
  INPUT ---        1 1 1 1 1 1 1 1 1 1 1 ;
  INPUT ---        1 1 1 1 1 1 1 1 1 1 ;
  INPUT ---        1 1 1 1 1 1 1 1 1 ;
  INPUT ---        1 1 1 1 1 1 1 1 ;
  INPUT ---        1 1 1 1 1 1 1 ;
  INPUT ---        1 1 1 1 1 1 ;
  INPUT ---        1 1 1 1 1 ;
  INPUT ---        1 1 1 1 ;
  INPUT ---        1 1 1 ;
  INPUT ---        1 1 ;
  INPUT ---        1 ;

  INPUT ---    group=1 Gamma''    rows=15 cols=15 Triang ;
  INPUT ---        2 2 2 2 2 2 2 2 2 2 2 2 2 2 2 ;
  INPUT ---        2 2 2 2 2 2 2 2 2 2 2 2 2 2 ;
  INPUT ---        2 2 2 2 2 2 2 2 2 2 2 2 2 ;
  INPUT ---        2 2 2 2 2 2 2 2 2 2 2 2 ;
  INPUT ---        2 2 2 2 2 2 2 2 2 2 2 ;
  INPUT ---        2 2 2 2 2 2 2 2 2 2 ;
  INPUT ---        2 2 2 2 2 2 2 2 2 ;
  INPUT ---        2 2 2 2 2 2 2 2 ;
  INPUT ---        2 2 2 2 2 2 2 ;
  INPUT ---        2 2 2 2 2 2 ;
  INPUT ---        2 2 2 2 2 ;
  INPUT ---        2 2 2 2 ;
  INPUT ---        2 2 2 ;
  INPUT ---        2 2 ;
  INPUT ---        2 ;

  INPUT ---    group=1 Gamma'    rows=14 cols=14 Triang ;
  INPUT ---        3 3 3 3 3 3 3 3 3 3 3 3 3 3 ;
  INPUT ---        3 3 3 3 3 3 3 3 3 3 3 3 3 ;
  INPUT ---        3 3 3 3 3 3 3 3 3 3 3 3 ;
  INPUT ---        3 3 3 3 3 3 3 3 3 3 3 ;

  Program  MARK  - Survival Rate Estimation with Capture-Recapture Data
   gfortran(dble/PIM2) Vers. 10.1 March 2023  17-Sep-2024 12:38:48    Page  003
 - - - - - - - - - - - - - - - - - - - - - - - - - - - - - - - - - - - - - -
 
  INPUT ---        3 3 3 3 3 3 3 3 3 3 ;
  INPUT ---        3 3 3 3 3 3 3 3 3 ;
  INPUT ---        3 3 3 3 3 3 3 3 ;
  INPUT ---        3 3 3 3 3 3 3 ;
  INPUT ---        3 3 3 3 3 3 ;
  INPUT ---        3 3 3 3 3 ;
  INPUT ---        3 3 3 3 ;
  INPUT ---        3 3 3 ;
  INPUT ---        3 3 ;
  INPUT ---        3 ;

  INPUT ---    group=1 p  Session 1  rows=1 cols=3 Square ;
  INPUT ---        4 4 4 ;

  INPUT ---    group=1 p  Session 2  rows=1 cols=3 Square ;
  INPUT ---        4 4 4 ;

  INPUT ---    group=1 p  Session 3  rows=1 cols=3 Square ;
  INPUT ---        4 4 4 ;

  INPUT ---    group=1 p  Session 4  rows=1 cols=3 Square ;
  INPUT ---        4 4 4 ;

  INPUT ---    group=1 p  Session 5  rows=1 cols=3 Square ;
  INPUT ---        4 4 4 ;

  INPUT ---    group=1 p  Session 6  rows=1 cols=3 Square ;
  INPUT ---        4 4 4 ;

  INPUT ---    group=1 p  Session 7  rows=1 cols=3 Square ;
  INPUT ---        4 4 4 ;

  INPUT ---    group=1 p  Session 8  rows=1 cols=3 Square ;
  INPUT ---        4 4 4 ;

  INPUT ---    group=1 p  Session 9  rows=1 cols=3 Square ;
  INPUT ---        4 4 4 ;

  INPUT ---    group=1 p  Session 10  rows=1 cols=3 Square ;
  INPUT ---        4 4 4 ;

  INPUT ---    group=1 p  Session 11  rows=1 cols=3 Square ;
  INPUT ---        4 4 4 ;

  INPUT ---    group=1 p  Session 12  rows=1 cols=3 Square ;
  INPUT ---        4 4 4 ;

  Program  MARK  - Survival Rate Estimation with Capture-Recapture Data
   gfortran(dble/PIM2) Vers. 10.1 March 2023  17-Sep-2024 12:38:48    Page  004
 - - - - - - - - - - - - - - - - - - - - - - - - - - - - - - - - - - - - - -
 

  INPUT ---    group=1 p  Session 13  rows=1 cols=3 Square ;
  INPUT ---        4 4 4 ;

  INPUT ---    group=1 p  Session 14  rows=1 cols=3 Square ;
  INPUT ---        4 4 4 ;

  INPUT ---    group=1 p  Session 15  rows=1 cols=3 Square ;
  INPUT ---        4 4 4 ;

  INPUT ---    group=1 p  Session 16  rows=1 cols=2 Square ;
  INPUT ---        4 4 ;

  INPUT ---    group=1 c  Session 1  rows=1 cols=2 Square ;
  INPUT ---        5 5 ;

  INPUT ---    group=1 c  Session 2  rows=1 cols=2 Square ;
  INPUT ---        5 5 ;

  INPUT ---    group=1 c  Session 3  rows=1 cols=2 Square ;
  INPUT ---        5 5 ;

  INPUT ---    group=1 c  Session 4  rows=1 cols=2 Square ;
  INPUT ---        5 5 ;

  INPUT ---    group=1 c  Session 5  rows=1 cols=2 Square ;
  INPUT ---        5 5 ;

  INPUT ---    group=1 c  Session 6  rows=1 cols=2 Square ;
  INPUT ---        5 5 ;

  INPUT ---    group=1 c  Session 7  rows=1 cols=2 Square ;
  INPUT ---        5 5 ;

  INPUT ---    group=1 c  Session 8  rows=1 cols=2 Square ;
  INPUT ---        5 5 ;

  INPUT ---    group=1 c  Session 9  rows=1 cols=2 Square ;
  INPUT ---        5 5 ;

  INPUT ---    group=1 c  Session 10  rows=1 cols=2 Square ;
  INPUT ---        5 5 ;

  INPUT ---    group=1 c  Session 11  rows=1 cols=2 Square ;
  INPUT ---        5 5 ;


  Program  MARK  - Survival Rate Estimation with Capture-Recapture Data
   gfortran(dble/PIM2) Vers. 10.1 March 2023  17-Sep-2024 12:38:48    Page  005
 - - - - - - - - - - - - - - - - - - - - - - - - - - - - - - - - - - - - - -
 
  INPUT ---    group=1 c  Session 12  rows=1 cols=2 Square ;
  INPUT ---        5 5 ;

  INPUT ---    group=1 c  Session 13  rows=1 cols=2 Square ;
  INPUT ---        5 5 ;

  INPUT ---    group=1 c  Session 14  rows=1 cols=2 Square ;
  INPUT ---        5 5 ;

  INPUT ---    group=1 c  Session 15  rows=1 cols=2 Square ;
  INPUT ---        5 5 ;

  INPUT ---    group=1 c  Session 16  rows=1 cols=1 Square ;
  INPUT ---        5 ;

  INPUT ---    group=1 f0  Session 1  rows=1 cols=1 Square ;
  INPUT ---        6 ;

  INPUT ---    group=1 f0  Session 2  rows=1 cols=1 Square ;
  INPUT ---        7 ;

  INPUT ---    group=1 f0  Session 3  rows=1 cols=1 Square ;
  INPUT ---        8 ;

  INPUT ---    group=1 f0  Session 4  rows=1 cols=1 Square ;
  INPUT ---        9 ;

  INPUT ---    group=1 f0  Session 5  rows=1 cols=1 Square ;
  INPUT ---        10 ;

  INPUT ---    group=1 f0  Session 6  rows=1 cols=1 Square ;
  INPUT ---        11 ;

  INPUT ---    group=1 f0  Session 7  rows=1 cols=1 Square ;
  INPUT ---        12 ;

  INPUT ---    group=1 f0  Session 8  rows=1 cols=1 Square ;
  INPUT ---        13 ;

  INPUT ---    group=1 f0  Session 9  rows=1 cols=1 Square ;
  INPUT ---        14 ;

  INPUT ---    group=1 f0  Session 10  rows=1 cols=1 Square ;
  INPUT ---        15 ;

  INPUT ---    group=1 f0  Session 11  rows=1 cols=1 Square ;

  Program  MARK  - Survival Rate Estimation with Capture-Recapture Data
   gfortran(dble/PIM2) Vers. 10.1 March 2023  17-Sep-2024 12:38:48    Page  006
 - - - - - - - - - - - - - - - - - - - - - - - - - - - - - - - - - - - - - -
 
  INPUT ---        16 ;

  INPUT ---    group=1 f0  Session 12  rows=1 cols=1 Square ;
  INPUT ---        17 ;

  INPUT ---    group=1 f0  Session 13  rows=1 cols=1 Square ;
  INPUT ---        18 ;

  INPUT ---    group=1 f0  Session 14  rows=1 cols=1 Square ;
  INPUT ---        19 ;

  INPUT ---    group=1 f0  Session 15  rows=1 cols=1 Square ;
  INPUT ---        20 ;

  INPUT ---    group=1 f0  Session 16  rows=1 cols=1 Square ;
  INPUT ---        21 ;

  INPUT ---    design matrix constraints=21 covariates=21;
  INPUT ---        1 0 0 0 0 0 0 0 0 0 0 0 0 0 0 0 0 0 0 0 0;
  INPUT ---        0 1 0 0 0 0 0 0 0 0 0 0 0 0 0 0 0 0 0 0 0;
  INPUT ---        0 0 1 0 0 0 0 0 0 0 0 0 0 0 0 0 0 0 0 0 0;
  INPUT ---        0 0 0 1 0 0 0 0 0 0 0 0 0 0 0 0 0 0 0 0 0;
  INPUT ---        0 0 0 0 1 0 0 0 0 0 0 0 0 0 0 0 0 0 0 0 0;
  INPUT ---        0 0 0 0 0 1 0 0 0 0 0 0 0 0 0 0 0 0 0 0 0;
  INPUT ---        0 0 0 0 0 1 1 0 0 0 0 0 0 0 0 0 0 0 0 0 0;
  INPUT ---        0 0 0 0 0 1 0 1 0 0 0 0 0 0 0 0 0 0 0 0 0;
  INPUT ---        0 0 0 0 0 1 0 0 1 0 0 0 0 0 0 0 0 0 0 0 0;
  INPUT ---        0 0 0 0 0 1 0 0 0 1 0 0 0 0 0 0 0 0 0 0 0;
  INPUT ---        0 0 0 0 0 1 0 0 0 0 1 0 0 0 0 0 0 0 0 0 0;
  INPUT ---        0 0 0 0 0 1 0 0 0 0 0 1 0 0 0 0 0 0 0 0 0;
  INPUT ---        0 0 0 0 0 1 0 0 0 0 0 0 1 0 0 0 0 0 0 0 0;
  INPUT ---        0 0 0 0 0 1 0 0 0 0 0 0 0 1 0 0 0 0 0 0 0;
  INPUT ---        0 0 0 0 0 1 0 0 0 0 0 0 0 0 1 0 0 0 0 0 0;
  INPUT ---        0 0 0 0 0 1 0 0 0 0 0 0 0 0 0 1 0 0 0 0 0;
  INPUT ---        0 0 0 0 0 1 0 0 0 0 0 0 0 0 0 0 1 0 0 0 0;
  INPUT ---        0 0 0 0 0 1 0 0 0 0 0 0 0 0 0 0 0 1 0 0 0;
  INPUT ---        0 0 0 0 0 1 0 0 0 0 0 0 0 0 0 0 0 0 1 0 0;
  INPUT ---        0 0 0 0 0 1 0 0 0 0 0 0 0 0 0 0 0 0 0 1 0;
  INPUT ---        0 0 0 0 0 1 0 0 0 0 0 0 0 0 0 0 0 0 0 0 1;

  INPUT ---    links=21;

  INPUT ---    Logit;

  INPUT ---    Logit;


  Program  MARK  - Survival Rate Estimation with Capture-Recapture Data
   gfortran(dble/PIM2) Vers. 10.1 March 2023  17-Sep-2024 12:38:48    Page  007
 - - - - - - - - - - - - - - - - - - - - - - - - - - - - - - - - - - - - - -
 
  INPUT ---    Logit;

  INPUT ---    Logit;

  INPUT ---    Logit;

  INPUT ---    Log;

  INPUT ---    Log;

  INPUT ---    Log;

  INPUT ---    Log;

  INPUT ---    Log;

  INPUT ---    Log;

  INPUT ---    Log;

  INPUT ---    Log;

  INPUT ---    Log;

  INPUT ---    Log;

  INPUT ---    Log;

  INPUT ---    Log;

  INPUT ---    Log;

  INPUT ---    Log;

  INPUT ---    Log;

  INPUT ---    Log;
  INPUT ---       blabel(1)=S:(Intercept);
  INPUT ---       blabel(2)=GammaDoublePrime:(Intercept);
  INPUT ---       blabel(3)=GammaPrime:(Intercept);
  INPUT ---       blabel(4)=p:(Intercept);
  INPUT ---       blabel(5)=c:(Intercept);
  INPUT ---       blabel(6)=f0:(Intercept);
  INPUT ---       blabel(7)=f0:session34;
  INPUT ---       blabel(8)=f0:session88;
  INPUT ---       blabel(9)=f0:session359;

  Program  MARK  - Survival Rate Estimation with Capture-Recapture Data
   gfortran(dble/PIM2) Vers. 10.1 March 2023  17-Sep-2024 12:38:48    Page  008
 - - - - - - - - - - - - - - - - - - - - - - - - - - - - - - - - - - - - - -
 
  INPUT ---       blabel(10)=f0:session391;
  INPUT ---       blabel(11)=f0:session446;
  INPUT ---       blabel(12)=f0:session745;
  INPUT ---       blabel(13)=f0:session770;
  INPUT ---       blabel(14)=f0:session796;
  INPUT ---       blabel(15)=f0:session1116;
  INPUT ---       blabel(16)=f0:session1142;
  INPUT ---       blabel(17)=f0:session1168;
  INPUT ---       blabel(18)=f0:session1446;
  INPUT ---       blabel(19)=f0:session1465;
  INPUT ---       blabel(20)=f0:session1491;
  INPUT ---       blabel(21)=f0:session1517;
  INPUT ---       rlabel(1)=S g1 c1 a0 t1;
  INPUT ---       rlabel(2)=Gamma'' g1 c1 a0 t1;
  INPUT ---       rlabel(3)=Gamma' g1 c1 a33 t34;
  INPUT ---       rlabel(4)=p g1 s1 t1;
  INPUT ---       rlabel(5)=c g1 s1 t2;
  INPUT ---       rlabel(6)=f0 g1 a0 s1 t0;
  INPUT ---       rlabel(7)=f0 g1 a0 s34 t0;
  INPUT ---       rlabel(8)=f0 g1 a0 s88 t0;
  INPUT ---       rlabel(9)=f0 g1 a0 s359 t0;
  INPUT ---       rlabel(10)=f0 g1 a0 s391 t0;
  INPUT ---       rlabel(11)=f0 g1 a0 s446 t0;
  INPUT ---       rlabel(12)=f0 g1 a0 s745 t0;
  INPUT ---       rlabel(13)=f0 g1 a0 s770 t0;
  INPUT ---       rlabel(14)=f0 g1 a0 s796 t0;
  INPUT ---       rlabel(15)=f0 g1 a0 s1116 t0;
  INPUT ---       rlabel(16)=f0 g1 a0 s1142 t0;
  INPUT ---       rlabel(17)=f0 g1 a0 s1168 t0;
  INPUT ---       rlabel(18)=f0 g1 a0 s1446 t0;
  INPUT ---       rlabel(19)=f0 g1 a0 s1465 t0;
  INPUT ---       rlabel(20)=f0 g1 a0 s1491 t0;
  INPUT ---       rlabel(21)=f0 g1 a0 s1517 t0;
   Model is { S(~1)Gamma''(~1)Gamma'(~1)p(~1)c(~1)f0(~session) }

 Link Function Used is PARM-SPECIFIC

 Variance Estimation Procedure Used is 2ndPart 

 M(t+1):
 Group 1 = Group 1
     104    145    104    172    196     70    184    127     98    131    149
      89    114    115    131     84


 -2logL(saturated) = -7827.0334    
 Effective Sample Size = 3622

 Number of function evaluations was 73 for 21 parameters.
 For numerical optimization, CPU Time was 2.828 seconds and System Time was 1.375 seconds.
 -2logL { S(~1)Gamma''(~1)Gamma'(~1)p(~1)c(~1)f0(~session) } = -3625.3451    
 Penalty { S(~1)Gamma''(~1)Gamma'(~1)p(~1)c(~1)f0(~session) } = 0.0000000     

   * *  WARNING  * *   Divide by zero occurred during optimization of this model. 

  Program  MARK  - Survival Rate Estimation with Capture-Recapture Data
   gfortran(dble/PIM2) Vers. 10.1 March 2023  17-Sep-2024 12:38:50    Page  009
 - - - - - - - - - - - - - - - - - - - - - - - - - - - - - - - - - - - - - -
 
     IEEE flag status at end of optimization:
     overflow       F
     divide by zero T
     invalid        F
     underflow      F
     inexact        T

 Gradient { S(~1)Gamma''(~1)Gamma'(~1)p(~1)c(~1)f0(~session) }:
  0.16909853E-03  0.12458272E-03   0.0000000      0.59513072E-03  0.18515009E-03
  0.30441715E-03  0.90974336E-04   0.0000000      0.80505103E-04 -0.37005152E-04
   0.0000000     -0.38506791E-04  0.50614993E-04   0.0000000      0.24656348E-04
   0.0000000       0.0000000     -0.27876207E-04 -0.27648906E-04   0.0000000    
   0.0000000    
 Maximum ABS(G) { S(~1)Gamma''(~1)Gamma'(~1)p(~1)c(~1)f0(~session) } = 0.5951307E-03 
 To compute VC matrix, CPU Time was 1.094 seconds and System Time was 0.594 seconds.
 S Vector { S(~1)Gamma''(~1)Gamma'(~1)p(~1)c(~1)f0(~session) }:
   1365.076      677.4129      431.8165      201.4126      49.31703    
   28.83990      24.12244      22.49547      21.03851      19.53188    
   18.23244      17.17932      16.14640      15.79053      14.62733    
   14.00030      12.94094      12.07885      10.91460      8.478755    
  0.7520291    
 To invert VC matrix, CPU Time was 0.001 seconds and System Time was 0.001 seconds.
 Ratio Threshold = 50.000000       Max Gap (20/21) = 11.274505       Next Max Gap (4/5) = 4.0840370     
 Gap Method for Num. of Estimated Parameters { S(~1)Gamma''(~1)Gamma'(~1)p(~1)c(~1)f0(~session) } = 21          
 Threshold { S(~1)Gamma''(~1)Gamma'(~1)p(~1)c(~1)f0(~session) } = 0.0011903               
 Numerical Threshold Method for Num. of Estimated Parameters { S(~1)Gamma''(~1)Gamma'(~1)p(~1)c(~1)f0(~session) } = 21          
 Number of Estimated Parameters { S(~1)Gamma''(~1)Gamma'(~1)p(~1)c(~1)f0(~session) } = 21          
 DEVIANCE { S(~1)Gamma''(~1)Gamma'(~1)p(~1)c(~1)f0(~session) } = 4201.6883               
 DEVIANCE Degrees of Freedom { S(~1)Gamma''(~1)Gamma'(~1)p(~1)c(~1)f0(~session) } = 464          
 c-hat { S(~1)Gamma''(~1)Gamma'(~1)p(~1)c(~1)f0(~session) } = 9.0553628               
 AIC { S(~1)Gamma''(~1)Gamma'(~1)p(~1)c(~1)f0(~session) } = -3583.3451              
 AICc { S(~1)Gamma''(~1)Gamma'(~1)p(~1)c(~1)f0(~session) } = -3583.0885              
 BIC { S(~1)Gamma''(~1)Gamma'(~1)p(~1)c(~1)f0(~session) } = -3453.2547              
 Pearson Chisquare { S(~1)Gamma''(~1)Gamma'(~1)p(~1)c(~1)f0(~session) } = 0.3919034E+16           


 PARM-SPECIFIC Link Function Parameters of { S(~1)Gamma''(~1)Gamma'(~1)p(~1)c(~1)f0(~session) }
                                                              95% Confidence Interval
    Parameter                  Beta         Standard Error     Lower           Upper
 -------------------------  --------------  --------------  --------------  --------------
    1:S:(Intercept)          6.2188869       0.0519517       6.1170615       6.3207123    
    2:GammaDoublePrime:(In  -0.9596668       0.0897096      -1.1354976      -0.7838361    
    3:GammaPrime:(Intercep   0.0064808       0.1845789      -0.3552940       0.3682555    
    4:p:(Intercept)         -0.0255756       0.0631420      -0.1493340       0.0981828    
    5:c:(Intercept)          0.3186092       0.0384214       0.2433033       0.3939152    
    6:f0:(Intercept)         2.7092206       0.3023913       2.1165336       3.3019076    
    7:f0:session34           0.3418104       0.3671112      -0.3777275       1.0613483    
    8:f0:session88          -0.3725141E-05   0.3977541      -0.7796018       0.7795943    
    9:f0:session359          0.5163053       0.3545180      -0.1785501       1.2111606    
   10:f0:session391          0.6493692       0.3460936      -0.0289743       1.3277126    
   11:f0:session446         -0.4124517       0.4478989      -1.2903335       0.4654300    
   12:f0:session745          0.5850491       0.3500465      -0.1010421       1.2711404    
   13:f0:session770          0.2058711       0.3782784      -0.5355545       0.9472967    
   14:f0:session796         -0.0614926       0.4042252      -0.8537741       0.7307888    
   15:f0:session1116         0.2377169       0.3755481      -0.4983574       0.9737911    
   16:f0:session1142         0.3696596       0.3649763      -0.3456940       1.0850131    
   17:f0:session1168        -0.1614587       0.4154575      -0.9757555       0.6528381    
   18:f0:session1446         0.0947536       0.3883836      -0.6664783       0.8559855    
   19:f0:session1465         0.1037535       0.3875298      -0.6558049       0.8633120    

  Program  MARK  - Survival Rate Estimation with Capture-Recapture Data
   gfortran(dble/PIM2) Vers. 10.1 March 2023  17-Sep-2024 12:38:50    Page  010
 - - - - - - - - - - - - - - - - - - - - - - - - - - - - - - - - - - - - - -
 
   20:f0:session1491         0.2377165       0.3755487      -0.4983590       0.9737920    
   21:f0:session1517         0.6395386       0.3575532      -0.0612658       1.3403430    


     Real Function Parameters of { S(~1)Gamma''(~1)Gamma'(~1)p(~1)c(~1)f0(~session) }
                                                               95% Confidence Interval
     Parameter                Estimate       Standard Error     Lower           Upper
 --------------------------  --------------  --------------  --------------  --------------
     1:S g1 c1 a0 t1          0.9980125       0.1030490E-03   0.9977999       0.9982046       
     2:Gamma'' g1 c1 a0 t1    0.2769449       0.0179640       0.2431480       0.3134937       
     3:Gamma' g1 c1 a33 t34   0.5016202       0.0461442       0.4120992       0.5910374       
     4:p g1 s1 t1             0.4936064       0.0157829       0.4627357       0.5245260       
     5:c g1 s1 t2             0.5789853       0.0093657       0.5605275       0.5972248       
     6:f0 g1 a0 s1 t0         15.017567       4.5411819       8.4102411       26.815797       
     7:f0 g1 a0 s34 t0        21.137127       5.5025986       12.795946       34.915601       
     8:f0 g1 a0 s88 t0        15.017511       4.5411974       8.4101764       26.815803       
     9:f0 g1 a0 s359 t0       25.166807       6.0917985       15.765620       40.174008       
    10:f0 g1 a0 s391 t0       28.748621       6.5952422       18.443241       44.812254       
    11:f0 g1 a0 s446 t0       9.9420071       3.6429707       4.9583817       19.934630       
    12:f0 g1 a0 s745 t0       26.957722       6.3455987       17.100537       42.496839       
    13:f0 g1 a0 s770 t0       18.450505       5.0924194       10.848440       31.379732       
    14:f0 g1 a0 s796 t0       14.121917       4.3910988       7.7856936       25.614744       
    15:f0 g1 a0 s1116 t0      19.047532       5.1849829       11.278589       32.167896       
    16:f0 g1 a0 s1142 t0      21.734051       5.5916931       13.232467       35.697726       
    17:f0 g1 a0 s1168 t0      12.778473       4.1600220       6.8598478       23.803642       
    18:f0 g1 a0 s1446 t0      16.510132       4.7851670       9.4623349       28.807315       
    19:f0 g1 a0 s1465 t0      16.659393       4.8091715       9.5682699       29.005805       
    20:f0 g1 a0 s1491 t0      19.047525       5.1849868       11.278578       32.167902       
    21:f0 g1 a0 s1517 t0      28.467391       6.6977871       18.061980       44.867302       


                     Estimates of Derived Parameters

 Population Estimates of { S(~1)Gamma''(~1)Gamma'(~1)p(~1)c(~1)f0(~session) }
                                                95% Confidence Interval
 Grp. Sess.     N-hat        Standard Error      Lower           Upper
 ---- -----  --------------  --------------  --------------  --------------
   1     1    119.01757       4.5411819       112.41024       130.81580    
   1     2    166.13713       5.5025986       157.79595       179.91560    
   1     3    119.01751       4.5411974       112.41018       130.81580    
   1     4    197.16681       6.0917985       187.76562       212.17401    
   1     5    224.74862       6.5952422       214.44324       240.81225    
   1     6    79.942007       3.6429707       74.958382       89.934630    
   1     7    210.95772       6.3455987       201.10054       226.49684    
   1     8    145.45050       5.0924194       137.84844       158.37973    
   1     9    112.12192       4.3910988       105.78569       123.61474    
   1    10    150.04753       5.1849829       142.27859       163.16790    
   1    11    170.73405       5.5916931       162.23247       184.69773    
   1    12    101.77847       4.1600220       95.859848       112.80364    
   1    13    130.51013       4.7851670       123.46233       142.80731    
   1    14    131.65939       4.8091715       124.56827       144.00581    
   1    15    150.04752       5.1849868       142.27858       163.16790    
   1    16    112.46739       6.6977871       102.06198       128.86730    

 To compute parameter estimates, CPU Time was 0.001 seconds and System Time was 0.001 seconds.

   For procedure estimate CPU Time was 3.938 seconds and System Time was 2.094 seconds.

  Program  MARK  - Survival Rate Estimation with Capture-Recapture Data
   gfortran(dble/PIM2) Vers. 10.1 March 2023  17-Sep-2024 12:38:50    Page  011
 - - - - - - - - - - - - - - - - - - - - - - - - - - - - - - - - - - - - - -
 


  INPUT --- proc stop;

     For this job, CPU Time in minutes was 0.066 and System Time in minutes was 0.035.

     Time Start = 12:38:48.615   Time End = 12:38:50.744

     Wall Clock Time in minutes for this job was 0.035.

     Maximum of 48 words used of 4096 words allocated.


          E X E C U T I O N   S U C C E S S F U L 
